Log file open, 11/15/16 21:06:12
LogInit:Display: Running engine for game: GameProg
LogPlatformFile: Not using cached read wrapper
LogInit:Display: RandInit(-1859218593) SRandInit(-1859218593).
LogTaskGraph: Started task graph with 5 named threads and 6 total threads with 1 sets of task threads.
LogStats: Stats thread started at 0.054061
LogPluginManager: Loaded Plugin Paper2D, From C:/Program Files (x86)/Epic Games/4.13/Engine/Plugins/2D/Paper2D/Paper2D.uplugin
LogPluginManager: Loaded Plugin LightPropagationVolume, From C:/Program Files (x86)/Epic Games/4.13/Engine/Plugins/Blendables/LightPropagationVolume/LightPropagationVolume.uplugin
LogPluginManager: Loaded Plugin BlankPlugin, From C:/Program Files (x86)/Epic Games/4.13/Engine/Plugins/Developer/BlankPlugin/BlankPlugin.uplugin
LogPluginManager: Loaded Plugin CodeLiteSourceCodeAccess, From C:/Program Files (x86)/Epic Games/4.13/Engine/Plugins/Developer/CodeLiteSourceCodeAccess/CodeLiteSourceCodeAccess.uplugin
LogPluginManager: Loaded Plugin GitSourceControl, From C:/Program Files (x86)/Epic Games/4.13/Engine/Plugins/Developer/GitSourceControl/GitSourceControl.uplugin
LogPluginManager: Loaded Plugin KDevelopSourceCodeAccess, From C:/Program Files (x86)/Epic Games/4.13/Engine/Plugins/Developer/KDevelopSourceCodeAccess/KDevelopSourceCodeAccess.uplugin
LogPluginManager: Loaded Plugin NullSourceCodeAccess, From C:/Program Files (x86)/Epic Games/4.13/Engine/Plugins/Developer/NullSourceCodeAccess/NullSourceCodeAccess.uplugin
LogPluginManager: Loaded Plugin OneSkyLocalizationService, From C:/Program Files (x86)/Epic Games/4.13/Engine/Plugins/Developer/OneSkyLocalizationService/OneSkyLocalizationService.uplugin
LogPluginManager: Loaded Plugin PerforceSourceControl, From C:/Program Files (x86)/Epic Games/4.13/Engine/Plugins/Developer/PerforceSourceControl/PerforceSourceControl.uplugin
LogPluginManager: Loaded Plugin SubversionSourceControl, From C:/Program Files (x86)/Epic Games/4.13/Engine/Plugins/Developer/SubversionSourceControl/SubversionSourceControl.uplugin
LogPluginManager: Loaded Plugin UObjectPlugin, From C:/Program Files (x86)/Epic Games/4.13/Engine/Plugins/Developer/UObjectPlugin/UObjectPlugin.uplugin
LogPluginManager: Loaded Plugin VisualStudioSourceCodeAccess, From C:/Program Files (x86)/Epic Games/4.13/Engine/Plugins/Developer/VisualStudioSourceCodeAccess/VisualStudioSourceCodeAccess.uplugin
LogPluginManager: Loaded Plugin XCodeSourceCodeAccess, From C:/Program Files (x86)/Epic Games/4.13/Engine/Plugins/Developer/XCodeSourceCodeAccess/XCodeSourceCodeAccess.uplugin
LogPluginManager: Loaded Plugin EpicSurvey, From C:/Program Files (x86)/Epic Games/4.13/Engine/Plugins/Editor/EpicSurvey/EpicSurvey.uplugin
LogPluginManager: Loaded Plugin MacGraphicsSwitching, From C:/Program Files (x86)/Epic Games/4.13/Engine/Plugins/Editor/MacGraphicsSwitching/MacGraphicsSwitching.uplugin
LogPluginManager: Loaded Plugin MobileLauncherProfileWizard, From C:/Program Files (x86)/Epic Games/4.13/Engine/Plugins/Editor/MobileLauncherProfileWizard/MobileLauncherProfileWizard.uplugin
LogPluginManager: Loaded Plugin PluginBrowser, From C:/Program Files (x86)/Epic Games/4.13/Engine/Plugins/Editor/PluginBrowser/PluginBrowser.uplugin
LogPluginManager: Loaded Plugin SpeedTreeImporter, From C:/Program Files (x86)/Epic Games/4.13/Engine/Plugins/Editor/SpeedTreeImporter/SpeedTreeImporter.uplugin
LogPluginManager: Loaded Plugin SuperSearchEditor, From C:/Program Files (x86)/Epic Games/4.13/Engine/Plugins/Editor/SuperSearchEditor/SuperSearchEditor.uplugin
LogPluginManager: Loaded Plugin AlembicImporter, From C:/Program Files (x86)/Epic Games/4.13/Engine/Plugins/Experimental/AlembicImporter/AlembicImporter.uplugin
LogPluginManager: Loaded Plugin BlueprintStats, From C:/Program Files (x86)/Epic Games/4.13/Engine/Plugins/Experimental/BlueprintStats/BlueprintStats.uplugin
LogPluginManager: Loaded Plugin CharacterAI, From C:/Program Files (x86)/Epic Games/4.13/Engine/Plugins/Experimental/CharacterAI/CharacterAI.uplugin
LogPluginManager: Loaded Plugin CodeEditor, From C:/Program Files (x86)/Epic Games/4.13/Engine/Plugins/Experimental/CodeEditor/CodeEditor.uplugin
LogPluginManager: Loaded Plugin CodeView, From C:/Program Files (x86)/Epic Games/4.13/Engine/Plugins/Experimental/CodeView/CodeView.uplugin
LogPluginManager: Loaded Plugin HTML5Networking, From C:/Program Files (x86)/Epic Games/4.13/Engine/Plugins/Experimental/HTML5Networking/HTML5Networking.uplugin
LogPluginManager: Loaded Plugin LiveEditor, From C:/Program Files (x86)/Epic Games/4.13/Engine/Plugins/Experimental/LiveEditor/LiveEditor.uplugin
LogPluginManager: Loaded Plugin OSVR, From C:/Program Files (x86)/Epic Games/4.13/Engine/Plugins/Experimental/OSVR/OSVR.uplugin
LogPluginManager: Loaded Plugin Phya, From C:/Program Files (x86)/Epic Games/4.13/Engine/Plugins/Experimental/Phya/Phya.uplugin
LogPluginManager: Loaded Plugin SignificanceManager, From C:/Program Files (x86)/Epic Games/4.13/Engine/Plugins/Experimental/SignificanceManager/SignificanceManager.uplugin
LogPluginManager: Loaded Plugin SimpleHMD, From C:/Program Files (x86)/Epic Games/4.13/Engine/Plugins/Experimental/SimpleHMD/SimpleHMD.uplugin
LogPluginManager: Loaded Plugin StereoPanorama, From C:/Program Files (x86)/Epic Games/4.13/Engine/Plugins/Experimental/StereoPanorama/StereoPanorama.uplugin
LogPluginManager: Loaded Plugin StructBox, From C:/Program Files (x86)/Epic Games/4.13/Engine/Plugins/Experimental/StructBox/StructBox.uplugin
LogPluginManager: Loaded Plugin ModoMaterialImporter, From C:/Program Files (x86)/Epic Games/4.13/Engine/Plugins/Marketplace/ModoMaterialImporter/ModoMaterialImporter.uplugin
LogPluginManager: Loaded Plugin Substance, From C:/Program Files (x86)/Epic Games/4.13/Engine/Plugins/Marketplace/Substance/Substance.uplugin
LogPluginManager: Loaded Plugin AndroidMedia, From C:/Program Files (x86)/Epic Games/4.13/Engine/Plugins/Media/AndroidMedia/AndroidMedia.uplugin
LogPluginManager: Loaded Plugin AvfMedia, From C:/Program Files (x86)/Epic Games/4.13/Engine/Plugins/Media/AvfMedia/AvfMedia.uplugin
LogPluginManager: Loaded Plugin MediaPlayerEditor, From C:/Program Files (x86)/Epic Games/4.13/Engine/Plugins/Media/MediaPlayerEditor/MediaPlayerEditor.uplugin
LogPluginManager: Loaded Plugin WmfMedia, From C:/Program Files (x86)/Epic Games/4.13/Engine/Plugins/Media/WmfMedia/WmfMedia.uplugin
LogPluginManager: Loaded Plugin MessagingDebugger, From C:/Program Files (x86)/Epic Games/4.13/Engine/Plugins/Messaging/MessagingDebugger/MessagingDebugger.uplugin
LogPluginManager: Loaded Plugin TcpMessaging, From C:/Program Files (x86)/Epic Games/4.13/Engine/Plugins/Messaging/TcpMessaging/TcpMessaging.uplugin
LogPluginManager: Loaded Plugin UdpMessaging, From C:/Program Files (x86)/Epic Games/4.13/Engine/Plugins/Messaging/UdpMessaging/UdpMessaging.uplugin
LogPluginManager: Loaded Plugin LevelSequenceEditor, From C:/Program Files (x86)/Epic Games/4.13/Engine/Plugins/MovieScene/LevelSequenceEditor/LevelSequenceEditor.uplugin
LogPluginManager: Loaded Plugin MatineeToLevelSequence, From C:/Program Files (x86)/Epic Games/4.13/Engine/Plugins/MovieScene/MatineeToLevelSequence/MatineeToLevelSequence.uplugin
LogPluginManager: Loaded Plugin NetcodeUnitTest, From C:/Program Files (x86)/Epic Games/4.13/Engine/Plugins/NetcodeUnitTest/NetcodeUnitTest/NetcodeUnitTest.uplugin
LogPluginManager: Loaded Plugin NUTUnrealEngine4, From C:/Program Files (x86)/Epic Games/4.13/Engine/Plugins/NetcodeUnitTest/NUTUnrealEngine4/NUTUnrealEngine4.uplugin
LogPluginManager: Loaded Plugin OnlineSubsystemGooglePlay, From C:/Program Files (x86)/Epic Games/4.13/Engine/Plugins/Online/Android/OnlineSubsystemGooglePlay/OnlineSubsystemGooglePlay.uplugin
LogPluginManager: Loaded Plugin OnlineSubsystemIOS, From C:/Program Files (x86)/Epic Games/4.13/Engine/Plugins/Online/IOS/OnlineSubsystemIOS/OnlineSubsystemIOS.uplugin
LogPluginManager: Loaded Plugin OnlineFramework, From C:/Program Files (x86)/Epic Games/4.13/Engine/Plugins/Online/OnlineFramework/OnlineFramework.uplugin
LogPluginManager: Loaded Plugin OnlineSubsystem, From C:/Program Files (x86)/Epic Games/4.13/Engine/Plugins/Online/OnlineSubsystem/OnlineSubsystem.uplugin
LogPluginManager: Loaded Plugin OnlineSubsystemAmazon, From C:/Program Files (x86)/Epic Games/4.13/Engine/Plugins/Online/OnlineSubsystemAmazon/OnlineSubsystemAmazon.uplugin
LogPluginManager: Loaded Plugin OnlineSubsystemFacebook, From C:/Program Files (x86)/Epic Games/4.13/Engine/Plugins/Online/OnlineSubsystemFacebook/OnlineSubsystemFacebook.uplugin
LogPluginManager: Loaded Plugin OnlineSubsystemNull, From C:/Program Files (x86)/Epic Games/4.13/Engine/Plugins/Online/OnlineSubsystemNull/OnlineSubsystemNull.uplugin
LogPluginManager: Loaded Plugin OnlineSubsystemOculus, From C:/Program Files (x86)/Epic Games/4.13/Engine/Plugins/Online/OnlineSubsystemOculus/OnlineSubsystemOculus.uplugin
LogPluginManager: Loaded Plugin OnlineSubsystemSteam, From C:/Program Files (x86)/Epic Games/4.13/Engine/Plugins/Online/OnlineSubsystemSteam/OnlineSubsystemSteam.uplugin
LogPluginManager: Loaded Plugin OnlineSubsystemUtils, From C:/Program Files (x86)/Epic Games/4.13/Engine/Plugins/Online/OnlineSubsystemUtils/OnlineSubsystemUtils.uplugin
LogPluginManager: Loaded Plugin IOSTapJoy, From C:/Program Files (x86)/Epic Games/4.13/Engine/Plugins/Runtime/Advertising/IOSTapJoy/IOSTapJoy.uplugin
LogPluginManager: Loaded Plugin AnalyticsBlueprintLibrary, From C:/Program Files (x86)/Epic Games/4.13/Engine/Plugins/Runtime/Analytics/AnalyticsBlueprintLibrary/AnalyticsBlueprintLibrary.uplugin
LogPluginManager: Loaded Plugin AnalyticsMulticast, From C:/Program Files (x86)/Epic Games/4.13/Engine/Plugins/Runtime/Analytics/AnalyticsMulticast/AnalyticsMulticast.uplugin
LogPluginManager: Loaded Plugin Apsalar, From C:/Program Files (x86)/Epic Games/4.13/Engine/Plugins/Runtime/Analytics/Apsalar/Apsalar.uplugin
LogPluginManager: Loaded Plugin FileLogging, From C:/Program Files (x86)/Epic Games/4.13/Engine/Plugins/Runtime/Analytics/FileLogging/FileLogging.uplugin
LogPluginManager: Loaded Plugin Flurry, From C:/Program Files (x86)/Epic Games/4.13/Engine/Plugins/Runtime/Analytics/Flurry/Flurry.uplugin
LogPluginManager: Loaded Plugin AndroidDeviceProfileSelector, From C:/Program Files (x86)/Epic Games/4.13/Engine/Plugins/Runtime/AndroidDeviceProfileSelector/AndroidDeviceProfileSelector.uplugin
LogPluginManager: Loaded Plugin AndroidMoviePlayer, From C:/Program Files (x86)/Epic Games/4.13/Engine/Plugins/Runtime/AndroidMoviePlayer/AndroidMoviePlayer.uplugin
LogPluginManager: Loaded Plugin AppleMoviePlayer, From C:/Program Files (x86)/Epic Games/4.13/Engine/Plugins/Runtime/AppleMoviePlayer/AppleMoviePlayer.uplugin
LogPluginManager: Loaded Plugin ArchVisCharacter, From C:/Program Files (x86)/Epic Games/4.13/Engine/Plugins/Runtime/ArchVisCharacter/ArchVisCharacter.uplugin
LogPluginManager: Loaded Plugin CableComponent, From C:/Program Files (x86)/Epic Games/4.13/Engine/Plugins/Runtime/CableComponent/CableComponent.uplugin
LogPluginManager: Loaded Plugin CustomMeshComponent, From C:/Program Files (x86)/Epic Games/4.13/Engine/Plugins/Runtime/CustomMeshComponent/CustomMeshComponent.uplugin
LogPluginManager: Loaded Plugin ExampleDeviceProfileSelector, From C:/Program Files (x86)/Epic Games/4.13/Engine/Plugins/Runtime/ExampleDeviceProfileSelector/ExampleDeviceProfileSelector.uplugin
LogPluginManager: Loaded Plugin GearVR, From C:/Program Files (x86)/Epic Games/4.13/Engine/Plugins/Runtime/GearVR/GearVR.uplugin
LogPluginManager: Loaded Plugin GoogleVRController, From C:/Program Files (x86)/Epic Games/4.13/Engine/Plugins/Runtime/GoogleVR/GoogleVRController/GoogleVRController.uplugin
LogPluginManager: Loaded Plugin GoogleVRHMD, From C:/Program Files (x86)/Epic Games/4.13/Engine/Plugins/Runtime/GoogleVR/GoogleVRHMD/GoogleVRHMD.uplugin
LogPluginManager: Loaded Plugin IOSDeviceProfileSelector, From C:/Program Files (x86)/Epic Games/4.13/Engine/Plugins/Runtime/IOSDeviceProfileSelector/IOSDeviceProfileSelector.uplugin
LogPluginManager: Loaded Plugin LeapMotion, From C:/Program Files (x86)/Epic Games/4.13/Engine/Plugins/Runtime/LeapMotion/LeapMotion.uplugin
LogPluginManager: Loaded Plugin LinuxDeviceProfileSelector, From C:/Program Files (x86)/Epic Games/4.13/Engine/Plugins/Runtime/LinuxDeviceProfileSelector/LinuxDeviceProfileSelector.uplugin
LogPluginManager: Loaded Plugin LiveEditorListenServer, From C:/Program Files (x86)/Epic Games/4.13/Engine/Plugins/Runtime/LiveEditorListenServer/LiveEditorListenServer.uplugin
LogPluginManager: Loaded Plugin OculusAudio, From C:/Program Files (x86)/Epic Games/4.13/Engine/Plugins/Runtime/OculusAudio/OculusAudio.uplugin
LogPluginManager: Loaded Plugin OculusInput, From C:/Program Files (x86)/Epic Games/4.13/Engine/Plugins/Runtime/OculusInput/OculusInput.uplugin
LogPluginManager: Loaded Plugin OculusLibrary, From C:/Program Files (x86)/Epic Games/4.13/Engine/Plugins/Runtime/OculusLibrary/OculusLibrary.uplugin
LogPluginManager: Loaded Plugin OculusRift, From C:/Program Files (x86)/Epic Games/4.13/Engine/Plugins/Runtime/OculusRift/OculusRift.uplugin
LogPluginManager: Loaded Plugin Oodle, From C:/Program Files (x86)/Epic Games/4.13/Engine/Plugins/Runtime/PacketHandlers/CompressionComponents/Oodle/Oodle.uplugin
LogPluginManager: Loaded Plugin ProceduralMeshComponent, From C:/Program Files (x86)/Epic Games/4.13/Engine/Plugins/Runtime/ProceduralMeshComponent/ProceduralMeshComponent.uplugin
LogPluginManager: Loaded Plugin SoundMod, From C:/Program Files (x86)/Epic Games/4.13/Engine/Plugins/Runtime/SoundMod/SoundMod.uplugin
LogPluginManager: Loaded Plugin SoundVisualizations, From C:/Program Files (x86)/Epic Games/4.13/Engine/Plugins/Runtime/SoundVisualizations/SoundVisualizations.uplugin
LogPluginManager: Loaded Plugin SteamController, From C:/Program Files (x86)/Epic Games/4.13/Engine/Plugins/Runtime/Steam/SteamController/SteamController.uplugin
LogPluginManager: Loaded Plugin SteamVR, From C:/Program Files (x86)/Epic Games/4.13/Engine/Plugins/Runtime/Steam/SteamVR/SteamVR.uplugin
LogPluginManager: Loaded Plugin WebBrowserWidget, From C:/Program Files (x86)/Epic Games/4.13/Engine/Plugins/Runtime/WebBrowserWidget/WebBrowserWidget.uplugin
LogPluginManager: Loaded Plugin WindowsDeviceProfileSelector, From C:/Program Files (x86)/Epic Games/4.13/Engine/Plugins/Runtime/WindowsDeviceProfileSelector/WindowsDeviceProfileSelector.uplugin
LogPluginManager: Loaded Plugin WindowsMoviePlayer, From C:/Program Files (x86)/Epic Games/4.13/Engine/Plugins/Runtime/WindowsMoviePlayer/WindowsMoviePlayer.uplugin
LogPluginManager: Loaded Plugin ScriptPlugin, From C:/Program Files (x86)/Epic Games/4.13/Engine/Plugins/ScriptPlugin/ScriptPlugin.uplugin
LogPluginManager: Loaded Plugin SlateRemote, From C:/Program Files (x86)/Epic Games/4.13/Engine/Plugins/Slate/SlateRemote/SlateRemote.uplugin
LogInit: Using libcurl 7.47.1
LogInit:  - built for x86_64-pc-win32
LogInit:  - supports SSL with WinSSL
LogInit:  - other features:
LogInit:      CURL_VERSION_SSL
LogInit:      CURL_VERSION_IPV6
LogInit:      CURL_VERSION_ASYNCHDNS
LogInit:      CURL_VERSION_LARGEFILE
LogInit:      CURL_VERSION_IDN
LogInit:  CurlRequestOptions (configurable via config and command line):
LogInit:  - bVerifyPeer = false  - Libcurl will NOT verify peer certificate
LogInit:  - bUseHttpProxy = false  - Libcurl will NOT use HTTP proxy
LogInit:  - bDontReuseConnections = false  - Libcurl will reuse connections
LogInit:  - CertBundlePath = nullptr  - Libcurl will use whatever was configured at build time.
LogInit: Build: ++UE4+Release-4.13-CL-3172292
LogInit: Engine Version: 4.13.2-3172292+++UE4+Release-4.13
LogInit: Compatible Engine Version: 4.13.0-3106830+++UE4+Release-4.13
LogInit: Net CL: 3172292
LogDevObjectVersion: Number of dev versions registered: 13
LogDevObjectVersion:   Dev-Blueprints (B0D832E4-1F89-4F0D-ACCF-7EB736FD4AA2): 5
LogDevObjectVersion:   Dev-Build (E1C64328-A22C-4D53-A36C-8E866417BD8C): 0
LogDevObjectVersion:   Dev-Core (375EC13C-06E4-48FB-B500-84F0262A717E): 1
LogDevObjectVersion:   Dev-Editor (E4B068ED-F494-42E9-A231-DA0B2E46BB41): 6
LogDevObjectVersion:   Dev-Framework (CFFC743F-43B0-4480-9391-14DF171D2073): 12
LogDevObjectVersion:   Dev-Mobile (B02B49B5-BB20-44E9-A304-32B752E40360): 0
LogDevObjectVersion:   Dev-Networking (A4E4105C-59A1-49B5-A7C5-40C4547EDFEE): 0
LogDevObjectVersion:   Dev-Online (39C831C9-5AE6-47DC-9A44-9C173E1C8E7C): 0
LogDevObjectVersion:   Dev-Physics (78F01B33-EBEA-4F98-B9B4-84EACCB95AA2): 0
LogDevObjectVersion:   Dev-Platform (6631380F-2D4D-43E0-8009-CF276956A95A): 0
LogDevObjectVersion:   Dev-Rendering (12F88B9F-8875-4AFC-A67C-D90C383ABD29): 4
LogDevObjectVersion:   Dev-Sequencer (7B5AE74C-D270-4C10-A958-57980B212A5A): 0
LogDevObjectVersion:   Dev-VR (D7296918-1DD6-4BDD-9DE2-64A83CC13884): 0
LogInit: Compiled (64-bit): Oct 24 2016 14:29:06
LogInit: Compiled with Visual C++: 19.00.23026.00
LogInit: Build Configuration: Development
LogInit: Branch Name: ++UE4+Release-4.13
LogInit: Command line: -EpicPortal 
LogInit: Base directory: C:/Program Files (x86)/Epic Games/4.13/Engine/Binaries/Win64/
LogInit: Installed Engine Build: 1
LogInit: Presizing for max 8388607 objects, including 0 objects not considered by GC, pre-allocating 0 bytes for permanent pool.
LogInit: Object subsystem initialized
[2016.11.15-20.06.12:717][  0]LogInit: Selected Device Profile: [Windows]
[2016.11.15-20.06.12:717][  0]LogInit: Applying CVar settings loaded from the selected device profile: [Windows]
[2016.11.15-20.06.12:732][  0]LogInit: Computer: JEREMIE-PC
[2016.11.15-20.06.12:732][  0]LogInit: User: Jeremie
[2016.11.15-20.06.12:732][  0]LogInit: CPU Page size=65536, Cores=2
[2016.11.15-20.06.12:732][  0]LogInit: High frequency timer resolution =2.825703 MHz
[2016.11.15-20.06.12:732][  0]LogMemory: Memory total: Physical=7.9GB (8GB approx)
[2016.11.15-20.06.12:732][  0]LogMemory: Platform Memory Stats for Windows
[2016.11.15-20.06.12:732][  0]LogMemory: Process Physical Memory: 256.63 MB used, 256.63 MB peak
[2016.11.15-20.06.12:732][  0]LogMemory: Process Virtual Memory: 261.12 MB used, 261.12 MB peak
[2016.11.15-20.06.12:732][  0]LogMemory: Physical Memory: 4415.74 MB used, 8060.85 MB total
[2016.11.15-20.06.12:732][  0]LogMemory: Virtual Memory: 591.23 MB used, 8388608.00 MB total
[2016.11.15-20.06.12:762][  0]LogTextLocalizationManager: No translations for ('fr-FR') exist, falling back to 'en' for localization and internationalization data.
[2016.11.15-20.06.13:368][  0]LogD3D11RHI: D3D11 adapters:
[2016.11.15-20.06.13:399][  0]LogD3D11RHI:    0. 'NVIDIA GeForce GT 635M' (Feature Level 11_0)
[2016.11.15-20.06.13:399][  0]LogD3D11RHI:       1999/0/2047 MB DedicatedVideo/DedicatedSystem/SharedSystem, Outputs:1, VendorId:0x10de
[2016.11.15-20.06.13:417][  0]LogD3D11RHI:    1. 'NVIDIA GeForce GT 635M' (Feature Level 11_0)
[2016.11.15-20.06.13:417][  0]LogD3D11RHI:       1999/0/2047 MB DedicatedVideo/DedicatedSystem/SharedSystem, Outputs:0, VendorId:0x10de
[2016.11.15-20.06.13:417][  0]LogD3D11RHI: Chosen D3D11 Adapter: 0
[2016.11.15-20.06.13:425][  0]LogD3D11RHI: Creating new Direct3DDevice
[2016.11.15-20.06.13:425][  0]LogD3D11RHI:     GPU DeviceId: 0xde3 (for the marketing name, search the web for "GPU Device Id")
[2016.11.15-20.06.13:425][  0]LogWindows: EnumDisplayDevices:
[2016.11.15-20.06.13:425][  0]LogWindows:    0. 'Intel(R) HD Graphics 4000' (P:1 D:1)
[2016.11.15-20.06.13:426][  0]LogWindows:    1. 'Intel(R) HD Graphics 4000' (P:0 D:0)
[2016.11.15-20.06.13:426][  0]LogWindows:    2. 'Intel(R) HD Graphics 4000' (P:0 D:0)
[2016.11.15-20.06.13:426][  0]LogWindows:    3. 'NVIDIA GeForce GT 635M' (P:0 D:0)
[2016.11.15-20.06.13:426][  0]LogWindows:    4. 'RDPDD Chained DD' (P:0 D:0)
[2016.11.15-20.06.13:426][  0]LogWindows:    5. 'RDP Encoder Mirror Driver' (P:0 D:0)
[2016.11.15-20.06.13:426][  0]LogWindows:    6. 'RDP Reflector Display Driver' (P:0 D:0)
[2016.11.15-20.06.13:426][  0]LogWindows: DebugString: PrimaryIsNotTheChoosenAdapter PrimaryIsNotTheChoosenAdapter PrimaryIsNotTheChoosenAdapter GetVideoDriverDetailsInvalid PrimaryIsNotTheChoosenAdapter GetVideoDriverDetailsInvalid PrimaryIsNotTheChoosenAdapter GetVideoDriverDetailsInvalid PrimaryIsNotTheChoosenAdapter 
[2016.11.15-20.06.13:426][  0]LogD3D11RHI:     Adapter Name: NVIDIA GeForce GT 635M
[2016.11.15-20.06.13:426][  0]LogD3D11RHI:   Driver Version: 362.00 (internal:10.18.13.6200, unified:362.00)
[2016.11.15-20.06.13:426][  0]LogD3D11RHI:      Driver Date: 2-23-2016
[2016.11.15-20.06.13:426][  0]LogRHI: Texture pool is 1361 MB (70% of 1945 MB)
[2016.11.15-20.06.13:444][  0]LogD3D11RHI: Async texture creation enabled
[2016.11.15-20.06.13:458][  0]LogD3D11RHI: GPU Timing Frequency: 1000.000000 (Debug: 2 2)
[2016.11.15-20.06.13:458][  0]LogShaderCompilers: Guid format shader working directory is -27 characters bigger than the processId version (../../../../../../Users/Jeremie/Documents/Unreal Projects/GitGameProg/Game1/Intermediate/Shaders/WorkingDirectory/1988/).
[2016.11.15-20.06.13:458][  0]LogShaderCompilers: Cleaned the shader compiler working directory 'C:/Users/Jeremie/AppData/Local/Temp/UnrealShaderWorkingDir/C4B538E94C62A2C3D604259F05853C81/'.
[2016.11.15-20.06.13:458][  0]LogShaderCompilers:Display: Using Local Shader Compiler.
[2016.11.15-20.06.14:513][  0]LogTemp:Display: Loaded TP AllDesktopTargetPlatform
[2016.11.15-20.06.14:521][  0]LogTemp:Display: Loaded TP WindowsClientTargetPlatform
[2016.11.15-20.06.14:530][  0]LogTemp:Display: Loaded TP WindowsNoEditorTargetPlatform
[2016.11.15-20.06.14:539][  0]LogTemp:Display: Loaded TP WindowsServerTargetPlatform
[2016.11.15-20.06.14:547][  0]LogTemp:Display: Loaded TP WindowsTargetPlatform
[2016.11.15-20.06.14:554][  0]LogTemp:Display: Loaded TP AndroidTargetPlatform
[2016.11.15-20.06.14:562][  0]LogTemp:Display: Loaded TP Android_ASTCTargetPlatform
[2016.11.15-20.06.14:569][  0]LogTemp:Display: Loaded TP Android_ATCTargetPlatform
[2016.11.15-20.06.14:576][  0]LogTemp:Display: Loaded TP Android_DXTTargetPlatform
[2016.11.15-20.06.14:583][  0]LogTemp:Display: Loaded TP Android_ETC1TargetPlatform
[2016.11.15-20.06.14:590][  0]LogTemp:Display: Loaded TP Android_ETC2TargetPlatform
[2016.11.15-20.06.14:606][  0]LogTemp:Display: Loaded TP Android_MultiTargetPlatform
[2016.11.15-20.06.14:606][  0]LogTemp:Display: Loaded TP Android_PVRTCTargetPlatform
[2016.11.15-20.06.14:606][  0]LogTemp:Display: Loaded TP HTML5TargetPlatform
[2016.11.15-20.06.14:626][  0]LogTemp:Display: Loaded TP IOSTargetPlatform
[2016.11.15-20.06.14:633][  0]LogTemp:Display: Loaded TP TVOSTargetPlatform
[2016.11.15-20.06.14:640][  0]LogTemp:Display: Loaded TP LinuxClientTargetPlatform
[2016.11.15-20.06.14:647][  0]LogTemp:Display: Loaded TP LinuxNoEditorTargetPlatform
[2016.11.15-20.06.14:653][  0]LogTemp:Display: Loaded TP LinuxServerTargetPlatform
[2016.11.15-20.06.14:661][  0]LogTemp:Display: Loaded TP LinuxTargetPlatform
[2016.11.15-20.06.14:661][  0]LogTargetPlatformManager:Display: Building Assets For Windows
[2016.11.15-20.06.14:724][  0]LogDerivedDataCache:Display: Max Cache Size: 512 MB
[2016.11.15-20.06.14:781][  0]LogDerivedDataCache: Loaded boot cache 0.06s 62MB C:/Users/Jeremie/AppData/Local/UnrealEngine/4.13/DerivedDataCache/Boot.ddc.
[2016.11.15-20.06.14:781][  0]LogDerivedDataCache:Display: Loaded Boot cache: C:/Users/Jeremie/AppData/Local/UnrealEngine/4.13/DerivedDataCache/Boot.ddc
[2016.11.15-20.06.14:781][  0]LogDerivedDataCache: FDerivedDataBackendGraph:  Pak pak cache file ../../../../../../Users/Jeremie/Documents/Unreal Projects/GitGameProg/Game1/DerivedDataCache/DDC.ddp not found, will not use a pak cache.
[2016.11.15-20.06.14:781][  0]LogDerivedDataCache: Unable to find inner node Pak for hierarchical cache Hierarchy.
[2016.11.15-20.06.14:782][  0]LogDerivedDataCache: FDerivedDataBackendGraph:  CompressedPak pak cache file ../../../../../../Users/Jeremie/Documents/Unreal Projects/GitGameProg/Game1/DerivedDataCache/Compressed.ddp not found, will not use a pak cache.
[2016.11.15-20.06.14:782][  0]LogDerivedDataCache: Unable to find inner node CompressedPak for hierarchical cache Hierarchy.
[2016.11.15-20.06.14:799][  0]LogDerivedDataCache:Display: Pak cache opened for reading ../../../Engine/DerivedDataCache/Compressed.ddp.
[2016.11.15-20.06.14:811][  0]LogDerivedDataCache: Using Local data cache path C:/Users/Jeremie/AppData/Local/UnrealEngine/Common/DerivedDataCache: Writable
[2016.11.15-20.06.15:039][  0]LogInit: Selected Device Profile: [Windows]
[2016.11.15-20.06.15:043][  0]LogMaterial: Uniform references updated for custom material expression Custom.
[2016.11.15-20.06.15:045][  0]LogContentStreaming: Texture pool size is 0.00 MB
[2016.11.15-20.06.15:182][  0]LogMeshUtilities: No automatic mesh reduction module available
[2016.11.15-20.06.15:182][  0]LogMeshUtilities: No automatic mesh merging module available
[2016.11.15-20.06.15:182][  0]LogMeshUtilities: No distributed automatic mesh merging module available
[2016.11.15-20.06.15:284][  0]LogLinker:Warning: Can't find file '/Engine/EngineSky/EpicQuadPanorama_CC+EV1'
[2016.11.15-20.06.15:284][  0]LogLinker: Can't find file '/Engine/EngineSky/EpicQuadPanorama_CC+EV1'
[2016.11.15-20.06.15:495][  0]LogNetVersion: GetLocalNetworkVersion: CL: 3106830, ProjectName: gameprog, ProjectVersion: , EngineNetworkVersion: 1, GameNetworkVersion: 0, NetworkChecksum: 4013901243
[2016.11.15-20.06.15:533][  0]LogAssetRegistry: FAssetRegistry took 0.0203 seconds to start up
[2016.11.15-20.06.16:124][  0]LogPackageLocalizationCache: Processed 3 localized package path(s) for 1 prioritized culture(s) in 0.589046 seconds
[2016.11.15-20.06.16:130][  0]LogUObjectArray: 29779 objects as part of root set at end of initial load.
[2016.11.15-20.06.16:130][  0]LogUObjectAllocator: 6125816 out of 0 bytes used by permanent object pool.
[2016.11.15-20.06.16:130][  0]LogUObjectArray: CloseDisregardForGC: 0/0 objects in disregard for GC pool
[2016.11.15-20.06.16:136][  0]LogInit: WinSock: version 1.1 (2.2), MaxSocks=32767, MaxUdp=65467
[2016.11.15-20.06.16:351][  0]LogSlate: SlateFontCache - WITH_FREETYPE: 1, WITH_HARFBUZZ: 1
[2016.11.15-20.06.16:351][  0]LogSlate: SlateFontCache - WITH_FREETYPE: 1, WITH_HARFBUZZ: 1
[2016.11.15-20.06.16:962][  0]LogSubstanceCoreModule: Substance CPU Engine Loaded, Max Texture Size 2048
[2016.11.15-20.06.16:969][  0]LogTcpMessaging: Initializing TcpMessaging bridge
[2016.11.15-20.06.16:986][  0]LogUdpMessaging: Initializing bridge on interface 0.0.0.0:0 to multicast group 230.0.0.1:6666.
[2016.11.15-20.06.17:208][  0]SourceControl: Info Source control is disabled
[2016.11.15-20.06.17:251][  0]SourceControl: Info Source control is disabled
[2016.11.15-20.06.17:258][  0]SourceControl: Info Source control is disabled
[2016.11.15-20.06.17:264][  0]SourceControl: Info Source control is disabled
[2016.11.15-20.06.17:511][  0]LogEngine: Initializing Engine...
[2016.11.15-20.06.17:512][  0]LogHMD: Failed to initialize OpenVR with code 110
[2016.11.15-20.06.17:668][  0]LogAIModule: Creating AISystem for world Untitled
[2016.11.15-20.06.17:675][  0]LogInit: XAudio2 using 'Haut-parleurs (Conexant SmartAudio HD)' : 2 channels at 48 kHz using 32 bits per sample (channel mask 0x3)
[2016.11.15-20.06.17:711][  0]LogInit: FAudioDevice initialized.
[2016.11.15-20.06.17:741][  0]LogDerivedDataCache: Saved boot cache 0.03s 62MB C:/Users/Jeremie/AppData/Local/UnrealEngine/4.13/DerivedDataCache/Boot.ddc.
[2016.11.15-20.06.17:747][  0]LogInit: Texture streaming: Enabled
[2016.11.15-20.06.17:772][  0]LogInit: Transaction tracking system initialized
[2016.11.15-20.06.17:790][  0]BlueprintLog: New page: Editor Load
[2016.11.15-20.06.17:853][  0]LocalizationService: Info Localization service is disabled
[2016.11.15-20.06.18:142][  0]LogConsoleResponse:Display: 
[2016.11.15-20.06.18:273][  0]LogCook:Display: Max memory allowance for cook 16384mb min free memory 0mb
[2016.11.15-20.06.18:273][  0]LogCook:Display: Mobile HDR setting 1
[2016.11.15-20.06.18:400][  0]LogFileCache: Scanning file cache for directory 'C:/Users/Jeremie/Documents/Unreal Projects/GitGameProg/Game1/Content/' took 0.02s
[2016.11.15-20.06.18:400][  0]SourceControl: Info Source control is disabled
[2016.11.15-20.06.18:400][  0]Cmd: MAP LOAD FILE="../../../../../../Users/Jeremie/Documents/Unreal Projects/GitGameProg/Game1/Content/SideScrollerBP/Maps/SideScrollerExampleMap.umap" TEMPLATE=0 SHOWPROGRESS=1 FEATURELEVEL=3
[2016.11.15-20.06.18:499][  0]LightingResults: New page: Lighting Build
[2016.11.15-20.06.18:502][  0]MapCheck: New page: Map Check
[2016.11.15-20.06.18:502][  0]LightingResults: New page: Lighting Build
[2016.11.15-20.06.26:026][  0]LogAIModule: Creating AISystem for world SideScrollerExampleMap
[2016.11.15-20.06.26:036][  0]LogEditorServer: Finished looking for orphan Actors (0.000 secs)
[2016.11.15-20.06.26:037][  0]Cmd: MAP CHECKDEP NOCLEARLOG
[2016.11.15-20.06.26:083][  0]MapCheck: Info Map check complete: 0 Error(s), 0 Warning(s), took 45.867ms to complete.
[2016.11.15-20.06.26:083][  0]LogFileHelpers: Loading map 'SideScrollerExampleMap' took 7.682
[2016.11.15-20.06.26:185][  0]ModoMaterialImporter: Starting Extension logic
[2016.11.15-20.06.26:326][  0]LogCollectionManager: Loaded 0 collections in 0.001460 seconds
[2016.11.15-20.06.26:355][  0]LogFileCache: Scanning file cache for directory 'C:/Users/Jeremie/Documents/Unreal Projects/GitGameProg/Game1/Saved/Collections/' took 0.01s
[2016.11.15-20.06.26:355][  0]LogFileCache: Scanning file cache for directory 'C:/Users/Jeremie/Documents/Unreal Projects/GitGameProg/Game1/Content/Developers/Jeremie/Collections/' took 0.01s
[2016.11.15-20.06.26:355][  0]LogFileCache: Scanning file cache for directory 'C:/Users/Jeremie/Documents/Unreal Projects/GitGameProg/Game1/Content/Collections/' took 0.00s
[2016.11.15-20.06.26:356][  0]LogCollectionManager: Rebuilt the GUID cache for 0 collections in 0.000002 seconds
[2016.11.15-20.06.26:366][  0]LogContentBrowser: Native class hierarchy populated in 0.0099 seconds. Added 2156 classes and 421 folders.
[2016.11.15-20.06.26:369][  0]LogStats: UGameplayTagsManager::ConstructGameplayTagTree: Construct from data asset -  0.000 s
[2016.11.15-20.06.26:369][  0]LogStats: UGameplayTagsManager::ConstructGameplayTagTree: GameplayTagTreeChangedEvent.Broadcast -  0.000 s
[2016.11.15-20.06.26:370][  0]LogContentBrowser: Native class hierarchy updated for 'GameplayTags' in 0.0005 seconds. Added 12 classes and 0 folders.
[2016.11.15-20.06.26:373][  0]LogContentBrowser: Native class hierarchy updated for 'WidgetCarousel' in 0.0004 seconds. Added 0 classes and 0 folders.
[2016.11.15-20.06.27:672][  0]LogContentBrowser: Native class hierarchy updated for 'AddContentDialog' in 0.0005 seconds. Added 0 classes and 0 folders.
[2016.11.15-20.06.27:676][  0]LogContentBrowser: Native class hierarchy updated for 'SceneOutliner' in 0.0005 seconds. Added 1 classes and 2 folders.
[2016.11.15-20.06.27:690][  0]LogCrashTracker: Crashtracker disabled due to settings.
[2016.11.15-20.06.27:694][  0]LogUObjectGlobals:Warning: Failed to find object 'Class None.'
[2016.11.15-20.06.27:722][  0]LogContentBrowser: Native class hierarchy updated for 'HierarchicalLODOutliner' in 0.0005 seconds. Added 1 classes and 2 folders.
[2016.11.15-20.06.27:722][  0]LogLoad: (Engine Initialization) Total time: 15.98 seconds
[2016.11.15-20.06.27:722][  0]LogLoad: (Engine Initialization) Total Blueprint compile time: 0.39 seconds
[2016.11.15-20.06.27:722][  0]LogExternalProfiler: No external profilers were discovered.  External profiling features will not be available.
[2016.11.15-20.06.27:735][  0]LogOcInput: OculusInput pre-init called
[2016.11.15-20.06.27:753][  0]LogContentStreaming: Texture pool size now 400 MB
[2016.11.15-20.06.28:271][  0]LogRenderer: Reallocating scene render targets to support 600x456 (Frame:2).
[2016.11.15-20.06.48:129][475]LogAssetRegistry: Asset discovery search completed in 32.6156 seconds
[2016.11.15-20.06.48:129][475]LogCollectionManager: Rebuilt the object cache for 0 collections in 0.000001 seconds (found 0 objects)
[2016.11.15-20.06.48:129][475]LogCollectionManager: Fixed up redirectors for 0 collections in 0.000024 seconds (updated 0 objects)
[2016.11.15-20.08.01:811][692]LogEditorViewport: Clicking on Actor (LMB): StaticMeshActor (Cube2)
[2016.11.15-20.08.02:607][755]Cmd: DELETE
[2016.11.15-20.08.02:607][755]Cmd: ACTOR DELETE
[2016.11.15-20.08.02:611][755]LogEditorActor: Deleted Actor: StaticMeshActor
[2016.11.15-20.08.02:654][755]LogEditorActor: Deleted 1 Actors (0.047 secs)
[2016.11.15-20.08.05:193][903]LogSavePackage: Save=691.66ms
[2016.11.15-20.08.05:193][903]LogSavePackage: Moving '../../../../../../Users/Jeremie/Documents/Unreal Projects/GitGameProg/Game1/Saved/SideScrollerExampleMapCB8C043046647E049F187E9CFDA81A14.tmp' to '../../../../../../Users/Jeremie/Documents/Unreal Projects/GitGameProg/Game1/Content/SideScrollerBP/Maps/SideScrollerExampleMap.umap'
[2016.11.15-20.08.05:199][903]LogSavePackage:Display: Finished SavePackage ../../../../../../Users/Jeremie/Documents/Unreal Projects/GitGameProg/Game1/Content/SideScrollerBP/Maps/SideScrollerExampleMap.umap
[2016.11.15-20.08.05:236][903]LogFileHelpers: Saving map 'SideScrollerExampleMap' took 1.030
[2016.11.15-20.08.07:836][130]Cmd: QUIT_EDITOR
[2016.11.15-20.08.07:915][130]LogExit: Preparing to exit.
[2016.11.15-20.08.09:115][130]LogDirectoryWatcher: A directory notification for 'C:/Users/Jeremie/Documents/Unreal Projects/GitGameProg/Game1/Content/' was aborted.
[2016.11.15-20.08.09:151][130]LogExit: Editor shut down
[2016.11.15-20.08.09:152][130]LogExit: Transaction tracking system shut down
[2016.11.15-20.08.09:296][130]LogObj: Freed 0b from 0 cluster array pools.
[2016.11.15-20.08.09:296][130]LogExit: Object subsystem successfully closed.
[2016.11.15-20.08.09:313][130]LogD3D11RHI: Shutdown
[2016.11.15-20.08.09:313][130]LogD3D11RHI: CleanupD3DDevice
[2016.11.15-20.08.10:412][130]LogD3D11RHI: ~FD3D11DynamicRHI
[2016.11.15-20.08.10:443][130]LogModuleManager: Shutting down and abandoning module ExternalImagePicker (238)
[2016.11.15-20.08.10:443][130]LogModuleManager: Shutting down and abandoning module HierarchicalLODOutliner (237)
[2016.11.15-20.08.10:443][130]LogModuleManager: Shutting down and abandoning module CrashTracker (236)
[2016.11.15-20.08.10:443][130]LogModuleManager: Shutting down and abandoning module SceneOutliner (235)
[2016.11.15-20.08.10:443][130]LogModuleManager: Shutting down and abandoning module WidgetCarousel (234)
[2016.11.15-20.08.10:443][130]LogModuleManager: Shutting down and abandoning module AddContentDialog (233)
[2016.11.15-20.08.10:443][130]LogDirectoryWatcher: A directory notification for 'C:/Program Files (x86)/Epic Games/4.13/FeaturePacks/' was aborted.
[2016.11.15-20.08.10:447][130]LogModuleManager: Shutting down and abandoning module GameplayTags (232)
[2016.11.15-20.08.10:447][130]LogModuleManager: Shutting down and abandoning module EditorWidgets (231)
[2016.11.15-20.08.10:447][130]LogModuleManager: Shutting down and abandoning module CollectionManager (230)
[2016.11.15-20.08.10:447][130]LogDirectoryWatcher: A directory notification for 'C:/Users/Jeremie/Documents/Unreal Projects/GitGameProg/Game1/Content/Collections/' was aborted.
[2016.11.15-20.08.10:447][130]LogDirectoryWatcher: A directory notification for 'C:/Users/Jeremie/Documents/Unreal Projects/GitGameProg/Game1/Content/Developers/Jeremie/Collections/' was aborted.
[2016.11.15-20.08.10:447][130]LogDirectoryWatcher: A directory notification for 'C:/Users/Jeremie/Documents/Unreal Projects/GitGameProg/Game1/Saved/Collections/' was aborted.
[2016.11.15-20.08.10:448][130]LogModuleManager: Shutting down and abandoning module StatsViewer (229)
[2016.11.15-20.08.10:448][130]LogModuleManager: Shutting down and abandoning module FoliageEdit (228)
[2016.11.15-20.08.10:448][130]LogModuleManager: Shutting down and abandoning module LandscapeEditor (227)
[2016.11.15-20.08.10:448][130]LogModuleManager: Shutting down and abandoning module SceneDepthPickerMode (226)
[2016.11.15-20.08.10:448][130]LogModuleManager: Shutting down and abandoning module ActorPickerMode (225)
[2016.11.15-20.08.10:448][130]LogModuleManager: Shutting down and abandoning module GeometryMode (224)
[2016.11.15-20.08.10:448][130]LogModuleManager: Shutting down and abandoning module TextureAlignMode (223)
[2016.11.15-20.08.10:448][130]LogModuleManager: Shutting down and abandoning module BspMode (222)
[2016.11.15-20.08.10:448][130]LogModuleManager: Shutting down and abandoning module HardwareSurvey (221)
[2016.11.15-20.08.10:448][130]LogModuleManager: Shutting down and abandoning module SequenceRecorderSections (220)
[2016.11.15-20.08.10:448][130]LogModuleManager: Shutting down and abandoning module SequenceRecorder (219)
[2016.11.15-20.08.10:448][130]LogModuleManager: Shutting down and abandoning module AutomationWorker (218)
[2016.11.15-20.08.10:448][130]LogModuleManager: Shutting down and abandoning module MatineeToLevelSequence (217)
[2016.11.15-20.08.10:448][130]LogModuleManager: Shutting down and abandoning module PlacementMode (216)
[2016.11.15-20.08.10:448][130]LogModuleManager: Shutting down and abandoning module LevelSequenceEditor (215)
[2016.11.15-20.08.10:448][130]LogModuleManager: Shutting down and abandoning module WmfMediaFactory (214)
[2016.11.15-20.08.10:448][130]LogModuleManager: Shutting down and abandoning module WmfMediaEditor (213)
[2016.11.15-20.08.10:448][130]LogModuleManager: Shutting down and abandoning module AvfMediaFactory (212)
[2016.11.15-20.08.10:448][130]LogModuleManager: Shutting down and abandoning module AvfMediaEditor (211)
[2016.11.15-20.08.10:448][130]LogModuleManager: Shutting down and abandoning module Media (210)
[2016.11.15-20.08.10:448][130]LogModuleManager: Shutting down and abandoning module AndroidMediaFactory (209)
[2016.11.15-20.08.10:448][130]LogModuleManager: Shutting down and abandoning module AndroidMediaEditor (208)
[2016.11.15-20.08.10:448][130]LogModuleManager: Shutting down and abandoning module CharacterAI (207)
[2016.11.15-20.08.10:448][130]LogModuleManager: Shutting down and abandoning module SmartSnapping (206)
[2016.11.15-20.08.10:448][130]LogModuleManager: Shutting down and abandoning module SessionServices (205)
[2016.11.15-20.08.10:448][130]LogModuleManager: Shutting down and abandoning module ViewportSnapping (204)
[2016.11.15-20.08.10:448][130]LogModuleManager: Shutting down and abandoning module ViewportInteraction (203)
[2016.11.15-20.08.10:449][130]LogModuleManager: Shutting down and abandoning module LogVisualizer (202)
[2016.11.15-20.08.10:449][130]LogModuleManager: Shutting down and abandoning module GameProjectGeneration (201)
[2016.11.15-20.08.10:449][130]LogModuleManager: Shutting down and abandoning module IntroTutorials (200)
[2016.11.15-20.08.10:449][130]LogModuleManager: Shutting down and abandoning module EditorLiveStreaming (199)
[2016.11.15-20.08.10:449][130]LogModuleManager: Shutting down and abandoning module IOSPlatformEditor (198)
[2016.11.15-20.08.10:449][130]LogModuleManager: Shutting down and abandoning module HTML5PlatformEditor (197)
[2016.11.15-20.08.10:449][130]LogModuleManager: Shutting down and abandoning module AndroidDeviceDetection (196)
[2016.11.15-20.08.10:895][130]LogModuleManager: Shutting down and abandoning module AndroidPlatformEditor (195)
[2016.11.15-20.08.10:895][130]LogModuleManager: Shutting down and abandoning module IOSRuntimeSettings (194)
[2016.11.15-20.08.10:895][130]LogModuleManager: Shutting down and abandoning module AndroidRuntimeSettings (193)
[2016.11.15-20.08.10:895][130]LogModuleManager: Shutting down and abandoning module NiagaraEditor (192)
[2016.11.15-20.08.10:895][130]LogModuleManager: Shutting down and abandoning module MergeActors (191)
[2016.11.15-20.08.10:895][130]LogModuleManager: Shutting down and abandoning module SizeMap (190)
[2016.11.15-20.08.10:895][130]LogModuleManager: Shutting down and abandoning module TreeMap (189)
[2016.11.15-20.08.10:895][130]LogModuleManager: Shutting down and abandoning module ReferenceViewer (188)
[2016.11.15-20.08.10:895][130]LogModuleManager: Shutting down and abandoning module LocalizationService (187)
[2016.11.15-20.08.10:895][130]LogModuleManager: Shutting down and abandoning module LocalizationDashboard (186)
[2016.11.15-20.08.10:895][130]LogModuleManager: Shutting down and abandoning module HardwareTargeting (185)
[2016.11.15-20.08.10:895][130]LogModuleManager: Shutting down and abandoning module DeviceProfileEditor (184)
[2016.11.15-20.08.10:895][130]LogModuleManager: Shutting down and abandoning module UndoHistory (183)
[2016.11.15-20.08.10:895][130]LogModuleManager: Shutting down and abandoning module UserFeedback (182)
[2016.11.15-20.08.10:895][130]LogModuleManager: Shutting down and abandoning module XmlParser (181)
[2016.11.15-20.08.10:895][130]LogModuleManager: Shutting down and abandoning module Blutility (180)
[2016.11.15-20.08.10:895][130]LogModuleManager: Shutting down and abandoning module ProjectTargetPlatformEditor (179)
[2016.11.15-20.08.10:896][130]LogModuleManager: Shutting down and abandoning module ProjectSettingsViewer (178)
[2016.11.15-20.08.10:896][130]LogModuleManager: Shutting down and abandoning module InputBindingEditor (177)
[2016.11.15-20.08.10:896][130]LogModuleManager: Shutting down and abandoning module EditorSettingsViewer (176)
[2016.11.15-20.08.10:896][130]LogModuleManager: Shutting down and abandoning module SettingsEditor (175)
[2016.11.15-20.08.10:896][130]LogModuleManager: Shutting down and abandoning module ProjectLauncher (174)
[2016.11.15-20.08.10:896][130]LogModuleManager: Shutting down and abandoning module SessionFrontend (173)
[2016.11.15-20.08.10:896][130]LogModuleManager: Shutting down and abandoning module ProfilerClient (172)
[2016.11.15-20.08.10:896][130]LogModuleManager: Shutting down and abandoning module TargetDeviceServices (171)
[2016.11.15-20.08.10:896][130]LogModuleManager: Shutting down and abandoning module DeviceManager (170)
[2016.11.15-20.08.10:936][130]LogModuleManager: Shutting down and abandoning module AutomationController (169)
[2016.11.15-20.08.10:936][130]LogModuleManager: Shutting down and abandoning module AutomationWindow (168)
[2016.11.15-20.08.10:936][130]LogModuleManager: Shutting down and abandoning module Layers (167)
[2016.11.15-20.08.10:936][130]LogModuleManager: Shutting down and abandoning module ComponentVisualizers (166)
[2016.11.15-20.08.10:936][130]LogModuleManager: Shutting down and abandoning module DetailCustomizations (165)
[2016.11.15-20.08.10:936][130]LogModuleManager: Shutting down and abandoning module PackagesDialog (164)
[2016.11.15-20.08.10:936][130]LogModuleManager: Shutting down and abandoning module AnimGraph (163)
[2016.11.15-20.08.10:936][130]LogModuleManager: Shutting down and abandoning module Persona (162)
[2016.11.15-20.08.10:936][130]LogModuleManager: Shutting down and abandoning module Kismet (161)
[2016.11.15-20.08.10:938][130]LogModuleManager: Shutting down and abandoning module GraphEditor (160)
[2016.11.15-20.08.10:938][130]LogModuleManager: Shutting down and abandoning module ClassViewer (159)
[2016.11.15-20.08.10:939][130]LogModuleManager: Shutting down and abandoning module Toolbox (158)
[2016.11.15-20.08.10:939][130]LogModuleManager: Shutting down and abandoning module ModuleUI (157)
[2016.11.15-20.08.10:939][130]LogModuleManager: Shutting down and abandoning module MovieSceneTools (156)
[2016.11.15-20.08.10:939][130]LogModuleManager: Shutting down and abandoning module OutputLog (155)
[2016.11.15-20.08.10:939][130]LogModuleManager: Shutting down and abandoning module GammaUI (154)
[2016.11.15-20.08.10:939][130]LogModuleManager: Shutting down and abandoning module Documentation (153)
[2016.11.15-20.08.10:939][130]LogModuleManager: Shutting down and abandoning module Niagara (152)
[2016.11.15-20.08.10:939][130]LogModuleManager: Shutting down and abandoning module StreamingPauseRendering (151)
[2016.11.15-20.08.10:939][130]LogModuleManager: Shutting down and abandoning module AnalyticsET (150)
[2016.11.15-20.08.10:939][130]LogModuleManager: Shutting down and abandoning module PortalServices (149)
[2016.11.15-20.08.10:939][130]LogModuleManager: Shutting down and abandoning module PortalRpc (148)
[2016.11.15-20.08.10:939][130]LogModuleManager: Shutting down and abandoning module MessagingRpc (147)
[2016.11.15-20.08.10:939][130]LogModuleManager: Shutting down and abandoning module GameplayDebugger (146)
[2016.11.15-20.08.10:939][130]LogModuleManager: Shutting down and abandoning module AITestSuite (145)
[2016.11.15-20.08.10:939][130]LogModuleManager: Shutting down and abandoning module AIModule (144)
[2016.11.15-20.08.10:939][130]LogModuleManager: Shutting down and abandoning module ProfilerService (143)
[2016.11.15-20.08.10:981][130]LogModuleManager: Shutting down and abandoning module TaskGraph (142)
[2016.11.15-20.08.10:981][130]LogModuleManager: Shutting down and abandoning module SubstanceEditor (141)
[2016.11.15-20.08.10:981][130]LogModuleManager: Shutting down and abandoning module SlateRemote (140)
[2016.11.15-20.08.10:981][130]LogModuleManager: Shutting down and abandoning module SteamVRController (139)
[2016.11.15-20.08.10:981][130]LogModuleManager: Shutting down and abandoning module SteamVR (138)
[2016.11.15-20.08.10:981][130]LogModuleManager: Shutting down and abandoning module ProceduralMeshComponentEditor (137)
[2016.11.15-20.08.10:981][130]LogModuleManager: Shutting down and abandoning module ProceduralMeshComponent (136)
[2016.11.15-20.08.10:981][130]LogModuleManager: Shutting down and abandoning module OculusLibrary (135)
[2016.11.15-20.08.10:981][130]LogModuleManager: Shutting down and abandoning module OculusInput (134)
[2016.11.15-20.08.10:981][130]LogModuleManager: Shutting down and abandoning module CustomMeshComponent (133)
[2016.11.15-20.08.10:981][130]LogModuleManager: Shutting down and abandoning module CableComponent (132)
[2016.11.15-20.08.10:981][130]LogModuleManager: Shutting down and abandoning module ArchVisCharacter (131)
[2016.11.15-20.08.10:981][130]LogModuleManager: Shutting down and abandoning module MediaPlayerEditor (129)
[2016.11.15-20.08.10:981][130]LogModuleManager: Shutting down and abandoning module ModoMaterialImporter (128)
[2016.11.15-20.08.10:981][130]LogModuleManager: Shutting down and abandoning module HTML5Networking (127)
[2016.11.15-20.08.10:981][130]LogModuleManager: Shutting down and abandoning module GeometryCacheEd (126)
[2016.11.15-20.08.10:981][130]LogModuleManager: Shutting down and abandoning module GeometryCache (125)
[2016.11.15-20.08.10:981][130]LogModuleManager: Shutting down and abandoning module AlembicLibrary (124)
[2016.11.15-20.08.10:981][130]LogModuleManager: Shutting down and abandoning module AlembicImporter (123)
[2016.11.15-20.08.10:981][130]LogModuleManager: Shutting down and abandoning module SuperSearch (122)
[2016.11.15-20.08.10:981][130]LogModuleManager: Shutting down and abandoning module SuperSearchEditor (121)
[2016.11.15-20.08.10:981][130]LogModuleManager: Shutting down and abandoning module SpeedTreeImporter (120)
[2016.11.15-20.08.10:981][130]LogModuleManager: Shutting down and abandoning module PluginBrowser (119)
[2016.11.15-20.08.10:981][130]LogModuleManager: Shutting down and abandoning module MobileLauncherProfileWizard (118)
[2016.11.15-20.08.10:981][130]LogModuleManager: Shutting down and abandoning module EpicSurvey (117)
[2016.11.15-20.08.10:981][130]LogModuleManager: Shutting down and abandoning module DesktopPlatform (116)
[2016.11.15-20.08.10:981][130]LogModuleManager: Shutting down and abandoning module VisualStudioSourceCodeAccess (115)
[2016.11.15-20.08.10:981][130]LogModuleManager: Shutting down and abandoning module UObjectPlugin (114)
[2016.11.15-20.08.10:981][130]LogModuleManager: Shutting down and abandoning module SubversionSourceControl (113)
[2016.11.15-20.08.10:981][130]LogModuleManager: Shutting down and abandoning module PerforceSourceControl (112)
[2016.11.15-20.08.10:981][130]LogModuleManager: Shutting down and abandoning module SourceControl (111)
[2016.11.15-20.08.10:981][130]LogModuleManager: Shutting down and abandoning module GitSourceControl (110)
[2016.11.15-20.08.10:981][130]LogModuleManager: Shutting down and abandoning module LightPropagationVolumeEditor (109)
[2016.11.15-20.08.10:981][130]LogModuleManager: Shutting down and abandoning module PaperTiledImporter (108)
[2016.11.15-20.08.10:981][130]LogModuleManager: Shutting down and abandoning module PaperSpriteSheetImporter (107)
[2016.11.15-20.08.10:981][130]LogModuleManager: Shutting down and abandoning module MeshPaint (106)
[2016.11.15-20.08.10:981][130]LogModuleManager: Shutting down and abandoning module FbxAutomationBuilderModule (105)
[2016.11.15-20.08.10:981][130]LogModuleManager: Shutting down and abandoning module PixelInspectorModule (104)
[2016.11.15-20.08.10:981][130]LogModuleManager: Shutting down and abandoning module HotReload (103)
[2016.11.15-20.08.10:982][130]LogModuleManager: Shutting down and abandoning module MainFrame (102)
[2016.11.15-20.08.10:982][130]LogModuleManager: Shutting down and abandoning module LevelEditor (101)
[2016.11.15-20.08.10:983][130]LogModuleManager: Shutting down and abandoning module ContentBrowser (100)
[2016.11.15-20.08.10:984][130]LogModuleManager: Shutting down and abandoning module Paper2DEditor (99)
[2016.11.15-20.08.10:984][130]LogModuleManager: Shutting down and abandoning module UdpMessaging (98)
[2016.11.15-20.08.11:084][130]LogModuleManager: Shutting down and abandoning module TcpMessaging (97)
[2016.11.15-20.08.11:184][130]LogModuleManager: Shutting down and abandoning module SubstanceCore (96)
[2016.11.15-20.08.11:184][130]LogModuleManager: Shutting down and abandoning module ModoPlugin (95)
[2016.11.15-20.08.11:184][130]LogModuleManager: Shutting down and abandoning module LightPropagationVolumeRuntime (94)
[2016.11.15-20.08.11:184][130]LogModuleManager: Shutting down and abandoning module Paper2D (93)
[2016.11.15-20.08.11:184][130]LogModuleManager: Shutting down and abandoning module WindowsMoviePlayer (92)
[2016.11.15-20.08.11:184][130]LogModuleManager: Shutting down and abandoning module WmfMedia (91)
[2016.11.15-20.08.11:184][130]LogModuleManager: Shutting down and abandoning module MediaAssets (90)
[2016.11.15-20.08.11:184][130]LogModuleManager: Shutting down and abandoning module GameLiveStreaming (89)
[2016.11.15-20.08.11:184][130]LogModuleManager: Shutting down and abandoning module GameplayTagsEditor (88)
[2016.11.15-20.08.11:184][130]LogModuleManager: Shutting down and abandoning module VREditor (87)
[2016.11.15-20.08.11:184][130]LogModuleManager: Shutting down and abandoning module GameplayTasksEditor (86)
[2016.11.15-20.08.11:184][130]LogModuleManager: Shutting down and abandoning module PropertyEditor (85)
[2016.11.15-20.08.11:184][130]LogModuleManager: Shutting down and abandoning module BehaviorTreeEditor (84)
[2016.11.15-20.08.11:184][130]LogModuleManager: Shutting down and abandoning module FunctionalTesting (83)
[2016.11.15-20.08.11:184][130]LogModuleManager: Shutting down and abandoning module CollisionAnalyzer (82)
[2016.11.15-20.08.11:184][130]LogModuleManager: Shutting down and abandoning module Sequencer (81)
[2016.11.15-20.08.11:185][130]LogModuleManager: Shutting down and abandoning module WorkspaceMenuStructure (80)
[2016.11.15-20.08.11:185][130]LogModuleManager: Shutting down and abandoning module MessageLog (79)
[2016.11.15-20.08.11:185][130]LogModuleManager: Shutting down and abandoning module AssetTools (78)
[2016.11.15-20.08.11:185][130]LogModuleManager: Shutting down and abandoning module UMGEditor (77)
[2016.11.15-20.08.11:185][130]LogModuleManager: Shutting down and abandoning module UMG (76)
[2016.11.15-20.08.11:185][130]LogModuleManager: Shutting down and abandoning module SlateReflector (75)
[2016.11.15-20.08.11:185][130]LogModuleManager: Shutting down and abandoning module Slate (74)
[2016.11.15-20.08.11:185][130]LogModuleManager: Shutting down and abandoning module EditorStyle (73)
[2016.11.15-20.08.11:187][130]LogModuleManager: Shutting down and abandoning module SourceCodeAccess (72)
[2016.11.15-20.08.11:187][130]LogModuleManager: Shutting down and abandoning module HeadMountedDisplay (71)
[2016.11.15-20.08.11:187][130]LogModuleManager: Shutting down and abandoning module XAudio2 (70)
[2016.11.15-20.08.11:187][130]LogModuleManager: Shutting down and abandoning module Networking (68)
[2016.11.15-20.08.11:187][130]LogModuleManager: Shutting down and abandoning module Core (67)
[2016.11.15-20.08.11:187][130]LogModuleManager: Shutting down and abandoning module DirectoryWatcher (66)
[2016.11.15-20.08.11:187][130]LogDirectoryWatcher: A directory notification for '../../../Engine/Content/' was aborted.
[2016.11.15-20.08.11:187][130]LogDirectoryWatcher: A directory notification for '../../../../../../Users/Jeremie/Documents/Unreal Projects/GitGameProg/Game1/Content/' was aborted.
[2016.11.15-20.08.11:187][130]LogDirectoryWatcher: A directory notification for '../../../Engine/Plugins/2D/Paper2D/Content/' was aborted.
[2016.11.15-20.08.11:188][130]LogModuleManager: Shutting down and abandoning module AssetRegistry (65)
[2016.11.15-20.08.11:357][130]LogModuleManager: Shutting down and abandoning module KismetCompiler (64)
[2016.11.15-20.08.11:357][130]LogModuleManager: Shutting down and abandoning module PhysXFormats (63)
[2016.11.15-20.08.11:357][130]LogModuleManager: Shutting down and abandoning module MeshUtilities (62)
[2016.11.15-20.08.11:357][130]LogModuleManager: Shutting down and abandoning module DerivedDataCache (61)
[2016.11.15-20.08.11:818][130]LogDerivedDataCache: Shutdown
[2016.11.15-20.08.11:818][130]LogModuleManager: Shutting down and abandoning module VulkanShaderFormat (60)
[2016.11.15-20.08.11:818][130]LogModuleManager: Shutting down and abandoning module ShaderFormatOpenGL (59)
[2016.11.15-20.08.11:818][130]LogModuleManager: Shutting down and abandoning module ShaderFormatD3D (58)
[2016.11.15-20.08.11:818][130]LogModuleManager: Shutting down and abandoning module MetalShaderFormat (57)
[2016.11.15-20.08.11:818][130]LogModuleManager: Shutting down and abandoning module TextureFormatUncompressed (56)
[2016.11.15-20.08.11:818][130]LogModuleManager: Shutting down and abandoning module TextureFormatPVR (55)
[2016.11.15-20.08.11:818][130]LogModuleManager: Shutting down and abandoning module TextureFormatDXT (54)
[2016.11.15-20.08.11:818][130]LogModuleManager: Shutting down and abandoning module TextureFormatIntelISPCTexComp (53)
[2016.11.15-20.08.11:819][130]LogModuleManager: Shutting down and abandoning module ImageWrapper (52)
[2016.11.15-20.08.11:819][130]LogModuleManager: Shutting down and abandoning module TextureFormatASTC (51)
[2016.11.15-20.08.11:819][130]LogModuleManager: Shutting down and abandoning module TextureFormatAndroid (50)
[2016.11.15-20.08.11:819][130]LogModuleManager: Shutting down and abandoning module AudioFormatOpus (49)
[2016.11.15-20.08.11:819][130]LogModuleManager: Shutting down and abandoning module AudioFormatOgg (48)
[2016.11.15-20.08.11:819][130]LogModuleManager: Shutting down and abandoning module AudioFormatADPCM (47)
[2016.11.15-20.08.11:819][130]LogModuleManager: Shutting down and abandoning module LinuxTargetPlatform (46)
[2016.11.15-20.08.11:819][130]LogModuleManager: Shutting down and abandoning module LinuxServerTargetPlatform (45)
[2016.11.15-20.08.11:819][130]LogModuleManager: Shutting down and abandoning module LinuxNoEditorTargetPlatform (44)
[2016.11.15-20.08.11:819][130]LogModuleManager: Shutting down and abandoning module LinuxClientTargetPlatform (43)
[2016.11.15-20.08.11:819][130]LogModuleManager: Shutting down and abandoning module TVOSTargetPlatform (42)
[2016.11.15-20.08.11:819][130]LogModuleManager: Shutting down and abandoning module Messaging (41)
[2016.11.15-20.08.11:819][130]LogModuleManager: Shutting down and abandoning module IOSTargetPlatform (40)
[2016.11.15-20.08.11:819][130]LogModuleManager: Shutting down and abandoning module HTML5TargetPlatform (39)
[2016.11.15-20.08.11:819][130]LogModuleManager: Shutting down and abandoning module Android_PVRTCTargetPlatform (38)
[2016.11.15-20.08.11:819][130]LogModuleManager: Shutting down and abandoning module Android_MultiTargetPlatform (37)
[2016.11.15-20.08.11:819][130]LogModuleManager: Shutting down and abandoning module Android_ETC2TargetPlatform (36)
[2016.11.15-20.08.11:819][130]LogModuleManager: Shutting down and abandoning module Android_ETC1TargetPlatform (35)
[2016.11.15-20.08.11:819][130]LogModuleManager: Shutting down and abandoning module Android_DXTTargetPlatform (34)
[2016.11.15-20.08.11:819][130]LogModuleManager: Shutting down and abandoning module Android_ATCTargetPlatform (33)
[2016.11.15-20.08.11:819][130]LogModuleManager: Shutting down and abandoning module Android_ASTCTargetPlatform (32)
[2016.11.15-20.08.11:819][130]LogModuleManager: Shutting down and abandoning module AndroidTargetPlatform (31)
[2016.11.15-20.08.11:819][130]LogModuleManager: Shutting down and abandoning module WindowsTargetPlatform (30)
[2016.11.15-20.08.11:819][130]LogModuleManager: Shutting down and abandoning module WindowsServerTargetPlatform (29)
[2016.11.15-20.08.11:819][130]LogModuleManager: Shutting down and abandoning module WindowsNoEditorTargetPlatform (28)
[2016.11.15-20.08.11:819][130]LogModuleManager: Shutting down and abandoning module WindowsClientTargetPlatform (27)
[2016.11.15-20.08.11:819][130]LogModuleManager: Shutting down and abandoning module AllDesktopTargetPlatform (26)
[2016.11.15-20.08.11:819][130]LogModuleManager: Shutting down and abandoning module TargetPlatform (25)
[2016.11.15-20.08.11:819][130]LogModuleManager: Shutting down and abandoning module InputCore (24)
[2016.11.15-20.08.11:819][130]LogModuleManager: Shutting down and abandoning module Settings (23)
[2016.11.15-20.08.11:819][130]LogModuleManager: Shutting down and abandoning module OculusRift (22)
[2016.11.15-20.08.11:819][130]LogModuleManager: Shutting down and abandoning module GearVR (21)
[2016.11.15-20.08.11:819][130]LogModuleManager: Shutting down and abandoning module ExampleDeviceProfileSelector (20)
[2016.11.15-20.08.11:819][130]LogModuleManager: Shutting down and abandoning module OnlineBlueprintSupport (19)
[2016.11.15-20.08.11:819][130]LogModuleManager: Shutting down and abandoning module OnlineSubsystem (17)
[2016.11.15-20.08.11:819][130]LogOnline:Display: Unloading online subsystem: NULL
[2016.11.15-20.08.11:819][130]LogModuleManager: Shutting down and abandoning module HTTP (16)
[2016.11.15-20.08.11:819][130]LogHttp:Display: Http module shutting down, but needs to wait on 1 outstanding Http requests:
[2016.11.15-20.08.11:819][130]LogHttp:Display: 	verb=[POST] url=[https://datarouter.ol.epicgames.com/datarouter/api/v1/public/data?SessionID=%7B907EEBD4-4243-E40B-9A92-578A570B88E4%7D&AppID=UEEditor.Rocket.Release&AppVersion=4.13.2-3172292%2B%2B%2BUE4%2BRelease-4.13&UserID=7427c70546b03c75682dfd922bcb188e%7C7063918164d34366a35f01cc4397128a%7Ce11dd623-425c-43ea-8dec-12cfe46a8a95&AppEnvironment=datacollector-binary&UploadType=eteventstream] status=Processing
[2016.11.15-20.08.11:822][130]LogModuleManager: Shutting down and abandoning module XMPP (15)
[2016.11.15-20.08.11:822][130]LogModuleManager: Shutting down and abandoning module TextureCompressor (14)
[2016.11.15-20.08.11:823][130]LogModuleManager: Shutting down and abandoning module ShaderCore (13)
[2016.11.15-20.08.11:823][130]LogModuleManager: Shutting down and abandoning module Landscape (12)
[2016.11.15-20.08.11:823][130]LogModuleManager: Shutting down and abandoning module SlateRHIRenderer (11)
[2016.11.15-20.08.11:824][130]LogModuleManager: Shutting down and abandoning module OpenGLDrv (10)
[2016.11.15-20.08.11:824][130]LogModuleManager: Shutting down and abandoning module D3D11RHI (9)
[2016.11.15-20.08.11:824][130]LogModuleManager: Shutting down and abandoning module AnimGraphRuntime (8)
[2016.11.15-20.08.11:824][130]LogModuleManager: Shutting down and abandoning module Renderer (7)
[2016.11.15-20.08.11:824][130]LogModuleManager: Shutting down and abandoning module Engine (6)
[2016.11.15-20.08.11:824][130]LogModuleManager: Shutting down and abandoning module CoreUObject (5)
[2016.11.15-20.08.11:824][130]LogModuleManager: Shutting down and abandoning module NetworkFile (4)
[2016.11.15-20.08.11:824][130]LogModuleManager: Shutting down and abandoning module StreamingFile (3)
[2016.11.15-20.08.11:824][130]LogModuleManager: Shutting down and abandoning module SandboxFile (2)
[2016.11.15-20.08.11:824][130]LogModuleManager: Shutting down and abandoning module PakFile (1)
[2016.11.15-20.08.11:825][130]LogExit: Exiting.
[2016.11.15-20.08.11:847][130]Log file closed, 11/15/16 21:08:11
