Log file open, 02/18/17 23:35:02
LogInit:Display: Running engine for game: GameProg
LogPlatformFile: Not using cached read wrapper
LogInit:Display: RandInit(-1929901683) SRandInit(-1929901683).
LogTaskGraph: Started task graph with 5 named threads and 8 total threads with 1 sets of task threads.
LogStats: Stats thread started at 0.066063
LogPluginManager: Loaded Plugin Paper2D, From C:/Program Files (x86)/Epic Games/4.13/Engine/Plugins/2D/Paper2D/Paper2D.uplugin
LogPluginManager: Loaded Plugin LightPropagationVolume, From C:/Program Files (x86)/Epic Games/4.13/Engine/Plugins/Blendables/LightPropagationVolume/LightPropagationVolume.uplugin
LogPluginManager: Loaded Plugin BlankPlugin, From C:/Program Files (x86)/Epic Games/4.13/Engine/Plugins/Developer/BlankPlugin/BlankPlugin.uplugin
LogPluginManager: Loaded Plugin CodeLiteSourceCodeAccess, From C:/Program Files (x86)/Epic Games/4.13/Engine/Plugins/Developer/CodeLiteSourceCodeAccess/CodeLiteSourceCodeAccess.uplugin
LogPluginManager: Loaded Plugin GitSourceControl, From C:/Program Files (x86)/Epic Games/4.13/Engine/Plugins/Developer/GitSourceControl/GitSourceControl.uplugin
LogPluginManager: Loaded Plugin KDevelopSourceCodeAccess, From C:/Program Files (x86)/Epic Games/4.13/Engine/Plugins/Developer/KDevelopSourceCodeAccess/KDevelopSourceCodeAccess.uplugin
LogPluginManager: Loaded Plugin NullSourceCodeAccess, From C:/Program Files (x86)/Epic Games/4.13/Engine/Plugins/Developer/NullSourceCodeAccess/NullSourceCodeAccess.uplugin
LogPluginManager: Loaded Plugin OneSkyLocalizationService, From C:/Program Files (x86)/Epic Games/4.13/Engine/Plugins/Developer/OneSkyLocalizationService/OneSkyLocalizationService.uplugin
LogPluginManager: Loaded Plugin PerforceSourceControl, From C:/Program Files (x86)/Epic Games/4.13/Engine/Plugins/Developer/PerforceSourceControl/PerforceSourceControl.uplugin
LogPluginManager: Loaded Plugin SubversionSourceControl, From C:/Program Files (x86)/Epic Games/4.13/Engine/Plugins/Developer/SubversionSourceControl/SubversionSourceControl.uplugin
LogPluginManager: Loaded Plugin UObjectPlugin, From C:/Program Files (x86)/Epic Games/4.13/Engine/Plugins/Developer/UObjectPlugin/UObjectPlugin.uplugin
LogPluginManager: Loaded Plugin VisualStudioSourceCodeAccess, From C:/Program Files (x86)/Epic Games/4.13/Engine/Plugins/Developer/VisualStudioSourceCodeAccess/VisualStudioSourceCodeAccess.uplugin
LogPluginManager: Loaded Plugin XCodeSourceCodeAccess, From C:/Program Files (x86)/Epic Games/4.13/Engine/Plugins/Developer/XCodeSourceCodeAccess/XCodeSourceCodeAccess.uplugin
LogPluginManager: Loaded Plugin DonAINavigation, From C:/Program Files (x86)/Epic Games/4.13/Engine/Plugins/DonAINavigationUE4Plugin_v1.4/DonAINavigation/DonAINavigation.uplugin
LogPluginManager: Loaded Plugin EpicSurvey, From C:/Program Files (x86)/Epic Games/4.13/Engine/Plugins/Editor/EpicSurvey/EpicSurvey.uplugin
LogPluginManager: Loaded Plugin MacGraphicsSwitching, From C:/Program Files (x86)/Epic Games/4.13/Engine/Plugins/Editor/MacGraphicsSwitching/MacGraphicsSwitching.uplugin
LogPluginManager: Loaded Plugin MobileLauncherProfileWizard, From C:/Program Files (x86)/Epic Games/4.13/Engine/Plugins/Editor/MobileLauncherProfileWizard/MobileLauncherProfileWizard.uplugin
LogPluginManager: Loaded Plugin PluginBrowser, From C:/Program Files (x86)/Epic Games/4.13/Engine/Plugins/Editor/PluginBrowser/PluginBrowser.uplugin
LogPluginManager: Loaded Plugin SpeedTreeImporter, From C:/Program Files (x86)/Epic Games/4.13/Engine/Plugins/Editor/SpeedTreeImporter/SpeedTreeImporter.uplugin
LogPluginManager: Loaded Plugin SuperSearchEditor, From C:/Program Files (x86)/Epic Games/4.13/Engine/Plugins/Editor/SuperSearchEditor/SuperSearchEditor.uplugin
LogPluginManager: Loaded Plugin AlembicImporter, From C:/Program Files (x86)/Epic Games/4.13/Engine/Plugins/Experimental/AlembicImporter/AlembicImporter.uplugin
LogPluginManager: Loaded Plugin BlueprintStats, From C:/Program Files (x86)/Epic Games/4.13/Engine/Plugins/Experimental/BlueprintStats/BlueprintStats.uplugin
LogPluginManager: Loaded Plugin CharacterAI, From C:/Program Files (x86)/Epic Games/4.13/Engine/Plugins/Experimental/CharacterAI/CharacterAI.uplugin
LogPluginManager: Loaded Plugin CodeEditor, From C:/Program Files (x86)/Epic Games/4.13/Engine/Plugins/Experimental/CodeEditor/CodeEditor.uplugin
LogPluginManager: Loaded Plugin CodeView, From C:/Program Files (x86)/Epic Games/4.13/Engine/Plugins/Experimental/CodeView/CodeView.uplugin
LogPluginManager: Loaded Plugin HTML5Networking, From C:/Program Files (x86)/Epic Games/4.13/Engine/Plugins/Experimental/HTML5Networking/HTML5Networking.uplugin
LogPluginManager: Loaded Plugin LiveEditor, From C:/Program Files (x86)/Epic Games/4.13/Engine/Plugins/Experimental/LiveEditor/LiveEditor.uplugin
LogPluginManager: Loaded Plugin OSVR, From C:/Program Files (x86)/Epic Games/4.13/Engine/Plugins/Experimental/OSVR/OSVR.uplugin
LogPluginManager: Loaded Plugin Phya, From C:/Program Files (x86)/Epic Games/4.13/Engine/Plugins/Experimental/Phya/Phya.uplugin
LogPluginManager: Loaded Plugin SignificanceManager, From C:/Program Files (x86)/Epic Games/4.13/Engine/Plugins/Experimental/SignificanceManager/SignificanceManager.uplugin
LogPluginManager: Loaded Plugin SimpleHMD, From C:/Program Files (x86)/Epic Games/4.13/Engine/Plugins/Experimental/SimpleHMD/SimpleHMD.uplugin
LogPluginManager: Loaded Plugin StereoPanorama, From C:/Program Files (x86)/Epic Games/4.13/Engine/Plugins/Experimental/StereoPanorama/StereoPanorama.uplugin
LogPluginManager: Loaded Plugin StructBox, From C:/Program Files (x86)/Epic Games/4.13/Engine/Plugins/Experimental/StructBox/StructBox.uplugin
LogPluginManager: Loaded Plugin ModoMaterialImporter, From C:/Program Files (x86)/Epic Games/4.13/Engine/Plugins/Marketplace/ModoMaterialImporter/ModoMaterialImporter.uplugin
LogPluginManager: Loaded Plugin Substance, From C:/Program Files (x86)/Epic Games/4.13/Engine/Plugins/Marketplace/Substance/Substance.uplugin
LogPluginManager: Loaded Plugin AndroidMedia, From C:/Program Files (x86)/Epic Games/4.13/Engine/Plugins/Media/AndroidMedia/AndroidMedia.uplugin
LogPluginManager: Loaded Plugin AvfMedia, From C:/Program Files (x86)/Epic Games/4.13/Engine/Plugins/Media/AvfMedia/AvfMedia.uplugin
LogPluginManager: Loaded Plugin MediaPlayerEditor, From C:/Program Files (x86)/Epic Games/4.13/Engine/Plugins/Media/MediaPlayerEditor/MediaPlayerEditor.uplugin
LogPluginManager: Loaded Plugin WmfMedia, From C:/Program Files (x86)/Epic Games/4.13/Engine/Plugins/Media/WmfMedia/WmfMedia.uplugin
LogPluginManager: Loaded Plugin MessagingDebugger, From C:/Program Files (x86)/Epic Games/4.13/Engine/Plugins/Messaging/MessagingDebugger/MessagingDebugger.uplugin
LogPluginManager: Loaded Plugin TcpMessaging, From C:/Program Files (x86)/Epic Games/4.13/Engine/Plugins/Messaging/TcpMessaging/TcpMessaging.uplugin
LogPluginManager: Loaded Plugin UdpMessaging, From C:/Program Files (x86)/Epic Games/4.13/Engine/Plugins/Messaging/UdpMessaging/UdpMessaging.uplugin
LogPluginManager: Loaded Plugin LevelSequenceEditor, From C:/Program Files (x86)/Epic Games/4.13/Engine/Plugins/MovieScene/LevelSequenceEditor/LevelSequenceEditor.uplugin
LogPluginManager: Loaded Plugin MatineeToLevelSequence, From C:/Program Files (x86)/Epic Games/4.13/Engine/Plugins/MovieScene/MatineeToLevelSequence/MatineeToLevelSequence.uplugin
LogPluginManager: Loaded Plugin NetcodeUnitTest, From C:/Program Files (x86)/Epic Games/4.13/Engine/Plugins/NetcodeUnitTest/NetcodeUnitTest/NetcodeUnitTest.uplugin
LogPluginManager: Loaded Plugin NUTUnrealEngine4, From C:/Program Files (x86)/Epic Games/4.13/Engine/Plugins/NetcodeUnitTest/NUTUnrealEngine4/NUTUnrealEngine4.uplugin
LogPluginManager: Loaded Plugin OnlineSubsystemGooglePlay, From C:/Program Files (x86)/Epic Games/4.13/Engine/Plugins/Online/Android/OnlineSubsystemGooglePlay/OnlineSubsystemGooglePlay.uplugin
LogPluginManager: Loaded Plugin OnlineSubsystemIOS, From C:/Program Files (x86)/Epic Games/4.13/Engine/Plugins/Online/IOS/OnlineSubsystemIOS/OnlineSubsystemIOS.uplugin
LogPluginManager: Loaded Plugin OnlineFramework, From C:/Program Files (x86)/Epic Games/4.13/Engine/Plugins/Online/OnlineFramework/OnlineFramework.uplugin
LogPluginManager: Loaded Plugin OnlineSubsystem, From C:/Program Files (x86)/Epic Games/4.13/Engine/Plugins/Online/OnlineSubsystem/OnlineSubsystem.uplugin
LogPluginManager: Loaded Plugin OnlineSubsystemAmazon, From C:/Program Files (x86)/Epic Games/4.13/Engine/Plugins/Online/OnlineSubsystemAmazon/OnlineSubsystemAmazon.uplugin
LogPluginManager: Loaded Plugin OnlineSubsystemFacebook, From C:/Program Files (x86)/Epic Games/4.13/Engine/Plugins/Online/OnlineSubsystemFacebook/OnlineSubsystemFacebook.uplugin
LogPluginManager: Loaded Plugin OnlineSubsystemNull, From C:/Program Files (x86)/Epic Games/4.13/Engine/Plugins/Online/OnlineSubsystemNull/OnlineSubsystemNull.uplugin
LogPluginManager: Loaded Plugin OnlineSubsystemOculus, From C:/Program Files (x86)/Epic Games/4.13/Engine/Plugins/Online/OnlineSubsystemOculus/OnlineSubsystemOculus.uplugin
LogPluginManager: Loaded Plugin OnlineSubsystemSteam, From C:/Program Files (x86)/Epic Games/4.13/Engine/Plugins/Online/OnlineSubsystemSteam/OnlineSubsystemSteam.uplugin
LogPluginManager: Loaded Plugin OnlineSubsystemUtils, From C:/Program Files (x86)/Epic Games/4.13/Engine/Plugins/Online/OnlineSubsystemUtils/OnlineSubsystemUtils.uplugin
LogPluginManager: Loaded Plugin IOSTapJoy, From C:/Program Files (x86)/Epic Games/4.13/Engine/Plugins/Runtime/Advertising/IOSTapJoy/IOSTapJoy.uplugin
LogPluginManager: Loaded Plugin AnalyticsBlueprintLibrary, From C:/Program Files (x86)/Epic Games/4.13/Engine/Plugins/Runtime/Analytics/AnalyticsBlueprintLibrary/AnalyticsBlueprintLibrary.uplugin
LogPluginManager: Loaded Plugin AnalyticsMulticast, From C:/Program Files (x86)/Epic Games/4.13/Engine/Plugins/Runtime/Analytics/AnalyticsMulticast/AnalyticsMulticast.uplugin
LogPluginManager: Loaded Plugin Apsalar, From C:/Program Files (x86)/Epic Games/4.13/Engine/Plugins/Runtime/Analytics/Apsalar/Apsalar.uplugin
LogPluginManager: Loaded Plugin FileLogging, From C:/Program Files (x86)/Epic Games/4.13/Engine/Plugins/Runtime/Analytics/FileLogging/FileLogging.uplugin
LogPluginManager: Loaded Plugin Flurry, From C:/Program Files (x86)/Epic Games/4.13/Engine/Plugins/Runtime/Analytics/Flurry/Flurry.uplugin
LogPluginManager: Loaded Plugin AndroidDeviceProfileSelector, From C:/Program Files (x86)/Epic Games/4.13/Engine/Plugins/Runtime/AndroidDeviceProfileSelector/AndroidDeviceProfileSelector.uplugin
LogPluginManager: Loaded Plugin AndroidMoviePlayer, From C:/Program Files (x86)/Epic Games/4.13/Engine/Plugins/Runtime/AndroidMoviePlayer/AndroidMoviePlayer.uplugin
LogPluginManager: Loaded Plugin AppleMoviePlayer, From C:/Program Files (x86)/Epic Games/4.13/Engine/Plugins/Runtime/AppleMoviePlayer/AppleMoviePlayer.uplugin
LogPluginManager: Loaded Plugin ArchVisCharacter, From C:/Program Files (x86)/Epic Games/4.13/Engine/Plugins/Runtime/ArchVisCharacter/ArchVisCharacter.uplugin
LogPluginManager: Loaded Plugin CableComponent, From C:/Program Files (x86)/Epic Games/4.13/Engine/Plugins/Runtime/CableComponent/CableComponent.uplugin
LogPluginManager: Loaded Plugin CustomMeshComponent, From C:/Program Files (x86)/Epic Games/4.13/Engine/Plugins/Runtime/CustomMeshComponent/CustomMeshComponent.uplugin
LogPluginManager: Loaded Plugin ExampleDeviceProfileSelector, From C:/Program Files (x86)/Epic Games/4.13/Engine/Plugins/Runtime/ExampleDeviceProfileSelector/ExampleDeviceProfileSelector.uplugin
LogPluginManager: Loaded Plugin GearVR, From C:/Program Files (x86)/Epic Games/4.13/Engine/Plugins/Runtime/GearVR/GearVR.uplugin
LogPluginManager: Loaded Plugin GoogleVRController, From C:/Program Files (x86)/Epic Games/4.13/Engine/Plugins/Runtime/GoogleVR/GoogleVRController/GoogleVRController.uplugin
LogPluginManager: Loaded Plugin GoogleVRHMD, From C:/Program Files (x86)/Epic Games/4.13/Engine/Plugins/Runtime/GoogleVR/GoogleVRHMD/GoogleVRHMD.uplugin
LogPluginManager: Loaded Plugin IOSDeviceProfileSelector, From C:/Program Files (x86)/Epic Games/4.13/Engine/Plugins/Runtime/IOSDeviceProfileSelector/IOSDeviceProfileSelector.uplugin
LogPluginManager: Loaded Plugin LeapMotion, From C:/Program Files (x86)/Epic Games/4.13/Engine/Plugins/Runtime/LeapMotion/LeapMotion.uplugin
LogPluginManager: Loaded Plugin LinuxDeviceProfileSelector, From C:/Program Files (x86)/Epic Games/4.13/Engine/Plugins/Runtime/LinuxDeviceProfileSelector/LinuxDeviceProfileSelector.uplugin
LogPluginManager: Loaded Plugin LiveEditorListenServer, From C:/Program Files (x86)/Epic Games/4.13/Engine/Plugins/Runtime/LiveEditorListenServer/LiveEditorListenServer.uplugin
LogPluginManager: Loaded Plugin OculusAudio, From C:/Program Files (x86)/Epic Games/4.13/Engine/Plugins/Runtime/OculusAudio/OculusAudio.uplugin
LogPluginManager: Loaded Plugin OculusInput, From C:/Program Files (x86)/Epic Games/4.13/Engine/Plugins/Runtime/OculusInput/OculusInput.uplugin
LogPluginManager: Loaded Plugin OculusLibrary, From C:/Program Files (x86)/Epic Games/4.13/Engine/Plugins/Runtime/OculusLibrary/OculusLibrary.uplugin
LogPluginManager: Loaded Plugin OculusRift, From C:/Program Files (x86)/Epic Games/4.13/Engine/Plugins/Runtime/OculusRift/OculusRift.uplugin
LogPluginManager: Loaded Plugin Oodle, From C:/Program Files (x86)/Epic Games/4.13/Engine/Plugins/Runtime/PacketHandlers/CompressionComponents/Oodle/Oodle.uplugin
LogPluginManager: Loaded Plugin ProceduralMeshComponent, From C:/Program Files (x86)/Epic Games/4.13/Engine/Plugins/Runtime/ProceduralMeshComponent/ProceduralMeshComponent.uplugin
LogPluginManager: Loaded Plugin SoundMod, From C:/Program Files (x86)/Epic Games/4.13/Engine/Plugins/Runtime/SoundMod/SoundMod.uplugin
LogPluginManager: Loaded Plugin SoundVisualizations, From C:/Program Files (x86)/Epic Games/4.13/Engine/Plugins/Runtime/SoundVisualizations/SoundVisualizations.uplugin
LogPluginManager: Loaded Plugin SteamController, From C:/Program Files (x86)/Epic Games/4.13/Engine/Plugins/Runtime/Steam/SteamController/SteamController.uplugin
LogPluginManager: Loaded Plugin SteamVR, From C:/Program Files (x86)/Epic Games/4.13/Engine/Plugins/Runtime/Steam/SteamVR/SteamVR.uplugin
LogPluginManager: Loaded Plugin WebBrowserWidget, From C:/Program Files (x86)/Epic Games/4.13/Engine/Plugins/Runtime/WebBrowserWidget/WebBrowserWidget.uplugin
LogPluginManager: Loaded Plugin WindowsDeviceProfileSelector, From C:/Program Files (x86)/Epic Games/4.13/Engine/Plugins/Runtime/WindowsDeviceProfileSelector/WindowsDeviceProfileSelector.uplugin
LogPluginManager: Loaded Plugin WindowsMoviePlayer, From C:/Program Files (x86)/Epic Games/4.13/Engine/Plugins/Runtime/WindowsMoviePlayer/WindowsMoviePlayer.uplugin
LogPluginManager: Loaded Plugin ScriptPlugin, From C:/Program Files (x86)/Epic Games/4.13/Engine/Plugins/ScriptPlugin/ScriptPlugin.uplugin
LogPluginManager: Loaded Plugin SlateRemote, From C:/Program Files (x86)/Epic Games/4.13/Engine/Plugins/Slate/SlateRemote/SlateRemote.uplugin
LogInit: Using libcurl 7.47.1
LogInit:  - built for x86_64-pc-win32
LogInit:  - supports SSL with WinSSL
LogInit:  - other features:
LogInit:      CURL_VERSION_SSL
LogInit:      CURL_VERSION_IPV6
LogInit:      CURL_VERSION_ASYNCHDNS
LogInit:      CURL_VERSION_LARGEFILE
LogInit:      CURL_VERSION_IDN
LogInit:  CurlRequestOptions (configurable via config and command line):
LogInit:  - bVerifyPeer = false  - Libcurl will NOT verify peer certificate
LogInit:  - bUseHttpProxy = false  - Libcurl will NOT use HTTP proxy
LogInit:  - bDontReuseConnections = false  - Libcurl will reuse connections
LogInit:  - CertBundlePath = nullptr  - Libcurl will use whatever was configured at build time.
LogInit: Build: ++UE4+Release-4.13-CL-3172292
LogInit: Engine Version: 4.13.2-3172292+++UE4+Release-4.13
LogInit: Compatible Engine Version: 4.13.0-3106830+++UE4+Release-4.13
LogInit: Net CL: 3172292
LogDevObjectVersion: Number of dev versions registered: 13
LogDevObjectVersion:   Dev-Blueprints (B0D832E4-1F89-4F0D-ACCF-7EB736FD4AA2): 5
LogDevObjectVersion:   Dev-Build (E1C64328-A22C-4D53-A36C-8E866417BD8C): 0
LogDevObjectVersion:   Dev-Core (375EC13C-06E4-48FB-B500-84F0262A717E): 1
LogDevObjectVersion:   Dev-Editor (E4B068ED-F494-42E9-A231-DA0B2E46BB41): 6
LogDevObjectVersion:   Dev-Framework (CFFC743F-43B0-4480-9391-14DF171D2073): 12
LogDevObjectVersion:   Dev-Mobile (B02B49B5-BB20-44E9-A304-32B752E40360): 0
LogDevObjectVersion:   Dev-Networking (A4E4105C-59A1-49B5-A7C5-40C4547EDFEE): 0
LogDevObjectVersion:   Dev-Online (39C831C9-5AE6-47DC-9A44-9C173E1C8E7C): 0
LogDevObjectVersion:   Dev-Physics (78F01B33-EBEA-4F98-B9B4-84EACCB95AA2): 0
LogDevObjectVersion:   Dev-Platform (6631380F-2D4D-43E0-8009-CF276956A95A): 0
LogDevObjectVersion:   Dev-Rendering (12F88B9F-8875-4AFC-A67C-D90C383ABD29): 4
LogDevObjectVersion:   Dev-Sequencer (7B5AE74C-D270-4C10-A958-57980B212A5A): 0
LogDevObjectVersion:   Dev-VR (D7296918-1DD6-4BDD-9DE2-64A83CC13884): 0
LogInit: Compiled (64-bit): Oct 24 2016 14:29:06
LogInit: Compiled with Visual C++: 19.00.23026.00
LogInit: Build Configuration: Development
LogInit: Branch Name: ++UE4+Release-4.13
LogInit: Command line: -EpicPortal 
LogInit: Base directory: C:/Program Files (x86)/Epic Games/4.13/Engine/Binaries/Win64/
LogInit: Installed Engine Build: 1
LogInit: Presizing for max 8388607 objects, including 0 objects not considered by GC, pre-allocating 0 bytes for permanent pool.
LogInit: Object subsystem initialized
[2017.02.18-22.35.02:981][  0]LogInit: Selected Device Profile: [Windows]
[2017.02.18-22.35.02:981][  0]LogInit: Applying CVar settings loaded from the selected device profile: [Windows]
[2017.02.18-22.35.02:989][  0]LogInit: Computer: JÉRÉMIE-PC
[2017.02.18-22.35.02:989][  0]LogInit: User: Jérémie
[2017.02.18-22.35.02:989][  0]LogInit: CPU Page size=65536, Cores=4
[2017.02.18-22.35.02:989][  0]LogInit: High frequency timer resolution =3.027392 MHz
[2017.02.18-22.35.02:989][  0]LogMemory: Memory total: Physical=15.9GB (16GB approx)
[2017.02.18-22.35.02:989][  0]LogMemory: Platform Memory Stats for Windows
[2017.02.18-22.35.02:989][  0]LogMemory: Process Physical Memory: 257.34 MB used, 257.34 MB peak
[2017.02.18-22.35.02:989][  0]LogMemory: Process Virtual Memory: 260.51 MB used, 260.51 MB peak
[2017.02.18-22.35.02:989][  0]LogMemory: Physical Memory: 5897.68 MB used, 16311.94 MB total
[2017.02.18-22.35.02:989][  0]LogMemory: Virtual Memory: 591.41 MB used, 8388608.00 MB total
[2017.02.18-22.35.03:037][  0]LogTextLocalizationManager: No translations for ('fr-FR') exist, falling back to 'en' for localization and internationalization data.
[2017.02.18-22.35.03:755][  0]LogD3D11RHI: D3D11 adapters:
[2017.02.18-22.35.04:293][  0]LogD3D11RHI:    0. 'NVIDIA GeForce GTX 770' (Feature Level 11_0)
[2017.02.18-22.35.04:293][  0]LogD3D11RHI:       1990/0/7899 MB DedicatedVideo/DedicatedSystem/SharedSystem, Outputs:1, VendorId:0x10de
[2017.02.18-22.35.04:293][  0]LogD3D11RHI: Chosen D3D11 Adapter: 0
[2017.02.18-22.35.04:299][  0]LogD3D11RHI: Creating new Direct3DDevice
[2017.02.18-22.35.04:299][  0]LogD3D11RHI:     GPU DeviceId: 0x1184 (for the marketing name, search the web for "GPU Device Id")
[2017.02.18-22.35.04:299][  0]LogWindows: EnumDisplayDevices:
[2017.02.18-22.35.04:299][  0]LogWindows:    0. 'NVIDIA GeForce GTX 770' (P:1 D:1)
[2017.02.18-22.35.04:299][  0]LogWindows:    1. 'NVIDIA GeForce GTX 770' (P:0 D:0)
[2017.02.18-22.35.04:300][  0]LogWindows:    2. 'NVIDIA GeForce GTX 770' (P:0 D:0)
[2017.02.18-22.35.04:300][  0]LogWindows:    3. 'NVIDIA GeForce GTX 770' (P:0 D:0)
[2017.02.18-22.35.04:300][  0]LogWindows:    4. 'RDPDD Chained DD' (P:0 D:0)
[2017.02.18-22.35.04:300][  0]LogWindows:    5. 'RDP Encoder Mirror Driver' (P:0 D:0)
[2017.02.18-22.35.04:300][  0]LogWindows:    6. 'RDP Reflector Display Driver' (P:0 D:0)
[2017.02.18-22.35.04:301][  0]LogWindows: DebugString: GetVideoDriverDetailsInvalid PrimaryIsNotTheChoosenAdapter GetVideoDriverDetailsInvalid PrimaryIsNotTheChoosenAdapter GetVideoDriverDetailsInvalid PrimaryIsNotTheChoosenAdapter FoundDriverCount:4 
[2017.02.18-22.35.04:301][  0]LogD3D11RHI:     Adapter Name: NVIDIA GeForce GTX 770
[2017.02.18-22.35.04:301][  0]LogD3D11RHI:   Driver Version: 378.66 (internal:21.21.13.7866, unified:378.66)
[2017.02.18-22.35.04:301][  0]LogD3D11RHI:      Driver Date: 2-9-2017
[2017.02.18-22.35.04:301][  0]LogRHI: Texture pool is 1361 MB (70% of 1945 MB)
[2017.02.18-22.35.04:829][  0]LogD3D11RHI: Async texture creation enabled
[2017.02.18-22.35.04:869][  0]LogD3D11RHI: GPU Timing Frequency: 1000.000000 (Debug: 2 2)
[2017.02.18-22.35.04:869][  0]LogShaderCompilers: Guid format shader working directory is -16 characters bigger than the processId version (../../../../../../Users/Jérémie/Documents/Unreal Projects/Game1/Intermediate/Shaders/WorkingDirectory/30844/).
[2017.02.18-22.35.04:869][  0]LogShaderCompilers: Cleaned the shader compiler working directory 'C:/Users/JRMIE~1/AppData/Local/Temp/UnrealShaderWorkingDir/D2AEDDD04A9B8C3F2BD94686B6F076CC/'.
[2017.02.18-22.35.04:869][  0]LogShaderCompilers:Display: Using Local Shader Compiler.
[2017.02.18-22.35.05:916][  0]LogTemp:Display: Loaded TP AllDesktopTargetPlatform
[2017.02.18-22.35.05:924][  0]LogTemp:Display: Loaded TP WindowsClientTargetPlatform
[2017.02.18-22.35.05:931][  0]LogTemp:Display: Loaded TP WindowsNoEditorTargetPlatform
[2017.02.18-22.35.05:939][  0]LogTemp:Display: Loaded TP WindowsServerTargetPlatform
[2017.02.18-22.35.05:947][  0]LogTemp:Display: Loaded TP WindowsTargetPlatform
[2017.02.18-22.35.05:954][  0]LogTemp:Display: Loaded TP AndroidTargetPlatform
[2017.02.18-22.35.05:961][  0]LogTemp:Display: Loaded TP Android_ASTCTargetPlatform
[2017.02.18-22.35.05:967][  0]LogTemp:Display: Loaded TP Android_ATCTargetPlatform
[2017.02.18-22.35.05:974][  0]LogTemp:Display: Loaded TP Android_DXTTargetPlatform
[2017.02.18-22.35.05:981][  0]LogTemp:Display: Loaded TP Android_ETC1TargetPlatform
[2017.02.18-22.35.05:987][  0]LogTemp:Display: Loaded TP Android_ETC2TargetPlatform
[2017.02.18-22.35.06:001][  0]LogTemp:Display: Loaded TP Android_MultiTargetPlatform
[2017.02.18-22.35.06:001][  0]LogTemp:Display: Loaded TP Android_PVRTCTargetPlatform
[2017.02.18-22.35.06:002][  0]LogTemp:Display: Loaded TP HTML5TargetPlatform
[2017.02.18-22.35.06:021][  0]LogTemp:Display: Loaded TP IOSTargetPlatform
[2017.02.18-22.35.06:027][  0]LogTemp:Display: Loaded TP TVOSTargetPlatform
[2017.02.18-22.35.06:034][  0]LogTemp:Display: Loaded TP LinuxClientTargetPlatform
[2017.02.18-22.35.06:040][  0]LogTemp:Display: Loaded TP LinuxNoEditorTargetPlatform
[2017.02.18-22.35.06:047][  0]LogTemp:Display: Loaded TP LinuxServerTargetPlatform
[2017.02.18-22.35.06:054][  0]LogTemp:Display: Loaded TP LinuxTargetPlatform
[2017.02.18-22.35.06:054][  0]LogTargetPlatformManager:Display: Building Assets For Windows
[2017.02.18-22.35.06:109][  0]LogDerivedDataCache:Display: Max Cache Size: 512 MB
[2017.02.18-22.35.06:166][  0]LogDerivedDataCache: Loaded boot cache 0.06s 62MB C:/Users/Jérémie/AppData/Local/UnrealEngine/4.13/DerivedDataCache/Boot.ddc.
[2017.02.18-22.35.06:167][  0]LogDerivedDataCache:Display: Loaded Boot cache: C:/Users/Jérémie/AppData/Local/UnrealEngine/4.13/DerivedDataCache/Boot.ddc
[2017.02.18-22.35.06:167][  0]LogDerivedDataCache: FDerivedDataBackendGraph:  Pak pak cache file ../../../../../../Users/Jérémie/Documents/Unreal Projects/Game1/DerivedDataCache/DDC.ddp not found, will not use a pak cache.
[2017.02.18-22.35.06:167][  0]LogDerivedDataCache: Unable to find inner node Pak for hierarchical cache Hierarchy.
[2017.02.18-22.35.06:167][  0]LogDerivedDataCache: FDerivedDataBackendGraph:  CompressedPak pak cache file ../../../../../../Users/Jérémie/Documents/Unreal Projects/Game1/DerivedDataCache/Compressed.ddp not found, will not use a pak cache.
[2017.02.18-22.35.06:167][  0]LogDerivedDataCache: Unable to find inner node CompressedPak for hierarchical cache Hierarchy.
[2017.02.18-22.35.06:183][  0]LogDerivedDataCache:Display: Pak cache opened for reading ../../../Engine/DerivedDataCache/Compressed.ddp.
[2017.02.18-22.35.06:194][  0]LogDerivedDataCache: Using Local data cache path C:/Users/Jérémie/AppData/Local/UnrealEngine/Common/DerivedDataCache: Writable
[2017.02.18-22.35.06:387][  0]LogInit: Selected Device Profile: [Windows]
[2017.02.18-22.35.06:388][  0]LogMaterial: Uniform references updated for custom material expression Custom.
[2017.02.18-22.35.06:391][  0]LogContentStreaming: Texture pool size is 0.00 MB
[2017.02.18-22.35.06:522][  0]LogMeshUtilities: No automatic mesh reduction module available
[2017.02.18-22.35.06:522][  0]LogMeshUtilities: No automatic mesh merging module available
[2017.02.18-22.35.06:522][  0]LogMeshUtilities: No distributed automatic mesh merging module available
[2017.02.18-22.35.06:825][  0]LogNetVersion: GetLocalNetworkVersion: CL: 3106830, ProjectName: gameprog, ProjectVersion: , EngineNetworkVersion: 1, GameNetworkVersion: 0, NetworkChecksum: 4013901243
[2017.02.18-22.35.06:860][  0]LogAssetRegistry: FAssetRegistry took 0.0198 seconds to start up
[2017.02.18-22.35.06:872][  0]LogPackageLocalizationCache: Processed 3 localized package path(s) for 1 prioritized culture(s) in 0.010604 seconds
[2017.02.18-22.35.06:877][  0]LogUObjectArray: 29778 objects as part of root set at end of initial load.
[2017.02.18-22.35.06:877][  0]LogUObjectAllocator: 6125448 out of 0 bytes used by permanent object pool.
[2017.02.18-22.35.06:877][  0]LogUObjectArray: CloseDisregardForGC: 0/0 objects in disregard for GC pool
[2017.02.18-22.35.06:884][  0]LogInit: WinSock: version 1.1 (2.2), MaxSocks=32767, MaxUdp=65467
[2017.02.18-22.35.07:087][  0]LogSlate: SlateFontCache - WITH_FREETYPE: 1, WITH_HARFBUZZ: 1
[2017.02.18-22.35.07:087][  0]LogSlate: SlateFontCache - WITH_FREETYPE: 1, WITH_HARFBUZZ: 1
[2017.02.18-22.35.07:715][  0]LogSubstanceCoreModule: Substance CPU Engine Loaded, Max Texture Size 2048
[2017.02.18-22.35.07:722][  0]LogTcpMessaging: Initializing TcpMessaging bridge
[2017.02.18-22.35.07:739][  0]LogUdpMessaging: Initializing bridge on interface 0.0.0.0:0 to multicast group 230.0.0.1:6666.
[2017.02.18-22.35.07:949][  0]SourceControl: Info Source control is disabled
[2017.02.18-22.35.08:155][  0]SourceControl: Info Source control is disabled
[2017.02.18-22.35.08:162][  0]SourceControl: Info Source control is disabled
[2017.02.18-22.35.08:168][  0]SourceControl: Info Source control is disabled
[2017.02.18-22.35.08:406][  0]LogEngine: Initializing Engine...
[2017.02.18-22.35.08:407][  0]LogHMD: Failed to initialize OpenVR with code 110
[2017.02.18-22.35.08:547][  0]LogAIModule: Creating AISystem for world Untitled
[2017.02.18-22.35.08:564][  0]LogInit: XAudio2 using 'Haut-parleurs (Realtek High Definition Audio)' : 2 channels at 48 kHz using 32 bits per sample (channel mask 0x3)
[2017.02.18-22.35.08:577][  0]LogInit: FAudioDevice initialized.
[2017.02.18-22.35.08:606][  0]LogDerivedDataCache: Saved boot cache 0.03s 62MB C:/Users/Jérémie/AppData/Local/UnrealEngine/4.13/DerivedDataCache/Boot.ddc.
[2017.02.18-22.35.08:612][  0]LogInit: Texture streaming: Enabled
[2017.02.18-22.35.08:632][  0]LogInit: Transaction tracking system initialized
[2017.02.18-22.35.08:647][  0]BlueprintLog: New page: Editor Load
[2017.02.18-22.35.08:699][  0]LocalizationService: Info Localization service is disabled
[2017.02.18-22.35.08:760][  0]LogConsoleResponse:Display: 
[2017.02.18-22.35.08:904][  0]LogCook:Display: Max memory allowance for cook 16384mb min free memory 0mb
[2017.02.18-22.35.08:904][  0]LogCook:Display: Mobile HDR setting 1
[2017.02.18-22.35.09:019][  0]LogFileCache: Scanning file cache for directory 'C:/Users/Jérémie/Documents/Unreal Projects/Game1/Content/' took 0.02s
[2017.02.18-22.35.09:019][  0]SourceControl: Info Source control is disabled
[2017.02.18-22.35.09:020][  0]Cmd: MAP LOAD FILE="../../../../../../Users/Jérémie/Documents/Unreal Projects/Game1/Content/SideScrollerBP/Maps/SideScrollerExampleMap.umap" TEMPLATE=0 SHOWPROGRESS=1 FEATURELEVEL=3
[2017.02.18-22.35.09:020][  0]LightingResults: New page: Lighting Build
[2017.02.18-22.35.09:022][  0]MapCheck: New page: Map Check
[2017.02.18-22.35.09:022][  0]LightingResults: New page: Lighting Build
[2017.02.18-22.35.09:919][  0]LogBlueprint:Warning: [Compiler PersistentLevel.SideScrollerExampleMap] Warning Node  K2Node_Literal_36  is not referencing a valid level actor
[2017.02.18-22.35.09:919][  0]LogBlueprint:Warning: [Compiler PersistentLevel.SideScrollerExampleMap] Warning Node  K2Node_Literal_17  is not referencing a valid level actor
[2017.02.18-22.35.09:920][  0]LogBlueprint:Warning: [Compiler PersistentLevel.SideScrollerExampleMap] Warning [0007.67] Compile of PersistentLevel.SideScrollerExampleMap successful, but with 2 Warning(s) [in 5 ms] (/Game/SideScrollerBP/Maps/SideScrollerExampleMap.SideScrollerExampleMap:PersistentLevel.SideScrollerExampleMap)
[2017.02.18-22.35.09:920][  0]LogBlueprint:Warning: [Compiler PersistentLevel.SideScrollerExampleMap] Warning [0007.67] Compile of PersistentLevel.SideScrollerExampleMap successful, but with 3 Warning(s) [in 0 ms] (/Game/SideScrollerBP/Maps/SideScrollerExampleMap.SideScrollerExampleMap:PersistentLevel.SideScrollerExampleMap)
[2017.02.18-22.35.09:920][  0]LogBlueprint:Warning: [Compiler PersistentLevel.SideScrollerExampleMap] Warning [0007.67] Compile of PersistentLevel.SideScrollerExampleMap successful, but with 4 Warning(s) [in 0 ms] (/Game/SideScrollerBP/Maps/SideScrollerExampleMap.SideScrollerExampleMap:PersistentLevel.SideScrollerExampleMap)
[2017.02.18-22.35.09:927][  0]LogBlueprint:Warning: [Compiler PersistentLevel.SideScrollerExampleMap] Warning Node  K2Node_Literal_36  is not referencing a valid level actor
[2017.02.18-22.35.09:927][  0]LogBlueprint:Warning: [Compiler PersistentLevel.SideScrollerExampleMap] Warning Node  K2Node_Literal_17  is not referencing a valid level actor
[2017.02.18-22.35.09:928][  0]LogBlueprint:Warning: [Compiler PersistentLevel.SideScrollerExampleMap] Warning [0007.68] Compile of PersistentLevel.SideScrollerExampleMap successful, but with 2 Warning(s) [in 6 ms] (/Game/SideScrollerBP/Maps/SideScrollerExampleMap.SideScrollerExampleMap:PersistentLevel.SideScrollerExampleMap)
[2017.02.18-22.35.09:928][  0]LogBlueprint:Warning: [Compiler PersistentLevel.SideScrollerExampleMap] Warning [0007.68] Compile of PersistentLevel.SideScrollerExampleMap successful, but with 3 Warning(s) [in 0 ms] (/Game/SideScrollerBP/Maps/SideScrollerExampleMap.SideScrollerExampleMap:PersistentLevel.SideScrollerExampleMap)
[2017.02.18-22.35.09:928][  0]LogBlueprint:Warning: [Compiler PersistentLevel.SideScrollerExampleMap] Warning [0007.68] Compile of PersistentLevel.SideScrollerExampleMap successful, but with 4 Warning(s) [in 0 ms] (/Game/SideScrollerBP/Maps/SideScrollerExampleMap.SideScrollerExampleMap:PersistentLevel.SideScrollerExampleMap)
[2017.02.18-22.35.10:375][  0]LogAIModule: Creating AISystem for world SideScrollerExampleMap
[2017.02.18-22.35.10:387][  0]LogEditorServer: Finished looking for orphan Actors (0.000 secs)
[2017.02.18-22.35.10:388][  0]Cmd: MAP CHECKDEP NOCLEARLOG
[2017.02.18-22.35.10:495][  0]MapCheck: Info Map check complete: 0 Error(s), 0 Warning(s), took 107.207ms to complete.
[2017.02.18-22.35.10:495][  0]LogFileHelpers: Loading map 'SideScrollerExampleMap' took 1.476
[2017.02.18-22.35.10:555][  0]ModoMaterialImporter: Starting Extension logic
[2017.02.18-22.35.10:599][  0]LogCollectionManager: Loaded 0 collections in 0.001449 seconds
[2017.02.18-22.35.10:634][  0]LogFileCache: Scanning file cache for directory 'C:/Users/Jérémie/Documents/Unreal Projects/Game1/Saved/Collections/' took 0.01s
[2017.02.18-22.35.10:634][  0]LogFileCache: Scanning file cache for directory 'C:/Users/Jérémie/Documents/Unreal Projects/Game1/Content/Developers/Jérémie/Collections/' took 0.01s
[2017.02.18-22.35.10:634][  0]LogFileCache: Scanning file cache for directory 'C:/Users/Jérémie/Documents/Unreal Projects/Game1/Content/Collections/' took 0.01s
[2017.02.18-22.35.10:634][  0]LogCollectionManager: Rebuilt the GUID cache for 0 collections in 0.000002 seconds
[2017.02.18-22.35.10:643][  0]LogContentBrowser: Native class hierarchy populated in 0.0084 seconds. Added 2162 classes and 426 folders.
[2017.02.18-22.35.10:646][  0]LogStats: UGameplayTagsManager::ConstructGameplayTagTree: Construct from data asset -  0.000 s
[2017.02.18-22.35.10:646][  0]LogStats: UGameplayTagsManager::ConstructGameplayTagTree: GameplayTagTreeChangedEvent.Broadcast -  0.000 s
[2017.02.18-22.35.10:646][  0]LogContentBrowser: Native class hierarchy updated for 'GameplayTags' in 0.0005 seconds. Added 12 classes and 0 folders.
[2017.02.18-22.35.10:649][  0]LogContentBrowser: Native class hierarchy updated for 'WidgetCarousel' in 0.0004 seconds. Added 0 classes and 0 folders.
[2017.02.18-22.35.10:702][  0]LogContentBrowser: Native class hierarchy updated for 'AddContentDialog' in 0.0004 seconds. Added 0 classes and 0 folders.
[2017.02.18-22.35.10:707][  0]LogContentBrowser: Native class hierarchy updated for 'SceneOutliner' in 0.0005 seconds. Added 1 classes and 2 folders.
[2017.02.18-22.35.10:719][  0]LogCrashTracker: Crashtracker disabled due to settings.
[2017.02.18-22.35.10:722][  0]LogUObjectGlobals:Warning: Failed to find object 'Class None.'
[2017.02.18-22.35.10:746][  0]LogContentBrowser: Native class hierarchy updated for 'HierarchicalLODOutliner' in 0.0005 seconds. Added 1 classes and 2 folders.
[2017.02.18-22.35.10:747][  0]LogLoad: (Engine Initialization) Total time: 8.50 seconds
[2017.02.18-22.35.10:747][  0]LogLoad: (Engine Initialization) Total Blueprint compile time: 0.54 seconds
[2017.02.18-22.35.10:747][  0]LogExternalProfiler: No external profilers were discovered.  External profiling features will not be available.
[2017.02.18-22.35.10:759][  0]LogOcInput: OculusInput pre-init called
[2017.02.18-22.35.10:782][  0]LogContentStreaming: Texture pool size now 1000 MB
[2017.02.18-22.35.10:933][  0]LogRenderer: Reallocating scene render targets to support 1068x672 (Frame:2).
[2017.02.18-22.35.10:991][  1]LogAssetRegistry: Asset discovery search completed in 4.1514 seconds
[2017.02.18-22.35.10:991][  1]LogCollectionManager: Rebuilt the object cache for 0 collections in 0.000000 seconds (found 0 objects)
[2017.02.18-22.35.10:991][  1]LogCollectionManager: Fixed up redirectors for 0 collections in 0.000020 seconds (updated 0 objects)
[2017.02.18-22.35.20:350][ 80]LogAIModule: Creating AISystem for world 1stmap
[2017.02.18-22.35.20:384][ 80]Cmd: MAP LOAD FILE="../../../../../../Users/Jérémie/Documents/Unreal Projects/Game1/Content/SideScrollerBP/Maps/1stmap.umap" TEMPLATE=0 SHOWPROGRESS=1 FEATURELEVEL=3
[2017.02.18-22.35.20:384][ 80]LightingResults: New page: Lighting Build
[2017.02.18-22.35.20:384][ 80]LoadErrors: New page: Loading map: 1stmap.umap
[2017.02.18-22.35.20:409][ 80]MapCheck: New page: Map Check
[2017.02.18-22.35.20:409][ 80]LightingResults: New page: Lighting Build
[2017.02.18-22.35.20:424][ 80]LogEditorServer: Finished looking for orphan Actors (0.000 secs)
[2017.02.18-22.35.20:476][ 80]Cmd: MAP CHECKDEP NOCLEARLOG
[2017.02.18-22.35.20:588][ 80]MapCheck: Info Map check complete: 0 Error(s), 0 Warning(s), took 112.248ms to complete.
[2017.02.18-22.35.20:589][ 80]LogFileHelpers: Loading map '1stmap' took 0.206
[2017.02.18-22.35.25:218][624]LogEditorViewport: Clicking on Actor (LMB): SideScrollerCharacter_C (SideScrollerCharacter)
[2017.02.18-22.35.53:235][958]LogEditorViewport: Clicking on Actor (LMB): StaticMeshActor (Floor)
[2017.02.18-22.35.53:794][ 16]LogEditorViewport: Clicking on Actor (LMB): StaticMeshActor (Floor)
[2017.02.18-22.35.54:616][113]LogEditorViewport: Clicking on Actor (LMB): SplineBp_C (SplineBp)
[2017.02.18-22.35.55:657][234]Cmd: DELETE
[2017.02.18-22.35.55:657][234]Cmd: ACTOR DELETE
[2017.02.18-22.35.55:660][234]LogEditorActor: Deleted Actor: SplineBp_C
[2017.02.18-22.35.55:668][234]LogEditorActor: Deleted 1 Actors (0.010 secs)
[2017.02.18-22.35.57:780][483]LogBlueprintUserMessages: Early PlayInEditor Detection: Level '/Game/SideScrollerBP/Maps/1stmap.1stmap:PersistentLevel' has LevelScriptBlueprint '/Game/SideScrollerBP/Maps/1stmap.1stmap:PersistentLevel.1stmap' with GeneratedClass '/Game/SideScrollerBP/Maps/1stmap.1stmap_C' with ClassGeneratedBy '/Game/SideScrollerBP/Maps/1stmap.1stmap:PersistentLevel.1stmap'
[2017.02.18-22.35.57:780][483]LogPlayLevel: PlayLevel: No blueprints needed recompiling
[2017.02.18-22.35.57:781][483]PIE: New page: PIE session: 1stmap (Feb 19, 2017, 12:35:57 AM)
[2017.02.18-22.35.57:781][483]LogPlayLevel: Creating play world package: /Game/SideScrollerBP/Maps/UEDPIE_0_1stmap
[2017.02.18-22.35.57:803][483]LogPlayLevel: PIE: StaticDuplicateObject took: (0.022721s)
[2017.02.18-22.35.57:804][483]LogAIModule: Creating AISystem for world 1stmap
[2017.02.18-22.35.57:804][483]LogPlayLevel: PIE: World Init took: (0.000945s)
[2017.02.18-22.35.57:805][483]LogPlayLevel: PIE: Created PIE world by copying editor world from /Game/SideScrollerBP/Maps/1stmap.1stmap to /Game/SideScrollerBP/Maps/UEDPIE_0_1stmap.1stmap (0.023893s)
[2017.02.18-22.35.57:820][483]LogInit: XAudio2 using 'Haut-parleurs (Realtek High Definition Audio)' : 2 channels at 48 kHz using 32 bits per sample (channel mask 0x3)
[2017.02.18-22.35.57:832][483]LogInit: FAudioDevice initialized.
[2017.02.18-22.35.57:877][483]LogWorld: Game class is 'SideScrollerGameMode_C'
[2017.02.18-22.35.57:881][483]LogWorld: Bringing World /Game/SideScrollerBP/Maps/UEDPIE_0_1stmap.1stmap up for play (max tick rate 0) at 2017.02.18-23.35.57
[2017.02.18-22.35.57:882][483]LogWorld: Bringing up level for play took: 0.003916
[2017.02.18-22.35.57:885][483]LogContentBrowser: Native class hierarchy updated for 'MovieSceneCapture' in 0.0005 seconds. Added 11 classes and 0 folders.
[2017.02.18-22.35.57:885][483]LogGameMode:Display: Match State Changed from EnteringMap to WaitingToStart
[2017.02.18-22.35.57:885][483]LogGameState: Match State Changed from EnteringMap to WaitingToStart
[2017.02.18-22.35.57:885][483]LogGameMode:Display: Match State Changed from WaitingToStart to InProgress
[2017.02.18-22.35.57:886][483]LogGameState: Match State Changed from WaitingToStart to InProgress
[2017.02.18-22.35.57:886][483]PIE: Info Play in editor start time for /Game/SideScrollerBP/Maps/UEDPIE_0_1stmap -0.107
[2017.02.18-22.35.57:886][483]LogBlueprintUserMessages: Late PlayInEditor Detection: Level '/Game/SideScrollerBP/Maps/1stmap.1stmap:PersistentLevel' has LevelScriptBlueprint '/Game/SideScrollerBP/Maps/1stmap.1stmap:PersistentLevel.1stmap' with GeneratedClass '/Game/SideScrollerBP/Maps/1stmap.1stmap_C' with ClassGeneratedBy '/Game/SideScrollerBP/Maps/1stmap.1stmap:PersistentLevel.1stmap'
[2017.02.18-22.36.15:876][439]LogBlueprintUserMessages: Early EndPlayMap Detection: Level '/Game/SideScrollerBP/Maps/1stmap.1stmap:PersistentLevel' has LevelScriptBlueprint '/Game/SideScrollerBP/Maps/1stmap.1stmap:PersistentLevel.1stmap' with GeneratedClass '/Game/SideScrollerBP/Maps/1stmap.1stmap_C' with ClassGeneratedBy '/Game/SideScrollerBP/Maps/1stmap.1stmap:PersistentLevel.1stmap'
[2017.02.18-22.36.15:929][439]LogBlueprintUserMessages: Late EndPlayMap Detection: Level '/Game/SideScrollerBP/Maps/1stmap.1stmap:PersistentLevel' has LevelScriptBlueprint '/Game/SideScrollerBP/Maps/1stmap.1stmap:PersistentLevel.1stmap' with GeneratedClass '/Game/SideScrollerBP/Maps/1stmap.1stmap_C' with ClassGeneratedBy '/Game/SideScrollerBP/Maps/1stmap.1stmap:PersistentLevel.1stmap'
[2017.02.18-22.36.17:842][654]LogBlueprintUserMessages: Early PlayInEditor Detection: Level '/Game/SideScrollerBP/Maps/1stmap.1stmap:PersistentLevel' has LevelScriptBlueprint '/Game/SideScrollerBP/Maps/1stmap.1stmap:PersistentLevel.1stmap' with GeneratedClass '/Game/SideScrollerBP/Maps/1stmap.1stmap_C' with ClassGeneratedBy '/Game/SideScrollerBP/Maps/1stmap.1stmap:PersistentLevel.1stmap'
[2017.02.18-22.36.17:842][654]LogPlayLevel: PlayLevel: No blueprints needed recompiling
[2017.02.18-22.36.17:843][654]PIE: New page: PIE session: 1stmap (Feb 19, 2017, 12:36:17 AM)
[2017.02.18-22.36.17:843][654]LogPlayLevel: Creating play world package: /Game/SideScrollerBP/Maps/UEDPIE_0_1stmap
[2017.02.18-22.36.17:860][654]LogPlayLevel: PIE: StaticDuplicateObject took: (0.017433s)
[2017.02.18-22.36.17:861][654]LogAIModule: Creating AISystem for world 1stmap
[2017.02.18-22.36.17:861][654]LogPlayLevel: PIE: World Init took: (0.000878s)
[2017.02.18-22.36.17:861][654]LogPlayLevel: PIE: Created PIE world by copying editor world from /Game/SideScrollerBP/Maps/1stmap.1stmap to /Game/SideScrollerBP/Maps/UEDPIE_0_1stmap.1stmap (0.018521s)
[2017.02.18-22.36.17:874][654]LogInit: XAudio2 using 'Haut-parleurs (Realtek High Definition Audio)' : 2 channels at 48 kHz using 32 bits per sample (channel mask 0x3)
[2017.02.18-22.36.17:885][654]LogInit: FAudioDevice initialized.
[2017.02.18-22.36.17:915][654]LogWorld: Game class is 'SideScrollerGameMode_C'
[2017.02.18-22.36.17:920][654]LogWorld: Bringing World /Game/SideScrollerBP/Maps/UEDPIE_0_1stmap.1stmap up for play (max tick rate 0) at 2017.02.18-23.36.17
[2017.02.18-22.36.17:920][654]LogWorld: Bringing up level for play took: 0.004128
[2017.02.18-22.36.17:921][654]LogGameMode:Display: Match State Changed from EnteringMap to WaitingToStart
[2017.02.18-22.36.17:921][654]LogGameState: Match State Changed from EnteringMap to WaitingToStart
[2017.02.18-22.36.17:921][654]LogGameMode:Display: Match State Changed from WaitingToStart to InProgress
[2017.02.18-22.36.17:922][654]LogGameState: Match State Changed from WaitingToStart to InProgress
[2017.02.18-22.36.17:922][654]PIE: Info Play in editor start time for /Game/SideScrollerBP/Maps/UEDPIE_0_1stmap -0.071
[2017.02.18-22.36.17:922][654]LogBlueprintUserMessages: Late PlayInEditor Detection: Level '/Game/SideScrollerBP/Maps/1stmap.1stmap:PersistentLevel' has LevelScriptBlueprint '/Game/SideScrollerBP/Maps/1stmap.1stmap:PersistentLevel.1stmap' with GeneratedClass '/Game/SideScrollerBP/Maps/1stmap.1stmap_C' with ClassGeneratedBy '/Game/SideScrollerBP/Maps/1stmap.1stmap:PersistentLevel.1stmap'
[2017.02.18-22.37.09:118][809]LogBlueprintUserMessages: Early EndPlayMap Detection: Level '/Game/SideScrollerBP/Maps/1stmap.1stmap:PersistentLevel' has LevelScriptBlueprint '/Game/SideScrollerBP/Maps/1stmap.1stmap:PersistentLevel.1stmap' with GeneratedClass '/Game/SideScrollerBP/Maps/1stmap.1stmap_C' with ClassGeneratedBy '/Game/SideScrollerBP/Maps/1stmap.1stmap:PersistentLevel.1stmap'
[2017.02.18-22.37.09:149][809]LogBlueprintUserMessages: Late EndPlayMap Detection: Level '/Game/SideScrollerBP/Maps/1stmap.1stmap:PersistentLevel' has LevelScriptBlueprint '/Game/SideScrollerBP/Maps/1stmap.1stmap:PersistentLevel.1stmap' with GeneratedClass '/Game/SideScrollerBP/Maps/1stmap.1stmap_C' with ClassGeneratedBy '/Game/SideScrollerBP/Maps/1stmap.1stmap:PersistentLevel.1stmap'
[2017.02.18-22.37.54:206][205]LogEditorViewport: Clicking on Actor (LMB): StaticMeshActor (Floor)
[2017.02.18-22.37.54:760][266]LogEditorViewport: Clicking on Actor (LMB): Colombe_C (Colombe)
[2017.02.18-22.38.36:647][264]LogBlueprintUserMessages: Early PlayInEditor Detection: Level '/Game/SideScrollerBP/Maps/1stmap.1stmap:PersistentLevel' has LevelScriptBlueprint '/Game/SideScrollerBP/Maps/1stmap.1stmap:PersistentLevel.1stmap' with GeneratedClass '/Game/SideScrollerBP/Maps/1stmap.1stmap_C' with ClassGeneratedBy '/Game/SideScrollerBP/Maps/1stmap.1stmap:PersistentLevel.1stmap'
[2017.02.18-22.38.36:647][264]LogPlayLevel: PlayLevel: No blueprints needed recompiling
[2017.02.18-22.38.36:647][264]PIE: New page: PIE session: 1stmap (Feb 19, 2017, 12:38:36 AM)
[2017.02.18-22.38.36:647][264]LogPlayLevel: Creating play world package: /Game/SideScrollerBP/Maps/UEDPIE_0_1stmap
[2017.02.18-22.38.36:666][264]LogPlayLevel: PIE: StaticDuplicateObject took: (0.018443s)
[2017.02.18-22.38.36:667][264]LogAIModule: Creating AISystem for world 1stmap
[2017.02.18-22.38.36:667][264]LogPlayLevel: PIE: World Init took: (0.001164s)
[2017.02.18-22.38.36:667][264]LogPlayLevel: PIE: Created PIE world by copying editor world from /Game/SideScrollerBP/Maps/1stmap.1stmap to /Game/SideScrollerBP/Maps/UEDPIE_0_1stmap.1stmap (0.019865s)
[2017.02.18-22.38.36:710][264]LogInit: XAudio2 using 'Haut-parleurs (Realtek High Definition Audio)' : 2 channels at 48 kHz using 32 bits per sample (channel mask 0x3)
[2017.02.18-22.38.36:722][264]LogInit: FAudioDevice initialized.
[2017.02.18-22.38.36:750][264]LogWorld: Game class is 'SideScrollerGameMode_C'
[2017.02.18-22.38.36:754][264]LogWorld: Bringing World /Game/SideScrollerBP/Maps/UEDPIE_0_1stmap.1stmap up for play (max tick rate 0) at 2017.02.18-23.38.36
[2017.02.18-22.38.36:754][264]LogWorld: Bringing up level for play took: 0.004092
[2017.02.18-22.38.36:755][264]LogGameMode:Display: Match State Changed from EnteringMap to WaitingToStart
[2017.02.18-22.38.36:755][264]LogGameState: Match State Changed from EnteringMap to WaitingToStart
[2017.02.18-22.38.36:755][264]LogGameMode:Display: Match State Changed from WaitingToStart to InProgress
[2017.02.18-22.38.36:756][264]LogGameState: Match State Changed from WaitingToStart to InProgress
[2017.02.18-22.38.36:756][264]PIE: Info Play in editor start time for /Game/SideScrollerBP/Maps/UEDPIE_0_1stmap 0.761
[2017.02.18-22.38.36:756][264]LogBlueprintUserMessages: Late PlayInEditor Detection: Level '/Game/SideScrollerBP/Maps/1stmap.1stmap:PersistentLevel' has LevelScriptBlueprint '/Game/SideScrollerBP/Maps/1stmap.1stmap:PersistentLevel.1stmap' with GeneratedClass '/Game/SideScrollerBP/Maps/1stmap.1stmap_C' with ClassGeneratedBy '/Game/SideScrollerBP/Maps/1stmap.1stmap:PersistentLevel.1stmap'
[2017.02.18-22.39.59:916][239]LogBlueprintUserMessages: Early EndPlayMap Detection: Level '/Game/SideScrollerBP/Maps/1stmap.1stmap:PersistentLevel' has LevelScriptBlueprint '/Game/SideScrollerBP/Maps/1stmap.1stmap:PersistentLevel.1stmap' with GeneratedClass '/Game/SideScrollerBP/Maps/1stmap.1stmap_C' with ClassGeneratedBy '/Game/SideScrollerBP/Maps/1stmap.1stmap:PersistentLevel.1stmap'
[2017.02.18-22.39.59:980][239]LogBlueprintUserMessages: Late EndPlayMap Detection: Level '/Game/SideScrollerBP/Maps/1stmap.1stmap:PersistentLevel' has LevelScriptBlueprint '/Game/SideScrollerBP/Maps/1stmap.1stmap:PersistentLevel.1stmap' with GeneratedClass '/Game/SideScrollerBP/Maps/1stmap.1stmap_C' with ClassGeneratedBy '/Game/SideScrollerBP/Maps/1stmap.1stmap:PersistentLevel.1stmap'
[2017.02.18-22.40.19:608][550]LogAIModule: Creating AISystem for world NewMap
[2017.02.18-22.40.19:612][550]LogSpawn:Warning: UWorld::DestroyActor: World has no context! World: NewMap, Actor: /Game/SideScrollerBP/Maps/NewMap.NewMap:PersistentLevel.DESTROYED_Door_C_CHILDACTOR_9
[2017.02.18-22.40.20:833][550]LogSavePackage: Save=109.14ms
[2017.02.18-22.40.20:833][550]LogSavePackage: Moving '../../../../../../Users/Jérémie/Documents/Unreal Projects/Game1/Saved/1stmap5FA83AC04A1913819A78EF8F28E04577.tmp' to '../../../../../../Users/Jérémie/Documents/Unreal Projects/Game1/Content/SideScrollerBP/Maps/1stmap.umap'
[2017.02.18-22.40.20:836][550]LogSavePackage:Display: Finished SavePackage ../../../../../../Users/Jérémie/Documents/Unreal Projects/Game1/Content/SideScrollerBP/Maps/1stmap.umap
[2017.02.18-22.40.20:889][550]LogFileHelpers: Saving map '1stmap' took 0.306
[2017.02.18-22.40.20:890][550]Cmd: MAP LOAD FILE="../../../../../../Users/Jérémie/Documents/Unreal Projects/Game1/Content/SideScrollerBP/Maps/NewMap.umap" TEMPLATE=0 SHOWPROGRESS=1 FEATURELEVEL=3
[2017.02.18-22.40.20:890][550]LightingResults: New page: Lighting Build
[2017.02.18-22.40.20:891][550]LoadErrors: New page: Loading map: NewMap.umap
[2017.02.18-22.40.20:916][550]MapCheck: New page: Map Check
[2017.02.18-22.40.20:916][550]LightingResults: New page: Lighting Build
[2017.02.18-22.40.21:025][550]LogEditorServer: Finished looking for orphan Actors (0.000 secs)
[2017.02.18-22.40.21:077][550]Cmd: MAP CHECKDEP NOCLEARLOG
[2017.02.18-22.40.21:195][550]MapCheck: Info Map check complete: 0 Error(s), 0 Warning(s), took 117.193ms to complete.
[2017.02.18-22.40.21:195][550]LogFileHelpers: Loading map 'NewMap' took 0.306
[2017.02.18-22.40.23:293][791]LogBlueprintUserMessages: Early PlayInEditor Detection: Level '/Game/SideScrollerBP/Maps/NewMap.NewMap:PersistentLevel' has LevelScriptBlueprint '/Game/SideScrollerBP/Maps/NewMap.NewMap:PersistentLevel.NewMap' with GeneratedClass '/Game/SideScrollerBP/Maps/NewMap.NewMap_C' with ClassGeneratedBy '/Game/SideScrollerBP/Maps/NewMap.NewMap:PersistentLevel.NewMap'
[2017.02.18-22.40.23:293][791]LogPlayLevel: PlayLevel: No blueprints needed recompiling
[2017.02.18-22.40.23:293][791]PIE: New page: PIE session: NewMap (Feb 19, 2017, 12:40:23 AM)
[2017.02.18-22.40.23:293][791]LogPlayLevel: Creating play world package: /Game/SideScrollerBP/Maps/UEDPIE_0_NewMap
[2017.02.18-22.40.23:311][791]LogPlayLevel: PIE: StaticDuplicateObject took: (0.017690s)
[2017.02.18-22.40.23:312][791]LogAIModule: Creating AISystem for world NewMap
[2017.02.18-22.40.23:312][791]LogPlayLevel: PIE: World Init took: (0.000964s)
[2017.02.18-22.40.23:312][791]LogPlayLevel: PIE: Created PIE world by copying editor world from /Game/SideScrollerBP/Maps/NewMap.NewMap to /Game/SideScrollerBP/Maps/UEDPIE_0_NewMap.NewMap (0.018901s)
[2017.02.18-22.40.23:326][791]LogInit: XAudio2 using 'Haut-parleurs (Realtek High Definition Audio)' : 2 channels at 48 kHz using 32 bits per sample (channel mask 0x3)
[2017.02.18-22.40.23:337][791]LogInit: FAudioDevice initialized.
[2017.02.18-22.40.23:364][791]LogWorld: Game class is 'SideScrollerGameMode_C'
[2017.02.18-22.40.23:369][791]LogWorld: Bringing World /Game/SideScrollerBP/Maps/UEDPIE_0_NewMap.NewMap up for play (max tick rate 0) at 2017.02.18-23.40.23
[2017.02.18-22.40.23:370][791]LogWorld: Bringing up level for play took: 0.005237
[2017.02.18-22.40.23:371][791]LogGameMode:Display: Match State Changed from EnteringMap to WaitingToStart
[2017.02.18-22.40.23:371][791]LogGameState: Match State Changed from EnteringMap to WaitingToStart
[2017.02.18-22.40.23:371][791]LogGameMode:Display: Match State Changed from WaitingToStart to InProgress
[2017.02.18-22.40.23:371][791]LogBlueprintUserMessages: [Lever_17] X=1130.000 Y=-3360.000 Z=1665.000
[2017.02.18-22.40.23:371][791]LogGameState: Match State Changed from WaitingToStart to InProgress
[2017.02.18-22.40.23:371][791]PIE: Info Play in editor start time for /Game/SideScrollerBP/Maps/UEDPIE_0_NewMap -0.625
[2017.02.18-22.40.23:372][791]LogBlueprintUserMessages: Late PlayInEditor Detection: Level '/Game/SideScrollerBP/Maps/NewMap.NewMap:PersistentLevel' has LevelScriptBlueprint '/Game/SideScrollerBP/Maps/NewMap.NewMap:PersistentLevel.NewMap' with GeneratedClass '/Game/SideScrollerBP/Maps/NewMap.NewMap_C' with ClassGeneratedBy '/Game/SideScrollerBP/Maps/NewMap.NewMap:PersistentLevel.NewMap'
[2017.02.18-22.41.39:785][956]LogBlueprintUserMessages: Early EndPlayMap Detection: Level '/Game/SideScrollerBP/Maps/NewMap.NewMap:PersistentLevel' has LevelScriptBlueprint '/Game/SideScrollerBP/Maps/NewMap.NewMap:PersistentLevel.NewMap' with GeneratedClass '/Game/SideScrollerBP/Maps/NewMap.NewMap_C' with ClassGeneratedBy '/Game/SideScrollerBP/Maps/NewMap.NewMap:PersistentLevel.NewMap'
[2017.02.18-22.41.39:817][956]LogBlueprintUserMessages: Late EndPlayMap Detection: Level '/Game/SideScrollerBP/Maps/NewMap.NewMap:PersistentLevel' has LevelScriptBlueprint '/Game/SideScrollerBP/Maps/NewMap.NewMap:PersistentLevel.NewMap' with GeneratedClass '/Game/SideScrollerBP/Maps/NewMap.NewMap_C' with ClassGeneratedBy '/Game/SideScrollerBP/Maps/NewMap.NewMap:PersistentLevel.NewMap'
[2017.02.18-22.42.44:199][674]Cmd: SELECT NONE
[2017.02.18-22.43.37:203][280]LogEditorViewport: Clicking on Actor (LMB): StaticMeshActor (Cube)
[2017.02.18-22.46.03:996][812]LogBlueprintUserMessages: Early PlayInEditor Detection: Level '/Game/SideScrollerBP/Maps/NewMap.NewMap:PersistentLevel' has LevelScriptBlueprint '/Game/SideScrollerBP/Maps/NewMap.NewMap:PersistentLevel.NewMap' with GeneratedClass '/Game/SideScrollerBP/Maps/NewMap.NewMap_C' with ClassGeneratedBy '/Game/SideScrollerBP/Maps/NewMap.NewMap:PersistentLevel.NewMap'
[2017.02.18-22.46.03:996][812]LogPlayLevel: PlayLevel: No blueprints needed recompiling
[2017.02.18-22.46.03:996][812]PIE: New page: PIE session: NewMap (Feb 19, 2017, 12:46:03 AM)
[2017.02.18-22.46.03:997][812]LogPlayLevel: Creating play world package: /Game/SideScrollerBP/Maps/UEDPIE_0_NewMap
[2017.02.18-22.46.04:017][812]LogPlayLevel: PIE: StaticDuplicateObject took: (0.020397s)
[2017.02.18-22.46.04:018][812]LogAIModule: Creating AISystem for world NewMap
[2017.02.18-22.46.04:018][812]LogPlayLevel: PIE: World Init took: (0.001084s)
[2017.02.18-22.46.04:018][812]LogPlayLevel: PIE: Created PIE world by copying editor world from /Game/SideScrollerBP/Maps/NewMap.NewMap to /Game/SideScrollerBP/Maps/UEDPIE_0_NewMap.NewMap (0.021718s)
[2017.02.18-22.46.04:032][812]LogInit: XAudio2 using 'Haut-parleurs (Realtek High Definition Audio)' : 2 channels at 48 kHz using 32 bits per sample (channel mask 0x3)
[2017.02.18-22.46.04:045][812]LogInit: FAudioDevice initialized.
[2017.02.18-22.46.04:071][812]LogWorld: Game class is 'SideScrollerGameMode_C'
[2017.02.18-22.46.04:076][812]LogWorld: Bringing World /Game/SideScrollerBP/Maps/UEDPIE_0_NewMap.NewMap up for play (max tick rate 0) at 2017.02.18-23.46.04
[2017.02.18-22.46.04:077][812]LogWorld: Bringing up level for play took: 0.005576
[2017.02.18-22.46.04:078][812]LogGameMode:Display: Match State Changed from EnteringMap to WaitingToStart
[2017.02.18-22.46.04:078][812]LogGameState: Match State Changed from EnteringMap to WaitingToStart
[2017.02.18-22.46.04:078][812]LogGameMode:Display: Match State Changed from WaitingToStart to InProgress
[2017.02.18-22.46.04:079][812]LogBlueprintUserMessages: [Lever_17] X=1130.000 Y=-3360.000 Z=1665.000
[2017.02.18-22.46.04:079][812]LogGameState: Match State Changed from WaitingToStart to InProgress
[2017.02.18-22.46.04:079][812]PIE: Info Play in editor start time for /Game/SideScrollerBP/Maps/UEDPIE_0_NewMap 0.076
[2017.02.18-22.46.04:079][812]LogBlueprintUserMessages: Late PlayInEditor Detection: Level '/Game/SideScrollerBP/Maps/NewMap.NewMap:PersistentLevel' has LevelScriptBlueprint '/Game/SideScrollerBP/Maps/NewMap.NewMap:PersistentLevel.NewMap' with GeneratedClass '/Game/SideScrollerBP/Maps/NewMap.NewMap_C' with ClassGeneratedBy '/Game/SideScrollerBP/Maps/NewMap.NewMap:PersistentLevel.NewMap'
[2017.02.18-22.46.27:864][663]LogBlueprintUserMessages: Early EndPlayMap Detection: Level '/Game/SideScrollerBP/Maps/NewMap.NewMap:PersistentLevel' has LevelScriptBlueprint '/Game/SideScrollerBP/Maps/NewMap.NewMap:PersistentLevel.NewMap' with GeneratedClass '/Game/SideScrollerBP/Maps/NewMap.NewMap_C' with ClassGeneratedBy '/Game/SideScrollerBP/Maps/NewMap.NewMap:PersistentLevel.NewMap'
[2017.02.18-22.46.27:908][663]LogBlueprintUserMessages: Late EndPlayMap Detection: Level '/Game/SideScrollerBP/Maps/NewMap.NewMap:PersistentLevel' has LevelScriptBlueprint '/Game/SideScrollerBP/Maps/NewMap.NewMap:PersistentLevel.NewMap' with GeneratedClass '/Game/SideScrollerBP/Maps/NewMap.NewMap_C' with ClassGeneratedBy '/Game/SideScrollerBP/Maps/NewMap.NewMap:PersistentLevel.NewMap'
[2017.02.18-22.47.13:391][ 57]LogBlueprintUserMessages: Early PlayInEditor Detection: Level '/Game/SideScrollerBP/Maps/NewMap.NewMap:PersistentLevel' has LevelScriptBlueprint '/Game/SideScrollerBP/Maps/NewMap.NewMap:PersistentLevel.NewMap' with GeneratedClass '/Game/SideScrollerBP/Maps/NewMap.NewMap_C' with ClassGeneratedBy '/Game/SideScrollerBP/Maps/NewMap.NewMap:PersistentLevel.NewMap'
[2017.02.18-22.47.13:391][ 57]LogPlayLevel: PlayLevel: No blueprints needed recompiling
[2017.02.18-22.47.13:392][ 57]PIE: New page: PIE session: NewMap (Feb 19, 2017, 12:47:13 AM)
[2017.02.18-22.47.13:392][ 57]LogPlayLevel: Creating play world package: /Game/SideScrollerBP/Maps/UEDPIE_0_NewMap
[2017.02.18-22.47.13:411][ 57]LogPlayLevel: PIE: StaticDuplicateObject took: (0.019534s)
[2017.02.18-22.47.13:412][ 57]LogAIModule: Creating AISystem for world NewMap
[2017.02.18-22.47.13:412][ 57]LogPlayLevel: PIE: World Init took: (0.000924s)
[2017.02.18-22.47.13:412][ 57]LogPlayLevel: PIE: Created PIE world by copying editor world from /Game/SideScrollerBP/Maps/NewMap.NewMap to /Game/SideScrollerBP/Maps/UEDPIE_0_NewMap.NewMap (0.020699s)
[2017.02.18-22.47.13:452][ 57]LogInit: XAudio2 using 'Haut-parleurs (Realtek High Definition Audio)' : 2 channels at 48 kHz using 32 bits per sample (channel mask 0x3)
[2017.02.18-22.47.13:463][ 57]LogInit: FAudioDevice initialized.
[2017.02.18-22.47.13:492][ 57]LogWorld: Game class is 'SideScrollerGameMode_C'
[2017.02.18-22.47.13:497][ 57]LogWorld: Bringing World /Game/SideScrollerBP/Maps/UEDPIE_0_NewMap.NewMap up for play (max tick rate 0) at 2017.02.18-23.47.13
[2017.02.18-22.47.13:498][ 57]LogWorld: Bringing up level for play took: 0.005318
[2017.02.18-22.47.13:498][ 57]LogGameMode:Display: Match State Changed from EnteringMap to WaitingToStart
[2017.02.18-22.47.13:498][ 57]LogGameState: Match State Changed from EnteringMap to WaitingToStart
[2017.02.18-22.47.13:498][ 57]LogGameMode:Display: Match State Changed from WaitingToStart to InProgress
[2017.02.18-22.47.13:499][ 57]LogBlueprintUserMessages: [Lever_17] X=1130.000 Y=-3360.000 Z=1665.000
[2017.02.18-22.47.13:499][ 57]LogGameState: Match State Changed from WaitingToStart to InProgress
[2017.02.18-22.47.13:499][ 57]PIE: Info Play in editor start time for /Game/SideScrollerBP/Maps/UEDPIE_0_NewMap -0.505
[2017.02.18-22.47.13:499][ 57]LogBlueprintUserMessages: Late PlayInEditor Detection: Level '/Game/SideScrollerBP/Maps/NewMap.NewMap:PersistentLevel' has LevelScriptBlueprint '/Game/SideScrollerBP/Maps/NewMap.NewMap:PersistentLevel.NewMap' with GeneratedClass '/Game/SideScrollerBP/Maps/NewMap.NewMap_C' with ClassGeneratedBy '/Game/SideScrollerBP/Maps/NewMap.NewMap:PersistentLevel.NewMap'
[2017.02.18-22.47.28:960][900]LogBlueprintUserMessages: Early EndPlayMap Detection: Level '/Game/SideScrollerBP/Maps/NewMap.NewMap:PersistentLevel' has LevelScriptBlueprint '/Game/SideScrollerBP/Maps/NewMap.NewMap:PersistentLevel.NewMap' with GeneratedClass '/Game/SideScrollerBP/Maps/NewMap.NewMap_C' with ClassGeneratedBy '/Game/SideScrollerBP/Maps/NewMap.NewMap:PersistentLevel.NewMap'
[2017.02.18-22.47.29:030][900]LogBlueprintUserMessages: Late EndPlayMap Detection: Level '/Game/SideScrollerBP/Maps/NewMap.NewMap:PersistentLevel' has LevelScriptBlueprint '/Game/SideScrollerBP/Maps/NewMap.NewMap:PersistentLevel.NewMap' with GeneratedClass '/Game/SideScrollerBP/Maps/NewMap.NewMap_C' with ClassGeneratedBy '/Game/SideScrollerBP/Maps/NewMap.NewMap:PersistentLevel.NewMap'
[2017.02.18-22.47.45:450][967]LogSavePackage: Save=291.18ms
[2017.02.18-22.47.45:450][967]LogSavePackage: Moving '../../../../../../Users/Jérémie/Documents/Unreal Projects/Game1/Saved/NewMap778343D74E905F629DC333878793FABC.tmp' to '../../../../../../Users/Jérémie/Documents/Unreal Projects/Game1/Content/SideScrollerBP/Maps/NewMap.umap'
[2017.02.18-22.47.45:455][967]LogSavePackage:Display: Finished SavePackage ../../../../../../Users/Jérémie/Documents/Unreal Projects/Game1/Content/SideScrollerBP/Maps/NewMap.umap
[2017.02.18-22.47.45:510][967]LogFileHelpers: Saving map 'NewMap' took 0.519
[2017.02.18-22.47.45:861][968]Cmd: QUIT_EDITOR
[2017.02.18-22.47.45:936][968]LogExit: Preparing to exit.
[2017.02.18-22.47.46:899][968]LogDirectoryWatcher: A directory notification for 'C:/Users/Jérémie/Documents/Unreal Projects/Game1/Content/' was aborted.
[2017.02.18-22.47.46:918][968]LogExit: Editor shut down
[2017.02.18-22.47.46:918][968]LogExit: Transaction tracking system shut down
[2017.02.18-22.47.47:035][968]LogObj: Freed 0b from 0 cluster array pools.
[2017.02.18-22.47.47:036][968]LogExit: Object subsystem successfully closed.
[2017.02.18-22.47.47:049][968]LogD3D11RHI: Shutdown
[2017.02.18-22.47.47:049][968]LogD3D11RHI: CleanupD3DDevice
[2017.02.18-22.47.47:104][968]LogD3D11RHI: ~FD3D11DynamicRHI
[2017.02.18-22.47.47:126][968]LogModuleManager: Shutting down and abandoning module MovieSceneCapture (239)
[2017.02.18-22.47.47:126][968]LogModuleManager: Shutting down and abandoning module HierarchicalLODOutliner (238)
[2017.02.18-22.47.47:126][968]LogModuleManager: Shutting down and abandoning module CrashTracker (237)
[2017.02.18-22.47.47:126][968]LogModuleManager: Shutting down and abandoning module SceneOutliner (236)
[2017.02.18-22.47.47:126][968]LogModuleManager: Shutting down and abandoning module WidgetCarousel (235)
[2017.02.18-22.47.47:126][968]LogModuleManager: Shutting down and abandoning module AddContentDialog (234)
[2017.02.18-22.47.47:126][968]LogDirectoryWatcher: A directory notification for 'C:/Program Files (x86)/Epic Games/4.13/FeaturePacks/' was aborted.
[2017.02.18-22.47.47:131][968]LogModuleManager: Shutting down and abandoning module GameplayTags (233)
[2017.02.18-22.47.47:131][968]LogModuleManager: Shutting down and abandoning module EditorWidgets (232)
[2017.02.18-22.47.47:131][968]LogModuleManager: Shutting down and abandoning module CollectionManager (231)
[2017.02.18-22.47.47:131][968]LogDirectoryWatcher: A directory notification for 'C:/Users/Jérémie/Documents/Unreal Projects/Game1/Content/Collections/' was aborted.
[2017.02.18-22.47.47:131][968]LogDirectoryWatcher: A directory notification for 'C:/Users/Jérémie/Documents/Unreal Projects/Game1/Content/Developers/Jérémie/Collections/' was aborted.
[2017.02.18-22.47.47:131][968]LogDirectoryWatcher: A directory notification for 'C:/Users/Jérémie/Documents/Unreal Projects/Game1/Saved/Collections/' was aborted.
[2017.02.18-22.47.47:131][968]LogModuleManager: Shutting down and abandoning module StatsViewer (230)
[2017.02.18-22.47.47:131][968]LogModuleManager: Shutting down and abandoning module FoliageEdit (229)
[2017.02.18-22.47.47:131][968]LogModuleManager: Shutting down and abandoning module LandscapeEditor (228)
[2017.02.18-22.47.47:131][968]LogModuleManager: Shutting down and abandoning module SceneDepthPickerMode (227)
[2017.02.18-22.47.47:131][968]LogModuleManager: Shutting down and abandoning module ActorPickerMode (226)
[2017.02.18-22.47.47:131][968]LogModuleManager: Shutting down and abandoning module GeometryMode (225)
[2017.02.18-22.47.47:131][968]LogModuleManager: Shutting down and abandoning module TextureAlignMode (224)
[2017.02.18-22.47.47:131][968]LogModuleManager: Shutting down and abandoning module BspMode (223)
[2017.02.18-22.47.47:131][968]LogModuleManager: Shutting down and abandoning module HardwareSurvey (222)
[2017.02.18-22.47.47:131][968]LogModuleManager: Shutting down and abandoning module SequenceRecorderSections (221)
[2017.02.18-22.47.47:131][968]LogModuleManager: Shutting down and abandoning module SequenceRecorder (220)
[2017.02.18-22.47.47:131][968]LogModuleManager: Shutting down and abandoning module AutomationWorker (219)
[2017.02.18-22.47.47:131][968]LogModuleManager: Shutting down and abandoning module MatineeToLevelSequence (218)
[2017.02.18-22.47.47:131][968]LogModuleManager: Shutting down and abandoning module PlacementMode (217)
[2017.02.18-22.47.47:131][968]LogModuleManager: Shutting down and abandoning module LevelSequenceEditor (216)
[2017.02.18-22.47.47:132][968]LogModuleManager: Shutting down and abandoning module WmfMediaFactory (215)
[2017.02.18-22.47.47:132][968]LogModuleManager: Shutting down and abandoning module WmfMediaEditor (214)
[2017.02.18-22.47.47:132][968]LogModuleManager: Shutting down and abandoning module AvfMediaFactory (213)
[2017.02.18-22.47.47:132][968]LogModuleManager: Shutting down and abandoning module AvfMediaEditor (212)
[2017.02.18-22.47.47:132][968]LogModuleManager: Shutting down and abandoning module Media (211)
[2017.02.18-22.47.47:132][968]LogModuleManager: Shutting down and abandoning module AndroidMediaFactory (210)
[2017.02.18-22.47.47:132][968]LogModuleManager: Shutting down and abandoning module AndroidMediaEditor (209)
[2017.02.18-22.47.47:132][968]LogModuleManager: Shutting down and abandoning module CharacterAI (208)
[2017.02.18-22.47.47:132][968]LogModuleManager: Shutting down and abandoning module SmartSnapping (207)
[2017.02.18-22.47.47:132][968]LogModuleManager: Shutting down and abandoning module SessionServices (206)
[2017.02.18-22.47.47:132][968]LogModuleManager: Shutting down and abandoning module ViewportSnapping (205)
[2017.02.18-22.47.47:132][968]LogModuleManager: Shutting down and abandoning module ViewportInteraction (204)
[2017.02.18-22.47.47:132][968]LogModuleManager: Shutting down and abandoning module LogVisualizer (203)
[2017.02.18-22.47.47:132][968]LogModuleManager: Shutting down and abandoning module GameProjectGeneration (202)
[2017.02.18-22.47.47:132][968]LogModuleManager: Shutting down and abandoning module IntroTutorials (201)
[2017.02.18-22.47.47:132][968]LogModuleManager: Shutting down and abandoning module EditorLiveStreaming (200)
[2017.02.18-22.47.47:132][968]LogModuleManager: Shutting down and abandoning module IOSPlatformEditor (199)
[2017.02.18-22.47.47:132][968]LogModuleManager: Shutting down and abandoning module HTML5PlatformEditor (198)
[2017.02.18-22.47.47:132][968]LogModuleManager: Shutting down and abandoning module AndroidDeviceDetection (197)
[2017.02.18-22.47.47:776][968]LogModuleManager: Shutting down and abandoning module AndroidPlatformEditor (196)
[2017.02.18-22.47.47:776][968]LogModuleManager: Shutting down and abandoning module IOSRuntimeSettings (195)
[2017.02.18-22.47.47:776][968]LogModuleManager: Shutting down and abandoning module AndroidRuntimeSettings (194)
[2017.02.18-22.47.47:776][968]LogModuleManager: Shutting down and abandoning module NiagaraEditor (193)
[2017.02.18-22.47.47:776][968]LogModuleManager: Shutting down and abandoning module MergeActors (192)
[2017.02.18-22.47.47:776][968]LogModuleManager: Shutting down and abandoning module SizeMap (191)
[2017.02.18-22.47.47:776][968]LogModuleManager: Shutting down and abandoning module TreeMap (190)
[2017.02.18-22.47.47:776][968]LogModuleManager: Shutting down and abandoning module ReferenceViewer (189)
[2017.02.18-22.47.47:776][968]LogModuleManager: Shutting down and abandoning module LocalizationService (188)
[2017.02.18-22.47.47:776][968]LogModuleManager: Shutting down and abandoning module LocalizationDashboard (187)
[2017.02.18-22.47.47:776][968]LogModuleManager: Shutting down and abandoning module HardwareTargeting (186)
[2017.02.18-22.47.47:776][968]LogModuleManager: Shutting down and abandoning module DeviceProfileEditor (185)
[2017.02.18-22.47.47:776][968]LogModuleManager: Shutting down and abandoning module UndoHistory (184)
[2017.02.18-22.47.47:776][968]LogModuleManager: Shutting down and abandoning module UserFeedback (183)
[2017.02.18-22.47.47:776][968]LogModuleManager: Shutting down and abandoning module XmlParser (182)
[2017.02.18-22.47.47:776][968]LogModuleManager: Shutting down and abandoning module Blutility (181)
[2017.02.18-22.47.47:776][968]LogModuleManager: Shutting down and abandoning module ProjectTargetPlatformEditor (180)
[2017.02.18-22.47.47:776][968]LogModuleManager: Shutting down and abandoning module ProjectSettingsViewer (179)
[2017.02.18-22.47.47:776][968]LogModuleManager: Shutting down and abandoning module InputBindingEditor (178)
[2017.02.18-22.47.47:776][968]LogModuleManager: Shutting down and abandoning module EditorSettingsViewer (177)
[2017.02.18-22.47.47:776][968]LogModuleManager: Shutting down and abandoning module SettingsEditor (176)
[2017.02.18-22.47.47:776][968]LogModuleManager: Shutting down and abandoning module ProjectLauncher (175)
[2017.02.18-22.47.47:776][968]LogModuleManager: Shutting down and abandoning module SessionFrontend (174)
[2017.02.18-22.47.47:776][968]LogModuleManager: Shutting down and abandoning module ProfilerClient (173)
[2017.02.18-22.47.47:776][968]LogModuleManager: Shutting down and abandoning module TargetDeviceServices (172)
[2017.02.18-22.47.47:776][968]LogModuleManager: Shutting down and abandoning module DeviceManager (171)
[2017.02.18-22.47.47:826][968]LogModuleManager: Shutting down and abandoning module AutomationController (170)
[2017.02.18-22.47.47:826][968]LogModuleManager: Shutting down and abandoning module AutomationWindow (169)
[2017.02.18-22.47.47:826][968]LogModuleManager: Shutting down and abandoning module Layers (168)
[2017.02.18-22.47.47:826][968]LogModuleManager: Shutting down and abandoning module ComponentVisualizers (167)
[2017.02.18-22.47.47:826][968]LogModuleManager: Shutting down and abandoning module DetailCustomizations (166)
[2017.02.18-22.47.47:826][968]LogModuleManager: Shutting down and abandoning module PackagesDialog (165)
[2017.02.18-22.47.47:826][968]LogModuleManager: Shutting down and abandoning module AnimGraph (164)
[2017.02.18-22.47.47:826][968]LogModuleManager: Shutting down and abandoning module Persona (163)
[2017.02.18-22.47.47:826][968]LogModuleManager: Shutting down and abandoning module Kismet (162)
[2017.02.18-22.47.47:828][968]LogModuleManager: Shutting down and abandoning module GraphEditor (161)
[2017.02.18-22.47.47:828][968]LogModuleManager: Shutting down and abandoning module ClassViewer (160)
[2017.02.18-22.47.47:828][968]LogModuleManager: Shutting down and abandoning module Toolbox (159)
[2017.02.18-22.47.47:828][968]LogModuleManager: Shutting down and abandoning module ModuleUI (158)
[2017.02.18-22.47.47:828][968]LogModuleManager: Shutting down and abandoning module MovieSceneTools (157)
[2017.02.18-22.47.47:828][968]LogModuleManager: Shutting down and abandoning module OutputLog (156)
[2017.02.18-22.47.47:828][968]LogModuleManager: Shutting down and abandoning module GammaUI (155)
[2017.02.18-22.47.47:828][968]LogModuleManager: Shutting down and abandoning module Documentation (154)
[2017.02.18-22.47.47:828][968]LogModuleManager: Shutting down and abandoning module Niagara (153)
[2017.02.18-22.47.47:828][968]LogModuleManager: Shutting down and abandoning module StreamingPauseRendering (152)
[2017.02.18-22.47.47:828][968]LogModuleManager: Shutting down and abandoning module AnalyticsET (151)
[2017.02.18-22.47.47:828][968]LogModuleManager: Shutting down and abandoning module PortalServices (150)
[2017.02.18-22.47.47:828][968]LogModuleManager: Shutting down and abandoning module PortalRpc (149)
[2017.02.18-22.47.47:828][968]LogModuleManager: Shutting down and abandoning module MessagingRpc (148)
[2017.02.18-22.47.47:828][968]LogModuleManager: Shutting down and abandoning module GameplayDebugger (147)
[2017.02.18-22.47.47:828][968]LogModuleManager: Shutting down and abandoning module AITestSuite (146)
[2017.02.18-22.47.47:828][968]LogModuleManager: Shutting down and abandoning module AIModule (145)
[2017.02.18-22.47.47:828][968]LogModuleManager: Shutting down and abandoning module ProfilerService (144)
[2017.02.18-22.47.47:909][968]LogModuleManager: Shutting down and abandoning module TaskGraph (143)
[2017.02.18-22.47.47:909][968]LogModuleManager: Shutting down and abandoning module SubstanceEditor (142)
[2017.02.18-22.47.47:909][968]LogModuleManager: Shutting down and abandoning module SlateRemote (141)
[2017.02.18-22.47.47:909][968]LogModuleManager: Shutting down and abandoning module SteamVRController (140)
[2017.02.18-22.47.47:909][968]LogModuleManager: Shutting down and abandoning module SteamVR (139)
[2017.02.18-22.47.47:909][968]LogModuleManager: Shutting down and abandoning module ProceduralMeshComponentEditor (138)
[2017.02.18-22.47.47:909][968]LogModuleManager: Shutting down and abandoning module ProceduralMeshComponent (137)
[2017.02.18-22.47.47:909][968]LogModuleManager: Shutting down and abandoning module OculusLibrary (136)
[2017.02.18-22.47.47:909][968]LogModuleManager: Shutting down and abandoning module OculusInput (135)
[2017.02.18-22.47.47:909][968]LogModuleManager: Shutting down and abandoning module CustomMeshComponent (134)
[2017.02.18-22.47.47:909][968]LogModuleManager: Shutting down and abandoning module CableComponent (133)
[2017.02.18-22.47.47:909][968]LogModuleManager: Shutting down and abandoning module ArchVisCharacter (132)
[2017.02.18-22.47.47:909][968]LogModuleManager: Shutting down and abandoning module MediaPlayerEditor (130)
[2017.02.18-22.47.47:909][968]LogModuleManager: Shutting down and abandoning module ModoMaterialImporter (129)
[2017.02.18-22.47.47:909][968]LogModuleManager: Shutting down and abandoning module HTML5Networking (128)
[2017.02.18-22.47.47:909][968]LogModuleManager: Shutting down and abandoning module GeometryCacheEd (127)
[2017.02.18-22.47.47:909][968]LogModuleManager: Shutting down and abandoning module GeometryCache (126)
[2017.02.18-22.47.47:909][968]LogModuleManager: Shutting down and abandoning module AlembicLibrary (125)
[2017.02.18-22.47.47:909][968]LogModuleManager: Shutting down and abandoning module AlembicImporter (124)
[2017.02.18-22.47.47:909][968]LogModuleManager: Shutting down and abandoning module SuperSearch (123)
[2017.02.18-22.47.47:909][968]LogModuleManager: Shutting down and abandoning module SuperSearchEditor (122)
[2017.02.18-22.47.47:909][968]LogModuleManager: Shutting down and abandoning module SpeedTreeImporter (121)
[2017.02.18-22.47.47:909][968]LogModuleManager: Shutting down and abandoning module PluginBrowser (120)
[2017.02.18-22.47.47:909][968]LogModuleManager: Shutting down and abandoning module MobileLauncherProfileWizard (119)
[2017.02.18-22.47.47:909][968]LogModuleManager: Shutting down and abandoning module EpicSurvey (118)
[2017.02.18-22.47.47:909][968]LogModuleManager: Shutting down and abandoning module DonAINavigation (117)
[2017.02.18-22.47.47:909][968]LogModuleManager: Shutting down and abandoning module DesktopPlatform (116)
[2017.02.18-22.47.47:909][968]LogModuleManager: Shutting down and abandoning module VisualStudioSourceCodeAccess (115)
[2017.02.18-22.47.47:909][968]LogModuleManager: Shutting down and abandoning module UObjectPlugin (114)
[2017.02.18-22.47.47:909][968]LogModuleManager: Shutting down and abandoning module SubversionSourceControl (113)
[2017.02.18-22.47.47:909][968]LogModuleManager: Shutting down and abandoning module PerforceSourceControl (112)
[2017.02.18-22.47.47:909][968]LogModuleManager: Shutting down and abandoning module SourceControl (111)
[2017.02.18-22.47.47:909][968]LogModuleManager: Shutting down and abandoning module GitSourceControl (110)
[2017.02.18-22.47.47:910][968]LogModuleManager: Shutting down and abandoning module LightPropagationVolumeEditor (109)
[2017.02.18-22.47.47:910][968]LogModuleManager: Shutting down and abandoning module PaperTiledImporter (108)
[2017.02.18-22.47.47:910][968]LogModuleManager: Shutting down and abandoning module PaperSpriteSheetImporter (107)
[2017.02.18-22.47.47:910][968]LogModuleManager: Shutting down and abandoning module MeshPaint (106)
[2017.02.18-22.47.47:910][968]LogModuleManager: Shutting down and abandoning module FbxAutomationBuilderModule (105)
[2017.02.18-22.47.47:910][968]LogModuleManager: Shutting down and abandoning module PixelInspectorModule (104)
[2017.02.18-22.47.47:910][968]LogModuleManager: Shutting down and abandoning module HotReload (103)
[2017.02.18-22.47.47:910][968]LogModuleManager: Shutting down and abandoning module MainFrame (102)
[2017.02.18-22.47.47:910][968]LogModuleManager: Shutting down and abandoning module LevelEditor (101)
[2017.02.18-22.47.47:911][968]LogModuleManager: Shutting down and abandoning module ContentBrowser (100)
[2017.02.18-22.47.47:912][968]LogModuleManager: Shutting down and abandoning module Paper2DEditor (99)
[2017.02.18-22.47.47:912][968]LogModuleManager: Shutting down and abandoning module UdpMessaging (98)
[2017.02.18-22.47.48:012][968]LogModuleManager: Shutting down and abandoning module TcpMessaging (97)
[2017.02.18-22.47.48:112][968]LogModuleManager: Shutting down and abandoning module SubstanceCore (96)
[2017.02.18-22.47.48:112][968]LogModuleManager: Shutting down and abandoning module ModoPlugin (95)
[2017.02.18-22.47.48:112][968]LogModuleManager: Shutting down and abandoning module LightPropagationVolumeRuntime (94)
[2017.02.18-22.47.48:112][968]LogModuleManager: Shutting down and abandoning module Paper2D (93)
[2017.02.18-22.47.48:112][968]LogModuleManager: Shutting down and abandoning module WindowsMoviePlayer (92)
[2017.02.18-22.47.48:112][968]LogModuleManager: Shutting down and abandoning module WmfMedia (91)
[2017.02.18-22.47.48:112][968]LogModuleManager: Shutting down and abandoning module MediaAssets (90)
[2017.02.18-22.47.48:112][968]LogModuleManager: Shutting down and abandoning module GameLiveStreaming (89)
[2017.02.18-22.47.48:112][968]LogModuleManager: Shutting down and abandoning module GameplayTagsEditor (88)
[2017.02.18-22.47.48:112][968]LogModuleManager: Shutting down and abandoning module VREditor (87)
[2017.02.18-22.47.48:112][968]LogModuleManager: Shutting down and abandoning module GameplayTasksEditor (86)
[2017.02.18-22.47.48:112][968]LogModuleManager: Shutting down and abandoning module PropertyEditor (85)
[2017.02.18-22.47.48:112][968]LogModuleManager: Shutting down and abandoning module BehaviorTreeEditor (84)
[2017.02.18-22.47.48:112][968]LogModuleManager: Shutting down and abandoning module FunctionalTesting (83)
[2017.02.18-22.47.48:112][968]LogModuleManager: Shutting down and abandoning module CollisionAnalyzer (82)
[2017.02.18-22.47.48:112][968]LogModuleManager: Shutting down and abandoning module Sequencer (81)
[2017.02.18-22.47.48:112][968]LogModuleManager: Shutting down and abandoning module WorkspaceMenuStructure (80)
[2017.02.18-22.47.48:112][968]LogModuleManager: Shutting down and abandoning module MessageLog (79)
[2017.02.18-22.47.48:112][968]LogModuleManager: Shutting down and abandoning module AssetTools (78)
[2017.02.18-22.47.48:112][968]LogModuleManager: Shutting down and abandoning module UMGEditor (77)
[2017.02.18-22.47.48:112][968]LogModuleManager: Shutting down and abandoning module UMG (76)
[2017.02.18-22.47.48:112][968]LogModuleManager: Shutting down and abandoning module SlateReflector (75)
[2017.02.18-22.47.48:112][968]LogModuleManager: Shutting down and abandoning module Slate (74)
[2017.02.18-22.47.48:112][968]LogModuleManager: Shutting down and abandoning module EditorStyle (73)
[2017.02.18-22.47.48:115][968]LogModuleManager: Shutting down and abandoning module SourceCodeAccess (72)
[2017.02.18-22.47.48:115][968]LogModuleManager: Shutting down and abandoning module HeadMountedDisplay (71)
[2017.02.18-22.47.48:115][968]LogModuleManager: Shutting down and abandoning module XAudio2 (70)
[2017.02.18-22.47.48:115][968]LogModuleManager: Shutting down and abandoning module Networking (68)
[2017.02.18-22.47.48:115][968]LogModuleManager: Shutting down and abandoning module Core (67)
[2017.02.18-22.47.48:115][968]LogModuleManager: Shutting down and abandoning module DirectoryWatcher (66)
[2017.02.18-22.47.48:115][968]LogDirectoryWatcher: A directory notification for '../../../Engine/Content/' was aborted.
[2017.02.18-22.47.48:115][968]LogDirectoryWatcher: A directory notification for '../../../../../../Users/Jérémie/Documents/Unreal Projects/Game1/Content/' was aborted.
[2017.02.18-22.47.48:115][968]LogDirectoryWatcher: A directory notification for '../../../Engine/Plugins/2D/Paper2D/Content/' was aborted.
[2017.02.18-22.47.48:115][968]LogModuleManager: Shutting down and abandoning module AssetRegistry (65)
[2017.02.18-22.47.48:232][968]LogModuleManager: Shutting down and abandoning module KismetCompiler (64)
[2017.02.18-22.47.48:232][968]LogModuleManager: Shutting down and abandoning module PhysXFormats (63)
[2017.02.18-22.47.48:232][968]LogModuleManager: Shutting down and abandoning module MeshUtilities (62)
[2017.02.18-22.47.48:232][968]LogModuleManager: Shutting down and abandoning module DerivedDataCache (61)
[2017.02.18-22.47.48:312][968]LogDerivedDataCache: Shutdown
[2017.02.18-22.47.48:312][968]LogModuleManager: Shutting down and abandoning module VulkanShaderFormat (60)
[2017.02.18-22.47.48:312][968]LogModuleManager: Shutting down and abandoning module ShaderFormatOpenGL (59)
[2017.02.18-22.47.48:312][968]LogModuleManager: Shutting down and abandoning module ShaderFormatD3D (58)
[2017.02.18-22.47.48:312][968]LogModuleManager: Shutting down and abandoning module MetalShaderFormat (57)
[2017.02.18-22.47.48:312][968]LogModuleManager: Shutting down and abandoning module TextureFormatUncompressed (56)
[2017.02.18-22.47.48:312][968]LogModuleManager: Shutting down and abandoning module TextureFormatPVR (55)
[2017.02.18-22.47.48:312][968]LogModuleManager: Shutting down and abandoning module TextureFormatDXT (54)
[2017.02.18-22.47.48:312][968]LogModuleManager: Shutting down and abandoning module TextureFormatIntelISPCTexComp (53)
[2017.02.18-22.47.48:312][968]LogModuleManager: Shutting down and abandoning module ImageWrapper (52)
[2017.02.18-22.47.48:312][968]LogModuleManager: Shutting down and abandoning module TextureFormatASTC (51)
[2017.02.18-22.47.48:312][968]LogModuleManager: Shutting down and abandoning module TextureFormatAndroid (50)
[2017.02.18-22.47.48:312][968]LogModuleManager: Shutting down and abandoning module AudioFormatOpus (49)
[2017.02.18-22.47.48:312][968]LogModuleManager: Shutting down and abandoning module AudioFormatOgg (48)
[2017.02.18-22.47.48:312][968]LogModuleManager: Shutting down and abandoning module AudioFormatADPCM (47)
[2017.02.18-22.47.48:312][968]LogModuleManager: Shutting down and abandoning module LinuxTargetPlatform (46)
[2017.02.18-22.47.48:312][968]LogModuleManager: Shutting down and abandoning module LinuxServerTargetPlatform (45)
[2017.02.18-22.47.48:312][968]LogModuleManager: Shutting down and abandoning module LinuxNoEditorTargetPlatform (44)
[2017.02.18-22.47.48:312][968]LogModuleManager: Shutting down and abandoning module LinuxClientTargetPlatform (43)
[2017.02.18-22.47.48:312][968]LogModuleManager: Shutting down and abandoning module TVOSTargetPlatform (42)
[2017.02.18-22.47.48:312][968]LogModuleManager: Shutting down and abandoning module Messaging (41)
[2017.02.18-22.47.48:312][968]LogModuleManager: Shutting down and abandoning module IOSTargetPlatform (40)
[2017.02.18-22.47.48:312][968]LogModuleManager: Shutting down and abandoning module HTML5TargetPlatform (39)
[2017.02.18-22.47.48:312][968]LogModuleManager: Shutting down and abandoning module Android_PVRTCTargetPlatform (38)
[2017.02.18-22.47.48:312][968]LogModuleManager: Shutting down and abandoning module Android_MultiTargetPlatform (37)
[2017.02.18-22.47.48:312][968]LogModuleManager: Shutting down and abandoning module Android_ETC2TargetPlatform (36)
[2017.02.18-22.47.48:312][968]LogModuleManager: Shutting down and abandoning module Android_ETC1TargetPlatform (35)
[2017.02.18-22.47.48:312][968]LogModuleManager: Shutting down and abandoning module Android_DXTTargetPlatform (34)
[2017.02.18-22.47.48:312][968]LogModuleManager: Shutting down and abandoning module Android_ATCTargetPlatform (33)
[2017.02.18-22.47.48:312][968]LogModuleManager: Shutting down and abandoning module Android_ASTCTargetPlatform (32)
[2017.02.18-22.47.48:312][968]LogModuleManager: Shutting down and abandoning module AndroidTargetPlatform (31)
[2017.02.18-22.47.48:312][968]LogModuleManager: Shutting down and abandoning module WindowsTargetPlatform (30)
[2017.02.18-22.47.48:312][968]LogModuleManager: Shutting down and abandoning module WindowsServerTargetPlatform (29)
[2017.02.18-22.47.48:312][968]LogModuleManager: Shutting down and abandoning module WindowsNoEditorTargetPlatform (28)
[2017.02.18-22.47.48:312][968]LogModuleManager: Shutting down and abandoning module WindowsClientTargetPlatform (27)
[2017.02.18-22.47.48:312][968]LogModuleManager: Shutting down and abandoning module AllDesktopTargetPlatform (26)
[2017.02.18-22.47.48:312][968]LogModuleManager: Shutting down and abandoning module TargetPlatform (25)
[2017.02.18-22.47.48:312][968]LogModuleManager: Shutting down and abandoning module InputCore (24)
[2017.02.18-22.47.48:312][968]LogModuleManager: Shutting down and abandoning module Settings (23)
[2017.02.18-22.47.48:313][968]LogModuleManager: Shutting down and abandoning module OculusRift (22)
[2017.02.18-22.47.48:313][968]LogModuleManager: Shutting down and abandoning module GearVR (21)
[2017.02.18-22.47.48:313][968]LogModuleManager: Shutting down and abandoning module ExampleDeviceProfileSelector (20)
[2017.02.18-22.47.48:313][968]LogModuleManager: Shutting down and abandoning module OnlineBlueprintSupport (19)
[2017.02.18-22.47.48:313][968]LogModuleManager: Shutting down and abandoning module OnlineSubsystem (17)
[2017.02.18-22.47.48:313][968]LogOnline:Display: Unloading online subsystem: NULL
[2017.02.18-22.47.48:313][968]LogModuleManager: Shutting down and abandoning module HTTP (16)
[2017.02.18-22.47.48:313][968]LogHttp:Display: Http module shutting down, but needs to wait on 1 outstanding Http requests:
[2017.02.18-22.47.48:313][968]LogHttp:Display: 	verb=[POST] url=[https://datarouter.ol.epicgames.com/datarouter/api/v1/public/data?SessionID=%7BF7A1A3EE-4138-DB07-F9C6-3E921F06BAEB%7D&AppID=UEEditor.Rocket.Release&AppVersion=4.13.2-3172292%2B%2B%2BUE4%2BRelease-4.13&UserID=5f7884814f0323b9d5b16abfcb9c18cb%7C7063918164d34366a35f01cc4397128a%7C70a15316-ee92-4548-b7ea-3330988fcae0&AppEnvironment=datacollector-binary&UploadType=eteventstream] status=Processing
[2017.02.18-22.47.48:317][968]LogModuleManager: Shutting down and abandoning module XMPP (15)
[2017.02.18-22.47.48:317][968]LogModuleManager: Shutting down and abandoning module TextureCompressor (14)
[2017.02.18-22.47.48:317][968]LogModuleManager: Shutting down and abandoning module ShaderCore (13)
[2017.02.18-22.47.48:317][968]LogModuleManager: Shutting down and abandoning module Landscape (12)
[2017.02.18-22.47.48:317][968]LogModuleManager: Shutting down and abandoning module SlateRHIRenderer (11)
[2017.02.18-22.47.48:318][968]LogModuleManager: Shutting down and abandoning module OpenGLDrv (10)
[2017.02.18-22.47.48:318][968]LogModuleManager: Shutting down and abandoning module D3D11RHI (9)
[2017.02.18-22.47.48:318][968]LogModuleManager: Shutting down and abandoning module AnimGraphRuntime (8)
[2017.02.18-22.47.48:318][968]LogModuleManager: Shutting down and abandoning module Renderer (7)
[2017.02.18-22.47.48:318][968]LogModuleManager: Shutting down and abandoning module Engine (6)
[2017.02.18-22.47.48:318][968]LogModuleManager: Shutting down and abandoning module CoreUObject (5)
[2017.02.18-22.47.48:318][968]LogModuleManager: Shutting down and abandoning module NetworkFile (4)
[2017.02.18-22.47.48:318][968]LogModuleManager: Shutting down and abandoning module StreamingFile (3)
[2017.02.18-22.47.48:318][968]LogModuleManager: Shutting down and abandoning module SandboxFile (2)
[2017.02.18-22.47.48:318][968]LogModuleManager: Shutting down and abandoning module PakFile (1)
[2017.02.18-22.47.48:319][968]LogExit: Exiting.
[2017.02.18-22.47.48:321][968]Log file closed, 02/18/17 23:47:48
