Log file open, 12/04/16 13:56:38
LogInit:Display: Running engine for game: GameProg
LogPlatformFile: Not using cached read wrapper
LogInit:Display: RandInit(1622877934) SRandInit(1622877934).
LogTaskGraph: Started task graph with 5 named threads and 6 total threads with 1 sets of task threads.
LogStats: Stats thread started at 0.051746
LogPluginManager: Loaded Plugin Paper2D, From C:/Program Files (x86)/Epic Games/4.13/Engine/Plugins/2D/Paper2D/Paper2D.uplugin
LogPluginManager: Loaded Plugin LightPropagationVolume, From C:/Program Files (x86)/Epic Games/4.13/Engine/Plugins/Blendables/LightPropagationVolume/LightPropagationVolume.uplugin
LogPluginManager: Loaded Plugin BlankPlugin, From C:/Program Files (x86)/Epic Games/4.13/Engine/Plugins/Developer/BlankPlugin/BlankPlugin.uplugin
LogPluginManager: Loaded Plugin CodeLiteSourceCodeAccess, From C:/Program Files (x86)/Epic Games/4.13/Engine/Plugins/Developer/CodeLiteSourceCodeAccess/CodeLiteSourceCodeAccess.uplugin
LogPluginManager: Loaded Plugin GitSourceControl, From C:/Program Files (x86)/Epic Games/4.13/Engine/Plugins/Developer/GitSourceControl/GitSourceControl.uplugin
LogPluginManager: Loaded Plugin KDevelopSourceCodeAccess, From C:/Program Files (x86)/Epic Games/4.13/Engine/Plugins/Developer/KDevelopSourceCodeAccess/KDevelopSourceCodeAccess.uplugin
LogPluginManager: Loaded Plugin NullSourceCodeAccess, From C:/Program Files (x86)/Epic Games/4.13/Engine/Plugins/Developer/NullSourceCodeAccess/NullSourceCodeAccess.uplugin
LogPluginManager: Loaded Plugin OneSkyLocalizationService, From C:/Program Files (x86)/Epic Games/4.13/Engine/Plugins/Developer/OneSkyLocalizationService/OneSkyLocalizationService.uplugin
LogPluginManager: Loaded Plugin PerforceSourceControl, From C:/Program Files (x86)/Epic Games/4.13/Engine/Plugins/Developer/PerforceSourceControl/PerforceSourceControl.uplugin
LogPluginManager: Loaded Plugin SubversionSourceControl, From C:/Program Files (x86)/Epic Games/4.13/Engine/Plugins/Developer/SubversionSourceControl/SubversionSourceControl.uplugin
LogPluginManager: Loaded Plugin UObjectPlugin, From C:/Program Files (x86)/Epic Games/4.13/Engine/Plugins/Developer/UObjectPlugin/UObjectPlugin.uplugin
LogPluginManager: Loaded Plugin VisualStudioSourceCodeAccess, From C:/Program Files (x86)/Epic Games/4.13/Engine/Plugins/Developer/VisualStudioSourceCodeAccess/VisualStudioSourceCodeAccess.uplugin
LogPluginManager: Loaded Plugin XCodeSourceCodeAccess, From C:/Program Files (x86)/Epic Games/4.13/Engine/Plugins/Developer/XCodeSourceCodeAccess/XCodeSourceCodeAccess.uplugin
LogPluginManager: Loaded Plugin EpicSurvey, From C:/Program Files (x86)/Epic Games/4.13/Engine/Plugins/Editor/EpicSurvey/EpicSurvey.uplugin
LogPluginManager: Loaded Plugin MacGraphicsSwitching, From C:/Program Files (x86)/Epic Games/4.13/Engine/Plugins/Editor/MacGraphicsSwitching/MacGraphicsSwitching.uplugin
LogPluginManager: Loaded Plugin MobileLauncherProfileWizard, From C:/Program Files (x86)/Epic Games/4.13/Engine/Plugins/Editor/MobileLauncherProfileWizard/MobileLauncherProfileWizard.uplugin
LogPluginManager: Loaded Plugin PluginBrowser, From C:/Program Files (x86)/Epic Games/4.13/Engine/Plugins/Editor/PluginBrowser/PluginBrowser.uplugin
LogPluginManager: Loaded Plugin SpeedTreeImporter, From C:/Program Files (x86)/Epic Games/4.13/Engine/Plugins/Editor/SpeedTreeImporter/SpeedTreeImporter.uplugin
LogPluginManager: Loaded Plugin SuperSearchEditor, From C:/Program Files (x86)/Epic Games/4.13/Engine/Plugins/Editor/SuperSearchEditor/SuperSearchEditor.uplugin
LogPluginManager: Loaded Plugin AlembicImporter, From C:/Program Files (x86)/Epic Games/4.13/Engine/Plugins/Experimental/AlembicImporter/AlembicImporter.uplugin
LogPluginManager: Loaded Plugin BlueprintStats, From C:/Program Files (x86)/Epic Games/4.13/Engine/Plugins/Experimental/BlueprintStats/BlueprintStats.uplugin
LogPluginManager: Loaded Plugin CharacterAI, From C:/Program Files (x86)/Epic Games/4.13/Engine/Plugins/Experimental/CharacterAI/CharacterAI.uplugin
LogPluginManager: Loaded Plugin CodeEditor, From C:/Program Files (x86)/Epic Games/4.13/Engine/Plugins/Experimental/CodeEditor/CodeEditor.uplugin
LogPluginManager: Loaded Plugin CodeView, From C:/Program Files (x86)/Epic Games/4.13/Engine/Plugins/Experimental/CodeView/CodeView.uplugin
LogPluginManager: Loaded Plugin HTML5Networking, From C:/Program Files (x86)/Epic Games/4.13/Engine/Plugins/Experimental/HTML5Networking/HTML5Networking.uplugin
LogPluginManager: Loaded Plugin LiveEditor, From C:/Program Files (x86)/Epic Games/4.13/Engine/Plugins/Experimental/LiveEditor/LiveEditor.uplugin
LogPluginManager: Loaded Plugin OSVR, From C:/Program Files (x86)/Epic Games/4.13/Engine/Plugins/Experimental/OSVR/OSVR.uplugin
LogPluginManager: Loaded Plugin Phya, From C:/Program Files (x86)/Epic Games/4.13/Engine/Plugins/Experimental/Phya/Phya.uplugin
LogPluginManager: Loaded Plugin SignificanceManager, From C:/Program Files (x86)/Epic Games/4.13/Engine/Plugins/Experimental/SignificanceManager/SignificanceManager.uplugin
LogPluginManager: Loaded Plugin SimpleHMD, From C:/Program Files (x86)/Epic Games/4.13/Engine/Plugins/Experimental/SimpleHMD/SimpleHMD.uplugin
LogPluginManager: Loaded Plugin StereoPanorama, From C:/Program Files (x86)/Epic Games/4.13/Engine/Plugins/Experimental/StereoPanorama/StereoPanorama.uplugin
LogPluginManager: Loaded Plugin StructBox, From C:/Program Files (x86)/Epic Games/4.13/Engine/Plugins/Experimental/StructBox/StructBox.uplugin
LogPluginManager: Loaded Plugin ModoMaterialImporter, From C:/Program Files (x86)/Epic Games/4.13/Engine/Plugins/Marketplace/ModoMaterialImporter/ModoMaterialImporter.uplugin
LogPluginManager: Loaded Plugin Substance, From C:/Program Files (x86)/Epic Games/4.13/Engine/Plugins/Marketplace/Substance/Substance.uplugin
LogPluginManager: Loaded Plugin AndroidMedia, From C:/Program Files (x86)/Epic Games/4.13/Engine/Plugins/Media/AndroidMedia/AndroidMedia.uplugin
LogPluginManager: Loaded Plugin AvfMedia, From C:/Program Files (x86)/Epic Games/4.13/Engine/Plugins/Media/AvfMedia/AvfMedia.uplugin
LogPluginManager: Loaded Plugin MediaPlayerEditor, From C:/Program Files (x86)/Epic Games/4.13/Engine/Plugins/Media/MediaPlayerEditor/MediaPlayerEditor.uplugin
LogPluginManager: Loaded Plugin WmfMedia, From C:/Program Files (x86)/Epic Games/4.13/Engine/Plugins/Media/WmfMedia/WmfMedia.uplugin
LogPluginManager: Loaded Plugin MessagingDebugger, From C:/Program Files (x86)/Epic Games/4.13/Engine/Plugins/Messaging/MessagingDebugger/MessagingDebugger.uplugin
LogPluginManager: Loaded Plugin TcpMessaging, From C:/Program Files (x86)/Epic Games/4.13/Engine/Plugins/Messaging/TcpMessaging/TcpMessaging.uplugin
LogPluginManager: Loaded Plugin UdpMessaging, From C:/Program Files (x86)/Epic Games/4.13/Engine/Plugins/Messaging/UdpMessaging/UdpMessaging.uplugin
LogPluginManager: Loaded Plugin LevelSequenceEditor, From C:/Program Files (x86)/Epic Games/4.13/Engine/Plugins/MovieScene/LevelSequenceEditor/LevelSequenceEditor.uplugin
LogPluginManager: Loaded Plugin MatineeToLevelSequence, From C:/Program Files (x86)/Epic Games/4.13/Engine/Plugins/MovieScene/MatineeToLevelSequence/MatineeToLevelSequence.uplugin
LogPluginManager: Loaded Plugin NetcodeUnitTest, From C:/Program Files (x86)/Epic Games/4.13/Engine/Plugins/NetcodeUnitTest/NetcodeUnitTest/NetcodeUnitTest.uplugin
LogPluginManager: Loaded Plugin NUTUnrealEngine4, From C:/Program Files (x86)/Epic Games/4.13/Engine/Plugins/NetcodeUnitTest/NUTUnrealEngine4/NUTUnrealEngine4.uplugin
LogPluginManager: Loaded Plugin OnlineSubsystemGooglePlay, From C:/Program Files (x86)/Epic Games/4.13/Engine/Plugins/Online/Android/OnlineSubsystemGooglePlay/OnlineSubsystemGooglePlay.uplugin
LogPluginManager: Loaded Plugin OnlineSubsystemIOS, From C:/Program Files (x86)/Epic Games/4.13/Engine/Plugins/Online/IOS/OnlineSubsystemIOS/OnlineSubsystemIOS.uplugin
LogPluginManager: Loaded Plugin OnlineFramework, From C:/Program Files (x86)/Epic Games/4.13/Engine/Plugins/Online/OnlineFramework/OnlineFramework.uplugin
LogPluginManager: Loaded Plugin OnlineSubsystem, From C:/Program Files (x86)/Epic Games/4.13/Engine/Plugins/Online/OnlineSubsystem/OnlineSubsystem.uplugin
LogPluginManager: Loaded Plugin OnlineSubsystemAmazon, From C:/Program Files (x86)/Epic Games/4.13/Engine/Plugins/Online/OnlineSubsystemAmazon/OnlineSubsystemAmazon.uplugin
LogPluginManager: Loaded Plugin OnlineSubsystemFacebook, From C:/Program Files (x86)/Epic Games/4.13/Engine/Plugins/Online/OnlineSubsystemFacebook/OnlineSubsystemFacebook.uplugin
LogPluginManager: Loaded Plugin OnlineSubsystemNull, From C:/Program Files (x86)/Epic Games/4.13/Engine/Plugins/Online/OnlineSubsystemNull/OnlineSubsystemNull.uplugin
LogPluginManager: Loaded Plugin OnlineSubsystemOculus, From C:/Program Files (x86)/Epic Games/4.13/Engine/Plugins/Online/OnlineSubsystemOculus/OnlineSubsystemOculus.uplugin
LogPluginManager: Loaded Plugin OnlineSubsystemSteam, From C:/Program Files (x86)/Epic Games/4.13/Engine/Plugins/Online/OnlineSubsystemSteam/OnlineSubsystemSteam.uplugin
LogPluginManager: Loaded Plugin OnlineSubsystemUtils, From C:/Program Files (x86)/Epic Games/4.13/Engine/Plugins/Online/OnlineSubsystemUtils/OnlineSubsystemUtils.uplugin
LogPluginManager: Loaded Plugin IOSTapJoy, From C:/Program Files (x86)/Epic Games/4.13/Engine/Plugins/Runtime/Advertising/IOSTapJoy/IOSTapJoy.uplugin
LogPluginManager: Loaded Plugin AnalyticsBlueprintLibrary, From C:/Program Files (x86)/Epic Games/4.13/Engine/Plugins/Runtime/Analytics/AnalyticsBlueprintLibrary/AnalyticsBlueprintLibrary.uplugin
LogPluginManager: Loaded Plugin AnalyticsMulticast, From C:/Program Files (x86)/Epic Games/4.13/Engine/Plugins/Runtime/Analytics/AnalyticsMulticast/AnalyticsMulticast.uplugin
LogPluginManager: Loaded Plugin Apsalar, From C:/Program Files (x86)/Epic Games/4.13/Engine/Plugins/Runtime/Analytics/Apsalar/Apsalar.uplugin
LogPluginManager: Loaded Plugin FileLogging, From C:/Program Files (x86)/Epic Games/4.13/Engine/Plugins/Runtime/Analytics/FileLogging/FileLogging.uplugin
LogPluginManager: Loaded Plugin Flurry, From C:/Program Files (x86)/Epic Games/4.13/Engine/Plugins/Runtime/Analytics/Flurry/Flurry.uplugin
LogPluginManager: Loaded Plugin AndroidDeviceProfileSelector, From C:/Program Files (x86)/Epic Games/4.13/Engine/Plugins/Runtime/AndroidDeviceProfileSelector/AndroidDeviceProfileSelector.uplugin
LogPluginManager: Loaded Plugin AndroidMoviePlayer, From C:/Program Files (x86)/Epic Games/4.13/Engine/Plugins/Runtime/AndroidMoviePlayer/AndroidMoviePlayer.uplugin
LogPluginManager: Loaded Plugin AppleMoviePlayer, From C:/Program Files (x86)/Epic Games/4.13/Engine/Plugins/Runtime/AppleMoviePlayer/AppleMoviePlayer.uplugin
LogPluginManager: Loaded Plugin ArchVisCharacter, From C:/Program Files (x86)/Epic Games/4.13/Engine/Plugins/Runtime/ArchVisCharacter/ArchVisCharacter.uplugin
LogPluginManager: Loaded Plugin CableComponent, From C:/Program Files (x86)/Epic Games/4.13/Engine/Plugins/Runtime/CableComponent/CableComponent.uplugin
LogPluginManager: Loaded Plugin CustomMeshComponent, From C:/Program Files (x86)/Epic Games/4.13/Engine/Plugins/Runtime/CustomMeshComponent/CustomMeshComponent.uplugin
LogPluginManager: Loaded Plugin ExampleDeviceProfileSelector, From C:/Program Files (x86)/Epic Games/4.13/Engine/Plugins/Runtime/ExampleDeviceProfileSelector/ExampleDeviceProfileSelector.uplugin
LogPluginManager: Loaded Plugin GearVR, From C:/Program Files (x86)/Epic Games/4.13/Engine/Plugins/Runtime/GearVR/GearVR.uplugin
LogPluginManager: Loaded Plugin GoogleVRController, From C:/Program Files (x86)/Epic Games/4.13/Engine/Plugins/Runtime/GoogleVR/GoogleVRController/GoogleVRController.uplugin
LogPluginManager: Loaded Plugin GoogleVRHMD, From C:/Program Files (x86)/Epic Games/4.13/Engine/Plugins/Runtime/GoogleVR/GoogleVRHMD/GoogleVRHMD.uplugin
LogPluginManager: Loaded Plugin IOSDeviceProfileSelector, From C:/Program Files (x86)/Epic Games/4.13/Engine/Plugins/Runtime/IOSDeviceProfileSelector/IOSDeviceProfileSelector.uplugin
LogPluginManager: Loaded Plugin LeapMotion, From C:/Program Files (x86)/Epic Games/4.13/Engine/Plugins/Runtime/LeapMotion/LeapMotion.uplugin
LogPluginManager: Loaded Plugin LinuxDeviceProfileSelector, From C:/Program Files (x86)/Epic Games/4.13/Engine/Plugins/Runtime/LinuxDeviceProfileSelector/LinuxDeviceProfileSelector.uplugin
LogPluginManager: Loaded Plugin LiveEditorListenServer, From C:/Program Files (x86)/Epic Games/4.13/Engine/Plugins/Runtime/LiveEditorListenServer/LiveEditorListenServer.uplugin
LogPluginManager: Loaded Plugin OculusAudio, From C:/Program Files (x86)/Epic Games/4.13/Engine/Plugins/Runtime/OculusAudio/OculusAudio.uplugin
LogPluginManager: Loaded Plugin OculusInput, From C:/Program Files (x86)/Epic Games/4.13/Engine/Plugins/Runtime/OculusInput/OculusInput.uplugin
LogPluginManager: Loaded Plugin OculusLibrary, From C:/Program Files (x86)/Epic Games/4.13/Engine/Plugins/Runtime/OculusLibrary/OculusLibrary.uplugin
LogPluginManager: Loaded Plugin OculusRift, From C:/Program Files (x86)/Epic Games/4.13/Engine/Plugins/Runtime/OculusRift/OculusRift.uplugin
LogPluginManager: Loaded Plugin Oodle, From C:/Program Files (x86)/Epic Games/4.13/Engine/Plugins/Runtime/PacketHandlers/CompressionComponents/Oodle/Oodle.uplugin
LogPluginManager: Loaded Plugin ProceduralMeshComponent, From C:/Program Files (x86)/Epic Games/4.13/Engine/Plugins/Runtime/ProceduralMeshComponent/ProceduralMeshComponent.uplugin
LogPluginManager: Loaded Plugin SoundMod, From C:/Program Files (x86)/Epic Games/4.13/Engine/Plugins/Runtime/SoundMod/SoundMod.uplugin
LogPluginManager: Loaded Plugin SoundVisualizations, From C:/Program Files (x86)/Epic Games/4.13/Engine/Plugins/Runtime/SoundVisualizations/SoundVisualizations.uplugin
LogPluginManager: Loaded Plugin SteamController, From C:/Program Files (x86)/Epic Games/4.13/Engine/Plugins/Runtime/Steam/SteamController/SteamController.uplugin
LogPluginManager: Loaded Plugin SteamVR, From C:/Program Files (x86)/Epic Games/4.13/Engine/Plugins/Runtime/Steam/SteamVR/SteamVR.uplugin
LogPluginManager: Loaded Plugin WebBrowserWidget, From C:/Program Files (x86)/Epic Games/4.13/Engine/Plugins/Runtime/WebBrowserWidget/WebBrowserWidget.uplugin
LogPluginManager: Loaded Plugin WindowsDeviceProfileSelector, From C:/Program Files (x86)/Epic Games/4.13/Engine/Plugins/Runtime/WindowsDeviceProfileSelector/WindowsDeviceProfileSelector.uplugin
LogPluginManager: Loaded Plugin WindowsMoviePlayer, From C:/Program Files (x86)/Epic Games/4.13/Engine/Plugins/Runtime/WindowsMoviePlayer/WindowsMoviePlayer.uplugin
LogPluginManager: Loaded Plugin ScriptPlugin, From C:/Program Files (x86)/Epic Games/4.13/Engine/Plugins/ScriptPlugin/ScriptPlugin.uplugin
LogPluginManager: Loaded Plugin SlateRemote, From C:/Program Files (x86)/Epic Games/4.13/Engine/Plugins/Slate/SlateRemote/SlateRemote.uplugin
LogInit: Using libcurl 7.47.1
LogInit:  - built for x86_64-pc-win32
LogInit:  - supports SSL with WinSSL
LogInit:  - other features:
LogInit:      CURL_VERSION_SSL
LogInit:      CURL_VERSION_IPV6
LogInit:      CURL_VERSION_ASYNCHDNS
LogInit:      CURL_VERSION_LARGEFILE
LogInit:      CURL_VERSION_IDN
LogInit:  CurlRequestOptions (configurable via config and command line):
LogInit:  - bVerifyPeer = false  - Libcurl will NOT verify peer certificate
LogInit:  - bUseHttpProxy = false  - Libcurl will NOT use HTTP proxy
LogInit:  - bDontReuseConnections = false  - Libcurl will reuse connections
LogInit:  - CertBundlePath = nullptr  - Libcurl will use whatever was configured at build time.
LogInit: Build: ++UE4+Release-4.13-CL-3172292
LogInit: Engine Version: 4.13.2-3172292+++UE4+Release-4.13
LogInit: Compatible Engine Version: 4.13.0-3106830+++UE4+Release-4.13
LogInit: Net CL: 3172292
LogDevObjectVersion: Number of dev versions registered: 13
LogDevObjectVersion:   Dev-Blueprints (B0D832E4-1F89-4F0D-ACCF-7EB736FD4AA2): 5
LogDevObjectVersion:   Dev-Build (E1C64328-A22C-4D53-A36C-8E866417BD8C): 0
LogDevObjectVersion:   Dev-Core (375EC13C-06E4-48FB-B500-84F0262A717E): 1
LogDevObjectVersion:   Dev-Editor (E4B068ED-F494-42E9-A231-DA0B2E46BB41): 6
LogDevObjectVersion:   Dev-Framework (CFFC743F-43B0-4480-9391-14DF171D2073): 12
LogDevObjectVersion:   Dev-Mobile (B02B49B5-BB20-44E9-A304-32B752E40360): 0
LogDevObjectVersion:   Dev-Networking (A4E4105C-59A1-49B5-A7C5-40C4547EDFEE): 0
LogDevObjectVersion:   Dev-Online (39C831C9-5AE6-47DC-9A44-9C173E1C8E7C): 0
LogDevObjectVersion:   Dev-Physics (78F01B33-EBEA-4F98-B9B4-84EACCB95AA2): 0
LogDevObjectVersion:   Dev-Platform (6631380F-2D4D-43E0-8009-CF276956A95A): 0
LogDevObjectVersion:   Dev-Rendering (12F88B9F-8875-4AFC-A67C-D90C383ABD29): 4
LogDevObjectVersion:   Dev-Sequencer (7B5AE74C-D270-4C10-A958-57980B212A5A): 0
LogDevObjectVersion:   Dev-VR (D7296918-1DD6-4BDD-9DE2-64A83CC13884): 0
LogInit: Compiled (64-bit): Oct 24 2016 14:29:06
LogInit: Compiled with Visual C++: 19.00.23026.00
LogInit: Build Configuration: Development
LogInit: Branch Name: ++UE4+Release-4.13
LogInit: Command line: -EpicPortal 
LogInit: Base directory: C:/Program Files (x86)/Epic Games/4.13/Engine/Binaries/Win64/
LogInit: Installed Engine Build: 1
LogInit: Presizing for max 8388607 objects, including 0 objects not considered by GC, pre-allocating 0 bytes for permanent pool.
LogInit: Object subsystem initialized
[2016.12.04-12.56.38:752][  0]LogInit: Selected Device Profile: [Windows]
[2016.12.04-12.56.38:752][  0]LogInit: Applying CVar settings loaded from the selected device profile: [Windows]
[2016.12.04-12.56.38:780][  0]LogInit: Computer: JEREMIE-PC
[2016.12.04-12.56.38:780][  0]LogInit: User: Jeremie
[2016.12.04-12.56.38:780][  0]LogInit: CPU Page size=65536, Cores=2
[2016.12.04-12.56.38:780][  0]LogInit: High frequency timer resolution =2.825673 MHz
[2016.12.04-12.56.38:780][  0]LogMemory: Memory total: Physical=7.9GB (8GB approx)
[2016.12.04-12.56.38:780][  0]LogMemory: Platform Memory Stats for Windows
[2016.12.04-12.56.38:780][  0]LogMemory: Process Physical Memory: 257.15 MB used, 257.15 MB peak
[2016.12.04-12.56.38:780][  0]LogMemory: Process Virtual Memory: 261.10 MB used, 261.10 MB peak
[2016.12.04-12.56.38:780][  0]LogMemory: Physical Memory: 3543.52 MB used, 8060.85 MB total
[2016.12.04-12.56.38:780][  0]LogMemory: Virtual Memory: 591.36 MB used, 8388608.00 MB total
[2016.12.04-12.56.38:819][  0]LogTextLocalizationManager: No translations for ('fr-FR') exist, falling back to 'en' for localization and internationalization data.
[2016.12.04-12.56.39:473][  0]LogD3D11RHI: D3D11 adapters:
[2016.12.04-12.56.39:500][  0]LogD3D11RHI:    0. 'NVIDIA GeForce GT 635M' (Feature Level 11_0)
[2016.12.04-12.56.39:500][  0]LogD3D11RHI:       1999/0/2047 MB DedicatedVideo/DedicatedSystem/SharedSystem, Outputs:1, VendorId:0x10de
[2016.12.04-12.56.39:534][  0]LogD3D11RHI:    1. 'NVIDIA GeForce GT 635M' (Feature Level 11_0)
[2016.12.04-12.56.39:534][  0]LogD3D11RHI:       1999/0/2047 MB DedicatedVideo/DedicatedSystem/SharedSystem, Outputs:0, VendorId:0x10de
[2016.12.04-12.56.39:534][  0]LogD3D11RHI: Chosen D3D11 Adapter: 0
[2016.12.04-12.56.39:542][  0]LogD3D11RHI: Creating new Direct3DDevice
[2016.12.04-12.56.39:542][  0]LogD3D11RHI:     GPU DeviceId: 0xde3 (for the marketing name, search the web for "GPU Device Id")
[2016.12.04-12.56.39:542][  0]LogWindows: EnumDisplayDevices:
[2016.12.04-12.56.39:542][  0]LogWindows:    0. 'Intel(R) HD Graphics 4000' (P:1 D:1)
[2016.12.04-12.56.39:543][  0]LogWindows:    1. 'Intel(R) HD Graphics 4000' (P:0 D:0)
[2016.12.04-12.56.39:543][  0]LogWindows:    2. 'Intel(R) HD Graphics 4000' (P:0 D:0)
[2016.12.04-12.56.39:543][  0]LogWindows:    3. 'NVIDIA GeForce GT 635M' (P:0 D:0)
[2016.12.04-12.56.39:543][  0]LogWindows:    4. 'RDPDD Chained DD' (P:0 D:0)
[2016.12.04-12.56.39:543][  0]LogWindows:    5. 'RDP Encoder Mirror Driver' (P:0 D:0)
[2016.12.04-12.56.39:543][  0]LogWindows:    6. 'RDP Reflector Display Driver' (P:0 D:0)
[2016.12.04-12.56.39:544][  0]LogWindows: DebugString: PrimaryIsNotTheChoosenAdapter PrimaryIsNotTheChoosenAdapter PrimaryIsNotTheChoosenAdapter GetVideoDriverDetailsInvalid PrimaryIsNotTheChoosenAdapter GetVideoDriverDetailsInvalid PrimaryIsNotTheChoosenAdapter GetVideoDriverDetailsInvalid PrimaryIsNotTheChoosenAdapter 
[2016.12.04-12.56.39:544][  0]LogD3D11RHI:     Adapter Name: NVIDIA GeForce GT 635M
[2016.12.04-12.56.39:544][  0]LogD3D11RHI:   Driver Version: 362.00 (internal:10.18.13.6200, unified:362.00)
[2016.12.04-12.56.39:544][  0]LogD3D11RHI:      Driver Date: 2-23-2016
[2016.12.04-12.56.39:544][  0]LogRHI: Texture pool is 1361 MB (70% of 1945 MB)
[2016.12.04-12.56.39:558][  0]LogD3D11RHI: Async texture creation enabled
[2016.12.04-12.56.39:578][  0]LogD3D11RHI: GPU Timing Frequency: 1000.000000 (Debug: 2 3)
[2016.12.04-12.56.39:578][  0]LogShaderCompilers: Guid format shader working directory is -27 characters bigger than the processId version (../../../../../../Users/Jeremie/Documents/Unreal Projects/GitGameProg/Game1/Intermediate/Shaders/WorkingDirectory/7504/).
[2016.12.04-12.56.39:578][  0]LogShaderCompilers: Cleaned the shader compiler working directory 'C:/Users/Jeremie/AppData/Local/Temp/UnrealShaderWorkingDir/17ACEB4040BDBE8BE01CDFB4519F81FF/'.
[2016.12.04-12.56.39:579][  0]LogShaderCompilers:Display: Using Local Shader Compiler.
[2016.12.04-12.56.40:859][  0]LogTemp:Display: Loaded TP AllDesktopTargetPlatform
[2016.12.04-12.56.40:867][  0]LogTemp:Display: Loaded TP WindowsClientTargetPlatform
[2016.12.04-12.56.40:876][  0]LogTemp:Display: Loaded TP WindowsNoEditorTargetPlatform
[2016.12.04-12.56.40:884][  0]LogTemp:Display: Loaded TP WindowsServerTargetPlatform
[2016.12.04-12.56.40:893][  0]LogTemp:Display: Loaded TP WindowsTargetPlatform
[2016.12.04-12.56.40:900][  0]LogTemp:Display: Loaded TP AndroidTargetPlatform
[2016.12.04-12.56.40:908][  0]LogTemp:Display: Loaded TP Android_ASTCTargetPlatform
[2016.12.04-12.56.40:915][  0]LogTemp:Display: Loaded TP Android_ATCTargetPlatform
[2016.12.04-12.56.40:922][  0]LogTemp:Display: Loaded TP Android_DXTTargetPlatform
[2016.12.04-12.56.40:930][  0]LogTemp:Display: Loaded TP Android_ETC1TargetPlatform
[2016.12.04-12.56.40:937][  0]LogTemp:Display: Loaded TP Android_ETC2TargetPlatform
[2016.12.04-12.56.40:952][  0]LogTemp:Display: Loaded TP Android_MultiTargetPlatform
[2016.12.04-12.56.40:952][  0]LogTemp:Display: Loaded TP Android_PVRTCTargetPlatform
[2016.12.04-12.56.40:952][  0]LogTemp:Display: Loaded TP HTML5TargetPlatform
[2016.12.04-12.56.40:972][  0]LogTemp:Display: Loaded TP IOSTargetPlatform
[2016.12.04-12.56.40:979][  0]LogTemp:Display: Loaded TP TVOSTargetPlatform
[2016.12.04-12.56.40:986][  0]LogTemp:Display: Loaded TP LinuxClientTargetPlatform
[2016.12.04-12.56.40:993][  0]LogTemp:Display: Loaded TP LinuxNoEditorTargetPlatform
[2016.12.04-12.56.41:000][  0]LogTemp:Display: Loaded TP LinuxServerTargetPlatform
[2016.12.04-12.56.41:008][  0]LogTemp:Display: Loaded TP LinuxTargetPlatform
[2016.12.04-12.56.41:008][  0]LogTargetPlatformManager:Display: Building Assets For Windows
[2016.12.04-12.56.41:066][  0]LogDerivedDataCache:Display: Max Cache Size: 512 MB
[2016.12.04-12.56.41:123][  0]LogDerivedDataCache: Loaded boot cache 0.06s 62MB C:/Users/Jeremie/AppData/Local/UnrealEngine/4.13/DerivedDataCache/Boot.ddc.
[2016.12.04-12.56.41:123][  0]LogDerivedDataCache:Display: Loaded Boot cache: C:/Users/Jeremie/AppData/Local/UnrealEngine/4.13/DerivedDataCache/Boot.ddc
[2016.12.04-12.56.41:123][  0]LogDerivedDataCache: FDerivedDataBackendGraph:  Pak pak cache file ../../../../../../Users/Jeremie/Documents/Unreal Projects/GitGameProg/Game1/DerivedDataCache/DDC.ddp not found, will not use a pak cache.
[2016.12.04-12.56.41:123][  0]LogDerivedDataCache: Unable to find inner node Pak for hierarchical cache Hierarchy.
[2016.12.04-12.56.41:123][  0]LogDerivedDataCache: FDerivedDataBackendGraph:  CompressedPak pak cache file ../../../../../../Users/Jeremie/Documents/Unreal Projects/GitGameProg/Game1/DerivedDataCache/Compressed.ddp not found, will not use a pak cache.
[2016.12.04-12.56.41:123][  0]LogDerivedDataCache: Unable to find inner node CompressedPak for hierarchical cache Hierarchy.
[2016.12.04-12.56.41:140][  0]LogDerivedDataCache:Display: Pak cache opened for reading ../../../Engine/DerivedDataCache/Compressed.ddp.
[2016.12.04-12.56.41:152][  0]LogDerivedDataCache: Using Local data cache path C:/Users/Jeremie/AppData/Local/UnrealEngine/Common/DerivedDataCache: Writable
[2016.12.04-12.56.41:381][  0]LogInit: Selected Device Profile: [Windows]
[2016.12.04-12.56.41:385][  0]LogMaterial: Uniform references updated for custom material expression Custom.
[2016.12.04-12.56.41:386][  0]LogContentStreaming: Texture pool size is 0.00 MB
[2016.12.04-12.56.41:524][  0]LogMeshUtilities: No automatic mesh reduction module available
[2016.12.04-12.56.41:524][  0]LogMeshUtilities: No automatic mesh merging module available
[2016.12.04-12.56.41:524][  0]LogMeshUtilities: No distributed automatic mesh merging module available
[2016.12.04-12.56.41:815][  0]LogNetVersion: GetLocalNetworkVersion: CL: 3106830, ProjectName: gameprog, ProjectVersion: , EngineNetworkVersion: 1, GameNetworkVersion: 0, NetworkChecksum: 4013901243
[2016.12.04-12.56.41:854][  0]LogAssetRegistry: FAssetRegistry took 0.0197 seconds to start up
[2016.12.04-12.56.41:870][  0]LogPackageLocalizationCache: Processed 3 localized package path(s) for 1 prioritized culture(s) in 0.014248 seconds
[2016.12.04-12.56.41:875][  0]LogUObjectArray: 29778 objects as part of root set at end of initial load.
[2016.12.04-12.56.41:875][  0]LogUObjectAllocator: 6125448 out of 0 bytes used by permanent object pool.
[2016.12.04-12.56.41:875][  0]LogUObjectArray: CloseDisregardForGC: 0/0 objects in disregard for GC pool
[2016.12.04-12.56.41:881][  0]LogInit: WinSock: version 1.1 (2.2), MaxSocks=32767, MaxUdp=65467
[2016.12.04-12.56.42:102][  0]LogSlate: SlateFontCache - WITH_FREETYPE: 1, WITH_HARFBUZZ: 1
[2016.12.04-12.56.42:102][  0]LogSlate: SlateFontCache - WITH_FREETYPE: 1, WITH_HARFBUZZ: 1
[2016.12.04-12.56.42:700][  0]LogSubstanceCoreModule: Substance CPU Engine Loaded, Max Texture Size 2048
[2016.12.04-12.56.42:708][  0]LogTcpMessaging: Initializing TcpMessaging bridge
[2016.12.04-12.56.42:725][  0]LogUdpMessaging: Initializing bridge on interface 0.0.0.0:0 to multicast group 230.0.0.1:6666.
[2016.12.04-12.56.43:839][  0]SourceControl: Info Source control is disabled
[2016.12.04-12.56.43:887][  0]SourceControl: Info Source control is disabled
[2016.12.04-12.56.43:894][  0]SourceControl: Info Source control is disabled
[2016.12.04-12.56.43:900][  0]SourceControl: Info Source control is disabled
[2016.12.04-12.56.44:148][  0]LogEngine: Initializing Engine...
[2016.12.04-12.56.44:149][  0]LogHMD: Failed to initialize OpenVR with code 110
[2016.12.04-12.56.44:291][  0]LogAIModule: Creating AISystem for world Untitled
[2016.12.04-12.56.44:299][  0]LogInit: XAudio2 using 'Haut-parleurs (Conexant SmartAudio HD)' : 2 channels at 48 kHz using 32 bits per sample (channel mask 0x3)
[2016.12.04-12.56.44:335][  0]LogInit: FAudioDevice initialized.
[2016.12.04-12.56.44:364][  0]LogDerivedDataCache: Saved boot cache 0.03s 62MB C:/Users/Jeremie/AppData/Local/UnrealEngine/4.13/DerivedDataCache/Boot.ddc.
[2016.12.04-12.56.44:369][  0]LogInit: Texture streaming: Enabled
[2016.12.04-12.56.44:393][  0]LogInit: Transaction tracking system initialized
[2016.12.04-12.56.44:410][  0]BlueprintLog: New page: Editor Load
[2016.12.04-12.56.44:471][  0]LocalizationService: Info Localization service is disabled
[2016.12.04-12.56.44:536][  0]LogConsoleResponse:Display: 
[2016.12.04-12.56.44:671][  0]LogCook:Display: Max memory allowance for cook 16384mb min free memory 0mb
[2016.12.04-12.56.44:671][  0]LogCook:Display: Mobile HDR setting 1
[2016.12.04-12.56.44:800][  0]LogFileCache: Scanning file cache for directory 'C:/Users/Jeremie/Documents/Unreal Projects/GitGameProg/Game1/Content/' took 0.02s
[2016.12.04-12.56.44:800][  0]SourceControl: Info Source control is disabled
[2016.12.04-12.56.44:800][  0]Cmd: MAP LOAD FILE="../../../../../../Users/Jeremie/Documents/Unreal Projects/GitGameProg/Game1/Content/SideScrollerBP/Maps/SideScrollerExampleMap.umap" TEMPLATE=0 SHOWPROGRESS=1 FEATURELEVEL=3
[2016.12.04-12.56.45:177][  0]LightingResults: New page: Lighting Build
[2016.12.04-12.56.45:183][  0]MapCheck: New page: Map Check
[2016.12.04-12.56.45:183][  0]LightingResults: New page: Lighting Build
[2016.12.04-12.56.49:834][  0]LogAIModule: Creating AISystem for world SideScrollerExampleMap
[2016.12.04-12.56.49:847][  0]LogEditorServer: Finished looking for orphan Actors (0.000 secs)
[2016.12.04-12.56.49:847][  0]Cmd: MAP CHECKDEP NOCLEARLOG
[2016.12.04-12.56.49:957][  0]MapCheck: Info Map check complete: 0 Error(s), 0 Warning(s), took 109.582ms to complete.
[2016.12.04-12.56.49:957][  0]LogFileHelpers: Loading map 'SideScrollerExampleMap' took 5.156
[2016.12.04-12.56.50:042][  0]ModoMaterialImporter: Starting Extension logic
[2016.12.04-12.56.50:147][  0]LogCollectionManager: Loaded 0 collections in 0.001224 seconds
[2016.12.04-12.56.50:185][  0]LogFileCache: Scanning file cache for directory 'C:/Users/Jeremie/Documents/Unreal Projects/GitGameProg/Game1/Saved/Collections/' took 0.01s
[2016.12.04-12.56.50:185][  0]LogFileCache: Scanning file cache for directory 'C:/Users/Jeremie/Documents/Unreal Projects/GitGameProg/Game1/Content/Developers/Jeremie/Collections/' took 0.01s
[2016.12.04-12.56.50:185][  0]LogFileCache: Scanning file cache for directory 'C:/Users/Jeremie/Documents/Unreal Projects/GitGameProg/Game1/Content/Collections/' took 0.01s
[2016.12.04-12.56.50:185][  0]LogCollectionManager: Rebuilt the GUID cache for 0 collections in 0.000002 seconds
[2016.12.04-12.56.50:196][  0]LogContentBrowser: Native class hierarchy populated in 0.0100 seconds. Added 2156 classes and 421 folders.
[2016.12.04-12.56.50:233][  0]LogStats: UGameplayTagsManager::ConstructGameplayTagTree: Construct from data asset -  0.000 s
[2016.12.04-12.56.50:233][  0]LogStats: UGameplayTagsManager::ConstructGameplayTagTree: GameplayTagTreeChangedEvent.Broadcast -  0.000 s
[2016.12.04-12.56.50:233][  0]LogContentBrowser: Native class hierarchy updated for 'GameplayTags' in 0.0006 seconds. Added 12 classes and 0 folders.
[2016.12.04-12.56.50:238][  0]LogContentBrowser: Native class hierarchy updated for 'WidgetCarousel' in 0.0005 seconds. Added 0 classes and 0 folders.
[2016.12.04-12.56.51:147][  0]LogContentBrowser: Native class hierarchy updated for 'AddContentDialog' in 0.0005 seconds. Added 0 classes and 0 folders.
[2016.12.04-12.56.51:151][  0]LogContentBrowser: Native class hierarchy updated for 'SceneOutliner' in 0.0005 seconds. Added 1 classes and 2 folders.
[2016.12.04-12.56.51:165][  0]LogCrashTracker: Crashtracker disabled due to settings.
[2016.12.04-12.56.51:169][  0]LogUObjectGlobals:Warning: Failed to find object 'Class None.'
[2016.12.04-12.56.51:199][  0]LogContentBrowser: Native class hierarchy updated for 'HierarchicalLODOutliner' in 0.0005 seconds. Added 1 classes and 2 folders.
[2016.12.04-12.56.51:199][  0]LogLoad: (Engine Initialization) Total time: 13.45 seconds
[2016.12.04-12.56.51:199][  0]LogLoad: (Engine Initialization) Total Blueprint compile time: 0.57 seconds
[2016.12.04-12.56.51:199][  0]LogExternalProfiler: No external profilers were discovered.  External profiling features will not be available.
[2016.12.04-12.56.51:212][  0]LogOcInput: OculusInput pre-init called
[2016.12.04-12.56.51:230][  0]LogContentStreaming: Texture pool size now 1000 MB
[2016.12.04-12.56.51:405][  0]LogRenderer: Reallocating scene render targets to support 764x456 (Frame:2).
[2016.12.04-12.56.51:780][  2]LogAssetRegistry: Asset discovery search completed in 9.9469 seconds
[2016.12.04-12.56.51:781][  2]LogCollectionManager: Rebuilt the object cache for 0 collections in 0.000001 seconds (found 0 objects)
[2016.12.04-12.56.51:781][  2]LogCollectionManager: Fixed up redirectors for 0 collections in 0.000022 seconds (updated 0 objects)
[2016.12.04-12.57.29:233][352]LogAIModule: Creating AISystem for world NewMap
[2016.12.04-12.57.29:237][352]LogSpawn:Warning: UWorld::DestroyActor: World has no context! World: NewMap, Actor: /Game/SideScrollerBP/Maps/NewMap.NewMap:PersistentLevel.DESTROYED_Door_C_CHILDACTOR_9
[2016.12.04-12.57.29:291][352]Cmd: MAP LOAD FILE="../../../../../../Users/Jeremie/Documents/Unreal Projects/GitGameProg/Game1/Content/SideScrollerBP/Maps/NewMap.umap" TEMPLATE=0 SHOWPROGRESS=1 FEATURELEVEL=3
[2016.12.04-12.57.29:291][352]LightingResults: New page: Lighting Build
[2016.12.04-12.57.29:292][352]LoadErrors: New page: Loading map: NewMap.umap
[2016.12.04-12.57.29:293][352]MapCheck: New page: Map Check
[2016.12.04-12.57.29:293][352]LightingResults: New page: Lighting Build
[2016.12.04-12.57.29:406][352]LogEditorServer: Finished looking for orphan Actors (0.000 secs)
[2016.12.04-12.57.29:458][352]Cmd: MAP CHECKDEP NOCLEARLOG
[2016.12.04-12.57.29:511][352]MapCheck: Info Map check complete: 0 Error(s), 0 Warning(s), took 52.699ms to complete.
[2016.12.04-12.57.29:511][352]LogFileHelpers: Loading map 'NewMap' took 0.221
[2016.12.04-12.57.49:047][531]LogEditorViewport: Clicking on Actor (LMB): SideScrollerCharacter_C (SideScrollerCharacter)
[2016.12.04-12.57.57:809][590]LogSavePackage: Save=597.59ms
[2016.12.04-12.57.57:809][590]LogSavePackage: Moving '../../../../../../Users/Jeremie/Documents/Unreal Projects/GitGameProg/Game1/Saved/NewMap7E6143EB4CA515EF8C222EAC4C8A7164.tmp' to '../../../../../../Users/Jeremie/Documents/Unreal Projects/GitGameProg/Game1/Content/SideScrollerBP/Maps/NewMap.umap'
[2016.12.04-12.57.57:814][590]LogSavePackage:Display: Finished SavePackage ../../../../../../Users/Jeremie/Documents/Unreal Projects/GitGameProg/Game1/Content/SideScrollerBP/Maps/NewMap.umap
[2016.12.04-12.57.57:867][590]LogFileHelpers: Saving map 'NewMap' took 0.745
[2016.12.04-12.58.23:588][785]LogBlueprintUserMessages: Early PlayInEditor Detection: Level '/Game/SideScrollerBP/Maps/NewMap.NewMap:PersistentLevel' has LevelScriptBlueprint '/Game/SideScrollerBP/Maps/NewMap.NewMap:PersistentLevel.NewMap' with GeneratedClass '/Game/SideScrollerBP/Maps/NewMap.NewMap_C' with ClassGeneratedBy '/Game/SideScrollerBP/Maps/NewMap.NewMap:PersistentLevel.NewMap'
[2016.12.04-12.58.23:588][785]LogPlayLevel: PlayLevel: No blueprints needed recompiling
[2016.12.04-12.58.23:588][785]PIE: New page: PIE session: NewMap (Dec 4, 2016, 2:58:23 PM)
[2016.12.04-12.58.23:588][785]LogPlayLevel: Creating play world package: /Game/SideScrollerBP/Maps/UEDPIE_0_NewMap
[2016.12.04-12.58.23:613][785]LogPlayLevel: PIE: StaticDuplicateObject took: (0.024663s)
[2016.12.04-12.58.23:614][785]LogAIModule: Creating AISystem for world NewMap
[2016.12.04-12.58.23:614][785]LogPlayLevel: PIE: World Init took: (0.000909s)
[2016.12.04-12.58.23:614][785]LogPlayLevel: PIE: Created PIE world by copying editor world from /Game/SideScrollerBP/Maps/NewMap.NewMap to /Game/SideScrollerBP/Maps/UEDPIE_0_NewMap.NewMap (0.025853s)
[2016.12.04-12.58.23:669][785]LogInit: XAudio2 using 'Haut-parleurs (Conexant SmartAudio HD)' : 2 channels at 48 kHz using 32 bits per sample (channel mask 0x3)
[2016.12.04-12.58.23:683][785]LogInit: FAudioDevice initialized.
[2016.12.04-12.58.23:766][785]LogWorld: Game class is 'SideScrollerGameMode_C'
[2016.12.04-12.58.23:772][785]LogWorld: Bringing World /Game/SideScrollerBP/Maps/UEDPIE_0_NewMap.NewMap up for play (max tick rate 0) at 2016.12.04-13.58.23
[2016.12.04-12.58.23:773][785]LogWorld: Bringing up level for play took: 0.006190
[2016.12.04-12.58.23:777][785]LogContentBrowser: Native class hierarchy updated for 'MovieSceneCapture' in 0.0005 seconds. Added 11 classes and 0 folders.
[2016.12.04-12.58.23:777][785]LogGameMode:Display: Match State Changed from EnteringMap to WaitingToStart
[2016.12.04-12.58.23:777][785]LogGameState: Match State Changed from EnteringMap to WaitingToStart
[2016.12.04-12.58.23:777][785]LogGameMode:Display: Match State Changed from WaitingToStart to InProgress
[2016.12.04-12.58.23:778][785]LogBlueprintUserMessages: [Lever_17] X=1130.000 Y=-3360.000 Z=1665.000
[2016.12.04-12.58.23:778][785]LogGameState: Match State Changed from WaitingToStart to InProgress
[2016.12.04-12.58.23:778][785]PIE: Info Play in editor start time for /Game/SideScrollerBP/Maps/UEDPIE_0_NewMap 0.328
[2016.12.04-12.58.23:778][785]LogBlueprintUserMessages: Late PlayInEditor Detection: Level '/Game/SideScrollerBP/Maps/NewMap.NewMap:PersistentLevel' has LevelScriptBlueprint '/Game/SideScrollerBP/Maps/NewMap.NewMap:PersistentLevel.NewMap' with GeneratedClass '/Game/SideScrollerBP/Maps/NewMap.NewMap_C' with ClassGeneratedBy '/Game/SideScrollerBP/Maps/NewMap.NewMap:PersistentLevel.NewMap'
[2016.12.04-12.58.53:040][ 55]LogBlueprintUserMessages: Early EndPlayMap Detection: Level '/Game/SideScrollerBP/Maps/NewMap.NewMap:PersistentLevel' has LevelScriptBlueprint '/Game/SideScrollerBP/Maps/NewMap.NewMap:PersistentLevel.NewMap' with GeneratedClass '/Game/SideScrollerBP/Maps/NewMap.NewMap_C' with ClassGeneratedBy '/Game/SideScrollerBP/Maps/NewMap.NewMap:PersistentLevel.NewMap'
[2016.12.04-12.58.53:240][ 55]LogBlueprintUserMessages: Late EndPlayMap Detection: Level '/Game/SideScrollerBP/Maps/NewMap.NewMap:PersistentLevel' has LevelScriptBlueprint '/Game/SideScrollerBP/Maps/NewMap.NewMap:PersistentLevel.NewMap' with GeneratedClass '/Game/SideScrollerBP/Maps/NewMap.NewMap_C' with ClassGeneratedBy '/Game/SideScrollerBP/Maps/NewMap.NewMap:PersistentLevel.NewMap'
[2016.12.04-12.59.07:896][149]LogBlueprintUserMessages: Early PlayInEditor Detection: Level '/Game/SideScrollerBP/Maps/NewMap.NewMap:PersistentLevel' has LevelScriptBlueprint '/Game/SideScrollerBP/Maps/NewMap.NewMap:PersistentLevel.NewMap' with GeneratedClass '/Game/SideScrollerBP/Maps/NewMap.NewMap_C' with ClassGeneratedBy '/Game/SideScrollerBP/Maps/NewMap.NewMap:PersistentLevel.NewMap'
[2016.12.04-12.59.07:896][149]LogPlayLevel: PlayLevel: No blueprints needed recompiling
[2016.12.04-12.59.07:896][149]PIE: New page: PIE session: NewMap (Dec 4, 2016, 2:59:07 PM)
[2016.12.04-12.59.07:896][149]LogPlayLevel: Creating play world package: /Game/SideScrollerBP/Maps/UEDPIE_0_NewMap
[2016.12.04-12.59.07:925][149]LogPlayLevel: PIE: StaticDuplicateObject took: (0.028469s)
[2016.12.04-12.59.07:926][149]LogAIModule: Creating AISystem for world NewMap
[2016.12.04-12.59.07:927][149]LogPlayLevel: PIE: World Init took: (0.002767s)
[2016.12.04-12.59.07:928][149]LogPlayLevel: PIE: Created PIE world by copying editor world from /Game/SideScrollerBP/Maps/NewMap.NewMap to /Game/SideScrollerBP/Maps/UEDPIE_0_NewMap.NewMap (0.031510s)
[2016.12.04-12.59.07:973][149]LogInit: XAudio2 using 'Haut-parleurs (Conexant SmartAudio HD)' : 2 channels at 48 kHz using 32 bits per sample (channel mask 0x3)
[2016.12.04-12.59.07:988][149]LogInit: FAudioDevice initialized.
[2016.12.04-12.59.08:016][149]LogWorld: Game class is 'SideScrollerGameMode_C'
[2016.12.04-12.59.08:021][149]LogWorld: Bringing World /Game/SideScrollerBP/Maps/UEDPIE_0_NewMap.NewMap up for play (max tick rate 0) at 2016.12.04-13.59.08
[2016.12.04-12.59.08:022][149]LogWorld: Bringing up level for play took: 0.005751
[2016.12.04-12.59.08:023][149]LogGameMode:Display: Match State Changed from EnteringMap to WaitingToStart
[2016.12.04-12.59.08:023][149]LogGameState: Match State Changed from EnteringMap to WaitingToStart
[2016.12.04-12.59.08:023][149]LogGameMode:Display: Match State Changed from WaitingToStart to InProgress
[2016.12.04-12.59.08:024][149]LogBlueprintUserMessages: [Lever_17] X=1130.000 Y=-3360.000 Z=1665.000
[2016.12.04-12.59.08:024][149]LogGameState: Match State Changed from WaitingToStart to InProgress
[2016.12.04-12.59.08:024][149]PIE: Info Play in editor start time for /Game/SideScrollerBP/Maps/UEDPIE_0_NewMap 0.572
[2016.12.04-12.59.08:024][149]LogBlueprintUserMessages: Late PlayInEditor Detection: Level '/Game/SideScrollerBP/Maps/NewMap.NewMap:PersistentLevel' has LevelScriptBlueprint '/Game/SideScrollerBP/Maps/NewMap.NewMap:PersistentLevel.NewMap' with GeneratedClass '/Game/SideScrollerBP/Maps/NewMap.NewMap_C' with ClassGeneratedBy '/Game/SideScrollerBP/Maps/NewMap.NewMap:PersistentLevel.NewMap'
[2016.12.04-12.59.11:949][181]Cmd: LevelEditor.ToggleImmersive
[2016.12.04-12.59.12:186][182]LogRenderer: Reallocating scene render targets to support 1600x860 (Frame:1431).
[2016.12.04-12.59.53:020][367]LogBlueprintUserMessages: Early EndPlayMap Detection: Level '/Game/SideScrollerBP/Maps/NewMap.NewMap:PersistentLevel' has LevelScriptBlueprint '/Game/SideScrollerBP/Maps/NewMap.NewMap:PersistentLevel.NewMap' with GeneratedClass '/Game/SideScrollerBP/Maps/NewMap.NewMap_C' with ClassGeneratedBy '/Game/SideScrollerBP/Maps/NewMap.NewMap:PersistentLevel.NewMap'
[2016.12.04-12.59.53:324][367]LogBlueprintUserMessages: Late EndPlayMap Detection: Level '/Game/SideScrollerBP/Maps/NewMap.NewMap:PersistentLevel' has LevelScriptBlueprint '/Game/SideScrollerBP/Maps/NewMap.NewMap:PersistentLevel.NewMap' with GeneratedClass '/Game/SideScrollerBP/Maps/NewMap.NewMap_C' with ClassGeneratedBy '/Game/SideScrollerBP/Maps/NewMap.NewMap:PersistentLevel.NewMap'
[2016.12.04-12.59.59:470][405]LogBlueprintUserMessages: Early PlayInEditor Detection: Level '/Game/SideScrollerBP/Maps/NewMap.NewMap:PersistentLevel' has LevelScriptBlueprint '/Game/SideScrollerBP/Maps/NewMap.NewMap:PersistentLevel.NewMap' with GeneratedClass '/Game/SideScrollerBP/Maps/NewMap.NewMap_C' with ClassGeneratedBy '/Game/SideScrollerBP/Maps/NewMap.NewMap:PersistentLevel.NewMap'
[2016.12.04-12.59.59:470][405]LogPlayLevel: PlayLevel: No blueprints needed recompiling
[2016.12.04-12.59.59:470][405]PIE: New page: PIE session: NewMap (Dec 4, 2016, 2:59:59 PM)
[2016.12.04-12.59.59:470][405]LogPlayLevel: Creating play world package: /Game/SideScrollerBP/Maps/UEDPIE_0_NewMap
[2016.12.04-12.59.59:490][405]LogPlayLevel: PIE: StaticDuplicateObject took: (0.019198s)
[2016.12.04-12.59.59:490][405]LogAIModule: Creating AISystem for world NewMap
[2016.12.04-12.59.59:491][405]LogPlayLevel: PIE: World Init took: (0.000838s)
[2016.12.04-12.59.59:491][405]LogPlayLevel: PIE: Created PIE world by copying editor world from /Game/SideScrollerBP/Maps/NewMap.NewMap to /Game/SideScrollerBP/Maps/UEDPIE_0_NewMap.NewMap (0.020312s)
[2016.12.04-12.59.59:548][405]LogInit: XAudio2 using 'Haut-parleurs (Conexant SmartAudio HD)' : 2 channels at 48 kHz using 32 bits per sample (channel mask 0x3)
[2016.12.04-12.59.59:560][405]LogInit: FAudioDevice initialized.
[2016.12.04-12.59.59:590][405]LogWorld: Game class is 'SideScrollerGameMode_C'
[2016.12.04-12.59.59:596][405]LogWorld: Bringing World /Game/SideScrollerBP/Maps/UEDPIE_0_NewMap.NewMap up for play (max tick rate 0) at 2016.12.04-13.59.59
[2016.12.04-12.59.59:597][405]LogWorld: Bringing up level for play took: 0.006993
[2016.12.04-12.59.59:599][405]LogGameMode:Display: Match State Changed from EnteringMap to WaitingToStart
[2016.12.04-12.59.59:599][405]LogGameState: Match State Changed from EnteringMap to WaitingToStart
[2016.12.04-12.59.59:599][405]LogGameMode:Display: Match State Changed from WaitingToStart to InProgress
[2016.12.04-12.59.59:599][405]LogBlueprintUserMessages: [Lever_17] X=1130.000 Y=-3360.000 Z=1665.000
[2016.12.04-12.59.59:599][405]LogGameState: Match State Changed from WaitingToStart to InProgress
[2016.12.04-12.59.59:599][405]PIE: Info Play in editor start time for /Game/SideScrollerBP/Maps/UEDPIE_0_NewMap 0.147
[2016.12.04-12.59.59:600][405]LogBlueprintUserMessages: Late PlayInEditor Detection: Level '/Game/SideScrollerBP/Maps/NewMap.NewMap:PersistentLevel' has LevelScriptBlueprint '/Game/SideScrollerBP/Maps/NewMap.NewMap:PersistentLevel.NewMap' with GeneratedClass '/Game/SideScrollerBP/Maps/NewMap.NewMap_C' with ClassGeneratedBy '/Game/SideScrollerBP/Maps/NewMap.NewMap:PersistentLevel.NewMap'
[2016.12.04-13.00.15:646][541]LogBlueprintUserMessages: Early EndPlayMap Detection: Level '/Game/SideScrollerBP/Maps/NewMap.NewMap:PersistentLevel' has LevelScriptBlueprint '/Game/SideScrollerBP/Maps/NewMap.NewMap:PersistentLevel.NewMap' with GeneratedClass '/Game/SideScrollerBP/Maps/NewMap.NewMap_C' with ClassGeneratedBy '/Game/SideScrollerBP/Maps/NewMap.NewMap:PersistentLevel.NewMap'
[2016.12.04-13.00.15:826][541]LogBlueprintUserMessages: Late EndPlayMap Detection: Level '/Game/SideScrollerBP/Maps/NewMap.NewMap:PersistentLevel' has LevelScriptBlueprint '/Game/SideScrollerBP/Maps/NewMap.NewMap:PersistentLevel.NewMap' with GeneratedClass '/Game/SideScrollerBP/Maps/NewMap.NewMap_C' with ClassGeneratedBy '/Game/SideScrollerBP/Maps/NewMap.NewMap:PersistentLevel.NewMap'
[2016.12.04-13.00.18:092][555]Cmd: QUIT_EDITOR
[2016.12.04-13.00.18:182][555]LogExit: Preparing to exit.
[2016.12.04-13.00.18:862][555]LogDirectoryWatcher: A directory notification for 'C:/Users/Jeremie/Documents/Unreal Projects/GitGameProg/Game1/Content/' was aborted.
[2016.12.04-13.00.18:884][555]LogExit: Editor shut down
[2016.12.04-13.00.18:885][555]LogExit: Transaction tracking system shut down
[2016.12.04-13.00.19:023][555]LogObj: Freed 0b from 0 cluster array pools.
[2016.12.04-13.00.19:025][555]LogExit: Object subsystem successfully closed.
[2016.12.04-13.00.19:047][555]LogD3D11RHI: Shutdown
[2016.12.04-13.00.19:047][555]LogD3D11RHI: CleanupD3DDevice
[2016.12.04-13.00.20:242][555]LogD3D11RHI: ~FD3D11DynamicRHI
[2016.12.04-13.00.20:266][555]LogModuleManager: Shutting down and abandoning module MovieSceneCapture (238)
[2016.12.04-13.00.20:266][555]LogModuleManager: Shutting down and abandoning module HierarchicalLODOutliner (237)
[2016.12.04-13.00.20:266][555]LogModuleManager: Shutting down and abandoning module CrashTracker (236)
[2016.12.04-13.00.20:266][555]LogModuleManager: Shutting down and abandoning module SceneOutliner (235)
[2016.12.04-13.00.20:266][555]LogModuleManager: Shutting down and abandoning module WidgetCarousel (234)
[2016.12.04-13.00.20:266][555]LogModuleManager: Shutting down and abandoning module AddContentDialog (233)
[2016.12.04-13.00.20:266][555]LogDirectoryWatcher: A directory notification for 'C:/Program Files (x86)/Epic Games/4.13/FeaturePacks/' was aborted.
[2016.12.04-13.00.20:267][555]LogModuleManager: Shutting down and abandoning module GameplayTags (232)
[2016.12.04-13.00.20:267][555]LogModuleManager: Shutting down and abandoning module EditorWidgets (231)
[2016.12.04-13.00.20:267][555]LogModuleManager: Shutting down and abandoning module CollectionManager (230)
[2016.12.04-13.00.20:267][555]LogDirectoryWatcher: A directory notification for 'C:/Users/Jeremie/Documents/Unreal Projects/GitGameProg/Game1/Content/Collections/' was aborted.
[2016.12.04-13.00.20:267][555]LogDirectoryWatcher: A directory notification for 'C:/Users/Jeremie/Documents/Unreal Projects/GitGameProg/Game1/Content/Developers/Jeremie/Collections/' was aborted.
[2016.12.04-13.00.20:267][555]LogDirectoryWatcher: A directory notification for 'C:/Users/Jeremie/Documents/Unreal Projects/GitGameProg/Game1/Saved/Collections/' was aborted.
[2016.12.04-13.00.20:267][555]LogModuleManager: Shutting down and abandoning module StatsViewer (229)
[2016.12.04-13.00.20:267][555]LogModuleManager: Shutting down and abandoning module FoliageEdit (228)
[2016.12.04-13.00.20:267][555]LogModuleManager: Shutting down and abandoning module LandscapeEditor (227)
[2016.12.04-13.00.20:268][555]LogModuleManager: Shutting down and abandoning module SceneDepthPickerMode (226)
[2016.12.04-13.00.20:268][555]LogModuleManager: Shutting down and abandoning module ActorPickerMode (225)
[2016.12.04-13.00.20:268][555]LogModuleManager: Shutting down and abandoning module GeometryMode (224)
[2016.12.04-13.00.20:268][555]LogModuleManager: Shutting down and abandoning module TextureAlignMode (223)
[2016.12.04-13.00.20:268][555]LogModuleManager: Shutting down and abandoning module BspMode (222)
[2016.12.04-13.00.20:268][555]LogModuleManager: Shutting down and abandoning module HardwareSurvey (221)
[2016.12.04-13.00.20:268][555]LogModuleManager: Shutting down and abandoning module SequenceRecorderSections (220)
[2016.12.04-13.00.20:268][555]LogModuleManager: Shutting down and abandoning module SequenceRecorder (219)
[2016.12.04-13.00.20:268][555]LogModuleManager: Shutting down and abandoning module AutomationWorker (218)
[2016.12.04-13.00.20:268][555]LogModuleManager: Shutting down and abandoning module MatineeToLevelSequence (217)
[2016.12.04-13.00.20:268][555]LogModuleManager: Shutting down and abandoning module PlacementMode (216)
[2016.12.04-13.00.20:268][555]LogModuleManager: Shutting down and abandoning module LevelSequenceEditor (215)
[2016.12.04-13.00.20:268][555]LogModuleManager: Shutting down and abandoning module WmfMediaFactory (214)
[2016.12.04-13.00.20:268][555]LogModuleManager: Shutting down and abandoning module WmfMediaEditor (213)
[2016.12.04-13.00.20:268][555]LogModuleManager: Shutting down and abandoning module AvfMediaFactory (212)
[2016.12.04-13.00.20:268][555]LogModuleManager: Shutting down and abandoning module AvfMediaEditor (211)
[2016.12.04-13.00.20:268][555]LogModuleManager: Shutting down and abandoning module Media (210)
[2016.12.04-13.00.20:268][555]LogModuleManager: Shutting down and abandoning module AndroidMediaFactory (209)
[2016.12.04-13.00.20:268][555]LogModuleManager: Shutting down and abandoning module AndroidMediaEditor (208)
[2016.12.04-13.00.20:268][555]LogModuleManager: Shutting down and abandoning module CharacterAI (207)
[2016.12.04-13.00.20:268][555]LogModuleManager: Shutting down and abandoning module SmartSnapping (206)
[2016.12.04-13.00.20:268][555]LogModuleManager: Shutting down and abandoning module SessionServices (205)
[2016.12.04-13.00.20:268][555]LogModuleManager: Shutting down and abandoning module ViewportSnapping (204)
[2016.12.04-13.00.20:268][555]LogModuleManager: Shutting down and abandoning module ViewportInteraction (203)
[2016.12.04-13.00.20:268][555]LogModuleManager: Shutting down and abandoning module LogVisualizer (202)
[2016.12.04-13.00.20:268][555]LogModuleManager: Shutting down and abandoning module GameProjectGeneration (201)
[2016.12.04-13.00.20:268][555]LogModuleManager: Shutting down and abandoning module IntroTutorials (200)
[2016.12.04-13.00.20:268][555]LogModuleManager: Shutting down and abandoning module EditorLiveStreaming (199)
[2016.12.04-13.00.20:268][555]LogModuleManager: Shutting down and abandoning module IOSPlatformEditor (198)
[2016.12.04-13.00.20:268][555]LogModuleManager: Shutting down and abandoning module HTML5PlatformEditor (197)
[2016.12.04-13.00.20:268][555]LogModuleManager: Shutting down and abandoning module AndroidDeviceDetection (196)
[2016.12.04-13.00.20:544][555]LogModuleManager: Shutting down and abandoning module AndroidPlatformEditor (195)
[2016.12.04-13.00.20:544][555]LogModuleManager: Shutting down and abandoning module IOSRuntimeSettings (194)
[2016.12.04-13.00.20:544][555]LogModuleManager: Shutting down and abandoning module AndroidRuntimeSettings (193)
[2016.12.04-13.00.20:544][555]LogModuleManager: Shutting down and abandoning module NiagaraEditor (192)
[2016.12.04-13.00.20:544][555]LogModuleManager: Shutting down and abandoning module MergeActors (191)
[2016.12.04-13.00.20:544][555]LogModuleManager: Shutting down and abandoning module SizeMap (190)
[2016.12.04-13.00.20:544][555]LogModuleManager: Shutting down and abandoning module TreeMap (189)
[2016.12.04-13.00.20:544][555]LogModuleManager: Shutting down and abandoning module ReferenceViewer (188)
[2016.12.04-13.00.20:544][555]LogModuleManager: Shutting down and abandoning module LocalizationService (187)
[2016.12.04-13.00.20:544][555]LogModuleManager: Shutting down and abandoning module LocalizationDashboard (186)
[2016.12.04-13.00.20:544][555]LogModuleManager: Shutting down and abandoning module HardwareTargeting (185)
[2016.12.04-13.00.20:544][555]LogModuleManager: Shutting down and abandoning module DeviceProfileEditor (184)
[2016.12.04-13.00.20:544][555]LogModuleManager: Shutting down and abandoning module UndoHistory (183)
[2016.12.04-13.00.20:544][555]LogModuleManager: Shutting down and abandoning module UserFeedback (182)
[2016.12.04-13.00.20:544][555]LogModuleManager: Shutting down and abandoning module XmlParser (181)
[2016.12.04-13.00.20:544][555]LogModuleManager: Shutting down and abandoning module Blutility (180)
[2016.12.04-13.00.20:544][555]LogModuleManager: Shutting down and abandoning module ProjectTargetPlatformEditor (179)
[2016.12.04-13.00.20:544][555]LogModuleManager: Shutting down and abandoning module ProjectSettingsViewer (178)
[2016.12.04-13.00.20:544][555]LogModuleManager: Shutting down and abandoning module InputBindingEditor (177)
[2016.12.04-13.00.20:545][555]LogModuleManager: Shutting down and abandoning module EditorSettingsViewer (176)
[2016.12.04-13.00.20:545][555]LogModuleManager: Shutting down and abandoning module SettingsEditor (175)
[2016.12.04-13.00.20:545][555]LogModuleManager: Shutting down and abandoning module ProjectLauncher (174)
[2016.12.04-13.00.20:545][555]LogModuleManager: Shutting down and abandoning module SessionFrontend (173)
[2016.12.04-13.00.20:545][555]LogModuleManager: Shutting down and abandoning module ProfilerClient (172)
[2016.12.04-13.00.20:545][555]LogModuleManager: Shutting down and abandoning module TargetDeviceServices (171)
[2016.12.04-13.00.20:545][555]LogModuleManager: Shutting down and abandoning module DeviceManager (170)
[2016.12.04-13.00.20:585][555]LogModuleManager: Shutting down and abandoning module AutomationController (169)
[2016.12.04-13.00.20:585][555]LogModuleManager: Shutting down and abandoning module AutomationWindow (168)
[2016.12.04-13.00.20:585][555]LogModuleManager: Shutting down and abandoning module Layers (167)
[2016.12.04-13.00.20:585][555]LogModuleManager: Shutting down and abandoning module ComponentVisualizers (166)
[2016.12.04-13.00.20:585][555]LogModuleManager: Shutting down and abandoning module DetailCustomizations (165)
[2016.12.04-13.00.20:585][555]LogModuleManager: Shutting down and abandoning module PackagesDialog (164)
[2016.12.04-13.00.20:585][555]LogModuleManager: Shutting down and abandoning module AnimGraph (163)
[2016.12.04-13.00.20:585][555]LogModuleManager: Shutting down and abandoning module Persona (162)
[2016.12.04-13.00.20:585][555]LogModuleManager: Shutting down and abandoning module Kismet (161)
[2016.12.04-13.00.20:589][555]LogModuleManager: Shutting down and abandoning module GraphEditor (160)
[2016.12.04-13.00.20:589][555]LogModuleManager: Shutting down and abandoning module ClassViewer (159)
[2016.12.04-13.00.20:589][555]LogModuleManager: Shutting down and abandoning module Toolbox (158)
[2016.12.04-13.00.20:589][555]LogModuleManager: Shutting down and abandoning module ModuleUI (157)
[2016.12.04-13.00.20:589][555]LogModuleManager: Shutting down and abandoning module MovieSceneTools (156)
[2016.12.04-13.00.20:589][555]LogModuleManager: Shutting down and abandoning module OutputLog (155)
[2016.12.04-13.00.20:589][555]LogModuleManager: Shutting down and abandoning module GammaUI (154)
[2016.12.04-13.00.20:589][555]LogModuleManager: Shutting down and abandoning module Documentation (153)
[2016.12.04-13.00.20:589][555]LogModuleManager: Shutting down and abandoning module Niagara (152)
[2016.12.04-13.00.20:589][555]LogModuleManager: Shutting down and abandoning module StreamingPauseRendering (151)
[2016.12.04-13.00.20:589][555]LogModuleManager: Shutting down and abandoning module AnalyticsET (150)
[2016.12.04-13.00.20:589][555]LogModuleManager: Shutting down and abandoning module PortalServices (149)
[2016.12.04-13.00.20:589][555]LogModuleManager: Shutting down and abandoning module PortalRpc (148)
[2016.12.04-13.00.20:589][555]LogModuleManager: Shutting down and abandoning module MessagingRpc (147)
[2016.12.04-13.00.20:589][555]LogModuleManager: Shutting down and abandoning module GameplayDebugger (146)
[2016.12.04-13.00.20:589][555]LogModuleManager: Shutting down and abandoning module AITestSuite (145)
[2016.12.04-13.00.20:589][555]LogModuleManager: Shutting down and abandoning module AIModule (144)
[2016.12.04-13.00.20:589][555]LogModuleManager: Shutting down and abandoning module ProfilerService (143)
[2016.12.04-13.00.20:680][555]LogModuleManager: Shutting down and abandoning module TaskGraph (142)
[2016.12.04-13.00.20:680][555]LogModuleManager: Shutting down and abandoning module SubstanceEditor (141)
[2016.12.04-13.00.20:680][555]LogModuleManager: Shutting down and abandoning module SlateRemote (140)
[2016.12.04-13.00.20:680][555]LogModuleManager: Shutting down and abandoning module SteamVRController (139)
[2016.12.04-13.00.20:680][555]LogModuleManager: Shutting down and abandoning module SteamVR (138)
[2016.12.04-13.00.20:680][555]LogModuleManager: Shutting down and abandoning module ProceduralMeshComponentEditor (137)
[2016.12.04-13.00.20:681][555]LogModuleManager: Shutting down and abandoning module ProceduralMeshComponent (136)
[2016.12.04-13.00.20:681][555]LogModuleManager: Shutting down and abandoning module OculusLibrary (135)
[2016.12.04-13.00.20:681][555]LogModuleManager: Shutting down and abandoning module OculusInput (134)
[2016.12.04-13.00.20:681][555]LogModuleManager: Shutting down and abandoning module CustomMeshComponent (133)
[2016.12.04-13.00.20:681][555]LogModuleManager: Shutting down and abandoning module CableComponent (132)
[2016.12.04-13.00.20:681][555]LogModuleManager: Shutting down and abandoning module ArchVisCharacter (131)
[2016.12.04-13.00.20:681][555]LogModuleManager: Shutting down and abandoning module MediaPlayerEditor (129)
[2016.12.04-13.00.20:681][555]LogModuleManager: Shutting down and abandoning module ModoMaterialImporter (128)
[2016.12.04-13.00.20:681][555]LogModuleManager: Shutting down and abandoning module HTML5Networking (127)
[2016.12.04-13.00.20:681][555]LogModuleManager: Shutting down and abandoning module GeometryCacheEd (126)
[2016.12.04-13.00.20:681][555]LogModuleManager: Shutting down and abandoning module GeometryCache (125)
[2016.12.04-13.00.20:681][555]LogModuleManager: Shutting down and abandoning module AlembicLibrary (124)
[2016.12.04-13.00.20:681][555]LogModuleManager: Shutting down and abandoning module AlembicImporter (123)
[2016.12.04-13.00.20:681][555]LogModuleManager: Shutting down and abandoning module SuperSearch (122)
[2016.12.04-13.00.20:681][555]LogModuleManager: Shutting down and abandoning module SuperSearchEditor (121)
[2016.12.04-13.00.20:681][555]LogModuleManager: Shutting down and abandoning module SpeedTreeImporter (120)
[2016.12.04-13.00.20:681][555]LogModuleManager: Shutting down and abandoning module PluginBrowser (119)
[2016.12.04-13.00.20:681][555]LogModuleManager: Shutting down and abandoning module MobileLauncherProfileWizard (118)
[2016.12.04-13.00.20:681][555]LogModuleManager: Shutting down and abandoning module EpicSurvey (117)
[2016.12.04-13.00.20:681][555]LogModuleManager: Shutting down and abandoning module DesktopPlatform (116)
[2016.12.04-13.00.20:681][555]LogModuleManager: Shutting down and abandoning module VisualStudioSourceCodeAccess (115)
[2016.12.04-13.00.20:681][555]LogModuleManager: Shutting down and abandoning module UObjectPlugin (114)
[2016.12.04-13.00.20:681][555]LogModuleManager: Shutting down and abandoning module SubversionSourceControl (113)
[2016.12.04-13.00.20:681][555]LogModuleManager: Shutting down and abandoning module PerforceSourceControl (112)
[2016.12.04-13.00.20:681][555]LogModuleManager: Shutting down and abandoning module SourceControl (111)
[2016.12.04-13.00.20:681][555]LogModuleManager: Shutting down and abandoning module GitSourceControl (110)
[2016.12.04-13.00.20:681][555]LogModuleManager: Shutting down and abandoning module LightPropagationVolumeEditor (109)
[2016.12.04-13.00.20:681][555]LogModuleManager: Shutting down and abandoning module PaperTiledImporter (108)
[2016.12.04-13.00.20:681][555]LogModuleManager: Shutting down and abandoning module PaperSpriteSheetImporter (107)
[2016.12.04-13.00.20:681][555]LogModuleManager: Shutting down and abandoning module MeshPaint (106)
[2016.12.04-13.00.20:681][555]LogModuleManager: Shutting down and abandoning module FbxAutomationBuilderModule (105)
[2016.12.04-13.00.20:681][555]LogModuleManager: Shutting down and abandoning module PixelInspectorModule (104)
[2016.12.04-13.00.20:681][555]LogModuleManager: Shutting down and abandoning module HotReload (103)
[2016.12.04-13.00.20:682][555]LogModuleManager: Shutting down and abandoning module MainFrame (102)
[2016.12.04-13.00.20:682][555]LogModuleManager: Shutting down and abandoning module LevelEditor (101)
[2016.12.04-13.00.20:683][555]LogModuleManager: Shutting down and abandoning module ContentBrowser (100)
[2016.12.04-13.00.20:684][555]LogModuleManager: Shutting down and abandoning module Paper2DEditor (99)
[2016.12.04-13.00.20:684][555]LogModuleManager: Shutting down and abandoning module UdpMessaging (98)
[2016.12.04-13.00.20:784][555]LogModuleManager: Shutting down and abandoning module TcpMessaging (97)
[2016.12.04-13.00.20:884][555]LogModuleManager: Shutting down and abandoning module SubstanceCore (96)
[2016.12.04-13.00.20:884][555]LogModuleManager: Shutting down and abandoning module ModoPlugin (95)
[2016.12.04-13.00.20:884][555]LogModuleManager: Shutting down and abandoning module LightPropagationVolumeRuntime (94)
[2016.12.04-13.00.20:884][555]LogModuleManager: Shutting down and abandoning module Paper2D (93)
[2016.12.04-13.00.20:884][555]LogModuleManager: Shutting down and abandoning module WindowsMoviePlayer (92)
[2016.12.04-13.00.20:884][555]LogModuleManager: Shutting down and abandoning module WmfMedia (91)
[2016.12.04-13.00.20:884][555]LogModuleManager: Shutting down and abandoning module MediaAssets (90)
[2016.12.04-13.00.20:885][555]LogModuleManager: Shutting down and abandoning module GameLiveStreaming (89)
[2016.12.04-13.00.20:885][555]LogModuleManager: Shutting down and abandoning module GameplayTagsEditor (88)
[2016.12.04-13.00.20:885][555]LogModuleManager: Shutting down and abandoning module VREditor (87)
[2016.12.04-13.00.20:885][555]LogModuleManager: Shutting down and abandoning module GameplayTasksEditor (86)
[2016.12.04-13.00.20:885][555]LogModuleManager: Shutting down and abandoning module PropertyEditor (85)
[2016.12.04-13.00.20:885][555]LogModuleManager: Shutting down and abandoning module BehaviorTreeEditor (84)
[2016.12.04-13.00.20:885][555]LogModuleManager: Shutting down and abandoning module FunctionalTesting (83)
[2016.12.04-13.00.20:885][555]LogModuleManager: Shutting down and abandoning module CollisionAnalyzer (82)
[2016.12.04-13.00.20:885][555]LogModuleManager: Shutting down and abandoning module Sequencer (81)
[2016.12.04-13.00.20:885][555]LogModuleManager: Shutting down and abandoning module WorkspaceMenuStructure (80)
[2016.12.04-13.00.20:885][555]LogModuleManager: Shutting down and abandoning module MessageLog (79)
[2016.12.04-13.00.20:885][555]LogModuleManager: Shutting down and abandoning module AssetTools (78)
[2016.12.04-13.00.20:885][555]LogModuleManager: Shutting down and abandoning module UMGEditor (77)
[2016.12.04-13.00.20:885][555]LogModuleManager: Shutting down and abandoning module UMG (76)
[2016.12.04-13.00.20:885][555]LogModuleManager: Shutting down and abandoning module SlateReflector (75)
[2016.12.04-13.00.20:885][555]LogModuleManager: Shutting down and abandoning module Slate (74)
[2016.12.04-13.00.20:885][555]LogModuleManager: Shutting down and abandoning module EditorStyle (73)
[2016.12.04-13.00.20:888][555]LogModuleManager: Shutting down and abandoning module SourceCodeAccess (72)
[2016.12.04-13.00.20:888][555]LogModuleManager: Shutting down and abandoning module HeadMountedDisplay (71)
[2016.12.04-13.00.20:888][555]LogModuleManager: Shutting down and abandoning module XAudio2 (70)
[2016.12.04-13.00.20:888][555]LogModuleManager: Shutting down and abandoning module Networking (68)
[2016.12.04-13.00.20:888][555]LogModuleManager: Shutting down and abandoning module Core (67)
[2016.12.04-13.00.20:888][555]LogModuleManager: Shutting down and abandoning module DirectoryWatcher (66)
[2016.12.04-13.00.20:888][555]LogDirectoryWatcher: A directory notification for '../../../Engine/Content/' was aborted.
[2016.12.04-13.00.20:888][555]LogDirectoryWatcher: A directory notification for '../../../../../../Users/Jeremie/Documents/Unreal Projects/GitGameProg/Game1/Content/' was aborted.
[2016.12.04-13.00.20:889][555]LogDirectoryWatcher: A directory notification for '../../../Engine/Plugins/2D/Paper2D/Content/' was aborted.
[2016.12.04-13.00.20:889][555]LogModuleManager: Shutting down and abandoning module AssetRegistry (65)
[2016.12.04-13.00.21:019][555]LogModuleManager: Shutting down and abandoning module KismetCompiler (64)
[2016.12.04-13.00.21:020][555]LogModuleManager: Shutting down and abandoning module PhysXFormats (63)
[2016.12.04-13.00.21:020][555]LogModuleManager: Shutting down and abandoning module MeshUtilities (62)
[2016.12.04-13.00.21:020][555]LogModuleManager: Shutting down and abandoning module DerivedDataCache (61)
[2016.12.04-13.00.21:036][555]LogDerivedDataCache: Shutdown
[2016.12.04-13.00.21:036][555]LogModuleManager: Shutting down and abandoning module VulkanShaderFormat (60)
[2016.12.04-13.00.21:036][555]LogModuleManager: Shutting down and abandoning module ShaderFormatOpenGL (59)
[2016.12.04-13.00.21:036][555]LogModuleManager: Shutting down and abandoning module ShaderFormatD3D (58)
[2016.12.04-13.00.21:036][555]LogModuleManager: Shutting down and abandoning module MetalShaderFormat (57)
[2016.12.04-13.00.21:036][555]LogModuleManager: Shutting down and abandoning module TextureFormatUncompressed (56)
[2016.12.04-13.00.21:036][555]LogModuleManager: Shutting down and abandoning module TextureFormatPVR (55)
[2016.12.04-13.00.21:036][555]LogModuleManager: Shutting down and abandoning module TextureFormatDXT (54)
[2016.12.04-13.00.21:036][555]LogModuleManager: Shutting down and abandoning module TextureFormatIntelISPCTexComp (53)
[2016.12.04-13.00.21:036][555]LogModuleManager: Shutting down and abandoning module ImageWrapper (52)
[2016.12.04-13.00.21:036][555]LogModuleManager: Shutting down and abandoning module TextureFormatASTC (51)
[2016.12.04-13.00.21:036][555]LogModuleManager: Shutting down and abandoning module TextureFormatAndroid (50)
[2016.12.04-13.00.21:036][555]LogModuleManager: Shutting down and abandoning module AudioFormatOpus (49)
[2016.12.04-13.00.21:036][555]LogModuleManager: Shutting down and abandoning module AudioFormatOgg (48)
[2016.12.04-13.00.21:036][555]LogModuleManager: Shutting down and abandoning module AudioFormatADPCM (47)
[2016.12.04-13.00.21:036][555]LogModuleManager: Shutting down and abandoning module LinuxTargetPlatform (46)
[2016.12.04-13.00.21:036][555]LogModuleManager: Shutting down and abandoning module LinuxServerTargetPlatform (45)
[2016.12.04-13.00.21:036][555]LogModuleManager: Shutting down and abandoning module LinuxNoEditorTargetPlatform (44)
[2016.12.04-13.00.21:036][555]LogModuleManager: Shutting down and abandoning module LinuxClientTargetPlatform (43)
[2016.12.04-13.00.21:036][555]LogModuleManager: Shutting down and abandoning module TVOSTargetPlatform (42)
[2016.12.04-13.00.21:036][555]LogModuleManager: Shutting down and abandoning module Messaging (41)
[2016.12.04-13.00.21:036][555]LogModuleManager: Shutting down and abandoning module IOSTargetPlatform (40)
[2016.12.04-13.00.21:036][555]LogModuleManager: Shutting down and abandoning module HTML5TargetPlatform (39)
[2016.12.04-13.00.21:036][555]LogModuleManager: Shutting down and abandoning module Android_PVRTCTargetPlatform (38)
[2016.12.04-13.00.21:036][555]LogModuleManager: Shutting down and abandoning module Android_MultiTargetPlatform (37)
[2016.12.04-13.00.21:036][555]LogModuleManager: Shutting down and abandoning module Android_ETC2TargetPlatform (36)
[2016.12.04-13.00.21:036][555]LogModuleManager: Shutting down and abandoning module Android_ETC1TargetPlatform (35)
[2016.12.04-13.00.21:036][555]LogModuleManager: Shutting down and abandoning module Android_DXTTargetPlatform (34)
[2016.12.04-13.00.21:036][555]LogModuleManager: Shutting down and abandoning module Android_ATCTargetPlatform (33)
[2016.12.04-13.00.21:036][555]LogModuleManager: Shutting down and abandoning module Android_ASTCTargetPlatform (32)
[2016.12.04-13.00.21:036][555]LogModuleManager: Shutting down and abandoning module AndroidTargetPlatform (31)
[2016.12.04-13.00.21:036][555]LogModuleManager: Shutting down and abandoning module WindowsTargetPlatform (30)
[2016.12.04-13.00.21:036][555]LogModuleManager: Shutting down and abandoning module WindowsServerTargetPlatform (29)
[2016.12.04-13.00.21:036][555]LogModuleManager: Shutting down and abandoning module WindowsNoEditorTargetPlatform (28)
[2016.12.04-13.00.21:036][555]LogModuleManager: Shutting down and abandoning module WindowsClientTargetPlatform (27)
[2016.12.04-13.00.21:036][555]LogModuleManager: Shutting down and abandoning module AllDesktopTargetPlatform (26)
[2016.12.04-13.00.21:036][555]LogModuleManager: Shutting down and abandoning module TargetPlatform (25)
[2016.12.04-13.00.21:036][555]LogModuleManager: Shutting down and abandoning module InputCore (24)
[2016.12.04-13.00.21:036][555]LogModuleManager: Shutting down and abandoning module Settings (23)
[2016.12.04-13.00.21:036][555]LogModuleManager: Shutting down and abandoning module OculusRift (22)
[2016.12.04-13.00.21:036][555]LogModuleManager: Shutting down and abandoning module GearVR (21)
[2016.12.04-13.00.21:036][555]LogModuleManager: Shutting down and abandoning module ExampleDeviceProfileSelector (20)
[2016.12.04-13.00.21:036][555]LogModuleManager: Shutting down and abandoning module OnlineBlueprintSupport (19)
[2016.12.04-13.00.21:036][555]LogModuleManager: Shutting down and abandoning module OnlineSubsystem (17)
[2016.12.04-13.00.21:036][555]LogOnline:Display: Unloading online subsystem: NULL
[2016.12.04-13.00.21:036][555]LogModuleManager: Shutting down and abandoning module HTTP (16)
[2016.12.04-13.00.21:036][555]LogHttp:Display: Http module shutting down, but needs to wait on 1 outstanding Http requests:
[2016.12.04-13.00.21:036][555]LogHttp:Display: 	verb=[POST] url=[https://datarouter.ol.epicgames.com/datarouter/api/v1/public/data?SessionID=%7BF32838A2-4725-D9D8-96AF-0D9DF6CF383B%7D&AppID=UEEditor.Rocket.Release&AppVersion=4.13.2-3172292%2B%2B%2BUE4%2BRelease-4.13&UserID=7427c70546b03c75682dfd922bcb188e%7C7063918164d34366a35f01cc4397128a%7Ce11dd623-425c-43ea-8dec-12cfe46a8a95&AppEnvironment=datacollector-binary&UploadType=eteventstream] status=Processing
[2016.12.04-13.00.21:063][555]LogModuleManager: Shutting down and abandoning module XMPP (15)
[2016.12.04-13.00.21:063][555]LogModuleManager: Shutting down and abandoning module TextureCompressor (14)
[2016.12.04-13.00.21:063][555]LogModuleManager: Shutting down and abandoning module ShaderCore (13)
[2016.12.04-13.00.21:063][555]LogModuleManager: Shutting down and abandoning module Landscape (12)
[2016.12.04-13.00.21:063][555]LogModuleManager: Shutting down and abandoning module SlateRHIRenderer (11)
[2016.12.04-13.00.21:064][555]LogModuleManager: Shutting down and abandoning module OpenGLDrv (10)
[2016.12.04-13.00.21:064][555]LogModuleManager: Shutting down and abandoning module D3D11RHI (9)
[2016.12.04-13.00.21:064][555]LogModuleManager: Shutting down and abandoning module AnimGraphRuntime (8)
[2016.12.04-13.00.21:064][555]LogModuleManager: Shutting down and abandoning module Renderer (7)
[2016.12.04-13.00.21:064][555]LogModuleManager: Shutting down and abandoning module Engine (6)
[2016.12.04-13.00.21:064][555]LogModuleManager: Shutting down and abandoning module CoreUObject (5)
[2016.12.04-13.00.21:064][555]LogModuleManager: Shutting down and abandoning module NetworkFile (4)
[2016.12.04-13.00.21:064][555]LogModuleManager: Shutting down and abandoning module StreamingFile (3)
[2016.12.04-13.00.21:064][555]LogModuleManager: Shutting down and abandoning module SandboxFile (2)
[2016.12.04-13.00.21:064][555]LogModuleManager: Shutting down and abandoning module PakFile (1)
[2016.12.04-13.00.21:065][555]LogExit: Exiting.
[2016.12.04-13.00.21:067][555]Log file closed, 12/04/16 14:00:21
