Log file open, 03/31/17 14:37:27
LogInit:Display: Running engine for game: GameProg
LogPlatformFile: Not using cached read wrapper
LogInit:Display: RandInit(736387232) SRandInit(736387232).
LogTaskGraph: Started task graph with 5 named threads and 8 total threads with 1 sets of task threads.
LogStats: Stats thread started at 0.065619
LogPluginManager: Loaded Plugin Paper2D, From C:/Program Files (x86)/Epic Games/4.13/Engine/Plugins/2D/Paper2D/Paper2D.uplugin
LogPluginManager: Loaded Plugin LightPropagationVolume, From C:/Program Files (x86)/Epic Games/4.13/Engine/Plugins/Blendables/LightPropagationVolume/LightPropagationVolume.uplugin
LogPluginManager: Loaded Plugin BlankPlugin, From C:/Program Files (x86)/Epic Games/4.13/Engine/Plugins/Developer/BlankPlugin/BlankPlugin.uplugin
LogPluginManager: Loaded Plugin CodeLiteSourceCodeAccess, From C:/Program Files (x86)/Epic Games/4.13/Engine/Plugins/Developer/CodeLiteSourceCodeAccess/CodeLiteSourceCodeAccess.uplugin
LogPluginManager: Loaded Plugin GitSourceControl, From C:/Program Files (x86)/Epic Games/4.13/Engine/Plugins/Developer/GitSourceControl/GitSourceControl.uplugin
LogPluginManager: Loaded Plugin KDevelopSourceCodeAccess, From C:/Program Files (x86)/Epic Games/4.13/Engine/Plugins/Developer/KDevelopSourceCodeAccess/KDevelopSourceCodeAccess.uplugin
LogPluginManager: Loaded Plugin NullSourceCodeAccess, From C:/Program Files (x86)/Epic Games/4.13/Engine/Plugins/Developer/NullSourceCodeAccess/NullSourceCodeAccess.uplugin
LogPluginManager: Loaded Plugin OneSkyLocalizationService, From C:/Program Files (x86)/Epic Games/4.13/Engine/Plugins/Developer/OneSkyLocalizationService/OneSkyLocalizationService.uplugin
LogPluginManager: Loaded Plugin PerforceSourceControl, From C:/Program Files (x86)/Epic Games/4.13/Engine/Plugins/Developer/PerforceSourceControl/PerforceSourceControl.uplugin
LogPluginManager: Loaded Plugin SubversionSourceControl, From C:/Program Files (x86)/Epic Games/4.13/Engine/Plugins/Developer/SubversionSourceControl/SubversionSourceControl.uplugin
LogPluginManager: Loaded Plugin UObjectPlugin, From C:/Program Files (x86)/Epic Games/4.13/Engine/Plugins/Developer/UObjectPlugin/UObjectPlugin.uplugin
LogPluginManager: Loaded Plugin VisualStudioSourceCodeAccess, From C:/Program Files (x86)/Epic Games/4.13/Engine/Plugins/Developer/VisualStudioSourceCodeAccess/VisualStudioSourceCodeAccess.uplugin
LogPluginManager: Loaded Plugin XCodeSourceCodeAccess, From C:/Program Files (x86)/Epic Games/4.13/Engine/Plugins/Developer/XCodeSourceCodeAccess/XCodeSourceCodeAccess.uplugin
LogPluginManager: Loaded Plugin DonAINavigation, From C:/Program Files (x86)/Epic Games/4.13/Engine/Plugins/DonAINavigationUE4Plugin_v1.4/DonAINavigation/DonAINavigation.uplugin
LogPluginManager: Loaded Plugin EpicSurvey, From C:/Program Files (x86)/Epic Games/4.13/Engine/Plugins/Editor/EpicSurvey/EpicSurvey.uplugin
LogPluginManager: Loaded Plugin MacGraphicsSwitching, From C:/Program Files (x86)/Epic Games/4.13/Engine/Plugins/Editor/MacGraphicsSwitching/MacGraphicsSwitching.uplugin
LogPluginManager: Loaded Plugin MobileLauncherProfileWizard, From C:/Program Files (x86)/Epic Games/4.13/Engine/Plugins/Editor/MobileLauncherProfileWizard/MobileLauncherProfileWizard.uplugin
LogPluginManager: Loaded Plugin PluginBrowser, From C:/Program Files (x86)/Epic Games/4.13/Engine/Plugins/Editor/PluginBrowser/PluginBrowser.uplugin
LogPluginManager: Loaded Plugin SpeedTreeImporter, From C:/Program Files (x86)/Epic Games/4.13/Engine/Plugins/Editor/SpeedTreeImporter/SpeedTreeImporter.uplugin
LogPluginManager: Loaded Plugin SuperSearchEditor, From C:/Program Files (x86)/Epic Games/4.13/Engine/Plugins/Editor/SuperSearchEditor/SuperSearchEditor.uplugin
LogPluginManager: Loaded Plugin AlembicImporter, From C:/Program Files (x86)/Epic Games/4.13/Engine/Plugins/Experimental/AlembicImporter/AlembicImporter.uplugin
LogPluginManager: Loaded Plugin BlueprintStats, From C:/Program Files (x86)/Epic Games/4.13/Engine/Plugins/Experimental/BlueprintStats/BlueprintStats.uplugin
LogPluginManager: Loaded Plugin CharacterAI, From C:/Program Files (x86)/Epic Games/4.13/Engine/Plugins/Experimental/CharacterAI/CharacterAI.uplugin
LogPluginManager: Loaded Plugin CodeEditor, From C:/Program Files (x86)/Epic Games/4.13/Engine/Plugins/Experimental/CodeEditor/CodeEditor.uplugin
LogPluginManager: Loaded Plugin CodeView, From C:/Program Files (x86)/Epic Games/4.13/Engine/Plugins/Experimental/CodeView/CodeView.uplugin
LogPluginManager: Loaded Plugin HTML5Networking, From C:/Program Files (x86)/Epic Games/4.13/Engine/Plugins/Experimental/HTML5Networking/HTML5Networking.uplugin
LogPluginManager: Loaded Plugin LiveEditor, From C:/Program Files (x86)/Epic Games/4.13/Engine/Plugins/Experimental/LiveEditor/LiveEditor.uplugin
LogPluginManager: Loaded Plugin OSVR, From C:/Program Files (x86)/Epic Games/4.13/Engine/Plugins/Experimental/OSVR/OSVR.uplugin
LogPluginManager: Loaded Plugin Phya, From C:/Program Files (x86)/Epic Games/4.13/Engine/Plugins/Experimental/Phya/Phya.uplugin
LogPluginManager: Loaded Plugin SignificanceManager, From C:/Program Files (x86)/Epic Games/4.13/Engine/Plugins/Experimental/SignificanceManager/SignificanceManager.uplugin
LogPluginManager: Loaded Plugin SimpleHMD, From C:/Program Files (x86)/Epic Games/4.13/Engine/Plugins/Experimental/SimpleHMD/SimpleHMD.uplugin
LogPluginManager: Loaded Plugin StereoPanorama, From C:/Program Files (x86)/Epic Games/4.13/Engine/Plugins/Experimental/StereoPanorama/StereoPanorama.uplugin
LogPluginManager: Loaded Plugin StructBox, From C:/Program Files (x86)/Epic Games/4.13/Engine/Plugins/Experimental/StructBox/StructBox.uplugin
LogPluginManager: Loaded Plugin ModoMaterialImporter, From C:/Program Files (x86)/Epic Games/4.13/Engine/Plugins/Marketplace/ModoMaterialImporter/ModoMaterialImporter.uplugin
LogPluginManager: Loaded Plugin Substance, From C:/Program Files (x86)/Epic Games/4.13/Engine/Plugins/Marketplace/Substance/Substance.uplugin
LogPluginManager: Loaded Plugin AndroidMedia, From C:/Program Files (x86)/Epic Games/4.13/Engine/Plugins/Media/AndroidMedia/AndroidMedia.uplugin
LogPluginManager: Loaded Plugin AvfMedia, From C:/Program Files (x86)/Epic Games/4.13/Engine/Plugins/Media/AvfMedia/AvfMedia.uplugin
LogPluginManager: Loaded Plugin MediaPlayerEditor, From C:/Program Files (x86)/Epic Games/4.13/Engine/Plugins/Media/MediaPlayerEditor/MediaPlayerEditor.uplugin
LogPluginManager: Loaded Plugin WmfMedia, From C:/Program Files (x86)/Epic Games/4.13/Engine/Plugins/Media/WmfMedia/WmfMedia.uplugin
LogPluginManager: Loaded Plugin MessagingDebugger, From C:/Program Files (x86)/Epic Games/4.13/Engine/Plugins/Messaging/MessagingDebugger/MessagingDebugger.uplugin
LogPluginManager: Loaded Plugin TcpMessaging, From C:/Program Files (x86)/Epic Games/4.13/Engine/Plugins/Messaging/TcpMessaging/TcpMessaging.uplugin
LogPluginManager: Loaded Plugin UdpMessaging, From C:/Program Files (x86)/Epic Games/4.13/Engine/Plugins/Messaging/UdpMessaging/UdpMessaging.uplugin
LogPluginManager: Loaded Plugin LevelSequenceEditor, From C:/Program Files (x86)/Epic Games/4.13/Engine/Plugins/MovieScene/LevelSequenceEditor/LevelSequenceEditor.uplugin
LogPluginManager: Loaded Plugin MatineeToLevelSequence, From C:/Program Files (x86)/Epic Games/4.13/Engine/Plugins/MovieScene/MatineeToLevelSequence/MatineeToLevelSequence.uplugin
LogPluginManager: Loaded Plugin NetcodeUnitTest, From C:/Program Files (x86)/Epic Games/4.13/Engine/Plugins/NetcodeUnitTest/NetcodeUnitTest/NetcodeUnitTest.uplugin
LogPluginManager: Loaded Plugin NUTUnrealEngine4, From C:/Program Files (x86)/Epic Games/4.13/Engine/Plugins/NetcodeUnitTest/NUTUnrealEngine4/NUTUnrealEngine4.uplugin
LogPluginManager: Loaded Plugin OnlineSubsystemGooglePlay, From C:/Program Files (x86)/Epic Games/4.13/Engine/Plugins/Online/Android/OnlineSubsystemGooglePlay/OnlineSubsystemGooglePlay.uplugin
LogPluginManager: Loaded Plugin OnlineSubsystemIOS, From C:/Program Files (x86)/Epic Games/4.13/Engine/Plugins/Online/IOS/OnlineSubsystemIOS/OnlineSubsystemIOS.uplugin
LogPluginManager: Loaded Plugin OnlineFramework, From C:/Program Files (x86)/Epic Games/4.13/Engine/Plugins/Online/OnlineFramework/OnlineFramework.uplugin
LogPluginManager: Loaded Plugin OnlineSubsystem, From C:/Program Files (x86)/Epic Games/4.13/Engine/Plugins/Online/OnlineSubsystem/OnlineSubsystem.uplugin
LogPluginManager: Loaded Plugin OnlineSubsystemAmazon, From C:/Program Files (x86)/Epic Games/4.13/Engine/Plugins/Online/OnlineSubsystemAmazon/OnlineSubsystemAmazon.uplugin
LogPluginManager: Loaded Plugin OnlineSubsystemFacebook, From C:/Program Files (x86)/Epic Games/4.13/Engine/Plugins/Online/OnlineSubsystemFacebook/OnlineSubsystemFacebook.uplugin
LogPluginManager: Loaded Plugin OnlineSubsystemNull, From C:/Program Files (x86)/Epic Games/4.13/Engine/Plugins/Online/OnlineSubsystemNull/OnlineSubsystemNull.uplugin
LogPluginManager: Loaded Plugin OnlineSubsystemOculus, From C:/Program Files (x86)/Epic Games/4.13/Engine/Plugins/Online/OnlineSubsystemOculus/OnlineSubsystemOculus.uplugin
LogPluginManager: Loaded Plugin OnlineSubsystemSteam, From C:/Program Files (x86)/Epic Games/4.13/Engine/Plugins/Online/OnlineSubsystemSteam/OnlineSubsystemSteam.uplugin
LogPluginManager: Loaded Plugin OnlineSubsystemUtils, From C:/Program Files (x86)/Epic Games/4.13/Engine/Plugins/Online/OnlineSubsystemUtils/OnlineSubsystemUtils.uplugin
LogPluginManager: Loaded Plugin IOSTapJoy, From C:/Program Files (x86)/Epic Games/4.13/Engine/Plugins/Runtime/Advertising/IOSTapJoy/IOSTapJoy.uplugin
LogPluginManager: Loaded Plugin AnalyticsBlueprintLibrary, From C:/Program Files (x86)/Epic Games/4.13/Engine/Plugins/Runtime/Analytics/AnalyticsBlueprintLibrary/AnalyticsBlueprintLibrary.uplugin
LogPluginManager: Loaded Plugin AnalyticsMulticast, From C:/Program Files (x86)/Epic Games/4.13/Engine/Plugins/Runtime/Analytics/AnalyticsMulticast/AnalyticsMulticast.uplugin
LogPluginManager: Loaded Plugin Apsalar, From C:/Program Files (x86)/Epic Games/4.13/Engine/Plugins/Runtime/Analytics/Apsalar/Apsalar.uplugin
LogPluginManager: Loaded Plugin FileLogging, From C:/Program Files (x86)/Epic Games/4.13/Engine/Plugins/Runtime/Analytics/FileLogging/FileLogging.uplugin
LogPluginManager: Loaded Plugin Flurry, From C:/Program Files (x86)/Epic Games/4.13/Engine/Plugins/Runtime/Analytics/Flurry/Flurry.uplugin
LogPluginManager: Loaded Plugin AndroidDeviceProfileSelector, From C:/Program Files (x86)/Epic Games/4.13/Engine/Plugins/Runtime/AndroidDeviceProfileSelector/AndroidDeviceProfileSelector.uplugin
LogPluginManager: Loaded Plugin AndroidMoviePlayer, From C:/Program Files (x86)/Epic Games/4.13/Engine/Plugins/Runtime/AndroidMoviePlayer/AndroidMoviePlayer.uplugin
LogPluginManager: Loaded Plugin AppleMoviePlayer, From C:/Program Files (x86)/Epic Games/4.13/Engine/Plugins/Runtime/AppleMoviePlayer/AppleMoviePlayer.uplugin
LogPluginManager: Loaded Plugin ArchVisCharacter, From C:/Program Files (x86)/Epic Games/4.13/Engine/Plugins/Runtime/ArchVisCharacter/ArchVisCharacter.uplugin
LogPluginManager: Loaded Plugin CableComponent, From C:/Program Files (x86)/Epic Games/4.13/Engine/Plugins/Runtime/CableComponent/CableComponent.uplugin
LogPluginManager: Loaded Plugin CustomMeshComponent, From C:/Program Files (x86)/Epic Games/4.13/Engine/Plugins/Runtime/CustomMeshComponent/CustomMeshComponent.uplugin
LogPluginManager: Loaded Plugin ExampleDeviceProfileSelector, From C:/Program Files (x86)/Epic Games/4.13/Engine/Plugins/Runtime/ExampleDeviceProfileSelector/ExampleDeviceProfileSelector.uplugin
LogPluginManager: Loaded Plugin GearVR, From C:/Program Files (x86)/Epic Games/4.13/Engine/Plugins/Runtime/GearVR/GearVR.uplugin
LogPluginManager: Loaded Plugin GoogleVRController, From C:/Program Files (x86)/Epic Games/4.13/Engine/Plugins/Runtime/GoogleVR/GoogleVRController/GoogleVRController.uplugin
LogPluginManager: Loaded Plugin GoogleVRHMD, From C:/Program Files (x86)/Epic Games/4.13/Engine/Plugins/Runtime/GoogleVR/GoogleVRHMD/GoogleVRHMD.uplugin
LogPluginManager: Loaded Plugin IOSDeviceProfileSelector, From C:/Program Files (x86)/Epic Games/4.13/Engine/Plugins/Runtime/IOSDeviceProfileSelector/IOSDeviceProfileSelector.uplugin
LogPluginManager: Loaded Plugin LeapMotion, From C:/Program Files (x86)/Epic Games/4.13/Engine/Plugins/Runtime/LeapMotion/LeapMotion.uplugin
LogPluginManager: Loaded Plugin LinuxDeviceProfileSelector, From C:/Program Files (x86)/Epic Games/4.13/Engine/Plugins/Runtime/LinuxDeviceProfileSelector/LinuxDeviceProfileSelector.uplugin
LogPluginManager: Loaded Plugin LiveEditorListenServer, From C:/Program Files (x86)/Epic Games/4.13/Engine/Plugins/Runtime/LiveEditorListenServer/LiveEditorListenServer.uplugin
LogPluginManager: Loaded Plugin OculusAudio, From C:/Program Files (x86)/Epic Games/4.13/Engine/Plugins/Runtime/OculusAudio/OculusAudio.uplugin
LogPluginManager: Loaded Plugin OculusInput, From C:/Program Files (x86)/Epic Games/4.13/Engine/Plugins/Runtime/OculusInput/OculusInput.uplugin
LogPluginManager: Loaded Plugin OculusLibrary, From C:/Program Files (x86)/Epic Games/4.13/Engine/Plugins/Runtime/OculusLibrary/OculusLibrary.uplugin
LogPluginManager: Loaded Plugin OculusRift, From C:/Program Files (x86)/Epic Games/4.13/Engine/Plugins/Runtime/OculusRift/OculusRift.uplugin
LogPluginManager: Loaded Plugin Oodle, From C:/Program Files (x86)/Epic Games/4.13/Engine/Plugins/Runtime/PacketHandlers/CompressionComponents/Oodle/Oodle.uplugin
LogPluginManager: Loaded Plugin ProceduralMeshComponent, From C:/Program Files (x86)/Epic Games/4.13/Engine/Plugins/Runtime/ProceduralMeshComponent/ProceduralMeshComponent.uplugin
LogPluginManager: Loaded Plugin SoundMod, From C:/Program Files (x86)/Epic Games/4.13/Engine/Plugins/Runtime/SoundMod/SoundMod.uplugin
LogPluginManager: Loaded Plugin SoundVisualizations, From C:/Program Files (x86)/Epic Games/4.13/Engine/Plugins/Runtime/SoundVisualizations/SoundVisualizations.uplugin
LogPluginManager: Loaded Plugin SteamController, From C:/Program Files (x86)/Epic Games/4.13/Engine/Plugins/Runtime/Steam/SteamController/SteamController.uplugin
LogPluginManager: Loaded Plugin SteamVR, From C:/Program Files (x86)/Epic Games/4.13/Engine/Plugins/Runtime/Steam/SteamVR/SteamVR.uplugin
LogPluginManager: Loaded Plugin WebBrowserWidget, From C:/Program Files (x86)/Epic Games/4.13/Engine/Plugins/Runtime/WebBrowserWidget/WebBrowserWidget.uplugin
LogPluginManager: Loaded Plugin WindowsDeviceProfileSelector, From C:/Program Files (x86)/Epic Games/4.13/Engine/Plugins/Runtime/WindowsDeviceProfileSelector/WindowsDeviceProfileSelector.uplugin
LogPluginManager: Loaded Plugin WindowsMoviePlayer, From C:/Program Files (x86)/Epic Games/4.13/Engine/Plugins/Runtime/WindowsMoviePlayer/WindowsMoviePlayer.uplugin
LogPluginManager: Loaded Plugin ScriptPlugin, From C:/Program Files (x86)/Epic Games/4.13/Engine/Plugins/ScriptPlugin/ScriptPlugin.uplugin
LogPluginManager: Loaded Plugin SlateRemote, From C:/Program Files (x86)/Epic Games/4.13/Engine/Plugins/Slate/SlateRemote/SlateRemote.uplugin
LogInit: Using libcurl 7.47.1
LogInit:  - built for x86_64-pc-win32
LogInit:  - supports SSL with WinSSL
LogInit:  - other features:
LogInit:      CURL_VERSION_SSL
LogInit:      CURL_VERSION_IPV6
LogInit:      CURL_VERSION_ASYNCHDNS
LogInit:      CURL_VERSION_LARGEFILE
LogInit:      CURL_VERSION_IDN
LogInit:  CurlRequestOptions (configurable via config and command line):
LogInit:  - bVerifyPeer = false  - Libcurl will NOT verify peer certificate
LogInit:  - bUseHttpProxy = false  - Libcurl will NOT use HTTP proxy
LogInit:  - bDontReuseConnections = false  - Libcurl will reuse connections
LogInit:  - CertBundlePath = nullptr  - Libcurl will use whatever was configured at build time.
LogInit: Build: ++UE4+Release-4.13-CL-3172292
LogInit: Engine Version: 4.13.2-3172292+++UE4+Release-4.13
LogInit: Compatible Engine Version: 4.13.0-3106830+++UE4+Release-4.13
LogInit: Net CL: 3172292
LogDevObjectVersion: Number of dev versions registered: 13
LogDevObjectVersion:   Dev-Blueprints (B0D832E4-1F89-4F0D-ACCF-7EB736FD4AA2): 5
LogDevObjectVersion:   Dev-Build (E1C64328-A22C-4D53-A36C-8E866417BD8C): 0
LogDevObjectVersion:   Dev-Core (375EC13C-06E4-48FB-B500-84F0262A717E): 1
LogDevObjectVersion:   Dev-Editor (E4B068ED-F494-42E9-A231-DA0B2E46BB41): 6
LogDevObjectVersion:   Dev-Framework (CFFC743F-43B0-4480-9391-14DF171D2073): 12
LogDevObjectVersion:   Dev-Mobile (B02B49B5-BB20-44E9-A304-32B752E40360): 0
LogDevObjectVersion:   Dev-Networking (A4E4105C-59A1-49B5-A7C5-40C4547EDFEE): 0
LogDevObjectVersion:   Dev-Online (39C831C9-5AE6-47DC-9A44-9C173E1C8E7C): 0
LogDevObjectVersion:   Dev-Physics (78F01B33-EBEA-4F98-B9B4-84EACCB95AA2): 0
LogDevObjectVersion:   Dev-Platform (6631380F-2D4D-43E0-8009-CF276956A95A): 0
LogDevObjectVersion:   Dev-Rendering (12F88B9F-8875-4AFC-A67C-D90C383ABD29): 4
LogDevObjectVersion:   Dev-Sequencer (7B5AE74C-D270-4C10-A958-57980B212A5A): 0
LogDevObjectVersion:   Dev-VR (D7296918-1DD6-4BDD-9DE2-64A83CC13884): 0
LogInit: Compiled (64-bit): Oct 24 2016 14:29:06
LogInit: Compiled with Visual C++: 19.00.23026.00
LogInit: Build Configuration: Development
LogInit: Branch Name: ++UE4+Release-4.13
LogInit: Command line: -EpicPortal 
LogInit: Base directory: C:/Program Files (x86)/Epic Games/4.13/Engine/Binaries/Win64/
LogInit: Installed Engine Build: 1
LogInit: Presizing for max 8388607 objects, including 0 objects not considered by GC, pre-allocating 0 bytes for permanent pool.
LogInit: Object subsystem initialized
[2017.03.31-12.37.27:648][  0]LogInit: Selected Device Profile: [Windows]
[2017.03.31-12.37.27:648][  0]LogInit: Applying CVar settings loaded from the selected device profile: [Windows]
[2017.03.31-12.37.27:655][  0]LogInit: Computer: JÉRÉMIE-PC
[2017.03.31-12.37.27:655][  0]LogInit: User: Jérémie
[2017.03.31-12.37.27:655][  0]LogInit: CPU Page size=65536, Cores=4
[2017.03.31-12.37.27:655][  0]LogInit: High frequency timer resolution =3.027402 MHz
[2017.03.31-12.37.27:655][  0]LogMemory: Memory total: Physical=15.9GB (16GB approx)
[2017.03.31-12.37.27:655][  0]LogMemory: Platform Memory Stats for Windows
[2017.03.31-12.37.27:655][  0]LogMemory: Process Physical Memory: 258.18 MB used, 258.18 MB peak
[2017.03.31-12.37.27:655][  0]LogMemory: Process Virtual Memory: 260.45 MB used, 260.45 MB peak
[2017.03.31-12.37.27:655][  0]LogMemory: Physical Memory: 10739.38 MB used, 16311.94 MB total
[2017.03.31-12.37.27:655][  0]LogMemory: Virtual Memory: 591.41 MB used, 8388608.00 MB total
[2017.03.31-12.37.27:689][  0]LogTextLocalizationManager: No translations for ('fr-FR') exist, falling back to 'en' for localization and internationalization data.
[2017.03.31-12.37.28:395][  0]LogD3D11RHI: D3D11 adapters:
[2017.03.31-12.37.28:937][  0]LogD3D11RHI:    0. 'NVIDIA GeForce GTX 770' (Feature Level 11_0)
[2017.03.31-12.37.28:937][  0]LogD3D11RHI:       1989/0/7899 MB DedicatedVideo/DedicatedSystem/SharedSystem, Outputs:1, VendorId:0x10de
[2017.03.31-12.37.28:937][  0]LogD3D11RHI: Chosen D3D11 Adapter: 0
[2017.03.31-12.37.28:942][  0]LogD3D11RHI: Creating new Direct3DDevice
[2017.03.31-12.37.28:942][  0]LogD3D11RHI:     GPU DeviceId: 0x1184 (for the marketing name, search the web for "GPU Device Id")
[2017.03.31-12.37.28:942][  0]LogWindows: EnumDisplayDevices:
[2017.03.31-12.37.28:942][  0]LogWindows:    0. 'NVIDIA GeForce GTX 770' (P:1 D:1)
[2017.03.31-12.37.28:943][  0]LogWindows:    1. 'NVIDIA GeForce GTX 770' (P:0 D:0)
[2017.03.31-12.37.28:943][  0]LogWindows:    2. 'NVIDIA GeForce GTX 770' (P:0 D:0)
[2017.03.31-12.37.28:943][  0]LogWindows:    3. 'NVIDIA GeForce GTX 770' (P:0 D:0)
[2017.03.31-12.37.28:943][  0]LogWindows:    4. 'RDPDD Chained DD' (P:0 D:0)
[2017.03.31-12.37.28:943][  0]LogWindows:    5. 'RDP Encoder Mirror Driver' (P:0 D:0)
[2017.03.31-12.37.28:943][  0]LogWindows:    6. 'RDP Reflector Display Driver' (P:0 D:0)
[2017.03.31-12.37.28:944][  0]LogWindows: DebugString: GetVideoDriverDetailsInvalid PrimaryIsNotTheChoosenAdapter GetVideoDriverDetailsInvalid PrimaryIsNotTheChoosenAdapter GetVideoDriverDetailsInvalid PrimaryIsNotTheChoosenAdapter FoundDriverCount:4 
[2017.03.31-12.37.28:944][  0]LogD3D11RHI:     Adapter Name: NVIDIA GeForce GTX 770
[2017.03.31-12.37.28:944][  0]LogD3D11RHI:   Driver Version: 378.66 (internal:21.21.13.7866, unified:378.66)
[2017.03.31-12.37.28:944][  0]LogD3D11RHI:      Driver Date: 2-9-2017
[2017.03.31-12.37.28:944][  0]LogRHI: Texture pool is 1361 MB (70% of 1945 MB)
[2017.03.31-12.37.29:462][  0]LogD3D11RHI: Async texture creation enabled
[2017.03.31-12.37.29:500][  0]LogD3D11RHI: GPU Timing Frequency: 1000.000000 (Debug: 2 2)
[2017.03.31-12.37.29:500][  0]LogShaderCompilers: Guid format shader working directory is -16 characters bigger than the processId version (../../../../../../Users/Jérémie/Documents/Unreal Projects/Game1/Intermediate/Shaders/WorkingDirectory/10456/).
[2017.03.31-12.37.29:500][  0]LogShaderCompilers: Cleaned the shader compiler working directory 'C:/Users/JRMIE~1/AppData/Local/Temp/UnrealShaderWorkingDir/9760B8634A3DA00F9F0799954FC1F95B/'.
[2017.03.31-12.37.29:500][  0]LogShaderCompilers:Display: Using Local Shader Compiler.
[2017.03.31-12.37.30:539][  0]LogTemp:Display: Loaded TP AllDesktopTargetPlatform
[2017.03.31-12.37.30:547][  0]LogTemp:Display: Loaded TP WindowsClientTargetPlatform
[2017.03.31-12.37.30:554][  0]LogTemp:Display: Loaded TP WindowsNoEditorTargetPlatform
[2017.03.31-12.37.30:562][  0]LogTemp:Display: Loaded TP WindowsServerTargetPlatform
[2017.03.31-12.37.30:569][  0]LogTemp:Display: Loaded TP WindowsTargetPlatform
[2017.03.31-12.37.30:576][  0]LogTemp:Display: Loaded TP AndroidTargetPlatform
[2017.03.31-12.37.30:582][  0]LogTemp:Display: Loaded TP Android_ASTCTargetPlatform
[2017.03.31-12.37.30:589][  0]LogTemp:Display: Loaded TP Android_ATCTargetPlatform
[2017.03.31-12.37.30:595][  0]LogTemp:Display: Loaded TP Android_DXTTargetPlatform
[2017.03.31-12.37.30:602][  0]LogTemp:Display: Loaded TP Android_ETC1TargetPlatform
[2017.03.31-12.37.30:608][  0]LogTemp:Display: Loaded TP Android_ETC2TargetPlatform
[2017.03.31-12.37.30:622][  0]LogTemp:Display: Loaded TP Android_MultiTargetPlatform
[2017.03.31-12.37.30:622][  0]LogTemp:Display: Loaded TP Android_PVRTCTargetPlatform
[2017.03.31-12.37.30:622][  0]LogTemp:Display: Loaded TP HTML5TargetPlatform
[2017.03.31-12.37.30:641][  0]LogTemp:Display: Loaded TP IOSTargetPlatform
[2017.03.31-12.37.30:647][  0]LogTemp:Display: Loaded TP TVOSTargetPlatform
[2017.03.31-12.37.30:653][  0]LogTemp:Display: Loaded TP LinuxClientTargetPlatform
[2017.03.31-12.37.30:660][  0]LogTemp:Display: Loaded TP LinuxNoEditorTargetPlatform
[2017.03.31-12.37.30:666][  0]LogTemp:Display: Loaded TP LinuxServerTargetPlatform
[2017.03.31-12.37.30:673][  0]LogTemp:Display: Loaded TP LinuxTargetPlatform
[2017.03.31-12.37.30:673][  0]LogTargetPlatformManager:Display: Building Assets For Windows
[2017.03.31-12.37.30:726][  0]LogDerivedDataCache:Display: Max Cache Size: 512 MB
[2017.03.31-12.37.30:782][  0]LogDerivedDataCache: Loaded boot cache 0.06s 62MB C:/Users/Jérémie/AppData/Local/UnrealEngine/4.13/DerivedDataCache/Boot.ddc.
[2017.03.31-12.37.30:782][  0]LogDerivedDataCache:Display: Loaded Boot cache: C:/Users/Jérémie/AppData/Local/UnrealEngine/4.13/DerivedDataCache/Boot.ddc
[2017.03.31-12.37.30:782][  0]LogDerivedDataCache: FDerivedDataBackendGraph:  Pak pak cache file ../../../../../../Users/Jérémie/Documents/Unreal Projects/Game1/DerivedDataCache/DDC.ddp not found, will not use a pak cache.
[2017.03.31-12.37.30:782][  0]LogDerivedDataCache: Unable to find inner node Pak for hierarchical cache Hierarchy.
[2017.03.31-12.37.30:782][  0]LogDerivedDataCache: FDerivedDataBackendGraph:  CompressedPak pak cache file ../../../../../../Users/Jérémie/Documents/Unreal Projects/Game1/DerivedDataCache/Compressed.ddp not found, will not use a pak cache.
[2017.03.31-12.37.30:782][  0]LogDerivedDataCache: Unable to find inner node CompressedPak for hierarchical cache Hierarchy.
[2017.03.31-12.37.30:799][  0]LogDerivedDataCache:Display: Pak cache opened for reading ../../../Engine/DerivedDataCache/Compressed.ddp.
[2017.03.31-12.37.30:810][  0]LogDerivedDataCache: Using Local data cache path C:/Users/Jérémie/AppData/Local/UnrealEngine/Common/DerivedDataCache: Writable
[2017.03.31-12.37.31:003][  0]LogInit: Selected Device Profile: [Windows]
[2017.03.31-12.37.31:005][  0]LogMaterial: Uniform references updated for custom material expression Custom.
[2017.03.31-12.37.31:006][  0]LogContentStreaming: Texture pool size is 0.00 MB
[2017.03.31-12.37.31:138][  0]LogMeshUtilities: No automatic mesh reduction module available
[2017.03.31-12.37.31:138][  0]LogMeshUtilities: No automatic mesh merging module available
[2017.03.31-12.37.31:138][  0]LogMeshUtilities: No distributed automatic mesh merging module available
[2017.03.31-12.37.31:439][  0]LogNetVersion: GetLocalNetworkVersion: CL: 3106830, ProjectName: gameprog, ProjectVersion: , EngineNetworkVersion: 1, GameNetworkVersion: 0, NetworkChecksum: 4013901243
[2017.03.31-12.37.31:478][  0]LogAssetRegistry: FAssetRegistry took 0.0240 seconds to start up
[2017.03.31-12.37.31:494][  0]LogPackageLocalizationCache: Processed 3 localized package path(s) for 1 prioritized culture(s) in 0.010973 seconds
[2017.03.31-12.37.31:499][  0]LogUObjectArray: 29778 objects as part of root set at end of initial load.
[2017.03.31-12.37.31:499][  0]LogUObjectAllocator: 6125448 out of 0 bytes used by permanent object pool.
[2017.03.31-12.37.31:499][  0]LogUObjectArray: CloseDisregardForGC: 0/0 objects in disregard for GC pool
[2017.03.31-12.37.31:503][  0]LogInit: WinSock: version 1.1 (2.2), MaxSocks=32767, MaxUdp=65467
[2017.03.31-12.37.31:692][  0]LogSlate: SlateFontCache - WITH_FREETYPE: 1, WITH_HARFBUZZ: 1
[2017.03.31-12.37.31:692][  0]LogSlate: SlateFontCache - WITH_FREETYPE: 1, WITH_HARFBUZZ: 1
[2017.03.31-12.37.32:309][  0]LogSubstanceCoreModule: Substance CPU Engine Loaded, Max Texture Size 2048
[2017.03.31-12.37.32:316][  0]LogTcpMessaging: Initializing TcpMessaging bridge
[2017.03.31-12.37.32:332][  0]LogUdpMessaging: Initializing bridge on interface 0.0.0.0:0 to multicast group 230.0.0.1:6666.
[2017.03.31-12.37.32:539][  0]SourceControl: Info Source control is disabled
[2017.03.31-12.37.32:745][  0]SourceControl: Info Source control is disabled
[2017.03.31-12.37.32:751][  0]SourceControl: Info Source control is disabled
[2017.03.31-12.37.32:757][  0]SourceControl: Info Source control is disabled
[2017.03.31-12.37.33:060][  0]LogEngine: Initializing Engine...
[2017.03.31-12.37.33:061][  0]LogHMD: Failed to initialize OpenVR with code 110
[2017.03.31-12.37.33:198][  0]LogAIModule: Creating AISystem for world Untitled
[2017.03.31-12.37.33:214][  0]LogInit: XAudio2 using 'Haut-parleurs (Realtek High Definition Audio)' : 2 channels at 48 kHz using 32 bits per sample (channel mask 0x3)
[2017.03.31-12.37.33:226][  0]LogInit: FAudioDevice initialized.
[2017.03.31-12.37.33:253][  0]LogDerivedDataCache: Saved boot cache 0.03s 62MB C:/Users/Jérémie/AppData/Local/UnrealEngine/4.13/DerivedDataCache/Boot.ddc.
[2017.03.31-12.37.33:259][  0]LogInit: Texture streaming: Enabled
[2017.03.31-12.37.33:277][  0]LogInit: Transaction tracking system initialized
[2017.03.31-12.37.33:292][  0]BlueprintLog: New page: Editor Load
[2017.03.31-12.37.33:370][  0]LocalizationService: Info Localization service is disabled
[2017.03.31-12.37.33:428][  0]LogConsoleResponse:Display: 
[2017.03.31-12.37.33:545][  0]LogCook:Display: Max memory allowance for cook 16384mb min free memory 0mb
[2017.03.31-12.37.33:545][  0]LogCook:Display: Mobile HDR setting 1
[2017.03.31-12.37.33:655][  0]LogFileCache: Scanning file cache for directory 'C:/Users/Jérémie/Documents/Unreal Projects/Game1/Content/' took 0.02s
[2017.03.31-12.37.33:655][  0]SourceControl: Info Source control is disabled
[2017.03.31-12.37.33:656][  0]Cmd: MAP LOAD FILE="../../../../../../Users/Jérémie/Documents/Unreal Projects/Game1/Content/SideScrollerBP/Maps/SideScrollerExampleMap.umap" TEMPLATE=0 SHOWPROGRESS=1 FEATURELEVEL=3
[2017.03.31-12.37.33:656][  0]LightingResults: New page: Lighting Build
[2017.03.31-12.37.33:658][  0]MapCheck: New page: Map Check
[2017.03.31-12.37.33:658][  0]LightingResults: New page: Lighting Build
[2017.03.31-12.37.35:035][  0]LogAIModule: Creating AISystem for world SideScrollerExampleMap
[2017.03.31-12.37.35:047][  0]LogEditorServer: Finished looking for orphan Actors (0.000 secs)
[2017.03.31-12.37.35:047][  0]Cmd: MAP CHECKDEP NOCLEARLOG
[2017.03.31-12.37.35:157][  0]MapCheck: Info Map check complete: 0 Error(s), 0 Warning(s), took 109.895ms to complete.
[2017.03.31-12.37.35:157][  0]LogFileHelpers: Loading map 'SideScrollerExampleMap' took 1.502
[2017.03.31-12.37.35:213][  0]ModoMaterialImporter: Starting Extension logic
[2017.03.31-12.37.35:255][  0]LogCollectionManager: Loaded 0 collections in 0.000947 seconds
[2017.03.31-12.37.35:291][  0]LogFileCache: Scanning file cache for directory 'C:/Users/Jérémie/Documents/Unreal Projects/Game1/Saved/Collections/' took 0.01s
[2017.03.31-12.37.35:291][  0]LogFileCache: Scanning file cache for directory 'C:/Users/Jérémie/Documents/Unreal Projects/Game1/Content/Developers/Jérémie/Collections/' took 0.01s
[2017.03.31-12.37.35:291][  0]LogFileCache: Scanning file cache for directory 'C:/Users/Jérémie/Documents/Unreal Projects/Game1/Content/Collections/' took 0.01s
[2017.03.31-12.37.35:291][  0]LogCollectionManager: Rebuilt the GUID cache for 0 collections in 0.000002 seconds
[2017.03.31-12.37.35:299][  0]LogContentBrowser: Native class hierarchy populated in 0.0083 seconds. Added 2162 classes and 426 folders.
[2017.03.31-12.37.35:302][  0]LogStats: UGameplayTagsManager::ConstructGameplayTagTree: Construct from data asset -  0.000 s
[2017.03.31-12.37.35:302][  0]LogStats: UGameplayTagsManager::ConstructGameplayTagTree: GameplayTagTreeChangedEvent.Broadcast -  0.000 s
[2017.03.31-12.37.35:303][  0]LogContentBrowser: Native class hierarchy updated for 'GameplayTags' in 0.0005 seconds. Added 12 classes and 0 folders.
[2017.03.31-12.37.35:306][  0]LogContentBrowser: Native class hierarchy updated for 'WidgetCarousel' in 0.0004 seconds. Added 0 classes and 0 folders.
[2017.03.31-12.37.35:357][  0]LogContentBrowser: Native class hierarchy updated for 'AddContentDialog' in 0.0004 seconds. Added 0 classes and 0 folders.
[2017.03.31-12.37.35:361][  0]LogContentBrowser: Native class hierarchy updated for 'SceneOutliner' in 0.0005 seconds. Added 1 classes and 2 folders.
[2017.03.31-12.37.35:371][  0]LogCrashTracker: Crashtracker disabled due to settings.
[2017.03.31-12.37.35:374][  0]LogUObjectGlobals:Warning: Failed to find object 'Class None.'
[2017.03.31-12.37.35:397][  0]LogContentBrowser: Native class hierarchy updated for 'HierarchicalLODOutliner' in 0.0005 seconds. Added 1 classes and 2 folders.
[2017.03.31-12.37.35:397][  0]LogLoad: (Engine Initialization) Total time: 8.46 seconds
[2017.03.31-12.37.35:397][  0]LogLoad: (Engine Initialization) Total Blueprint compile time: 0.58 seconds
[2017.03.31-12.37.35:397][  0]LogExternalProfiler: No external profilers were discovered.  External profiling features will not be available.
[2017.03.31-12.37.35:410][  0]LogOcInput: OculusInput pre-init called
[2017.03.31-12.37.35:443][  0]LogContentStreaming: Texture pool size now 1000 MB
[2017.03.31-12.37.35:599][  0]LogRenderer: Reallocating scene render targets to support 980x408 (Frame:2).
[2017.03.31-12.37.35:691][  1]LogFileCache: Retrieving MD5 hashes for directory 'C:/Users/Jérémie/Documents/Unreal Projects/Game1/Content/' took 0.27s
[2017.03.31-12.37.35:708][  1]LogAssetRegistry: Asset discovery search completed in 4.2548 seconds
[2017.03.31-12.37.35:708][  1]LogCollectionManager: Rebuilt the object cache for 0 collections in 0.000000 seconds (found 0 objects)
[2017.03.31-12.37.35:708][  1]LogCollectionManager: Fixed up redirectors for 0 collections in 0.000018 seconds (updated 0 objects)
[2017.03.31-12.37.37:476][122]Cmd: QUIT_EDITOR
[2017.03.31-12.37.37:523][122]LogExit: Preparing to exit.
[2017.03.31-12.37.38:445][122]LogDirectoryWatcher: A directory notification for 'C:/Users/Jérémie/Documents/Unreal Projects/Game1/Content/' was aborted.
[2017.03.31-12.37.38:462][122]LogExit: Editor shut down
[2017.03.31-12.37.38:462][122]LogExit: Transaction tracking system shut down
[2017.03.31-12.37.38:569][122]LogObj: Freed 0b from 0 cluster array pools.
[2017.03.31-12.37.38:569][122]LogExit: Object subsystem successfully closed.
[2017.03.31-12.37.38:575][122]LogD3D11RHI: Shutdown
[2017.03.31-12.37.38:575][122]LogD3D11RHI: CleanupD3DDevice
[2017.03.31-12.37.38:617][122]LogD3D11RHI: ~FD3D11DynamicRHI
[2017.03.31-12.37.38:630][122]LogModuleManager: Shutting down and abandoning module HierarchicalLODOutliner (238)
[2017.03.31-12.37.38:630][122]LogModuleManager: Shutting down and abandoning module CrashTracker (237)
[2017.03.31-12.37.38:630][122]LogModuleManager: Shutting down and abandoning module SceneOutliner (236)
[2017.03.31-12.37.38:630][122]LogModuleManager: Shutting down and abandoning module WidgetCarousel (235)
[2017.03.31-12.37.38:630][122]LogModuleManager: Shutting down and abandoning module AddContentDialog (234)
[2017.03.31-12.37.38:630][122]LogDirectoryWatcher: A directory notification for 'C:/Program Files (x86)/Epic Games/4.13/FeaturePacks/' was aborted.
[2017.03.31-12.37.38:630][122]LogModuleManager: Shutting down and abandoning module GameplayTags (233)
[2017.03.31-12.37.38:630][122]LogModuleManager: Shutting down and abandoning module EditorWidgets (232)
[2017.03.31-12.37.38:630][122]LogModuleManager: Shutting down and abandoning module CollectionManager (231)
[2017.03.31-12.37.38:630][122]LogDirectoryWatcher: A directory notification for 'C:/Users/Jérémie/Documents/Unreal Projects/Game1/Content/Collections/' was aborted.
[2017.03.31-12.37.38:630][122]LogDirectoryWatcher: A directory notification for 'C:/Users/Jérémie/Documents/Unreal Projects/Game1/Content/Developers/Jérémie/Collections/' was aborted.
[2017.03.31-12.37.38:630][122]LogDirectoryWatcher: A directory notification for 'C:/Users/Jérémie/Documents/Unreal Projects/Game1/Saved/Collections/' was aborted.
[2017.03.31-12.37.38:631][122]LogModuleManager: Shutting down and abandoning module StatsViewer (230)
[2017.03.31-12.37.38:631][122]LogModuleManager: Shutting down and abandoning module FoliageEdit (229)
[2017.03.31-12.37.38:631][122]LogModuleManager: Shutting down and abandoning module LandscapeEditor (228)
[2017.03.31-12.37.38:631][122]LogModuleManager: Shutting down and abandoning module SceneDepthPickerMode (227)
[2017.03.31-12.37.38:631][122]LogModuleManager: Shutting down and abandoning module ActorPickerMode (226)
[2017.03.31-12.37.38:631][122]LogModuleManager: Shutting down and abandoning module GeometryMode (225)
[2017.03.31-12.37.38:631][122]LogModuleManager: Shutting down and abandoning module TextureAlignMode (224)
[2017.03.31-12.37.38:631][122]LogModuleManager: Shutting down and abandoning module BspMode (223)
[2017.03.31-12.37.38:631][122]LogModuleManager: Shutting down and abandoning module HardwareSurvey (222)
[2017.03.31-12.37.38:631][122]LogModuleManager: Shutting down and abandoning module SequenceRecorderSections (221)
[2017.03.31-12.37.38:631][122]LogModuleManager: Shutting down and abandoning module SequenceRecorder (220)
[2017.03.31-12.37.38:631][122]LogModuleManager: Shutting down and abandoning module AutomationWorker (219)
[2017.03.31-12.37.38:631][122]LogModuleManager: Shutting down and abandoning module MatineeToLevelSequence (218)
[2017.03.31-12.37.38:631][122]LogModuleManager: Shutting down and abandoning module PlacementMode (217)
[2017.03.31-12.37.38:631][122]LogModuleManager: Shutting down and abandoning module LevelSequenceEditor (216)
[2017.03.31-12.37.38:631][122]LogModuleManager: Shutting down and abandoning module WmfMediaFactory (215)
[2017.03.31-12.37.38:631][122]LogModuleManager: Shutting down and abandoning module WmfMediaEditor (214)
[2017.03.31-12.37.38:631][122]LogModuleManager: Shutting down and abandoning module AvfMediaFactory (213)
[2017.03.31-12.37.38:631][122]LogModuleManager: Shutting down and abandoning module AvfMediaEditor (212)
[2017.03.31-12.37.38:631][122]LogModuleManager: Shutting down and abandoning module Media (211)
[2017.03.31-12.37.38:631][122]LogModuleManager: Shutting down and abandoning module AndroidMediaFactory (210)
[2017.03.31-12.37.38:631][122]LogModuleManager: Shutting down and abandoning module AndroidMediaEditor (209)
[2017.03.31-12.37.38:631][122]LogModuleManager: Shutting down and abandoning module CharacterAI (208)
[2017.03.31-12.37.38:631][122]LogModuleManager: Shutting down and abandoning module SmartSnapping (207)
[2017.03.31-12.37.38:631][122]LogModuleManager: Shutting down and abandoning module SessionServices (206)
[2017.03.31-12.37.38:631][122]LogModuleManager: Shutting down and abandoning module ViewportSnapping (205)
[2017.03.31-12.37.38:631][122]LogModuleManager: Shutting down and abandoning module ViewportInteraction (204)
[2017.03.31-12.37.38:631][122]LogModuleManager: Shutting down and abandoning module LogVisualizer (203)
[2017.03.31-12.37.38:631][122]LogModuleManager: Shutting down and abandoning module GameProjectGeneration (202)
[2017.03.31-12.37.38:631][122]LogModuleManager: Shutting down and abandoning module IntroTutorials (201)
[2017.03.31-12.37.38:631][122]LogModuleManager: Shutting down and abandoning module EditorLiveStreaming (200)
[2017.03.31-12.37.38:631][122]LogModuleManager: Shutting down and abandoning module IOSPlatformEditor (199)
[2017.03.31-12.37.38:631][122]LogModuleManager: Shutting down and abandoning module HTML5PlatformEditor (198)
[2017.03.31-12.37.38:631][122]LogModuleManager: Shutting down and abandoning module AndroidDeviceDetection (197)
[2017.03.31-12.37.39:400][122]LogModuleManager: Shutting down and abandoning module AndroidPlatformEditor (196)
[2017.03.31-12.37.39:400][122]LogModuleManager: Shutting down and abandoning module IOSRuntimeSettings (195)
[2017.03.31-12.37.39:400][122]LogModuleManager: Shutting down and abandoning module AndroidRuntimeSettings (194)
[2017.03.31-12.37.39:400][122]LogModuleManager: Shutting down and abandoning module NiagaraEditor (193)
[2017.03.31-12.37.39:400][122]LogModuleManager: Shutting down and abandoning module MergeActors (192)
[2017.03.31-12.37.39:400][122]LogModuleManager: Shutting down and abandoning module SizeMap (191)
[2017.03.31-12.37.39:400][122]LogModuleManager: Shutting down and abandoning module TreeMap (190)
[2017.03.31-12.37.39:400][122]LogModuleManager: Shutting down and abandoning module ReferenceViewer (189)
[2017.03.31-12.37.39:400][122]LogModuleManager: Shutting down and abandoning module LocalizationService (188)
[2017.03.31-12.37.39:400][122]LogModuleManager: Shutting down and abandoning module LocalizationDashboard (187)
[2017.03.31-12.37.39:400][122]LogModuleManager: Shutting down and abandoning module HardwareTargeting (186)
[2017.03.31-12.37.39:400][122]LogModuleManager: Shutting down and abandoning module DeviceProfileEditor (185)
[2017.03.31-12.37.39:400][122]LogModuleManager: Shutting down and abandoning module UndoHistory (184)
[2017.03.31-12.37.39:400][122]LogModuleManager: Shutting down and abandoning module UserFeedback (183)
[2017.03.31-12.37.39:400][122]LogModuleManager: Shutting down and abandoning module XmlParser (182)
[2017.03.31-12.37.39:400][122]LogModuleManager: Shutting down and abandoning module Blutility (181)
[2017.03.31-12.37.39:400][122]LogModuleManager: Shutting down and abandoning module ProjectTargetPlatformEditor (180)
[2017.03.31-12.37.39:400][122]LogModuleManager: Shutting down and abandoning module ProjectSettingsViewer (179)
[2017.03.31-12.37.39:400][122]LogModuleManager: Shutting down and abandoning module InputBindingEditor (178)
[2017.03.31-12.37.39:400][122]LogModuleManager: Shutting down and abandoning module EditorSettingsViewer (177)
[2017.03.31-12.37.39:400][122]LogModuleManager: Shutting down and abandoning module SettingsEditor (176)
[2017.03.31-12.37.39:400][122]LogModuleManager: Shutting down and abandoning module ProjectLauncher (175)
[2017.03.31-12.37.39:400][122]LogModuleManager: Shutting down and abandoning module SessionFrontend (174)
[2017.03.31-12.37.39:400][122]LogModuleManager: Shutting down and abandoning module ProfilerClient (173)
[2017.03.31-12.37.39:400][122]LogModuleManager: Shutting down and abandoning module TargetDeviceServices (172)
[2017.03.31-12.37.39:401][122]LogModuleManager: Shutting down and abandoning module DeviceManager (171)
[2017.03.31-12.37.39:451][122]LogModuleManager: Shutting down and abandoning module AutomationController (170)
[2017.03.31-12.37.39:451][122]LogModuleManager: Shutting down and abandoning module AutomationWindow (169)
[2017.03.31-12.37.39:451][122]LogModuleManager: Shutting down and abandoning module Layers (168)
[2017.03.31-12.37.39:451][122]LogModuleManager: Shutting down and abandoning module ComponentVisualizers (167)
[2017.03.31-12.37.39:451][122]LogModuleManager: Shutting down and abandoning module DetailCustomizations (166)
[2017.03.31-12.37.39:451][122]LogModuleManager: Shutting down and abandoning module PackagesDialog (165)
[2017.03.31-12.37.39:451][122]LogModuleManager: Shutting down and abandoning module AnimGraph (164)
[2017.03.31-12.37.39:451][122]LogModuleManager: Shutting down and abandoning module Persona (163)
[2017.03.31-12.37.39:451][122]LogModuleManager: Shutting down and abandoning module Kismet (162)
[2017.03.31-12.37.39:453][122]LogModuleManager: Shutting down and abandoning module GraphEditor (161)
[2017.03.31-12.37.39:453][122]LogModuleManager: Shutting down and abandoning module ClassViewer (160)
[2017.03.31-12.37.39:453][122]LogModuleManager: Shutting down and abandoning module Toolbox (159)
[2017.03.31-12.37.39:453][122]LogModuleManager: Shutting down and abandoning module ModuleUI (158)
[2017.03.31-12.37.39:453][122]LogModuleManager: Shutting down and abandoning module MovieSceneTools (157)
[2017.03.31-12.37.39:453][122]LogModuleManager: Shutting down and abandoning module OutputLog (156)
[2017.03.31-12.37.39:453][122]LogModuleManager: Shutting down and abandoning module GammaUI (155)
[2017.03.31-12.37.39:453][122]LogModuleManager: Shutting down and abandoning module Documentation (154)
[2017.03.31-12.37.39:453][122]LogModuleManager: Shutting down and abandoning module Niagara (153)
[2017.03.31-12.37.39:453][122]LogModuleManager: Shutting down and abandoning module StreamingPauseRendering (152)
[2017.03.31-12.37.39:453][122]LogModuleManager: Shutting down and abandoning module AnalyticsET (151)
[2017.03.31-12.37.39:453][122]LogModuleManager: Shutting down and abandoning module PortalServices (150)
[2017.03.31-12.37.39:453][122]LogModuleManager: Shutting down and abandoning module PortalRpc (149)
[2017.03.31-12.37.39:453][122]LogModuleManager: Shutting down and abandoning module MessagingRpc (148)
[2017.03.31-12.37.39:453][122]LogModuleManager: Shutting down and abandoning module GameplayDebugger (147)
[2017.03.31-12.37.39:453][122]LogModuleManager: Shutting down and abandoning module AITestSuite (146)
[2017.03.31-12.37.39:453][122]LogModuleManager: Shutting down and abandoning module AIModule (145)
[2017.03.31-12.37.39:453][122]LogModuleManager: Shutting down and abandoning module ProfilerService (144)
[2017.03.31-12.37.39:513][122]LogModuleManager: Shutting down and abandoning module TaskGraph (143)
[2017.03.31-12.37.39:513][122]LogModuleManager: Shutting down and abandoning module SubstanceEditor (142)
[2017.03.31-12.37.39:513][122]LogModuleManager: Shutting down and abandoning module SlateRemote (141)
[2017.03.31-12.37.39:513][122]LogModuleManager: Shutting down and abandoning module SteamVRController (140)
[2017.03.31-12.37.39:513][122]LogModuleManager: Shutting down and abandoning module SteamVR (139)
[2017.03.31-12.37.39:513][122]LogModuleManager: Shutting down and abandoning module ProceduralMeshComponentEditor (138)
[2017.03.31-12.37.39:513][122]LogModuleManager: Shutting down and abandoning module ProceduralMeshComponent (137)
[2017.03.31-12.37.39:513][122]LogModuleManager: Shutting down and abandoning module OculusLibrary (136)
[2017.03.31-12.37.39:513][122]LogModuleManager: Shutting down and abandoning module OculusInput (135)
[2017.03.31-12.37.39:513][122]LogModuleManager: Shutting down and abandoning module CustomMeshComponent (134)
[2017.03.31-12.37.39:513][122]LogModuleManager: Shutting down and abandoning module CableComponent (133)
[2017.03.31-12.37.39:513][122]LogModuleManager: Shutting down and abandoning module ArchVisCharacter (132)
[2017.03.31-12.37.39:513][122]LogModuleManager: Shutting down and abandoning module MediaPlayerEditor (130)
[2017.03.31-12.37.39:513][122]LogModuleManager: Shutting down and abandoning module ModoMaterialImporter (129)
[2017.03.31-12.37.39:513][122]LogModuleManager: Shutting down and abandoning module HTML5Networking (128)
[2017.03.31-12.37.39:513][122]LogModuleManager: Shutting down and abandoning module GeometryCacheEd (127)
[2017.03.31-12.37.39:513][122]LogModuleManager: Shutting down and abandoning module GeometryCache (126)
[2017.03.31-12.37.39:513][122]LogModuleManager: Shutting down and abandoning module AlembicLibrary (125)
[2017.03.31-12.37.39:513][122]LogModuleManager: Shutting down and abandoning module AlembicImporter (124)
[2017.03.31-12.37.39:513][122]LogModuleManager: Shutting down and abandoning module SuperSearch (123)
[2017.03.31-12.37.39:513][122]LogModuleManager: Shutting down and abandoning module SuperSearchEditor (122)
[2017.03.31-12.37.39:513][122]LogModuleManager: Shutting down and abandoning module SpeedTreeImporter (121)
[2017.03.31-12.37.39:513][122]LogModuleManager: Shutting down and abandoning module PluginBrowser (120)
[2017.03.31-12.37.39:513][122]LogModuleManager: Shutting down and abandoning module MobileLauncherProfileWizard (119)
[2017.03.31-12.37.39:513][122]LogModuleManager: Shutting down and abandoning module EpicSurvey (118)
[2017.03.31-12.37.39:513][122]LogModuleManager: Shutting down and abandoning module DonAINavigation (117)
[2017.03.31-12.37.39:513][122]LogModuleManager: Shutting down and abandoning module DesktopPlatform (116)
[2017.03.31-12.37.39:513][122]LogModuleManager: Shutting down and abandoning module VisualStudioSourceCodeAccess (115)
[2017.03.31-12.37.39:513][122]LogModuleManager: Shutting down and abandoning module UObjectPlugin (114)
[2017.03.31-12.37.39:513][122]LogModuleManager: Shutting down and abandoning module SubversionSourceControl (113)
[2017.03.31-12.37.39:513][122]LogModuleManager: Shutting down and abandoning module PerforceSourceControl (112)
[2017.03.31-12.37.39:513][122]LogModuleManager: Shutting down and abandoning module SourceControl (111)
[2017.03.31-12.37.39:513][122]LogModuleManager: Shutting down and abandoning module GitSourceControl (110)
[2017.03.31-12.37.39:513][122]LogModuleManager: Shutting down and abandoning module LightPropagationVolumeEditor (109)
[2017.03.31-12.37.39:513][122]LogModuleManager: Shutting down and abandoning module PaperTiledImporter (108)
[2017.03.31-12.37.39:513][122]LogModuleManager: Shutting down and abandoning module PaperSpriteSheetImporter (107)
[2017.03.31-12.37.39:513][122]LogModuleManager: Shutting down and abandoning module MeshPaint (106)
[2017.03.31-12.37.39:513][122]LogModuleManager: Shutting down and abandoning module FbxAutomationBuilderModule (105)
[2017.03.31-12.37.39:513][122]LogModuleManager: Shutting down and abandoning module PixelInspectorModule (104)
[2017.03.31-12.37.39:513][122]LogModuleManager: Shutting down and abandoning module HotReload (103)
[2017.03.31-12.37.39:514][122]LogModuleManager: Shutting down and abandoning module MainFrame (102)
[2017.03.31-12.37.39:514][122]LogModuleManager: Shutting down and abandoning module LevelEditor (101)
[2017.03.31-12.37.39:514][122]LogModuleManager: Shutting down and abandoning module ContentBrowser (100)
[2017.03.31-12.37.39:515][122]LogModuleManager: Shutting down and abandoning module Paper2DEditor (99)
[2017.03.31-12.37.39:515][122]LogModuleManager: Shutting down and abandoning module UdpMessaging (98)
[2017.03.31-12.37.39:615][122]LogModuleManager: Shutting down and abandoning module TcpMessaging (97)
[2017.03.31-12.37.39:715][122]LogModuleManager: Shutting down and abandoning module SubstanceCore (96)
[2017.03.31-12.37.39:715][122]LogModuleManager: Shutting down and abandoning module ModoPlugin (95)
[2017.03.31-12.37.39:715][122]LogModuleManager: Shutting down and abandoning module LightPropagationVolumeRuntime (94)
[2017.03.31-12.37.39:715][122]LogModuleManager: Shutting down and abandoning module Paper2D (93)
[2017.03.31-12.37.39:715][122]LogModuleManager: Shutting down and abandoning module WindowsMoviePlayer (92)
[2017.03.31-12.37.39:715][122]LogModuleManager: Shutting down and abandoning module WmfMedia (91)
[2017.03.31-12.37.39:715][122]LogModuleManager: Shutting down and abandoning module MediaAssets (90)
[2017.03.31-12.37.39:715][122]LogModuleManager: Shutting down and abandoning module GameLiveStreaming (89)
[2017.03.31-12.37.39:715][122]LogModuleManager: Shutting down and abandoning module GameplayTagsEditor (88)
[2017.03.31-12.37.39:715][122]LogModuleManager: Shutting down and abandoning module VREditor (87)
[2017.03.31-12.37.39:715][122]LogModuleManager: Shutting down and abandoning module GameplayTasksEditor (86)
[2017.03.31-12.37.39:715][122]LogModuleManager: Shutting down and abandoning module PropertyEditor (85)
[2017.03.31-12.37.39:715][122]LogModuleManager: Shutting down and abandoning module BehaviorTreeEditor (84)
[2017.03.31-12.37.39:715][122]LogModuleManager: Shutting down and abandoning module FunctionalTesting (83)
[2017.03.31-12.37.39:715][122]LogModuleManager: Shutting down and abandoning module CollisionAnalyzer (82)
[2017.03.31-12.37.39:715][122]LogModuleManager: Shutting down and abandoning module Sequencer (81)
[2017.03.31-12.37.39:715][122]LogModuleManager: Shutting down and abandoning module WorkspaceMenuStructure (80)
[2017.03.31-12.37.39:715][122]LogModuleManager: Shutting down and abandoning module MessageLog (79)
[2017.03.31-12.37.39:715][122]LogModuleManager: Shutting down and abandoning module AssetTools (78)
[2017.03.31-12.37.39:715][122]LogModuleManager: Shutting down and abandoning module UMGEditor (77)
[2017.03.31-12.37.39:715][122]LogModuleManager: Shutting down and abandoning module UMG (76)
[2017.03.31-12.37.39:715][122]LogModuleManager: Shutting down and abandoning module SlateReflector (75)
[2017.03.31-12.37.39:715][122]LogModuleManager: Shutting down and abandoning module Slate (74)
[2017.03.31-12.37.39:715][122]LogModuleManager: Shutting down and abandoning module EditorStyle (73)
[2017.03.31-12.37.39:718][122]LogModuleManager: Shutting down and abandoning module SourceCodeAccess (72)
[2017.03.31-12.37.39:718][122]LogModuleManager: Shutting down and abandoning module HeadMountedDisplay (71)
[2017.03.31-12.37.39:718][122]LogModuleManager: Shutting down and abandoning module XAudio2 (70)
[2017.03.31-12.37.39:718][122]LogModuleManager: Shutting down and abandoning module Networking (68)
[2017.03.31-12.37.39:718][122]LogModuleManager: Shutting down and abandoning module Core (67)
[2017.03.31-12.37.39:718][122]LogModuleManager: Shutting down and abandoning module DirectoryWatcher (66)
[2017.03.31-12.37.39:718][122]LogDirectoryWatcher: A directory notification for '../../../Engine/Content/' was aborted.
[2017.03.31-12.37.39:718][122]LogDirectoryWatcher: A directory notification for '../../../../../../Users/Jérémie/Documents/Unreal Projects/Game1/Content/' was aborted.
[2017.03.31-12.37.39:718][122]LogDirectoryWatcher: A directory notification for '../../../Engine/Plugins/2D/Paper2D/Content/' was aborted.
[2017.03.31-12.37.39:718][122]LogModuleManager: Shutting down and abandoning module AssetRegistry (65)
[2017.03.31-12.37.39:795][122]LogModuleManager: Shutting down and abandoning module KismetCompiler (64)
[2017.03.31-12.37.39:795][122]LogModuleManager: Shutting down and abandoning module PhysXFormats (63)
[2017.03.31-12.37.39:795][122]LogModuleManager: Shutting down and abandoning module MeshUtilities (62)
[2017.03.31-12.37.39:795][122]LogModuleManager: Shutting down and abandoning module DerivedDataCache (61)
[2017.03.31-12.37.39:801][122]LogDerivedDataCache: Shutdown
[2017.03.31-12.37.39:801][122]LogModuleManager: Shutting down and abandoning module VulkanShaderFormat (60)
[2017.03.31-12.37.39:801][122]LogModuleManager: Shutting down and abandoning module ShaderFormatOpenGL (59)
[2017.03.31-12.37.39:801][122]LogModuleManager: Shutting down and abandoning module ShaderFormatD3D (58)
[2017.03.31-12.37.39:801][122]LogModuleManager: Shutting down and abandoning module MetalShaderFormat (57)
[2017.03.31-12.37.39:801][122]LogModuleManager: Shutting down and abandoning module TextureFormatUncompressed (56)
[2017.03.31-12.37.39:801][122]LogModuleManager: Shutting down and abandoning module TextureFormatPVR (55)
[2017.03.31-12.37.39:801][122]LogModuleManager: Shutting down and abandoning module TextureFormatDXT (54)
[2017.03.31-12.37.39:801][122]LogModuleManager: Shutting down and abandoning module TextureFormatIntelISPCTexComp (53)
[2017.03.31-12.37.39:801][122]LogModuleManager: Shutting down and abandoning module ImageWrapper (52)
[2017.03.31-12.37.39:801][122]LogModuleManager: Shutting down and abandoning module TextureFormatASTC (51)
[2017.03.31-12.37.39:801][122]LogModuleManager: Shutting down and abandoning module TextureFormatAndroid (50)
[2017.03.31-12.37.39:801][122]LogModuleManager: Shutting down and abandoning module AudioFormatOpus (49)
[2017.03.31-12.37.39:801][122]LogModuleManager: Shutting down and abandoning module AudioFormatOgg (48)
[2017.03.31-12.37.39:801][122]LogModuleManager: Shutting down and abandoning module AudioFormatADPCM (47)
[2017.03.31-12.37.39:802][122]LogModuleManager: Shutting down and abandoning module LinuxTargetPlatform (46)
[2017.03.31-12.37.39:802][122]LogModuleManager: Shutting down and abandoning module LinuxServerTargetPlatform (45)
[2017.03.31-12.37.39:802][122]LogModuleManager: Shutting down and abandoning module LinuxNoEditorTargetPlatform (44)
[2017.03.31-12.37.39:802][122]LogModuleManager: Shutting down and abandoning module LinuxClientTargetPlatform (43)
[2017.03.31-12.37.39:802][122]LogModuleManager: Shutting down and abandoning module TVOSTargetPlatform (42)
[2017.03.31-12.37.39:802][122]LogModuleManager: Shutting down and abandoning module Messaging (41)
[2017.03.31-12.37.39:802][122]LogModuleManager: Shutting down and abandoning module IOSTargetPlatform (40)
[2017.03.31-12.37.39:802][122]LogModuleManager: Shutting down and abandoning module HTML5TargetPlatform (39)
[2017.03.31-12.37.39:802][122]LogModuleManager: Shutting down and abandoning module Android_PVRTCTargetPlatform (38)
[2017.03.31-12.37.39:802][122]LogModuleManager: Shutting down and abandoning module Android_MultiTargetPlatform (37)
[2017.03.31-12.37.39:802][122]LogModuleManager: Shutting down and abandoning module Android_ETC2TargetPlatform (36)
[2017.03.31-12.37.39:802][122]LogModuleManager: Shutting down and abandoning module Android_ETC1TargetPlatform (35)
[2017.03.31-12.37.39:802][122]LogModuleManager: Shutting down and abandoning module Android_DXTTargetPlatform (34)
[2017.03.31-12.37.39:802][122]LogModuleManager: Shutting down and abandoning module Android_ATCTargetPlatform (33)
[2017.03.31-12.37.39:802][122]LogModuleManager: Shutting down and abandoning module Android_ASTCTargetPlatform (32)
[2017.03.31-12.37.39:802][122]LogModuleManager: Shutting down and abandoning module AndroidTargetPlatform (31)
[2017.03.31-12.37.39:802][122]LogModuleManager: Shutting down and abandoning module WindowsTargetPlatform (30)
[2017.03.31-12.37.39:802][122]LogModuleManager: Shutting down and abandoning module WindowsServerTargetPlatform (29)
[2017.03.31-12.37.39:802][122]LogModuleManager: Shutting down and abandoning module WindowsNoEditorTargetPlatform (28)
[2017.03.31-12.37.39:802][122]LogModuleManager: Shutting down and abandoning module WindowsClientTargetPlatform (27)
[2017.03.31-12.37.39:802][122]LogModuleManager: Shutting down and abandoning module AllDesktopTargetPlatform (26)
[2017.03.31-12.37.39:802][122]LogModuleManager: Shutting down and abandoning module TargetPlatform (25)
[2017.03.31-12.37.39:802][122]LogModuleManager: Shutting down and abandoning module InputCore (24)
[2017.03.31-12.37.39:802][122]LogModuleManager: Shutting down and abandoning module Settings (23)
[2017.03.31-12.37.39:802][122]LogModuleManager: Shutting down and abandoning module OculusRift (22)
[2017.03.31-12.37.39:802][122]LogModuleManager: Shutting down and abandoning module GearVR (21)
[2017.03.31-12.37.39:802][122]LogModuleManager: Shutting down and abandoning module ExampleDeviceProfileSelector (20)
[2017.03.31-12.37.39:802][122]LogModuleManager: Shutting down and abandoning module OnlineBlueprintSupport (19)
[2017.03.31-12.37.39:802][122]LogModuleManager: Shutting down and abandoning module OnlineSubsystem (17)
[2017.03.31-12.37.39:802][122]LogOnline:Display: Unloading online subsystem: NULL
[2017.03.31-12.37.39:802][122]LogModuleManager: Shutting down and abandoning module HTTP (16)
[2017.03.31-12.37.39:802][122]LogHttp:Display: Http module shutting down, but needs to wait on 1 outstanding Http requests:
[2017.03.31-12.37.39:802][122]LogHttp:Display: 	verb=[POST] url=[https://datarouter.ol.epicgames.com/datarouter/api/v1/public/data?SessionID=%7BE51633CF-451E-0858-BA11-49AF6218EB57%7D&AppID=UEEditor.Rocket.Release&AppVersion=4.13.2-3172292%2B%2B%2BUE4%2BRelease-4.13&UserID=5f7884814f0323b9d5b16abfcb9c18cb%7C7063918164d34366a35f01cc4397128a%7C70a15316-ee92-4548-b7ea-3330988fcae0&AppEnvironment=datacollector-binary&UploadType=eteventstream] status=Processing
[2017.03.31-12.37.39:810][122]LogModuleManager: Shutting down and abandoning module XMPP (15)
[2017.03.31-12.37.39:810][122]LogModuleManager: Shutting down and abandoning module TextureCompressor (14)
[2017.03.31-12.37.39:811][122]LogModuleManager: Shutting down and abandoning module ShaderCore (13)
[2017.03.31-12.37.39:811][122]LogModuleManager: Shutting down and abandoning module Landscape (12)
[2017.03.31-12.37.39:811][122]LogModuleManager: Shutting down and abandoning module SlateRHIRenderer (11)
[2017.03.31-12.37.39:811][122]LogModuleManager: Shutting down and abandoning module OpenGLDrv (10)
[2017.03.31-12.37.39:811][122]LogModuleManager: Shutting down and abandoning module D3D11RHI (9)
[2017.03.31-12.37.39:811][122]LogModuleManager: Shutting down and abandoning module AnimGraphRuntime (8)
[2017.03.31-12.37.39:811][122]LogModuleManager: Shutting down and abandoning module Renderer (7)
[2017.03.31-12.37.39:811][122]LogModuleManager: Shutting down and abandoning module Engine (6)
[2017.03.31-12.37.39:811][122]LogModuleManager: Shutting down and abandoning module CoreUObject (5)
[2017.03.31-12.37.39:811][122]LogModuleManager: Shutting down and abandoning module NetworkFile (4)
[2017.03.31-12.37.39:811][122]LogModuleManager: Shutting down and abandoning module StreamingFile (3)
[2017.03.31-12.37.39:811][122]LogModuleManager: Shutting down and abandoning module SandboxFile (2)
[2017.03.31-12.37.39:811][122]LogModuleManager: Shutting down and abandoning module PakFile (1)
[2017.03.31-12.37.39:812][122]LogExit: Exiting.
[2017.03.31-12.37.39:814][122]Log file closed, 03/31/17 14:37:39
