Log file open, 10/31/16 11:21:32
LogInit:Display: Running engine for game: GameProg
LogPlatformFile: Not using cached read wrapper
LogInit:Display: RandInit(-116545219) SRandInit(-116545219).
LogTaskGraph: Started task graph with 5 named threads and 6 total threads with 1 sets of task threads.
LogStats: Stats thread started at 0.050926
LogPluginManager: Loaded Plugin Paper2D, From C:/Program Files (x86)/Epic Games/4.13/Engine/Plugins/2D/Paper2D/Paper2D.uplugin
LogPluginManager: Loaded Plugin LightPropagationVolume, From C:/Program Files (x86)/Epic Games/4.13/Engine/Plugins/Blendables/LightPropagationVolume/LightPropagationVolume.uplugin
LogPluginManager: Loaded Plugin BlankPlugin, From C:/Program Files (x86)/Epic Games/4.13/Engine/Plugins/Developer/BlankPlugin/BlankPlugin.uplugin
LogPluginManager: Loaded Plugin CodeLiteSourceCodeAccess, From C:/Program Files (x86)/Epic Games/4.13/Engine/Plugins/Developer/CodeLiteSourceCodeAccess/CodeLiteSourceCodeAccess.uplugin
LogPluginManager: Loaded Plugin GitSourceControl, From C:/Program Files (x86)/Epic Games/4.13/Engine/Plugins/Developer/GitSourceControl/GitSourceControl.uplugin
LogPluginManager: Loaded Plugin KDevelopSourceCodeAccess, From C:/Program Files (x86)/Epic Games/4.13/Engine/Plugins/Developer/KDevelopSourceCodeAccess/KDevelopSourceCodeAccess.uplugin
LogPluginManager: Loaded Plugin NullSourceCodeAccess, From C:/Program Files (x86)/Epic Games/4.13/Engine/Plugins/Developer/NullSourceCodeAccess/NullSourceCodeAccess.uplugin
LogPluginManager: Loaded Plugin OneSkyLocalizationService, From C:/Program Files (x86)/Epic Games/4.13/Engine/Plugins/Developer/OneSkyLocalizationService/OneSkyLocalizationService.uplugin
LogPluginManager: Loaded Plugin PerforceSourceControl, From C:/Program Files (x86)/Epic Games/4.13/Engine/Plugins/Developer/PerforceSourceControl/PerforceSourceControl.uplugin
LogPluginManager: Loaded Plugin SubversionSourceControl, From C:/Program Files (x86)/Epic Games/4.13/Engine/Plugins/Developer/SubversionSourceControl/SubversionSourceControl.uplugin
LogPluginManager: Loaded Plugin UObjectPlugin, From C:/Program Files (x86)/Epic Games/4.13/Engine/Plugins/Developer/UObjectPlugin/UObjectPlugin.uplugin
LogPluginManager: Loaded Plugin VisualStudioSourceCodeAccess, From C:/Program Files (x86)/Epic Games/4.13/Engine/Plugins/Developer/VisualStudioSourceCodeAccess/VisualStudioSourceCodeAccess.uplugin
LogPluginManager: Loaded Plugin XCodeSourceCodeAccess, From C:/Program Files (x86)/Epic Games/4.13/Engine/Plugins/Developer/XCodeSourceCodeAccess/XCodeSourceCodeAccess.uplugin
LogPluginManager: Loaded Plugin EpicSurvey, From C:/Program Files (x86)/Epic Games/4.13/Engine/Plugins/Editor/EpicSurvey/EpicSurvey.uplugin
LogPluginManager: Loaded Plugin MacGraphicsSwitching, From C:/Program Files (x86)/Epic Games/4.13/Engine/Plugins/Editor/MacGraphicsSwitching/MacGraphicsSwitching.uplugin
LogPluginManager: Loaded Plugin MobileLauncherProfileWizard, From C:/Program Files (x86)/Epic Games/4.13/Engine/Plugins/Editor/MobileLauncherProfileWizard/MobileLauncherProfileWizard.uplugin
LogPluginManager: Loaded Plugin PluginBrowser, From C:/Program Files (x86)/Epic Games/4.13/Engine/Plugins/Editor/PluginBrowser/PluginBrowser.uplugin
LogPluginManager: Loaded Plugin SpeedTreeImporter, From C:/Program Files (x86)/Epic Games/4.13/Engine/Plugins/Editor/SpeedTreeImporter/SpeedTreeImporter.uplugin
LogPluginManager: Loaded Plugin SuperSearchEditor, From C:/Program Files (x86)/Epic Games/4.13/Engine/Plugins/Editor/SuperSearchEditor/SuperSearchEditor.uplugin
LogPluginManager: Loaded Plugin AlembicImporter, From C:/Program Files (x86)/Epic Games/4.13/Engine/Plugins/Experimental/AlembicImporter/AlembicImporter.uplugin
LogPluginManager: Loaded Plugin BlueprintStats, From C:/Program Files (x86)/Epic Games/4.13/Engine/Plugins/Experimental/BlueprintStats/BlueprintStats.uplugin
LogPluginManager: Loaded Plugin CharacterAI, From C:/Program Files (x86)/Epic Games/4.13/Engine/Plugins/Experimental/CharacterAI/CharacterAI.uplugin
LogPluginManager: Loaded Plugin CodeEditor, From C:/Program Files (x86)/Epic Games/4.13/Engine/Plugins/Experimental/CodeEditor/CodeEditor.uplugin
LogPluginManager: Loaded Plugin CodeView, From C:/Program Files (x86)/Epic Games/4.13/Engine/Plugins/Experimental/CodeView/CodeView.uplugin
LogPluginManager: Loaded Plugin HTML5Networking, From C:/Program Files (x86)/Epic Games/4.13/Engine/Plugins/Experimental/HTML5Networking/HTML5Networking.uplugin
LogPluginManager: Loaded Plugin LiveEditor, From C:/Program Files (x86)/Epic Games/4.13/Engine/Plugins/Experimental/LiveEditor/LiveEditor.uplugin
LogPluginManager: Loaded Plugin OSVR, From C:/Program Files (x86)/Epic Games/4.13/Engine/Plugins/Experimental/OSVR/OSVR.uplugin
LogPluginManager: Loaded Plugin Phya, From C:/Program Files (x86)/Epic Games/4.13/Engine/Plugins/Experimental/Phya/Phya.uplugin
LogPluginManager: Loaded Plugin SignificanceManager, From C:/Program Files (x86)/Epic Games/4.13/Engine/Plugins/Experimental/SignificanceManager/SignificanceManager.uplugin
LogPluginManager: Loaded Plugin SimpleHMD, From C:/Program Files (x86)/Epic Games/4.13/Engine/Plugins/Experimental/SimpleHMD/SimpleHMD.uplugin
LogPluginManager: Loaded Plugin StereoPanorama, From C:/Program Files (x86)/Epic Games/4.13/Engine/Plugins/Experimental/StereoPanorama/StereoPanorama.uplugin
LogPluginManager: Loaded Plugin StructBox, From C:/Program Files (x86)/Epic Games/4.13/Engine/Plugins/Experimental/StructBox/StructBox.uplugin
LogPluginManager: Loaded Plugin Substance, From C:/Program Files (x86)/Epic Games/4.13/Engine/Plugins/Marketplace/Substance/Substance.uplugin
LogPluginManager: Loaded Plugin AndroidMedia, From C:/Program Files (x86)/Epic Games/4.13/Engine/Plugins/Media/AndroidMedia/AndroidMedia.uplugin
LogPluginManager: Loaded Plugin AvfMedia, From C:/Program Files (x86)/Epic Games/4.13/Engine/Plugins/Media/AvfMedia/AvfMedia.uplugin
LogPluginManager: Loaded Plugin MediaPlayerEditor, From C:/Program Files (x86)/Epic Games/4.13/Engine/Plugins/Media/MediaPlayerEditor/MediaPlayerEditor.uplugin
LogPluginManager: Loaded Plugin WmfMedia, From C:/Program Files (x86)/Epic Games/4.13/Engine/Plugins/Media/WmfMedia/WmfMedia.uplugin
LogPluginManager: Loaded Plugin MessagingDebugger, From C:/Program Files (x86)/Epic Games/4.13/Engine/Plugins/Messaging/MessagingDebugger/MessagingDebugger.uplugin
LogPluginManager: Loaded Plugin TcpMessaging, From C:/Program Files (x86)/Epic Games/4.13/Engine/Plugins/Messaging/TcpMessaging/TcpMessaging.uplugin
LogPluginManager: Loaded Plugin UdpMessaging, From C:/Program Files (x86)/Epic Games/4.13/Engine/Plugins/Messaging/UdpMessaging/UdpMessaging.uplugin
LogPluginManager: Loaded Plugin LevelSequenceEditor, From C:/Program Files (x86)/Epic Games/4.13/Engine/Plugins/MovieScene/LevelSequenceEditor/LevelSequenceEditor.uplugin
LogPluginManager: Loaded Plugin MatineeToLevelSequence, From C:/Program Files (x86)/Epic Games/4.13/Engine/Plugins/MovieScene/MatineeToLevelSequence/MatineeToLevelSequence.uplugin
LogPluginManager: Loaded Plugin NetcodeUnitTest, From C:/Program Files (x86)/Epic Games/4.13/Engine/Plugins/NetcodeUnitTest/NetcodeUnitTest/NetcodeUnitTest.uplugin
LogPluginManager: Loaded Plugin NUTUnrealEngine4, From C:/Program Files (x86)/Epic Games/4.13/Engine/Plugins/NetcodeUnitTest/NUTUnrealEngine4/NUTUnrealEngine4.uplugin
LogPluginManager: Loaded Plugin OnlineSubsystemGooglePlay, From C:/Program Files (x86)/Epic Games/4.13/Engine/Plugins/Online/Android/OnlineSubsystemGooglePlay/OnlineSubsystemGooglePlay.uplugin
LogPluginManager: Loaded Plugin OnlineSubsystemIOS, From C:/Program Files (x86)/Epic Games/4.13/Engine/Plugins/Online/IOS/OnlineSubsystemIOS/OnlineSubsystemIOS.uplugin
LogPluginManager: Loaded Plugin OnlineFramework, From C:/Program Files (x86)/Epic Games/4.13/Engine/Plugins/Online/OnlineFramework/OnlineFramework.uplugin
LogPluginManager: Loaded Plugin OnlineSubsystem, From C:/Program Files (x86)/Epic Games/4.13/Engine/Plugins/Online/OnlineSubsystem/OnlineSubsystem.uplugin
LogPluginManager: Loaded Plugin OnlineSubsystemAmazon, From C:/Program Files (x86)/Epic Games/4.13/Engine/Plugins/Online/OnlineSubsystemAmazon/OnlineSubsystemAmazon.uplugin
LogPluginManager: Loaded Plugin OnlineSubsystemFacebook, From C:/Program Files (x86)/Epic Games/4.13/Engine/Plugins/Online/OnlineSubsystemFacebook/OnlineSubsystemFacebook.uplugin
LogPluginManager: Loaded Plugin OnlineSubsystemNull, From C:/Program Files (x86)/Epic Games/4.13/Engine/Plugins/Online/OnlineSubsystemNull/OnlineSubsystemNull.uplugin
LogPluginManager: Loaded Plugin OnlineSubsystemOculus, From C:/Program Files (x86)/Epic Games/4.13/Engine/Plugins/Online/OnlineSubsystemOculus/OnlineSubsystemOculus.uplugin
LogPluginManager: Loaded Plugin OnlineSubsystemSteam, From C:/Program Files (x86)/Epic Games/4.13/Engine/Plugins/Online/OnlineSubsystemSteam/OnlineSubsystemSteam.uplugin
LogPluginManager: Loaded Plugin OnlineSubsystemUtils, From C:/Program Files (x86)/Epic Games/4.13/Engine/Plugins/Online/OnlineSubsystemUtils/OnlineSubsystemUtils.uplugin
LogPluginManager: Loaded Plugin IOSTapJoy, From C:/Program Files (x86)/Epic Games/4.13/Engine/Plugins/Runtime/Advertising/IOSTapJoy/IOSTapJoy.uplugin
LogPluginManager: Loaded Plugin AnalyticsBlueprintLibrary, From C:/Program Files (x86)/Epic Games/4.13/Engine/Plugins/Runtime/Analytics/AnalyticsBlueprintLibrary/AnalyticsBlueprintLibrary.uplugin
LogPluginManager: Loaded Plugin AnalyticsMulticast, From C:/Program Files (x86)/Epic Games/4.13/Engine/Plugins/Runtime/Analytics/AnalyticsMulticast/AnalyticsMulticast.uplugin
LogPluginManager: Loaded Plugin Apsalar, From C:/Program Files (x86)/Epic Games/4.13/Engine/Plugins/Runtime/Analytics/Apsalar/Apsalar.uplugin
LogPluginManager: Loaded Plugin FileLogging, From C:/Program Files (x86)/Epic Games/4.13/Engine/Plugins/Runtime/Analytics/FileLogging/FileLogging.uplugin
LogPluginManager: Loaded Plugin Flurry, From C:/Program Files (x86)/Epic Games/4.13/Engine/Plugins/Runtime/Analytics/Flurry/Flurry.uplugin
LogPluginManager: Loaded Plugin AndroidDeviceProfileSelector, From C:/Program Files (x86)/Epic Games/4.13/Engine/Plugins/Runtime/AndroidDeviceProfileSelector/AndroidDeviceProfileSelector.uplugin
LogPluginManager: Loaded Plugin AndroidMoviePlayer, From C:/Program Files (x86)/Epic Games/4.13/Engine/Plugins/Runtime/AndroidMoviePlayer/AndroidMoviePlayer.uplugin
LogPluginManager: Loaded Plugin AppleMoviePlayer, From C:/Program Files (x86)/Epic Games/4.13/Engine/Plugins/Runtime/AppleMoviePlayer/AppleMoviePlayer.uplugin
LogPluginManager: Loaded Plugin ArchVisCharacter, From C:/Program Files (x86)/Epic Games/4.13/Engine/Plugins/Runtime/ArchVisCharacter/ArchVisCharacter.uplugin
LogPluginManager: Loaded Plugin CableComponent, From C:/Program Files (x86)/Epic Games/4.13/Engine/Plugins/Runtime/CableComponent/CableComponent.uplugin
LogPluginManager: Loaded Plugin CustomMeshComponent, From C:/Program Files (x86)/Epic Games/4.13/Engine/Plugins/Runtime/CustomMeshComponent/CustomMeshComponent.uplugin
LogPluginManager: Loaded Plugin ExampleDeviceProfileSelector, From C:/Program Files (x86)/Epic Games/4.13/Engine/Plugins/Runtime/ExampleDeviceProfileSelector/ExampleDeviceProfileSelector.uplugin
LogPluginManager: Loaded Plugin GearVR, From C:/Program Files (x86)/Epic Games/4.13/Engine/Plugins/Runtime/GearVR/GearVR.uplugin
LogPluginManager: Loaded Plugin GoogleVRController, From C:/Program Files (x86)/Epic Games/4.13/Engine/Plugins/Runtime/GoogleVR/GoogleVRController/GoogleVRController.uplugin
LogPluginManager: Loaded Plugin GoogleVRHMD, From C:/Program Files (x86)/Epic Games/4.13/Engine/Plugins/Runtime/GoogleVR/GoogleVRHMD/GoogleVRHMD.uplugin
LogPluginManager: Loaded Plugin IOSDeviceProfileSelector, From C:/Program Files (x86)/Epic Games/4.13/Engine/Plugins/Runtime/IOSDeviceProfileSelector/IOSDeviceProfileSelector.uplugin
LogPluginManager: Loaded Plugin LeapMotion, From C:/Program Files (x86)/Epic Games/4.13/Engine/Plugins/Runtime/LeapMotion/LeapMotion.uplugin
LogPluginManager: Loaded Plugin LinuxDeviceProfileSelector, From C:/Program Files (x86)/Epic Games/4.13/Engine/Plugins/Runtime/LinuxDeviceProfileSelector/LinuxDeviceProfileSelector.uplugin
LogPluginManager: Loaded Plugin LiveEditorListenServer, From C:/Program Files (x86)/Epic Games/4.13/Engine/Plugins/Runtime/LiveEditorListenServer/LiveEditorListenServer.uplugin
LogPluginManager: Loaded Plugin OculusAudio, From C:/Program Files (x86)/Epic Games/4.13/Engine/Plugins/Runtime/OculusAudio/OculusAudio.uplugin
LogPluginManager: Loaded Plugin OculusInput, From C:/Program Files (x86)/Epic Games/4.13/Engine/Plugins/Runtime/OculusInput/OculusInput.uplugin
LogPluginManager: Loaded Plugin OculusLibrary, From C:/Program Files (x86)/Epic Games/4.13/Engine/Plugins/Runtime/OculusLibrary/OculusLibrary.uplugin
LogPluginManager: Loaded Plugin OculusRift, From C:/Program Files (x86)/Epic Games/4.13/Engine/Plugins/Runtime/OculusRift/OculusRift.uplugin
LogPluginManager: Loaded Plugin Oodle, From C:/Program Files (x86)/Epic Games/4.13/Engine/Plugins/Runtime/PacketHandlers/CompressionComponents/Oodle/Oodle.uplugin
LogPluginManager: Loaded Plugin ProceduralMeshComponent, From C:/Program Files (x86)/Epic Games/4.13/Engine/Plugins/Runtime/ProceduralMeshComponent/ProceduralMeshComponent.uplugin
LogPluginManager: Loaded Plugin SoundMod, From C:/Program Files (x86)/Epic Games/4.13/Engine/Plugins/Runtime/SoundMod/SoundMod.uplugin
LogPluginManager: Loaded Plugin SoundVisualizations, From C:/Program Files (x86)/Epic Games/4.13/Engine/Plugins/Runtime/SoundVisualizations/SoundVisualizations.uplugin
LogPluginManager: Loaded Plugin SteamController, From C:/Program Files (x86)/Epic Games/4.13/Engine/Plugins/Runtime/Steam/SteamController/SteamController.uplugin
LogPluginManager: Loaded Plugin SteamVR, From C:/Program Files (x86)/Epic Games/4.13/Engine/Plugins/Runtime/Steam/SteamVR/SteamVR.uplugin
LogPluginManager: Loaded Plugin WebBrowserWidget, From C:/Program Files (x86)/Epic Games/4.13/Engine/Plugins/Runtime/WebBrowserWidget/WebBrowserWidget.uplugin
LogPluginManager: Loaded Plugin WindowsDeviceProfileSelector, From C:/Program Files (x86)/Epic Games/4.13/Engine/Plugins/Runtime/WindowsDeviceProfileSelector/WindowsDeviceProfileSelector.uplugin
LogPluginManager: Loaded Plugin WindowsMoviePlayer, From C:/Program Files (x86)/Epic Games/4.13/Engine/Plugins/Runtime/WindowsMoviePlayer/WindowsMoviePlayer.uplugin
LogPluginManager: Loaded Plugin ScriptPlugin, From C:/Program Files (x86)/Epic Games/4.13/Engine/Plugins/ScriptPlugin/ScriptPlugin.uplugin
LogPluginManager: Loaded Plugin SlateRemote, From C:/Program Files (x86)/Epic Games/4.13/Engine/Plugins/Slate/SlateRemote/SlateRemote.uplugin
LogInit: Using libcurl 7.47.1
LogInit:  - built for x86_64-pc-win32
LogInit:  - supports SSL with WinSSL
LogInit:  - other features:
LogInit:      CURL_VERSION_SSL
LogInit:      CURL_VERSION_IPV6
LogInit:      CURL_VERSION_ASYNCHDNS
LogInit:      CURL_VERSION_LARGEFILE
LogInit:      CURL_VERSION_IDN
LogInit:  CurlRequestOptions (configurable via config and command line):
LogInit:  - bVerifyPeer = false  - Libcurl will NOT verify peer certificate
LogInit:  - bUseHttpProxy = false  - Libcurl will NOT use HTTP proxy
LogInit:  - bDontReuseConnections = false  - Libcurl will reuse connections
LogInit:  - CertBundlePath = nullptr  - Libcurl will use whatever was configured at build time.
LogInit: Build: ++UE4+Release-4.13-CL-3106830
LogInit: Engine Version: 4.13.0-3106830+++UE4+Release-4.13
LogInit: Compatible Engine Version: 4.13.0-3106830+++UE4+Release-4.13
LogInit: Net CL: 3106830
LogDevObjectVersion: Number of dev versions registered: 13
LogDevObjectVersion:   Dev-Blueprints (B0D832E4-1F89-4F0D-ACCF-7EB736FD4AA2): 5
LogDevObjectVersion:   Dev-Build (E1C64328-A22C-4D53-A36C-8E866417BD8C): 0
LogDevObjectVersion:   Dev-Core (375EC13C-06E4-48FB-B500-84F0262A717E): 1
LogDevObjectVersion:   Dev-Editor (E4B068ED-F494-42E9-A231-DA0B2E46BB41): 6
LogDevObjectVersion:   Dev-Framework (CFFC743F-43B0-4480-9391-14DF171D2073): 12
LogDevObjectVersion:   Dev-Mobile (B02B49B5-BB20-44E9-A304-32B752E40360): 0
LogDevObjectVersion:   Dev-Networking (A4E4105C-59A1-49B5-A7C5-40C4547EDFEE): 0
LogDevObjectVersion:   Dev-Online (39C831C9-5AE6-47DC-9A44-9C173E1C8E7C): 0
LogDevObjectVersion:   Dev-Physics (78F01B33-EBEA-4F98-B9B4-84EACCB95AA2): 0
LogDevObjectVersion:   Dev-Platform (6631380F-2D4D-43E0-8009-CF276956A95A): 0
LogDevObjectVersion:   Dev-Rendering (12F88B9F-8875-4AFC-A67C-D90C383ABD29): 4
LogDevObjectVersion:   Dev-Sequencer (7B5AE74C-D270-4C10-A958-57980B212A5A): 0
LogDevObjectVersion:   Dev-VR (D7296918-1DD6-4BDD-9DE2-64A83CC13884): 0
LogInit: Compiled (64-bit): Aug 30 2016 18:11:39
LogInit: Compiled with Visual C++: 19.00.23026.00
LogInit: Build Configuration: Development
LogInit: Branch Name: ++UE4+Release-4.13
LogInit: Command line: -EpicPortal 
LogInit: Base directory: C:/Program Files (x86)/Epic Games/4.13/Engine/Binaries/Win64/
LogInit: Installed Engine Build: 1
LogInit: Presizing for max 8388607 objects, including 0 objects not considered by GC, pre-allocating 0 bytes for permanent pool.
LogInit: Object subsystem initialized
[2016.10.31-10.21.32:230][  0]LogInit: Selected Device Profile: [Windows]
[2016.10.31-10.21.32:230][  0]LogInit: Applying CVar settings loaded from the selected device profile: [Windows]
[2016.10.31-10.21.32:262][  0]LogInit: Computer: JEREMIE-PC
[2016.10.31-10.21.32:262][  0]LogInit: User: Jeremie
[2016.10.31-10.21.32:262][  0]LogInit: CPU Page size=65536, Cores=2
[2016.10.31-10.21.32:262][  0]LogInit: High frequency timer resolution =2.825654 MHz
[2016.10.31-10.21.32:263][  0]LogMemory: Memory total: Physical=7.9GB (8GB approx)
[2016.10.31-10.21.32:263][  0]LogMemory: Platform Memory Stats for Windows
[2016.10.31-10.21.32:263][  0]LogMemory: Process Physical Memory: 256.80 MB used, 256.80 MB peak
[2016.10.31-10.21.32:263][  0]LogMemory: Process Virtual Memory: 261.07 MB used, 261.07 MB peak
[2016.10.31-10.21.32:263][  0]LogMemory: Physical Memory: 3485.78 MB used, 8060.85 MB total
[2016.10.31-10.21.32:263][  0]LogMemory: Virtual Memory: 591.22 MB used, 8388608.00 MB total
[2016.10.31-10.21.32:295][  0]LogTextLocalizationManager: No translations for ('fr-FR') exist, falling back to 'en' for localization and internationalization data.
[2016.10.31-10.21.32:915][  0]LogD3D11RHI: D3D11 adapters:
[2016.10.31-10.21.32:944][  0]LogD3D11RHI:    0. 'NVIDIA GeForce GT 635M' (Feature Level 11_0)
[2016.10.31-10.21.32:944][  0]LogD3D11RHI:       1999/0/2047 MB DedicatedVideo/DedicatedSystem/SharedSystem, Outputs:1, VendorId:0x10de
[2016.10.31-10.21.32:962][  0]LogD3D11RHI:    1. 'NVIDIA GeForce GT 635M' (Feature Level 11_0)
[2016.10.31-10.21.32:962][  0]LogD3D11RHI:       1999/0/2047 MB DedicatedVideo/DedicatedSystem/SharedSystem, Outputs:0, VendorId:0x10de
[2016.10.31-10.21.32:962][  0]LogD3D11RHI: Chosen D3D11 Adapter: 0
[2016.10.31-10.21.32:969][  0]LogD3D11RHI: Creating new Direct3DDevice
[2016.10.31-10.21.32:969][  0]LogD3D11RHI:     GPU DeviceId: 0xde3 (for the marketing name, search the web for "GPU Device Id")
[2016.10.31-10.21.32:969][  0]LogWindows: EnumDisplayDevices:
[2016.10.31-10.21.32:969][  0]LogWindows:    0. 'Intel(R) HD Graphics 4000' (P:1 D:1)
[2016.10.31-10.21.32:969][  0]LogWindows:    1. 'Intel(R) HD Graphics 4000' (P:0 D:0)
[2016.10.31-10.21.32:969][  0]LogWindows:    2. 'Intel(R) HD Graphics 4000' (P:0 D:0)
[2016.10.31-10.21.32:969][  0]LogWindows:    3. 'NVIDIA GeForce GT 635M' (P:0 D:0)
[2016.10.31-10.21.32:970][  0]LogWindows:    4. 'RDPDD Chained DD' (P:0 D:0)
[2016.10.31-10.21.32:970][  0]LogWindows:    5. 'RDP Encoder Mirror Driver' (P:0 D:0)
[2016.10.31-10.21.32:970][  0]LogWindows:    6. 'RDP Reflector Display Driver' (P:0 D:0)
[2016.10.31-10.21.32:970][  0]LogWindows: DebugString: PrimaryIsNotTheChoosenAdapter PrimaryIsNotTheChoosenAdapter PrimaryIsNotTheChoosenAdapter GetVideoDriverDetailsInvalid PrimaryIsNotTheChoosenAdapter GetVideoDriverDetailsInvalid PrimaryIsNotTheChoosenAdapter GetVideoDriverDetailsInvalid PrimaryIsNotTheChoosenAdapter 
[2016.10.31-10.21.32:970][  0]LogD3D11RHI:     Adapter Name: NVIDIA GeForce GT 635M
[2016.10.31-10.21.32:970][  0]LogD3D11RHI:   Driver Version: 362.00 (internal:10.18.13.6200, unified:362.00)
[2016.10.31-10.21.32:970][  0]LogD3D11RHI:      Driver Date: 2-23-2016
[2016.10.31-10.21.32:970][  0]LogRHI: Texture pool is 1361 MB (70% of 1945 MB)
[2016.10.31-10.21.32:986][  0]LogD3D11RHI: Async texture creation enabled
[2016.10.31-10.21.33:000][  0]LogD3D11RHI: GPU Timing Frequency: 1000.000000 (Debug: 2 2)
[2016.10.31-10.21.33:000][  0]LogShaderCompilers: Guid format shader working directory is -18 characters bigger than the processId version (../../../../../../Users/Jeremie/Documents/Unreal Projects/GameProg/Intermediate/Shaders/WorkingDirectory/4732/).
[2016.10.31-10.21.33:000][  0]LogShaderCompilers: Cleaned the shader compiler working directory 'C:/Users/Jeremie/AppData/Local/Temp/UnrealShaderWorkingDir/854879684809B7794F6B56B61BD34897/'.
[2016.10.31-10.21.33:000][  0]LogShaderCompilers:Display: Using Local Shader Compiler.
[2016.10.31-10.21.34:070][  0]LogTemp:Display: Loaded TP AllDesktopTargetPlatform
[2016.10.31-10.21.34:079][  0]LogTemp:Display: Loaded TP WindowsClientTargetPlatform
[2016.10.31-10.21.34:087][  0]LogTemp:Display: Loaded TP WindowsNoEditorTargetPlatform
[2016.10.31-10.21.34:095][  0]LogTemp:Display: Loaded TP WindowsServerTargetPlatform
[2016.10.31-10.21.34:103][  0]LogTemp:Display: Loaded TP WindowsTargetPlatform
[2016.10.31-10.21.34:110][  0]LogTemp:Display: Loaded TP AndroidTargetPlatform
[2016.10.31-10.21.34:117][  0]LogTemp:Display: Loaded TP Android_ASTCTargetPlatform
[2016.10.31-10.21.34:125][  0]LogTemp:Display: Loaded TP Android_ATCTargetPlatform
[2016.10.31-10.21.34:133][  0]LogTemp:Display: Loaded TP Android_DXTTargetPlatform
[2016.10.31-10.21.34:140][  0]LogTemp:Display: Loaded TP Android_ETC1TargetPlatform
[2016.10.31-10.21.34:148][  0]LogTemp:Display: Loaded TP Android_ETC2TargetPlatform
[2016.10.31-10.21.34:164][  0]LogTemp:Display: Loaded TP Android_MultiTargetPlatform
[2016.10.31-10.21.34:164][  0]LogTemp:Display: Loaded TP Android_PVRTCTargetPlatform
[2016.10.31-10.21.34:165][  0]LogTemp:Display: Loaded TP HTML5TargetPlatform
[2016.10.31-10.21.34:185][  0]LogTemp:Display: Loaded TP IOSTargetPlatform
[2016.10.31-10.21.34:192][  0]LogTemp:Display: Loaded TP TVOSTargetPlatform
[2016.10.31-10.21.34:198][  0]LogTemp:Display: Loaded TP LinuxClientTargetPlatform
[2016.10.31-10.21.34:205][  0]LogTemp:Display: Loaded TP LinuxNoEditorTargetPlatform
[2016.10.31-10.21.34:213][  0]LogTemp:Display: Loaded TP LinuxServerTargetPlatform
[2016.10.31-10.21.34:220][  0]LogTemp:Display: Loaded TP LinuxTargetPlatform
[2016.10.31-10.21.34:220][  0]LogTargetPlatformManager:Display: Building Assets For Windows
[2016.10.31-10.21.34:276][  0]LogDerivedDataCache:Display: Max Cache Size: 512 MB
[2016.10.31-10.21.34:345][  0]LogDerivedDataCache: Loaded boot cache 0.07s 62MB C:/Users/Jeremie/AppData/Local/UnrealEngine/4.13/DerivedDataCache/Boot.ddc.
[2016.10.31-10.21.34:345][  0]LogDerivedDataCache:Display: Loaded Boot cache: C:/Users/Jeremie/AppData/Local/UnrealEngine/4.13/DerivedDataCache/Boot.ddc
[2016.10.31-10.21.34:345][  0]LogDerivedDataCache: FDerivedDataBackendGraph:  Pak pak cache file ../../../../../../Users/Jeremie/Documents/Unreal Projects/GameProg/DerivedDataCache/DDC.ddp not found, will not use a pak cache.
[2016.10.31-10.21.34:345][  0]LogDerivedDataCache: Unable to find inner node Pak for hierarchical cache Hierarchy.
[2016.10.31-10.21.34:345][  0]LogDerivedDataCache: FDerivedDataBackendGraph:  CompressedPak pak cache file ../../../../../../Users/Jeremie/Documents/Unreal Projects/GameProg/DerivedDataCache/Compressed.ddp not found, will not use a pak cache.
[2016.10.31-10.21.34:345][  0]LogDerivedDataCache: Unable to find inner node CompressedPak for hierarchical cache Hierarchy.
[2016.10.31-10.21.34:363][  0]LogDerivedDataCache:Display: Pak cache opened for reading ../../../Engine/DerivedDataCache/Compressed.ddp.
[2016.10.31-10.21.34:374][  0]LogDerivedDataCache: Using Local data cache path C:/Users/Jeremie/AppData/Local/UnrealEngine/Common/DerivedDataCache: Writable
[2016.10.31-10.21.34:625][  0]LogInit: Selected Device Profile: [Windows]
[2016.10.31-10.21.34:630][  0]LogMaterial: Uniform references updated for custom material expression Custom.
[2016.10.31-10.21.34:631][  0]LogContentStreaming: Texture pool size is 0.00 MB
[2016.10.31-10.21.34:770][  0]LogMeshUtilities: No automatic mesh reduction module available
[2016.10.31-10.21.34:770][  0]LogMeshUtilities: No automatic mesh merging module available
[2016.10.31-10.21.34:770][  0]LogMeshUtilities: No distributed automatic mesh merging module available
[2016.10.31-10.21.35:408][  0]LogNetVersion: GetLocalNetworkVersion: CL: 3106830, ProjectName: gameprog, ProjectVersion: , EngineNetworkVersion: 1, GameNetworkVersion: 0, NetworkChecksum: 2158523463
[2016.10.31-10.21.35:445][  0]LogAssetRegistry: FAssetRegistry took 0.0197 seconds to start up
[2016.10.31-10.21.35:475][  0]LogPackageLocalizationCache: Processed 3 localized package path(s) for 1 prioritized culture(s) in 0.028694 seconds
[2016.10.31-10.21.35:481][  0]LogUObjectArray: 29777 objects as part of root set at end of initial load.
[2016.10.31-10.21.35:481][  0]LogUObjectAllocator: 6124696 out of 0 bytes used by permanent object pool.
[2016.10.31-10.21.35:481][  0]LogUObjectArray: CloseDisregardForGC: 0/0 objects in disregard for GC pool
[2016.10.31-10.21.35:485][  0]LogInit: WinSock: version 1.1 (2.2), MaxSocks=32767, MaxUdp=65467
[2016.10.31-10.21.35:721][  0]LogSlate: SlateFontCache - WITH_FREETYPE: 1, WITH_HARFBUZZ: 1
[2016.10.31-10.21.35:721][  0]LogSlate: SlateFontCache - WITH_FREETYPE: 1, WITH_HARFBUZZ: 1
[2016.10.31-10.21.36:322][  0]LogSubstanceCoreModule: Substance CPU Engine Loaded, Max Texture Size 2048
[2016.10.31-10.21.36:336][  0]LogUdpMessaging: Initializing bridge on interface 0.0.0.0:0 to multicast group 230.0.0.1:6666.
[2016.10.31-10.21.36:623][  0]SourceControl: Info Source control is disabled
[2016.10.31-10.21.37:437][  0]SourceControl: Info Source control is disabled
[2016.10.31-10.21.37:443][  0]SourceControl: Info Source control is disabled
[2016.10.31-10.21.37:449][  0]SourceControl: Info Source control is disabled
[2016.10.31-10.21.37:686][  0]LogEngine: Initializing Engine...
[2016.10.31-10.21.37:686][  0]LogHMD: Failed to initialize OpenVR with code 110
[2016.10.31-10.21.37:824][  0]LogAIModule: Creating AISystem for world Untitled
[2016.10.31-10.21.37:832][  0]LogInit: XAudio2 using 'Haut-parleurs (Conexant SmartAudio HD)' : 2 channels at 48 kHz using 32 bits per sample (channel mask 0x3)
[2016.10.31-10.21.37:866][  0]LogInit: FAudioDevice initialized.
[2016.10.31-10.21.37:897][  0]LogDerivedDataCache: Saved boot cache 0.03s 62MB C:/Users/Jeremie/AppData/Local/UnrealEngine/4.13/DerivedDataCache/Boot.ddc.
[2016.10.31-10.21.37:901][  0]LogInit: Texture streaming: Enabled
[2016.10.31-10.21.37:924][  0]LogInit: Transaction tracking system initialized
[2016.10.31-10.21.37:939][  0]BlueprintLog: New page: Editor Load
[2016.10.31-10.21.37:999][  0]LocalizationService: Info Localization service is disabled
[2016.10.31-10.21.38:283][  0]LogConsoleResponse:Display: 
[2016.10.31-10.21.38:437][  0]LogCook:Display: Max memory allowance for cook 16384mb min free memory 0mb
[2016.10.31-10.21.38:437][  0]LogCook:Display: Mobile HDR setting 1
[2016.10.31-10.21.38:485][  0]LogFileCache: Scanning file cache for directory 'C:/Users/Jeremie/Documents/Unreal Projects/GameProg/Content/' took 0.03s
[2016.10.31-10.21.38:564][  0]SourceControl: Info Source control is disabled
[2016.10.31-10.21.38:564][  0]Cmd: MAP LOAD FILE="../../../../../../Users/Jeremie/Documents/Unreal Projects/GameProg/Content/SideScrollerBP/Maps/SideScrollerExampleMap.umap" TEMPLATE=0 SHOWPROGRESS=1 FEATURELEVEL=3
[2016.10.31-10.21.38:635][  0]LightingResults: New page: Lighting Build
[2016.10.31-10.21.38:637][  0]MapCheck: New page: Map Check
[2016.10.31-10.21.38:637][  0]LightingResults: New page: Lighting Build
[2016.10.31-10.21.43:557][  0]LogAIModule: Creating AISystem for world SideScrollerExampleMap
[2016.10.31-10.21.43:589][  0]LogEditorServer: Finished looking for orphan Actors (0.000 secs)
[2016.10.31-10.21.43:782][  0]Cmd: MAP CHECKDEP NOCLEARLOG
[2016.10.31-10.21.43:826][  0]MapCheck: Info Map check complete: 0 Error(s), 0 Warning(s), took 44.054ms to complete.
[2016.10.31-10.21.43:826][  0]LogFileHelpers: Loading map 'SideScrollerExampleMap' took 5.262
[2016.10.31-10.21.44:471][  0]LogCollectionManager: Loaded 0 collections in 0.001371 seconds
[2016.10.31-10.21.44:551][  0]LogFileCache: Scanning file cache for directory 'C:/Users/Jeremie/Documents/Unreal Projects/GameProg/Saved/Collections/' took 0.01s
[2016.10.31-10.21.44:551][  0]LogFileCache: Scanning file cache for directory 'C:/Users/Jeremie/Documents/Unreal Projects/GameProg/Content/Developers/Jeremie/Collections/' took 0.01s
[2016.10.31-10.21.44:551][  0]LogFileCache: Scanning file cache for directory 'C:/Users/Jeremie/Documents/Unreal Projects/GameProg/Content/Collections/' took 0.01s
[2016.10.31-10.21.44:551][  0]LogCollectionManager: Rebuilt the GUID cache for 0 collections in 0.000002 seconds
[2016.10.31-10.21.44:571][  0]LogContentBrowser: Native class hierarchy populated in 0.0189 seconds. Added 2156 classes and 421 folders.
[2016.10.31-10.21.44:685][  0]LogStats: UGameplayTagsManager::ConstructGameplayTagTree: Construct from data asset -  0.000 s
[2016.10.31-10.21.44:685][  0]LogStats: UGameplayTagsManager::ConstructGameplayTagTree: GameplayTagTreeChangedEvent.Broadcast -  0.000 s
[2016.10.31-10.21.44:687][  0]LogContentBrowser: Native class hierarchy updated for 'GameplayTags' in 0.0005 seconds. Added 12 classes and 0 folders.
[2016.10.31-10.21.44:691][  0]LogContentBrowser: Native class hierarchy updated for 'WidgetCarousel' in 0.0004 seconds. Added 0 classes and 0 folders.
[2016.10.31-10.21.46:152][  0]LogContentBrowser: Native class hierarchy updated for 'AddContentDialog' in 0.0005 seconds. Added 0 classes and 0 folders.
[2016.10.31-10.21.46:205][  0]LogContentBrowser: Native class hierarchy updated for 'SceneOutliner' in 0.0005 seconds. Added 1 classes and 2 folders.
[2016.10.31-10.21.46:422][  0]LogCrashTracker: Crashtracker disabled due to settings.
[2016.10.31-10.21.46:468][  0]LogUObjectGlobals:Warning: Failed to find object 'Class None.'
[2016.10.31-10.21.46:522][  0]LogContentBrowser: Native class hierarchy updated for 'HierarchicalLODOutliner' in 0.0007 seconds. Added 1 classes and 2 folders.
[2016.10.31-10.21.46:522][  0]LogLoad: (Engine Initialization) Total time: 15.33 seconds
[2016.10.31-10.21.46:522][  0]LogLoad: (Engine Initialization) Total Blueprint compile time: 0.37 seconds
[2016.10.31-10.21.46:522][  0]LogExternalProfiler: No external profilers were discovered.  External profiling features will not be available.
[2016.10.31-10.21.46:535][  0]LogOcInput: OculusInput pre-init called
[2016.10.31-10.21.46:580][  0]LogContentStreaming: Texture pool size now 400 MB
[2016.10.31-10.21.47:224][  0]LogRenderer: Reallocating scene render targets to support 1120x456 (Frame:2).
[2016.10.31-10.21.47:474][  1]LogAssetRegistry: Asset discovery search completed in 12.0493 seconds
[2016.10.31-10.21.47:474][  1]LogCollectionManager: Rebuilt the object cache for 0 collections in 0.000001 seconds (found 0 objects)
[2016.10.31-10.21.47:474][  1]LogCollectionManager: Fixed up redirectors for 0 collections in 0.000024 seconds (updated 0 objects)
[2016.10.31-10.23.32:735][170]LogEditorViewport: Clicking on Actor (LMB): StaticMeshActor (Cube)
[2016.10.31-10.23.42:470][945]LogBlueprintUserMessages: Early PlayInEditor Detection: Level '/Game/SideScrollerBP/Maps/SideScrollerExampleMap.SideScrollerExampleMap:PersistentLevel' has LevelScriptBlueprint '/Game/SideScrollerBP/Maps/SideScrollerExampleMap.SideScrollerExampleMap:PersistentLevel.SideScrollerExampleMap' with GeneratedClass '/Game/SideScrollerBP/Maps/SideScrollerExampleMap.SideScrollerExampleMap_C' with ClassGeneratedBy '/Game/SideScrollerBP/Maps/SideScrollerExampleMap.SideScrollerExampleMap:PersistentLevel.SideScrollerExampleMap'
[2016.10.31-10.23.42:470][945]LogPlayLevel: PlayLevel: No blueprints needed recompiling
[2016.10.31-10.23.42:548][945]PIE: New page: PIE session: SideScrollerExampleMap (Oct 31, 2016, 12:23:42 PM)
[2016.10.31-10.23.42:548][945]LogPlayLevel: Creating play world package: /Game/SideScrollerBP/Maps/UEDPIE_0_SideScrollerExampleMap
[2016.10.31-10.23.42:577][945]LogPlayLevel: PIE: StaticDuplicateObject took: (0.028495s)
[2016.10.31-10.23.42:578][945]LogAIModule: Creating AISystem for world SideScrollerExampleMap
[2016.10.31-10.23.42:579][945]LogPlayLevel: PIE: World Init took: (0.001832s)
[2016.10.31-10.23.42:579][945]LogPlayLevel: PIE: Created PIE world by copying editor world from /Game/SideScrollerBP/Maps/SideScrollerExampleMap.SideScrollerExampleMap to /Game/SideScrollerBP/Maps/UEDPIE_0_SideScrollerExampleMap.SideScrollerExampleMap (0.030740s)
[2016.10.31-10.23.42:627][945]LogInit: XAudio2 using 'Haut-parleurs (Conexant SmartAudio HD)' : 2 channels at 48 kHz using 32 bits per sample (channel mask 0x3)
[2016.10.31-10.23.42:639][945]LogInit: FAudioDevice initialized.
[2016.10.31-10.23.42:889][945]LogWorld: Game class is 'SideScrollerGameMode_C'
[2016.10.31-10.23.42:916][945]LogWorld: Bringing World /Game/SideScrollerBP/Maps/UEDPIE_0_SideScrollerExampleMap.SideScrollerExampleMap up for play (max tick rate 0) at 2016.10.31-11.23.42
[2016.10.31-10.23.42:917][945]LogWorld: Bringing up level for play took: 0.005550
[2016.10.31-10.23.42:998][945]LogContentBrowser: Native class hierarchy updated for 'MovieSceneCapture' in 0.0006 seconds. Added 11 classes and 0 folders.
[2016.10.31-10.23.42:998][945]LogGameMode:Display: Match State Changed from EnteringMap to WaitingToStart
[2016.10.31-10.23.42:998][945]LogGameState: Match State Changed from EnteringMap to WaitingToStart
[2016.10.31-10.23.42:998][945]LogGameMode:Display: Match State Changed from WaitingToStart to InProgress
[2016.10.31-10.23.42:999][945]LogGameState: Match State Changed from WaitingToStart to InProgress
[2016.10.31-10.23.42:999][945]PIE: Info Play in editor start time for /Game/SideScrollerBP/Maps/UEDPIE_0_SideScrollerExampleMap 0.491
[2016.10.31-10.23.42:999][945]LogBlueprintUserMessages: Late PlayInEditor Detection: Level '/Game/SideScrollerBP/Maps/SideScrollerExampleMap.SideScrollerExampleMap:PersistentLevel' has LevelScriptBlueprint '/Game/SideScrollerBP/Maps/SideScrollerExampleMap.SideScrollerExampleMap:PersistentLevel.SideScrollerExampleMap' with GeneratedClass '/Game/SideScrollerBP/Maps/SideScrollerExampleMap.SideScrollerExampleMap_C' with ClassGeneratedBy '/Game/SideScrollerBP/Maps/SideScrollerExampleMap.SideScrollerExampleMap:PersistentLevel.SideScrollerExampleMap'
[2016.10.31-10.23.52:803][548]LogBlueprintUserMessages: Early EndPlayMap Detection: Level '/Game/SideScrollerBP/Maps/SideScrollerExampleMap.SideScrollerExampleMap:PersistentLevel' has LevelScriptBlueprint '/Game/SideScrollerBP/Maps/SideScrollerExampleMap.SideScrollerExampleMap:PersistentLevel.SideScrollerExampleMap' with GeneratedClass '/Game/SideScrollerBP/Maps/SideScrollerExampleMap.SideScrollerExampleMap_C' with ClassGeneratedBy '/Game/SideScrollerBP/Maps/SideScrollerExampleMap.SideScrollerExampleMap:PersistentLevel.SideScrollerExampleMap'
[2016.10.31-10.23.52:913][548]LogBlueprintUserMessages: Late EndPlayMap Detection: Level '/Game/SideScrollerBP/Maps/SideScrollerExampleMap.SideScrollerExampleMap:PersistentLevel' has LevelScriptBlueprint '/Game/SideScrollerBP/Maps/SideScrollerExampleMap.SideScrollerExampleMap:PersistentLevel.SideScrollerExampleMap' with GeneratedClass '/Game/SideScrollerBP/Maps/SideScrollerExampleMap.SideScrollerExampleMap_C' with ClassGeneratedBy '/Game/SideScrollerBP/Maps/SideScrollerExampleMap.SideScrollerExampleMap:PersistentLevel.SideScrollerExampleMap'
[2016.10.31-10.23.54:340][671]LogEditorViewport: Clicking on Actor (LMB): StaticMeshActor (Cube)
[2016.10.31-10.23.58:797][ 48]LogBlueprintUserMessages: Early PlayInEditor Detection: Level '/Game/SideScrollerBP/Maps/SideScrollerExampleMap.SideScrollerExampleMap:PersistentLevel' has LevelScriptBlueprint '/Game/SideScrollerBP/Maps/SideScrollerExampleMap.SideScrollerExampleMap:PersistentLevel.SideScrollerExampleMap' with GeneratedClass '/Game/SideScrollerBP/Maps/SideScrollerExampleMap.SideScrollerExampleMap_C' with ClassGeneratedBy '/Game/SideScrollerBP/Maps/SideScrollerExampleMap.SideScrollerExampleMap:PersistentLevel.SideScrollerExampleMap'
[2016.10.31-10.23.58:797][ 48]LogPlayLevel: PlayLevel: No blueprints needed recompiling
[2016.10.31-10.23.58:797][ 48]PIE: New page: PIE session: SideScrollerExampleMap (Oct 31, 2016, 12:23:58 PM)
[2016.10.31-10.23.58:797][ 48]LogPlayLevel: Creating play world package: /Game/SideScrollerBP/Maps/UEDPIE_0_SideScrollerExampleMap
[2016.10.31-10.23.58:819][ 48]LogPlayLevel: PIE: StaticDuplicateObject took: (0.021543s)
[2016.10.31-10.23.58:820][ 48]LogAIModule: Creating AISystem for world SideScrollerExampleMap
[2016.10.31-10.23.58:820][ 48]LogPlayLevel: PIE: World Init took: (0.001208s)
[2016.10.31-10.23.58:821][ 48]LogPlayLevel: PIE: Created PIE world by copying editor world from /Game/SideScrollerBP/Maps/SideScrollerExampleMap.SideScrollerExampleMap to /Game/SideScrollerBP/Maps/UEDPIE_0_SideScrollerExampleMap.SideScrollerExampleMap (0.023055s)
[2016.10.31-10.23.58:846][ 48]LogInit: XAudio2 using 'Haut-parleurs (Conexant SmartAudio HD)' : 2 channels at 48 kHz using 32 bits per sample (channel mask 0x3)
[2016.10.31-10.23.58:860][ 48]LogInit: FAudioDevice initialized.
[2016.10.31-10.23.58:890][ 48]LogWorld: Game class is 'SideScrollerGameMode_C'
[2016.10.31-10.23.58:895][ 48]LogWorld: Bringing World /Game/SideScrollerBP/Maps/UEDPIE_0_SideScrollerExampleMap.SideScrollerExampleMap up for play (max tick rate 0) at 2016.10.31-11.23.58
[2016.10.31-10.23.58:896][ 48]LogWorld: Bringing up level for play took: 0.005581
[2016.10.31-10.23.58:897][ 48]LogGameMode:Display: Match State Changed from EnteringMap to WaitingToStart
[2016.10.31-10.23.58:897][ 48]LogGameState: Match State Changed from EnteringMap to WaitingToStart
[2016.10.31-10.23.58:897][ 48]LogGameMode:Display: Match State Changed from WaitingToStart to InProgress
[2016.10.31-10.23.58:897][ 48]LogGameState: Match State Changed from WaitingToStart to InProgress
[2016.10.31-10.23.58:897][ 48]PIE: Info Play in editor start time for /Game/SideScrollerBP/Maps/UEDPIE_0_SideScrollerExampleMap 0.389
[2016.10.31-10.23.58:897][ 48]LogBlueprintUserMessages: Late PlayInEditor Detection: Level '/Game/SideScrollerBP/Maps/SideScrollerExampleMap.SideScrollerExampleMap:PersistentLevel' has LevelScriptBlueprint '/Game/SideScrollerBP/Maps/SideScrollerExampleMap.SideScrollerExampleMap:PersistentLevel.SideScrollerExampleMap' with GeneratedClass '/Game/SideScrollerBP/Maps/SideScrollerExampleMap.SideScrollerExampleMap_C' with ClassGeneratedBy '/Game/SideScrollerBP/Maps/SideScrollerExampleMap.SideScrollerExampleMap:PersistentLevel.SideScrollerExampleMap'
[2016.10.31-10.25.16:841][110]LogBlueprintUserMessages: Early EndPlayMap Detection: Level '/Game/SideScrollerBP/Maps/SideScrollerExampleMap.SideScrollerExampleMap:PersistentLevel' has LevelScriptBlueprint '/Game/SideScrollerBP/Maps/SideScrollerExampleMap.SideScrollerExampleMap:PersistentLevel.SideScrollerExampleMap' with GeneratedClass '/Game/SideScrollerBP/Maps/SideScrollerExampleMap.SideScrollerExampleMap_C' with ClassGeneratedBy '/Game/SideScrollerBP/Maps/SideScrollerExampleMap.SideScrollerExampleMap:PersistentLevel.SideScrollerExampleMap'
[2016.10.31-10.25.16:898][110]LogBlueprintUserMessages: Late EndPlayMap Detection: Level '/Game/SideScrollerBP/Maps/SideScrollerExampleMap.SideScrollerExampleMap:PersistentLevel' has LevelScriptBlueprint '/Game/SideScrollerBP/Maps/SideScrollerExampleMap.SideScrollerExampleMap:PersistentLevel.SideScrollerExampleMap' with GeneratedClass '/Game/SideScrollerBP/Maps/SideScrollerExampleMap.SideScrollerExampleMap_C' with ClassGeneratedBy '/Game/SideScrollerBP/Maps/SideScrollerExampleMap.SideScrollerExampleMap:PersistentLevel.SideScrollerExampleMap'
[2016.10.31-10.25.23:078][629]LogEditorViewport: Clicking on Actor (LMB): StaticMeshActor (Cube)
[2016.10.31-10.25.26:990][947]LogBlueprintUserMessages: Early PlayInEditor Detection: Level '/Game/SideScrollerBP/Maps/SideScrollerExampleMap.SideScrollerExampleMap:PersistentLevel' has LevelScriptBlueprint '/Game/SideScrollerBP/Maps/SideScrollerExampleMap.SideScrollerExampleMap:PersistentLevel.SideScrollerExampleMap' with GeneratedClass '/Game/SideScrollerBP/Maps/SideScrollerExampleMap.SideScrollerExampleMap_C' with ClassGeneratedBy '/Game/SideScrollerBP/Maps/SideScrollerExampleMap.SideScrollerExampleMap:PersistentLevel.SideScrollerExampleMap'
[2016.10.31-10.25.26:990][947]LogPlayLevel: PlayLevel: No blueprints needed recompiling
[2016.10.31-10.25.26:990][947]PIE: New page: PIE session: SideScrollerExampleMap (Oct 31, 2016, 12:25:26 PM)
[2016.10.31-10.25.26:990][947]LogPlayLevel: Creating play world package: /Game/SideScrollerBP/Maps/UEDPIE_0_SideScrollerExampleMap
[2016.10.31-10.25.27:011][947]LogPlayLevel: PIE: StaticDuplicateObject took: (0.021104s)
[2016.10.31-10.25.27:012][947]LogAIModule: Creating AISystem for world SideScrollerExampleMap
[2016.10.31-10.25.27:012][947]LogPlayLevel: PIE: World Init took: (0.000872s)
[2016.10.31-10.25.27:012][947]LogPlayLevel: PIE: Created PIE world by copying editor world from /Game/SideScrollerBP/Maps/SideScrollerExampleMap.SideScrollerExampleMap to /Game/SideScrollerBP/Maps/UEDPIE_0_SideScrollerExampleMap.SideScrollerExampleMap (0.022214s)
[2016.10.31-10.25.27:041][947]LogInit: XAudio2 using 'Haut-parleurs (Conexant SmartAudio HD)' : 2 channels at 48 kHz using 32 bits per sample (channel mask 0x3)
[2016.10.31-10.25.27:057][947]LogInit: FAudioDevice initialized.
[2016.10.31-10.25.27:087][947]LogWorld: Game class is 'SideScrollerGameMode_C'
[2016.10.31-10.25.27:092][947]LogWorld: Bringing World /Game/SideScrollerBP/Maps/UEDPIE_0_SideScrollerExampleMap.SideScrollerExampleMap up for play (max tick rate 0) at 2016.10.31-11.25.27
[2016.10.31-10.25.27:092][947]LogWorld: Bringing up level for play took: 0.005173
[2016.10.31-10.25.27:093][947]LogGameMode:Display: Match State Changed from EnteringMap to WaitingToStart
[2016.10.31-10.25.27:093][947]LogGameState: Match State Changed from EnteringMap to WaitingToStart
[2016.10.31-10.25.27:094][947]LogGameMode:Display: Match State Changed from WaitingToStart to InProgress
[2016.10.31-10.25.27:094][947]LogGameState: Match State Changed from WaitingToStart to InProgress
[2016.10.31-10.25.27:094][947]PIE: Info Play in editor start time for /Game/SideScrollerBP/Maps/UEDPIE_0_SideScrollerExampleMap 0.585
[2016.10.31-10.25.27:094][947]LogBlueprintUserMessages: Late PlayInEditor Detection: Level '/Game/SideScrollerBP/Maps/SideScrollerExampleMap.SideScrollerExampleMap:PersistentLevel' has LevelScriptBlueprint '/Game/SideScrollerBP/Maps/SideScrollerExampleMap.SideScrollerExampleMap:PersistentLevel.SideScrollerExampleMap' with GeneratedClass '/Game/SideScrollerBP/Maps/SideScrollerExampleMap.SideScrollerExampleMap_C' with ClassGeneratedBy '/Game/SideScrollerBP/Maps/SideScrollerExampleMap.SideScrollerExampleMap:PersistentLevel.SideScrollerExampleMap'
[2016.10.31-10.25.31:520][207]LogBlueprintUserMessages: Early EndPlayMap Detection: Level '/Game/SideScrollerBP/Maps/SideScrollerExampleMap.SideScrollerExampleMap:PersistentLevel' has LevelScriptBlueprint '/Game/SideScrollerBP/Maps/SideScrollerExampleMap.SideScrollerExampleMap:PersistentLevel.SideScrollerExampleMap' with GeneratedClass '/Game/SideScrollerBP/Maps/SideScrollerExampleMap.SideScrollerExampleMap_C' with ClassGeneratedBy '/Game/SideScrollerBP/Maps/SideScrollerExampleMap.SideScrollerExampleMap:PersistentLevel.SideScrollerExampleMap'
[2016.10.31-10.25.31:578][207]LogBlueprintUserMessages: Late EndPlayMap Detection: Level '/Game/SideScrollerBP/Maps/SideScrollerExampleMap.SideScrollerExampleMap:PersistentLevel' has LevelScriptBlueprint '/Game/SideScrollerBP/Maps/SideScrollerExampleMap.SideScrollerExampleMap:PersistentLevel.SideScrollerExampleMap' with GeneratedClass '/Game/SideScrollerBP/Maps/SideScrollerExampleMap.SideScrollerExampleMap_C' with ClassGeneratedBy '/Game/SideScrollerBP/Maps/SideScrollerExampleMap.SideScrollerExampleMap:PersistentLevel.SideScrollerExampleMap'
[2016.10.31-10.25.31:810][215]Cmd: SELECT NONE
[2016.10.31-10.25.33:285][331]LogEditorViewport: Clicking on Actor (LMB): StaticMeshActor (Cube)
[2016.10.31-10.25.37:477][682]LogBlueprintUserMessages: Early PlayInEditor Detection: Level '/Game/SideScrollerBP/Maps/SideScrollerExampleMap.SideScrollerExampleMap:PersistentLevel' has LevelScriptBlueprint '/Game/SideScrollerBP/Maps/SideScrollerExampleMap.SideScrollerExampleMap:PersistentLevel.SideScrollerExampleMap' with GeneratedClass '/Game/SideScrollerBP/Maps/SideScrollerExampleMap.SideScrollerExampleMap_C' with ClassGeneratedBy '/Game/SideScrollerBP/Maps/SideScrollerExampleMap.SideScrollerExampleMap:PersistentLevel.SideScrollerExampleMap'
[2016.10.31-10.25.37:477][682]LogPlayLevel: PlayLevel: No blueprints needed recompiling
[2016.10.31-10.25.37:478][682]PIE: New page: PIE session: SideScrollerExampleMap (Oct 31, 2016, 12:25:37 PM)
[2016.10.31-10.25.37:478][682]LogPlayLevel: Creating play world package: /Game/SideScrollerBP/Maps/UEDPIE_0_SideScrollerExampleMap
[2016.10.31-10.25.37:502][682]LogPlayLevel: PIE: StaticDuplicateObject took: (0.023909s)
[2016.10.31-10.25.37:502][682]LogAIModule: Creating AISystem for world SideScrollerExampleMap
[2016.10.31-10.25.37:503][682]LogPlayLevel: PIE: World Init took: (0.001162s)
[2016.10.31-10.25.37:503][682]LogPlayLevel: PIE: Created PIE world by copying editor world from /Game/SideScrollerBP/Maps/SideScrollerExampleMap.SideScrollerExampleMap to /Game/SideScrollerBP/Maps/UEDPIE_0_SideScrollerExampleMap.SideScrollerExampleMap (0.025506s)
[2016.10.31-10.25.37:532][682]LogInit: XAudio2 using 'Haut-parleurs (Conexant SmartAudio HD)' : 2 channels at 48 kHz using 32 bits per sample (channel mask 0x3)
[2016.10.31-10.25.37:544][682]LogInit: FAudioDevice initialized.
[2016.10.31-10.25.37:575][682]LogWorld: Game class is 'SideScrollerGameMode_C'
[2016.10.31-10.25.37:580][682]LogWorld: Bringing World /Game/SideScrollerBP/Maps/UEDPIE_0_SideScrollerExampleMap.SideScrollerExampleMap up for play (max tick rate 0) at 2016.10.31-11.25.37
[2016.10.31-10.25.37:581][682]LogWorld: Bringing up level for play took: 0.005378
[2016.10.31-10.25.37:581][682]LogGameMode:Display: Match State Changed from EnteringMap to WaitingToStart
[2016.10.31-10.25.37:581][682]LogGameState: Match State Changed from EnteringMap to WaitingToStart
[2016.10.31-10.25.37:581][682]LogGameMode:Display: Match State Changed from WaitingToStart to InProgress
[2016.10.31-10.25.37:582][682]LogGameState: Match State Changed from WaitingToStart to InProgress
[2016.10.31-10.25.37:582][682]PIE: Info Play in editor start time for /Game/SideScrollerBP/Maps/UEDPIE_0_SideScrollerExampleMap 1.072
[2016.10.31-10.25.37:582][682]LogBlueprintUserMessages: Late PlayInEditor Detection: Level '/Game/SideScrollerBP/Maps/SideScrollerExampleMap.SideScrollerExampleMap:PersistentLevel' has LevelScriptBlueprint '/Game/SideScrollerBP/Maps/SideScrollerExampleMap.SideScrollerExampleMap:PersistentLevel.SideScrollerExampleMap' with GeneratedClass '/Game/SideScrollerBP/Maps/SideScrollerExampleMap.SideScrollerExampleMap_C' with ClassGeneratedBy '/Game/SideScrollerBP/Maps/SideScrollerExampleMap.SideScrollerExampleMap:PersistentLevel.SideScrollerExampleMap'
[2016.10.31-10.25.50:191][469]LogBlueprintUserMessages: Early EndPlayMap Detection: Level '/Game/SideScrollerBP/Maps/SideScrollerExampleMap.SideScrollerExampleMap:PersistentLevel' has LevelScriptBlueprint '/Game/SideScrollerBP/Maps/SideScrollerExampleMap.SideScrollerExampleMap:PersistentLevel.SideScrollerExampleMap' with GeneratedClass '/Game/SideScrollerBP/Maps/SideScrollerExampleMap.SideScrollerExampleMap_C' with ClassGeneratedBy '/Game/SideScrollerBP/Maps/SideScrollerExampleMap.SideScrollerExampleMap:PersistentLevel.SideScrollerExampleMap'
[2016.10.31-10.25.50:246][469]LogBlueprintUserMessages: Late EndPlayMap Detection: Level '/Game/SideScrollerBP/Maps/SideScrollerExampleMap.SideScrollerExampleMap:PersistentLevel' has LevelScriptBlueprint '/Game/SideScrollerBP/Maps/SideScrollerExampleMap.SideScrollerExampleMap:PersistentLevel.SideScrollerExampleMap' with GeneratedClass '/Game/SideScrollerBP/Maps/SideScrollerExampleMap.SideScrollerExampleMap_C' with ClassGeneratedBy '/Game/SideScrollerBP/Maps/SideScrollerExampleMap.SideScrollerExampleMap:PersistentLevel.SideScrollerExampleMap'
[2016.10.31-10.25.51:666][579]LogEditorViewport: Clicking on Actor (LMB): StaticMeshActor (Cube)
[2016.10.31-10.25.57:015][ 11]LogBlueprintUserMessages: Early PlayInEditor Detection: Level '/Game/SideScrollerBP/Maps/SideScrollerExampleMap.SideScrollerExampleMap:PersistentLevel' has LevelScriptBlueprint '/Game/SideScrollerBP/Maps/SideScrollerExampleMap.SideScrollerExampleMap:PersistentLevel.SideScrollerExampleMap' with GeneratedClass '/Game/SideScrollerBP/Maps/SideScrollerExampleMap.SideScrollerExampleMap_C' with ClassGeneratedBy '/Game/SideScrollerBP/Maps/SideScrollerExampleMap.SideScrollerExampleMap:PersistentLevel.SideScrollerExampleMap'
[2016.10.31-10.25.57:015][ 11]LogPlayLevel: PlayLevel: No blueprints needed recompiling
[2016.10.31-10.25.57:016][ 11]PIE: New page: PIE session: SideScrollerExampleMap (Oct 31, 2016, 12:25:57 PM)
[2016.10.31-10.25.57:016][ 11]LogPlayLevel: Creating play world package: /Game/SideScrollerBP/Maps/UEDPIE_0_SideScrollerExampleMap
[2016.10.31-10.25.57:038][ 11]LogPlayLevel: PIE: StaticDuplicateObject took: (0.022404s)
[2016.10.31-10.25.57:039][ 11]LogAIModule: Creating AISystem for world SideScrollerExampleMap
[2016.10.31-10.25.57:039][ 11]LogPlayLevel: PIE: World Init took: (0.000848s)
[2016.10.31-10.25.57:039][ 11]LogPlayLevel: PIE: Created PIE world by copying editor world from /Game/SideScrollerBP/Maps/SideScrollerExampleMap.SideScrollerExampleMap to /Game/SideScrollerBP/Maps/UEDPIE_0_SideScrollerExampleMap.SideScrollerExampleMap (0.023488s)
[2016.10.31-10.25.57:065][ 11]LogInit: XAudio2 using 'Haut-parleurs (Conexant SmartAudio HD)' : 2 channels at 48 kHz using 32 bits per sample (channel mask 0x3)
[2016.10.31-10.25.57:077][ 11]LogInit: FAudioDevice initialized.
[2016.10.31-10.25.57:105][ 11]LogWorld: Game class is 'SideScrollerGameMode_C'
[2016.10.31-10.25.57:110][ 11]LogWorld: Bringing World /Game/SideScrollerBP/Maps/UEDPIE_0_SideScrollerExampleMap.SideScrollerExampleMap up for play (max tick rate 0) at 2016.10.31-11.25.57
[2016.10.31-10.25.57:111][ 11]LogWorld: Bringing up level for play took: 0.005161
[2016.10.31-10.25.57:112][ 11]LogGameMode:Display: Match State Changed from EnteringMap to WaitingToStart
[2016.10.31-10.25.57:112][ 11]LogGameState: Match State Changed from EnteringMap to WaitingToStart
[2016.10.31-10.25.57:112][ 11]LogGameMode:Display: Match State Changed from WaitingToStart to InProgress
[2016.10.31-10.25.57:112][ 11]LogGameState: Match State Changed from WaitingToStart to InProgress
[2016.10.31-10.25.57:112][ 11]PIE: Info Play in editor start time for /Game/SideScrollerBP/Maps/UEDPIE_0_SideScrollerExampleMap 0.602
[2016.10.31-10.25.57:112][ 11]LogBlueprintUserMessages: Late PlayInEditor Detection: Level '/Game/SideScrollerBP/Maps/SideScrollerExampleMap.SideScrollerExampleMap:PersistentLevel' has LevelScriptBlueprint '/Game/SideScrollerBP/Maps/SideScrollerExampleMap.SideScrollerExampleMap:PersistentLevel.SideScrollerExampleMap' with GeneratedClass '/Game/SideScrollerBP/Maps/SideScrollerExampleMap.SideScrollerExampleMap_C' with ClassGeneratedBy '/Game/SideScrollerBP/Maps/SideScrollerExampleMap.SideScrollerExampleMap:PersistentLevel.SideScrollerExampleMap'
[2016.10.31-10.26.34:374][425]LogBlueprintUserMessages: Early EndPlayMap Detection: Level '/Game/SideScrollerBP/Maps/SideScrollerExampleMap.SideScrollerExampleMap:PersistentLevel' has LevelScriptBlueprint '/Game/SideScrollerBP/Maps/SideScrollerExampleMap.SideScrollerExampleMap:PersistentLevel.SideScrollerExampleMap' with GeneratedClass '/Game/SideScrollerBP/Maps/SideScrollerExampleMap.SideScrollerExampleMap_C' with ClassGeneratedBy '/Game/SideScrollerBP/Maps/SideScrollerExampleMap.SideScrollerExampleMap:PersistentLevel.SideScrollerExampleMap'
[2016.10.31-10.26.34:432][425]LogBlueprintUserMessages: Late EndPlayMap Detection: Level '/Game/SideScrollerBP/Maps/SideScrollerExampleMap.SideScrollerExampleMap:PersistentLevel' has LevelScriptBlueprint '/Game/SideScrollerBP/Maps/SideScrollerExampleMap.SideScrollerExampleMap:PersistentLevel.SideScrollerExampleMap' with GeneratedClass '/Game/SideScrollerBP/Maps/SideScrollerExampleMap.SideScrollerExampleMap_C' with ClassGeneratedBy '/Game/SideScrollerBP/Maps/SideScrollerExampleMap.SideScrollerExampleMap:PersistentLevel.SideScrollerExampleMap'
[2016.10.31-10.26.54:953][651]LogBlueprintUserMessages: Early PlayInEditor Detection: Level '/Game/SideScrollerBP/Maps/SideScrollerExampleMap.SideScrollerExampleMap:PersistentLevel' has LevelScriptBlueprint '/Game/SideScrollerBP/Maps/SideScrollerExampleMap.SideScrollerExampleMap:PersistentLevel.SideScrollerExampleMap' with GeneratedClass '/Game/SideScrollerBP/Maps/SideScrollerExampleMap.SideScrollerExampleMap_C' with ClassGeneratedBy '/Game/SideScrollerBP/Maps/SideScrollerExampleMap.SideScrollerExampleMap:PersistentLevel.SideScrollerExampleMap'
[2016.10.31-10.26.54:953][651]LogPlayLevel: PlayLevel: No blueprints needed recompiling
[2016.10.31-10.26.54:953][651]PIE: New page: PIE session: SideScrollerExampleMap (Oct 31, 2016, 12:26:54 PM)
[2016.10.31-10.26.54:953][651]LogPlayLevel: Creating play world package: /Game/SideScrollerBP/Maps/UEDPIE_0_SideScrollerExampleMap
[2016.10.31-10.26.54:977][651]LogPlayLevel: PIE: StaticDuplicateObject took: (0.023111s)
[2016.10.31-10.26.54:977][651]LogAIModule: Creating AISystem for world SideScrollerExampleMap
[2016.10.31-10.26.54:978][651]LogPlayLevel: PIE: World Init took: (0.001050s)
[2016.10.31-10.26.54:978][651]LogPlayLevel: PIE: Created PIE world by copying editor world from /Game/SideScrollerBP/Maps/SideScrollerExampleMap.SideScrollerExampleMap to /Game/SideScrollerBP/Maps/UEDPIE_0_SideScrollerExampleMap.SideScrollerExampleMap (0.024464s)
[2016.10.31-10.26.55:016][651]LogInit: XAudio2 using 'Haut-parleurs (Conexant SmartAudio HD)' : 2 channels at 48 kHz using 32 bits per sample (channel mask 0x3)
[2016.10.31-10.26.55:030][651]LogInit: FAudioDevice initialized.
[2016.10.31-10.26.55:058][651]LogWorld: Game class is 'SideScrollerGameMode_C'
[2016.10.31-10.26.55:080][651]LogWorld: Bringing World /Game/SideScrollerBP/Maps/UEDPIE_0_SideScrollerExampleMap.SideScrollerExampleMap up for play (max tick rate 0) at 2016.10.31-11.26.55
[2016.10.31-10.26.55:081][651]LogWorld: Bringing up level for play took: 0.022436
[2016.10.31-10.26.55:082][651]LogGameMode:Display: Match State Changed from EnteringMap to WaitingToStart
[2016.10.31-10.26.55:082][651]LogGameState: Match State Changed from EnteringMap to WaitingToStart
[2016.10.31-10.26.55:082][651]LogGameMode:Display: Match State Changed from WaitingToStart to InProgress
[2016.10.31-10.26.55:083][651]LogBlueprintUserMessages: [Lever_482] X=820.000 Y=380.000 Z=110.000
[2016.10.31-10.26.55:083][651]LogGameState: Match State Changed from WaitingToStart to InProgress
[2016.10.31-10.26.55:083][651]PIE: Info Play in editor start time for /Game/SideScrollerBP/Maps/UEDPIE_0_SideScrollerExampleMap 0.572
[2016.10.31-10.26.55:083][651]LogBlueprintUserMessages: Late PlayInEditor Detection: Level '/Game/SideScrollerBP/Maps/SideScrollerExampleMap.SideScrollerExampleMap:PersistentLevel' has LevelScriptBlueprint '/Game/SideScrollerBP/Maps/SideScrollerExampleMap.SideScrollerExampleMap:PersistentLevel.SideScrollerExampleMap' with GeneratedClass '/Game/SideScrollerBP/Maps/SideScrollerExampleMap.SideScrollerExampleMap_C' with ClassGeneratedBy '/Game/SideScrollerBP/Maps/SideScrollerExampleMap.SideScrollerExampleMap:PersistentLevel.SideScrollerExampleMap'
[2016.10.31-10.27.16:268][ 34]LogBlueprintUserMessages: Early EndPlayMap Detection: Level '/Game/SideScrollerBP/Maps/SideScrollerExampleMap.SideScrollerExampleMap:PersistentLevel' has LevelScriptBlueprint '/Game/SideScrollerBP/Maps/SideScrollerExampleMap.SideScrollerExampleMap:PersistentLevel.SideScrollerExampleMap' with GeneratedClass '/Game/SideScrollerBP/Maps/SideScrollerExampleMap.SideScrollerExampleMap_C' with ClassGeneratedBy '/Game/SideScrollerBP/Maps/SideScrollerExampleMap.SideScrollerExampleMap:PersistentLevel.SideScrollerExampleMap'
[2016.10.31-10.27.16:331][ 34]LogBlueprintUserMessages: Late EndPlayMap Detection: Level '/Game/SideScrollerBP/Maps/SideScrollerExampleMap.SideScrollerExampleMap:PersistentLevel' has LevelScriptBlueprint '/Game/SideScrollerBP/Maps/SideScrollerExampleMap.SideScrollerExampleMap:PersistentLevel.SideScrollerExampleMap' with GeneratedClass '/Game/SideScrollerBP/Maps/SideScrollerExampleMap.SideScrollerExampleMap_C' with ClassGeneratedBy '/Game/SideScrollerBP/Maps/SideScrollerExampleMap.SideScrollerExampleMap:PersistentLevel.SideScrollerExampleMap'
[2016.10.31-10.27.16:461][ 39]Cmd: SELECT NONE
[2016.10.31-10.27.26:328][774]LogSavePackage: Save=610.59ms
[2016.10.31-10.27.26:328][774]LogSavePackage: Moving '../../../../../../Users/Jeremie/Documents/Unreal Projects/GameProg/Saved/SideScrollerExampleMap94711F664FECAE5A39F59E8205FD659A.tmp' to '../../../../../../Users/Jeremie/Documents/Unreal Projects/GameProg/Content/SideScrollerBP/Maps/SideScrollerExampleMap.umap'
[2016.10.31-10.27.26:332][774]LogSavePackage:Display: Finished SavePackage ../../../../../../Users/Jeremie/Documents/Unreal Projects/GameProg/Content/SideScrollerBP/Maps/SideScrollerExampleMap.umap
[2016.10.31-10.27.26:368][774]LogFileHelpers: Saving map 'SideScrollerExampleMap' took 0.831
[2016.10.31-10.27.26:740][775]Cmd: QUIT_EDITOR
[2016.10.31-10.27.26:820][775]LogExit: Preparing to exit.
[2016.10.31-10.27.27:485][775]LogDirectoryWatcher: A directory notification for 'C:/Users/Jeremie/Documents/Unreal Projects/GameProg/Content/' was aborted.
[2016.10.31-10.27.27:518][775]LogExit: Editor shut down
[2016.10.31-10.27.27:518][775]LogExit: Transaction tracking system shut down
[2016.10.31-10.27.27:661][775]LogObj: Freed 0b from 0 cluster array pools.
[2016.10.31-10.27.27:662][775]LogExit: Object subsystem successfully closed.
[2016.10.31-10.27.27:671][775]LogD3D11RHI: Shutdown
[2016.10.31-10.27.27:671][775]LogD3D11RHI: CleanupD3DDevice
[2016.10.31-10.27.28:035][775]LogD3D11RHI: ~FD3D11DynamicRHI
[2016.10.31-10.27.28:084][775]LogModuleManager: Shutting down and abandoning module MovieSceneCapture (236)
[2016.10.31-10.27.28:084][775]LogModuleManager: Shutting down and abandoning module HierarchicalLODOutliner (235)
[2016.10.31-10.27.28:084][775]LogModuleManager: Shutting down and abandoning module CrashTracker (234)
[2016.10.31-10.27.28:084][775]LogModuleManager: Shutting down and abandoning module SceneOutliner (233)
[2016.10.31-10.27.28:084][775]LogModuleManager: Shutting down and abandoning module WidgetCarousel (232)
[2016.10.31-10.27.28:084][775]LogModuleManager: Shutting down and abandoning module AddContentDialog (231)
[2016.10.31-10.27.28:084][775]LogDirectoryWatcher: A directory notification for 'C:/Program Files (x86)/Epic Games/4.13/FeaturePacks/' was aborted.
[2016.10.31-10.27.28:085][775]LogModuleManager: Shutting down and abandoning module GameplayTags (230)
[2016.10.31-10.27.28:085][775]LogModuleManager: Shutting down and abandoning module EditorWidgets (229)
[2016.10.31-10.27.28:085][775]LogModuleManager: Shutting down and abandoning module CollectionManager (228)
[2016.10.31-10.27.28:086][775]LogDirectoryWatcher: A directory notification for 'C:/Users/Jeremie/Documents/Unreal Projects/GameProg/Content/Collections/' was aborted.
[2016.10.31-10.27.28:086][775]LogDirectoryWatcher: A directory notification for 'C:/Users/Jeremie/Documents/Unreal Projects/GameProg/Content/Developers/Jeremie/Collections/' was aborted.
[2016.10.31-10.27.28:086][775]LogDirectoryWatcher: A directory notification for 'C:/Users/Jeremie/Documents/Unreal Projects/GameProg/Saved/Collections/' was aborted.
[2016.10.31-10.27.28:086][775]LogModuleManager: Shutting down and abandoning module StatsViewer (227)
[2016.10.31-10.27.28:086][775]LogModuleManager: Shutting down and abandoning module FoliageEdit (226)
[2016.10.31-10.27.28:086][775]LogModuleManager: Shutting down and abandoning module LandscapeEditor (225)
[2016.10.31-10.27.28:086][775]LogModuleManager: Shutting down and abandoning module SceneDepthPickerMode (224)
[2016.10.31-10.27.28:086][775]LogModuleManager: Shutting down and abandoning module ActorPickerMode (223)
[2016.10.31-10.27.28:086][775]LogModuleManager: Shutting down and abandoning module GeometryMode (222)
[2016.10.31-10.27.28:086][775]LogModuleManager: Shutting down and abandoning module TextureAlignMode (221)
[2016.10.31-10.27.28:086][775]LogModuleManager: Shutting down and abandoning module BspMode (220)
[2016.10.31-10.27.28:086][775]LogModuleManager: Shutting down and abandoning module HardwareSurvey (219)
[2016.10.31-10.27.28:086][775]LogModuleManager: Shutting down and abandoning module SequenceRecorderSections (218)
[2016.10.31-10.27.28:086][775]LogModuleManager: Shutting down and abandoning module SequenceRecorder (217)
[2016.10.31-10.27.28:086][775]LogModuleManager: Shutting down and abandoning module AutomationWorker (216)
[2016.10.31-10.27.28:086][775]LogModuleManager: Shutting down and abandoning module MatineeToLevelSequence (215)
[2016.10.31-10.27.28:086][775]LogModuleManager: Shutting down and abandoning module PlacementMode (214)
[2016.10.31-10.27.28:086][775]LogModuleManager: Shutting down and abandoning module LevelSequenceEditor (213)
[2016.10.31-10.27.28:087][775]LogModuleManager: Shutting down and abandoning module WmfMediaFactory (212)
[2016.10.31-10.27.28:087][775]LogModuleManager: Shutting down and abandoning module WmfMediaEditor (211)
[2016.10.31-10.27.28:087][775]LogModuleManager: Shutting down and abandoning module AvfMediaFactory (210)
[2016.10.31-10.27.28:087][775]LogModuleManager: Shutting down and abandoning module AvfMediaEditor (209)
[2016.10.31-10.27.28:087][775]LogModuleManager: Shutting down and abandoning module Media (208)
[2016.10.31-10.27.28:087][775]LogModuleManager: Shutting down and abandoning module AndroidMediaFactory (207)
[2016.10.31-10.27.28:087][775]LogModuleManager: Shutting down and abandoning module AndroidMediaEditor (206)
[2016.10.31-10.27.28:087][775]LogModuleManager: Shutting down and abandoning module CharacterAI (205)
[2016.10.31-10.27.28:087][775]LogModuleManager: Shutting down and abandoning module SmartSnapping (204)
[2016.10.31-10.27.28:087][775]LogModuleManager: Shutting down and abandoning module SessionServices (203)
[2016.10.31-10.27.28:087][775]LogModuleManager: Shutting down and abandoning module ViewportSnapping (202)
[2016.10.31-10.27.28:087][775]LogModuleManager: Shutting down and abandoning module ViewportInteraction (201)
[2016.10.31-10.27.28:087][775]LogModuleManager: Shutting down and abandoning module LogVisualizer (200)
[2016.10.31-10.27.28:087][775]LogModuleManager: Shutting down and abandoning module GameProjectGeneration (199)
[2016.10.31-10.27.28:087][775]LogModuleManager: Shutting down and abandoning module IntroTutorials (198)
[2016.10.31-10.27.28:087][775]LogModuleManager: Shutting down and abandoning module EditorLiveStreaming (197)
[2016.10.31-10.27.28:087][775]LogModuleManager: Shutting down and abandoning module IOSPlatformEditor (196)
[2016.10.31-10.27.28:087][775]LogModuleManager: Shutting down and abandoning module HTML5PlatformEditor (195)
[2016.10.31-10.27.28:087][775]LogModuleManager: Shutting down and abandoning module AndroidDeviceDetection (194)
[2016.10.31-10.27.29:073][775]LogModuleManager: Shutting down and abandoning module AndroidPlatformEditor (193)
[2016.10.31-10.27.29:073][775]LogModuleManager: Shutting down and abandoning module IOSRuntimeSettings (192)
[2016.10.31-10.27.29:073][775]LogModuleManager: Shutting down and abandoning module AndroidRuntimeSettings (191)
[2016.10.31-10.27.29:073][775]LogModuleManager: Shutting down and abandoning module NiagaraEditor (190)
[2016.10.31-10.27.29:073][775]LogModuleManager: Shutting down and abandoning module MergeActors (189)
[2016.10.31-10.27.29:073][775]LogModuleManager: Shutting down and abandoning module SizeMap (188)
[2016.10.31-10.27.29:073][775]LogModuleManager: Shutting down and abandoning module TreeMap (187)
[2016.10.31-10.27.29:073][775]LogModuleManager: Shutting down and abandoning module ReferenceViewer (186)
[2016.10.31-10.27.29:073][775]LogModuleManager: Shutting down and abandoning module LocalizationService (185)
[2016.10.31-10.27.29:073][775]LogModuleManager: Shutting down and abandoning module LocalizationDashboard (184)
[2016.10.31-10.27.29:074][775]LogModuleManager: Shutting down and abandoning module HardwareTargeting (183)
[2016.10.31-10.27.29:074][775]LogModuleManager: Shutting down and abandoning module DeviceProfileEditor (182)
[2016.10.31-10.27.29:074][775]LogModuleManager: Shutting down and abandoning module UndoHistory (181)
[2016.10.31-10.27.29:074][775]LogModuleManager: Shutting down and abandoning module UserFeedback (180)
[2016.10.31-10.27.29:074][775]LogModuleManager: Shutting down and abandoning module XmlParser (179)
[2016.10.31-10.27.29:074][775]LogModuleManager: Shutting down and abandoning module Blutility (178)
[2016.10.31-10.27.29:074][775]LogModuleManager: Shutting down and abandoning module ProjectTargetPlatformEditor (177)
[2016.10.31-10.27.29:074][775]LogModuleManager: Shutting down and abandoning module ProjectSettingsViewer (176)
[2016.10.31-10.27.29:074][775]LogModuleManager: Shutting down and abandoning module InputBindingEditor (175)
[2016.10.31-10.27.29:074][775]LogModuleManager: Shutting down and abandoning module EditorSettingsViewer (174)
[2016.10.31-10.27.29:074][775]LogModuleManager: Shutting down and abandoning module SettingsEditor (173)
[2016.10.31-10.27.29:074][775]LogModuleManager: Shutting down and abandoning module ProjectLauncher (172)
[2016.10.31-10.27.29:074][775]LogModuleManager: Shutting down and abandoning module SessionFrontend (171)
[2016.10.31-10.27.29:074][775]LogModuleManager: Shutting down and abandoning module ProfilerClient (170)
[2016.10.31-10.27.29:074][775]LogModuleManager: Shutting down and abandoning module TargetDeviceServices (169)
[2016.10.31-10.27.29:074][775]LogModuleManager: Shutting down and abandoning module DeviceManager (168)
[2016.10.31-10.27.29:114][775]LogModuleManager: Shutting down and abandoning module AutomationController (167)
[2016.10.31-10.27.29:114][775]LogModuleManager: Shutting down and abandoning module AutomationWindow (166)
[2016.10.31-10.27.29:114][775]LogModuleManager: Shutting down and abandoning module Layers (165)
[2016.10.31-10.27.29:114][775]LogModuleManager: Shutting down and abandoning module ComponentVisualizers (164)
[2016.10.31-10.27.29:114][775]LogModuleManager: Shutting down and abandoning module DetailCustomizations (163)
[2016.10.31-10.27.29:114][775]LogModuleManager: Shutting down and abandoning module PackagesDialog (162)
[2016.10.31-10.27.29:114][775]LogModuleManager: Shutting down and abandoning module AnimGraph (161)
[2016.10.31-10.27.29:114][775]LogModuleManager: Shutting down and abandoning module Persona (160)
[2016.10.31-10.27.29:114][775]LogModuleManager: Shutting down and abandoning module Kismet (159)
[2016.10.31-10.27.29:115][775]LogModuleManager: Shutting down and abandoning module GraphEditor (158)
[2016.10.31-10.27.29:115][775]LogModuleManager: Shutting down and abandoning module ClassViewer (157)
[2016.10.31-10.27.29:115][775]LogModuleManager: Shutting down and abandoning module Toolbox (156)
[2016.10.31-10.27.29:115][775]LogModuleManager: Shutting down and abandoning module ModuleUI (155)
[2016.10.31-10.27.29:115][775]LogModuleManager: Shutting down and abandoning module MovieSceneTools (154)
[2016.10.31-10.27.29:115][775]LogModuleManager: Shutting down and abandoning module OutputLog (153)
[2016.10.31-10.27.29:115][775]LogModuleManager: Shutting down and abandoning module GammaUI (152)
[2016.10.31-10.27.29:115][775]LogModuleManager: Shutting down and abandoning module Documentation (151)
[2016.10.31-10.27.29:115][775]LogModuleManager: Shutting down and abandoning module Niagara (150)
[2016.10.31-10.27.29:115][775]LogModuleManager: Shutting down and abandoning module StreamingPauseRendering (149)
[2016.10.31-10.27.29:115][775]LogModuleManager: Shutting down and abandoning module AnalyticsET (148)
[2016.10.31-10.27.29:115][775]LogModuleManager: Shutting down and abandoning module PortalServices (147)
[2016.10.31-10.27.29:115][775]LogModuleManager: Shutting down and abandoning module PortalRpc (146)
[2016.10.31-10.27.29:115][775]LogModuleManager: Shutting down and abandoning module MessagingRpc (145)
[2016.10.31-10.27.29:115][775]LogModuleManager: Shutting down and abandoning module GameplayDebugger (144)
[2016.10.31-10.27.29:115][775]LogModuleManager: Shutting down and abandoning module AITestSuite (143)
[2016.10.31-10.27.29:115][775]LogModuleManager: Shutting down and abandoning module AIModule (142)
[2016.10.31-10.27.29:115][775]LogModuleManager: Shutting down and abandoning module ProfilerService (141)
[2016.10.31-10.27.29:272][775]LogModuleManager: Shutting down and abandoning module TaskGraph (140)
[2016.10.31-10.27.29:272][775]LogModuleManager: Shutting down and abandoning module SubstanceEditor (139)
[2016.10.31-10.27.29:272][775]LogModuleManager: Shutting down and abandoning module SlateRemote (138)
[2016.10.31-10.27.29:272][775]LogModuleManager: Shutting down and abandoning module SteamVRController (137)
[2016.10.31-10.27.29:272][775]LogModuleManager: Shutting down and abandoning module SteamVR (136)
[2016.10.31-10.27.29:272][775]LogModuleManager: Shutting down and abandoning module ProceduralMeshComponentEditor (135)
[2016.10.31-10.27.29:272][775]LogModuleManager: Shutting down and abandoning module ProceduralMeshComponent (134)
[2016.10.31-10.27.29:272][775]LogModuleManager: Shutting down and abandoning module OculusLibrary (133)
[2016.10.31-10.27.29:272][775]LogModuleManager: Shutting down and abandoning module OculusInput (132)
[2016.10.31-10.27.29:272][775]LogModuleManager: Shutting down and abandoning module CustomMeshComponent (131)
[2016.10.31-10.27.29:272][775]LogModuleManager: Shutting down and abandoning module CableComponent (130)
[2016.10.31-10.27.29:272][775]LogModuleManager: Shutting down and abandoning module ArchVisCharacter (129)
[2016.10.31-10.27.29:272][775]LogModuleManager: Shutting down and abandoning module MediaPlayerEditor (127)
[2016.10.31-10.27.29:273][775]LogModuleManager: Shutting down and abandoning module HTML5Networking (126)
[2016.10.31-10.27.29:273][775]LogModuleManager: Shutting down and abandoning module GeometryCacheEd (125)
[2016.10.31-10.27.29:273][775]LogModuleManager: Shutting down and abandoning module GeometryCache (124)
[2016.10.31-10.27.29:273][775]LogModuleManager: Shutting down and abandoning module AlembicLibrary (123)
[2016.10.31-10.27.29:273][775]LogModuleManager: Shutting down and abandoning module AlembicImporter (122)
[2016.10.31-10.27.29:273][775]LogModuleManager: Shutting down and abandoning module SuperSearch (121)
[2016.10.31-10.27.29:273][775]LogModuleManager: Shutting down and abandoning module SuperSearchEditor (120)
[2016.10.31-10.27.29:273][775]LogModuleManager: Shutting down and abandoning module SpeedTreeImporter (119)
[2016.10.31-10.27.29:273][775]LogModuleManager: Shutting down and abandoning module PluginBrowser (118)
[2016.10.31-10.27.29:273][775]LogModuleManager: Shutting down and abandoning module MobileLauncherProfileWizard (117)
[2016.10.31-10.27.29:273][775]LogModuleManager: Shutting down and abandoning module EpicSurvey (116)
[2016.10.31-10.27.29:273][775]LogModuleManager: Shutting down and abandoning module DesktopPlatform (115)
[2016.10.31-10.27.29:273][775]LogModuleManager: Shutting down and abandoning module VisualStudioSourceCodeAccess (114)
[2016.10.31-10.27.29:273][775]LogModuleManager: Shutting down and abandoning module UObjectPlugin (113)
[2016.10.31-10.27.29:273][775]LogModuleManager: Shutting down and abandoning module SubversionSourceControl (112)
[2016.10.31-10.27.29:273][775]LogModuleManager: Shutting down and abandoning module PerforceSourceControl (111)
[2016.10.31-10.27.29:273][775]LogModuleManager: Shutting down and abandoning module SourceControl (110)
[2016.10.31-10.27.29:273][775]LogModuleManager: Shutting down and abandoning module GitSourceControl (109)
[2016.10.31-10.27.29:273][775]LogModuleManager: Shutting down and abandoning module LightPropagationVolumeEditor (108)
[2016.10.31-10.27.29:273][775]LogModuleManager: Shutting down and abandoning module PaperTiledImporter (107)
[2016.10.31-10.27.29:273][775]LogModuleManager: Shutting down and abandoning module PaperSpriteSheetImporter (106)
[2016.10.31-10.27.29:273][775]LogModuleManager: Shutting down and abandoning module MeshPaint (105)
[2016.10.31-10.27.29:273][775]LogModuleManager: Shutting down and abandoning module FbxAutomationBuilderModule (104)
[2016.10.31-10.27.29:273][775]LogModuleManager: Shutting down and abandoning module PixelInspectorModule (103)
[2016.10.31-10.27.29:273][775]LogModuleManager: Shutting down and abandoning module HotReload (102)
[2016.10.31-10.27.29:274][775]LogModuleManager: Shutting down and abandoning module MainFrame (101)
[2016.10.31-10.27.29:274][775]LogModuleManager: Shutting down and abandoning module LevelEditor (100)
[2016.10.31-10.27.29:275][775]LogModuleManager: Shutting down and abandoning module ContentBrowser (99)
[2016.10.31-10.27.29:275][775]LogModuleManager: Shutting down and abandoning module Paper2DEditor (98)
[2016.10.31-10.27.29:275][775]LogModuleManager: Shutting down and abandoning module UdpMessaging (97)
[2016.10.31-10.27.29:375][775]LogModuleManager: Shutting down and abandoning module TcpMessaging (96)
[2016.10.31-10.27.29:375][775]LogModuleManager: Shutting down and abandoning module SubstanceCore (95)
[2016.10.31-10.27.29:375][775]LogModuleManager: Shutting down and abandoning module LightPropagationVolumeRuntime (94)
[2016.10.31-10.27.29:375][775]LogModuleManager: Shutting down and abandoning module Paper2D (93)
[2016.10.31-10.27.29:375][775]LogModuleManager: Shutting down and abandoning module WindowsMoviePlayer (92)
[2016.10.31-10.27.29:375][775]LogModuleManager: Shutting down and abandoning module WmfMedia (91)
[2016.10.31-10.27.29:375][775]LogModuleManager: Shutting down and abandoning module MediaAssets (90)
[2016.10.31-10.27.29:375][775]LogModuleManager: Shutting down and abandoning module GameLiveStreaming (89)
[2016.10.31-10.27.29:375][775]LogModuleManager: Shutting down and abandoning module GameplayTagsEditor (88)
[2016.10.31-10.27.29:375][775]LogModuleManager: Shutting down and abandoning module VREditor (87)
[2016.10.31-10.27.29:375][775]LogModuleManager: Shutting down and abandoning module GameplayTasksEditor (86)
[2016.10.31-10.27.29:375][775]LogModuleManager: Shutting down and abandoning module PropertyEditor (85)
[2016.10.31-10.27.29:375][775]LogModuleManager: Shutting down and abandoning module BehaviorTreeEditor (84)
[2016.10.31-10.27.29:375][775]LogModuleManager: Shutting down and abandoning module FunctionalTesting (83)
[2016.10.31-10.27.29:375][775]LogModuleManager: Shutting down and abandoning module CollisionAnalyzer (82)
[2016.10.31-10.27.29:375][775]LogModuleManager: Shutting down and abandoning module Sequencer (81)
[2016.10.31-10.27.29:376][775]LogModuleManager: Shutting down and abandoning module WorkspaceMenuStructure (80)
[2016.10.31-10.27.29:376][775]LogModuleManager: Shutting down and abandoning module MessageLog (79)
[2016.10.31-10.27.29:376][775]LogModuleManager: Shutting down and abandoning module AssetTools (78)
[2016.10.31-10.27.29:376][775]LogModuleManager: Shutting down and abandoning module UMGEditor (77)
[2016.10.31-10.27.29:376][775]LogModuleManager: Shutting down and abandoning module UMG (76)
[2016.10.31-10.27.29:376][775]LogModuleManager: Shutting down and abandoning module SlateReflector (75)
[2016.10.31-10.27.29:376][775]LogModuleManager: Shutting down and abandoning module Slate (74)
[2016.10.31-10.27.29:376][775]LogModuleManager: Shutting down and abandoning module EditorStyle (73)
[2016.10.31-10.27.29:378][775]LogModuleManager: Shutting down and abandoning module SourceCodeAccess (72)
[2016.10.31-10.27.29:378][775]LogModuleManager: Shutting down and abandoning module HeadMountedDisplay (71)
[2016.10.31-10.27.29:378][775]LogModuleManager: Shutting down and abandoning module XAudio2 (70)
[2016.10.31-10.27.29:378][775]LogModuleManager: Shutting down and abandoning module Networking (68)
[2016.10.31-10.27.29:378][775]LogModuleManager: Shutting down and abandoning module Core (67)
[2016.10.31-10.27.29:378][775]LogModuleManager: Shutting down and abandoning module DirectoryWatcher (66)
[2016.10.31-10.27.29:378][775]LogDirectoryWatcher: A directory notification for '../../../Engine/Content/' was aborted.
[2016.10.31-10.27.29:378][775]LogDirectoryWatcher: A directory notification for '../../../../../../Users/Jeremie/Documents/Unreal Projects/GameProg/Content/' was aborted.
[2016.10.31-10.27.29:378][775]LogDirectoryWatcher: A directory notification for '../../../Engine/Plugins/2D/Paper2D/Content/' was aborted.
[2016.10.31-10.27.29:378][775]LogModuleManager: Shutting down and abandoning module AssetRegistry (65)
[2016.10.31-10.27.29:482][775]LogModuleManager: Shutting down and abandoning module KismetCompiler (64)
[2016.10.31-10.27.29:482][775]LogModuleManager: Shutting down and abandoning module PhysXFormats (63)
[2016.10.31-10.27.29:482][775]LogModuleManager: Shutting down and abandoning module MeshUtilities (62)
[2016.10.31-10.27.29:482][775]LogModuleManager: Shutting down and abandoning module DerivedDataCache (61)
[2016.10.31-10.27.29:551][775]LogDerivedDataCache: Shutdown
[2016.10.31-10.27.29:551][775]LogModuleManager: Shutting down and abandoning module VulkanShaderFormat (60)
[2016.10.31-10.27.29:551][775]LogModuleManager: Shutting down and abandoning module ShaderFormatOpenGL (59)
[2016.10.31-10.27.29:551][775]LogModuleManager: Shutting down and abandoning module ShaderFormatD3D (58)
[2016.10.31-10.27.29:551][775]LogModuleManager: Shutting down and abandoning module MetalShaderFormat (57)
[2016.10.31-10.27.29:551][775]LogModuleManager: Shutting down and abandoning module TextureFormatUncompressed (56)
[2016.10.31-10.27.29:551][775]LogModuleManager: Shutting down and abandoning module TextureFormatPVR (55)
[2016.10.31-10.27.29:551][775]LogModuleManager: Shutting down and abandoning module TextureFormatDXT (54)
[2016.10.31-10.27.29:551][775]LogModuleManager: Shutting down and abandoning module TextureFormatIntelISPCTexComp (53)
[2016.10.31-10.27.29:551][775]LogModuleManager: Shutting down and abandoning module ImageWrapper (52)
[2016.10.31-10.27.29:551][775]LogModuleManager: Shutting down and abandoning module TextureFormatASTC (51)
[2016.10.31-10.27.29:551][775]LogModuleManager: Shutting down and abandoning module TextureFormatAndroid (50)
[2016.10.31-10.27.29:551][775]LogModuleManager: Shutting down and abandoning module AudioFormatOpus (49)
[2016.10.31-10.27.29:551][775]LogModuleManager: Shutting down and abandoning module AudioFormatOgg (48)
[2016.10.31-10.27.29:552][775]LogModuleManager: Shutting down and abandoning module AudioFormatADPCM (47)
[2016.10.31-10.27.29:552][775]LogModuleManager: Shutting down and abandoning module LinuxTargetPlatform (46)
[2016.10.31-10.27.29:552][775]LogModuleManager: Shutting down and abandoning module LinuxServerTargetPlatform (45)
[2016.10.31-10.27.29:552][775]LogModuleManager: Shutting down and abandoning module LinuxNoEditorTargetPlatform (44)
[2016.10.31-10.27.29:552][775]LogModuleManager: Shutting down and abandoning module LinuxClientTargetPlatform (43)
[2016.10.31-10.27.29:552][775]LogModuleManager: Shutting down and abandoning module TVOSTargetPlatform (42)
[2016.10.31-10.27.29:552][775]LogModuleManager: Shutting down and abandoning module Messaging (41)
[2016.10.31-10.27.29:552][775]LogModuleManager: Shutting down and abandoning module IOSTargetPlatform (40)
[2016.10.31-10.27.29:552][775]LogModuleManager: Shutting down and abandoning module HTML5TargetPlatform (39)
[2016.10.31-10.27.29:552][775]LogModuleManager: Shutting down and abandoning module Android_PVRTCTargetPlatform (38)
[2016.10.31-10.27.29:552][775]LogModuleManager: Shutting down and abandoning module Android_MultiTargetPlatform (37)
[2016.10.31-10.27.29:552][775]LogModuleManager: Shutting down and abandoning module Android_ETC2TargetPlatform (36)
[2016.10.31-10.27.29:552][775]LogModuleManager: Shutting down and abandoning module Android_ETC1TargetPlatform (35)
[2016.10.31-10.27.29:552][775]LogModuleManager: Shutting down and abandoning module Android_DXTTargetPlatform (34)
[2016.10.31-10.27.29:552][775]LogModuleManager: Shutting down and abandoning module Android_ATCTargetPlatform (33)
[2016.10.31-10.27.29:552][775]LogModuleManager: Shutting down and abandoning module Android_ASTCTargetPlatform (32)
[2016.10.31-10.27.29:552][775]LogModuleManager: Shutting down and abandoning module AndroidTargetPlatform (31)
[2016.10.31-10.27.29:552][775]LogModuleManager: Shutting down and abandoning module WindowsTargetPlatform (30)
[2016.10.31-10.27.29:552][775]LogModuleManager: Shutting down and abandoning module WindowsServerTargetPlatform (29)
[2016.10.31-10.27.29:552][775]LogModuleManager: Shutting down and abandoning module WindowsNoEditorTargetPlatform (28)
[2016.10.31-10.27.29:552][775]LogModuleManager: Shutting down and abandoning module WindowsClientTargetPlatform (27)
[2016.10.31-10.27.29:552][775]LogModuleManager: Shutting down and abandoning module AllDesktopTargetPlatform (26)
[2016.10.31-10.27.29:552][775]LogModuleManager: Shutting down and abandoning module TargetPlatform (25)
[2016.10.31-10.27.29:552][775]LogModuleManager: Shutting down and abandoning module InputCore (24)
[2016.10.31-10.27.29:552][775]LogModuleManager: Shutting down and abandoning module Settings (23)
[2016.10.31-10.27.29:552][775]LogModuleManager: Shutting down and abandoning module OculusRift (22)
[2016.10.31-10.27.29:552][775]LogModuleManager: Shutting down and abandoning module GearVR (21)
[2016.10.31-10.27.29:552][775]LogModuleManager: Shutting down and abandoning module ExampleDeviceProfileSelector (20)
[2016.10.31-10.27.29:552][775]LogModuleManager: Shutting down and abandoning module OnlineBlueprintSupport (19)
[2016.10.31-10.27.29:552][775]LogModuleManager: Shutting down and abandoning module OnlineSubsystem (17)
[2016.10.31-10.27.29:552][775]LogOnline:Display: Unloading online subsystem: NULL
[2016.10.31-10.27.29:552][775]LogModuleManager: Shutting down and abandoning module HTTP (16)
[2016.10.31-10.27.29:552][775]LogHttp:Display: Http module shutting down, but needs to wait on 1 outstanding Http requests:
[2016.10.31-10.27.29:552][775]LogHttp:Display: 	verb=[POST] url=[https://datarouter.ol.epicgames.com/datarouter/api/v1/public/data?SessionID=%7B35498D37-4592-1FFD-D6CF-50956BDFD49A%7D&AppID=UEEditor.Rocket.Release&AppVersion=%2B%2BUE4%2BRelease-4.13-CL-3106830&UserID=7427c70546b03c75682dfd922bcb188e%7C7063918164d34366a35f01cc4397128a%7Ce11dd623-425c-43ea-8dec-12cfe46a8a95&AppEnvironment=datacollector-binary&UploadType=eteventstream] status=Processing
[2016.10.31-10.27.29:569][775]LogModuleManager: Shutting down and abandoning module XMPP (15)
[2016.10.31-10.27.29:569][775]LogModuleManager: Shutting down and abandoning module TextureCompressor (14)
[2016.10.31-10.27.29:569][775]LogModuleManager: Shutting down and abandoning module ShaderCore (13)
[2016.10.31-10.27.29:569][775]LogModuleManager: Shutting down and abandoning module Landscape (12)
[2016.10.31-10.27.29:569][775]LogModuleManager: Shutting down and abandoning module SlateRHIRenderer (11)
[2016.10.31-10.27.29:570][775]LogModuleManager: Shutting down and abandoning module OpenGLDrv (10)
[2016.10.31-10.27.29:570][775]LogModuleManager: Shutting down and abandoning module D3D11RHI (9)
[2016.10.31-10.27.29:570][775]LogModuleManager: Shutting down and abandoning module AnimGraphRuntime (8)
[2016.10.31-10.27.29:570][775]LogModuleManager: Shutting down and abandoning module Renderer (7)
[2016.10.31-10.27.29:570][775]LogModuleManager: Shutting down and abandoning module Engine (6)
[2016.10.31-10.27.29:570][775]LogModuleManager: Shutting down and abandoning module CoreUObject (5)
[2016.10.31-10.27.29:570][775]LogModuleManager: Shutting down and abandoning module NetworkFile (4)
[2016.10.31-10.27.29:570][775]LogModuleManager: Shutting down and abandoning module StreamingFile (3)
[2016.10.31-10.27.29:570][775]LogModuleManager: Shutting down and abandoning module SandboxFile (2)
[2016.10.31-10.27.29:570][775]LogModuleManager: Shutting down and abandoning module PakFile (1)
[2016.10.31-10.27.29:571][775]LogExit: Exiting.
[2016.10.31-10.27.29:572][775]Log file closed, 10/31/16 11:27:29
